07/17/17 12:54:50 ******************************************************
07/17/17 12:54:50 ** condor_scheduniv_exec.7773851.0 (CONDOR_DAGMAN) STARTING UP
07/17/17 12:54:50 ** /usr/bin/condor_dagman
07/17/17 12:54:50 ** SubsystemInfo: name=DAGMAN type=DAGMAN(10) class=DAEMON(1)
07/17/17 12:54:50 ** Configuration: subsystem:DAGMAN local:<NONE> class:DAEMON
07/17/17 12:54:50 ** $CondorVersion: 8.4.9 Sep 29 2016 BuildID: 382747 $
07/17/17 12:54:50 ** $CondorPlatform: x86_64_RedHat6 $
07/17/17 12:54:50 ** PID = 1560337
07/17/17 12:54:50 ** Log last touched time unavailable (No such file or directory)
07/17/17 12:54:50 ******************************************************
07/17/17 12:54:50 Using config source: /etc/condor/condor_config
07/17/17 12:54:50 Using local config sources: 
07/17/17 12:54:50    /etc/condor/config.d/00admin
07/17/17 12:54:50    /etc/condor/config.d/20-limit-post-scripts
07/17/17 12:54:50    /etc/condor/config.d/50-job-router
07/17/17 12:54:50    /etc/condor/config.d/accounting
07/17/17 12:54:50    /etc/condor/config.d/dags
07/17/17 12:54:50    /etc/condor/config.d/logfile_nfs_locking
07/17/17 12:54:50    /etc/condor/condor_config.local
07/17/17 12:54:50 config Macros = 84, Sorted = 84, StringBytes = 2832, TablesBytes = 3104
07/17/17 12:54:50 CLASSAD_CACHING is ENABLED
07/17/17 12:54:50 Daemon Log is logging: D_ALWAYS D_ERROR
07/17/17 12:54:50 DaemonCore: No command port requested.
07/17/17 12:54:50 DAGMAN_USE_STRICT setting: 1
07/17/17 12:54:50 DAGMAN_VERBOSITY setting: 3
07/17/17 12:54:50 DAGMAN_DEBUG_CACHE_SIZE setting: 5242880
07/17/17 12:54:50 DAGMAN_DEBUG_CACHE_ENABLE setting: False
07/17/17 12:54:50 DAGMAN_SUBMIT_DELAY setting: 0
07/17/17 12:54:50 DAGMAN_MAX_SUBMIT_ATTEMPTS setting: 6
07/17/17 12:54:50 DAGMAN_STARTUP_CYCLE_DETECT setting: False
07/17/17 12:54:50 DAGMAN_MAX_SUBMITS_PER_INTERVAL setting: 5
07/17/17 12:54:50 DAGMAN_USER_LOG_SCAN_INTERVAL setting: 5
07/17/17 12:54:50 DAGMAN_DEFAULT_PRIORITY setting: 0
07/17/17 12:54:50 DAGMAN_SUPPRESS_NOTIFICATION setting: True
07/17/17 12:54:50 allow_events (DAGMAN_ALLOW_EVENTS) setting: 114
07/17/17 12:54:50 DAGMAN_RETRY_SUBMIT_FIRST setting: True
07/17/17 12:54:50 DAGMAN_RETRY_NODE_FIRST setting: False
07/17/17 12:54:50 DAGMAN_MAX_JOBS_IDLE setting: 100
07/17/17 12:54:50 DAGMAN_MAX_JOBS_SUBMITTED setting: 3000
07/17/17 12:54:50 DAGMAN_MAX_PRE_SCRIPTS setting: 20
07/17/17 12:54:50 DAGMAN_MAX_POST_SCRIPTS setting: 10
07/17/17 12:54:50 DAGMAN_ALLOW_LOG_ERROR setting: False
07/17/17 12:54:50 DAGMAN_MUNGE_NODE_NAMES setting: True
07/17/17 12:54:50 DAGMAN_PROHIBIT_MULTI_JOBS setting: True
07/17/17 12:54:50 DAGMAN_SUBMIT_DEPTH_FIRST setting: False
07/17/17 12:54:50 DAGMAN_ALWAYS_RUN_POST setting: True
07/17/17 12:54:50 DAGMAN_ABORT_DUPLICATES setting: True
07/17/17 12:54:50 DAGMAN_ABORT_ON_SCARY_SUBMIT setting: True
07/17/17 12:54:50 DAGMAN_PENDING_REPORT_INTERVAL setting: 600
07/17/17 12:54:50 DAGMAN_AUTO_RESCUE setting: True
07/17/17 12:54:50 DAGMAN_MAX_RESCUE_NUM setting: 100
07/17/17 12:54:50 DAGMAN_WRITE_PARTIAL_RESCUE setting: True
07/17/17 12:54:50 DAGMAN_DEFAULT_NODE_LOG setting: @(DAG_DIR)/@(DAG_FILE).nodes.log
07/17/17 12:54:50 DAGMAN_GENERATE_SUBDAG_SUBMITS setting: True
07/17/17 12:54:50 DAGMAN_MAX_JOB_HOLDS setting: 100
07/17/17 12:54:50 DAGMAN_HOLD_CLAIM_TIME setting: 20
07/17/17 12:54:50 ALL_DEBUG setting: 
07/17/17 12:54:50 DAGMAN_DEBUG setting: 
07/17/17 12:54:50 DAGMAN_SUPPRESS_JOB_LOGS setting: False
07/17/17 12:54:50 argv[0] == "condor_scheduniv_exec.7773851.0"
07/17/17 12:54:50 argv[1] == "-Lockfile"
07/17/17 12:54:50 argv[2] == "/home/c1572221/Summer-project/inference-from-frames/GW150914_like_SNR_25_mode_PhenomPv2_inc_0.0_M45/M45/multidag.dag.lock"
07/17/17 12:54:50 argv[3] == "-AutoRescue"
07/17/17 12:54:50 argv[4] == "1"
07/17/17 12:54:50 argv[5] == "-DoRescueFrom"
07/17/17 12:54:50 argv[6] == "0"
07/17/17 12:54:50 argv[7] == "-Dag"
07/17/17 12:54:50 argv[8] == "/home/c1572221/Summer-project/inference-from-frames/GW150914_like_SNR_25_mode_PhenomPv2_inc_0.0_M45/M45/multidag.dag"
07/17/17 12:54:50 argv[9] == "-Suppress_notification"
07/17/17 12:54:50 argv[10] == "-CsdVersion"
07/17/17 12:54:50 argv[11] == "$CondorVersion: 8.4.9 Sep 29 2016 BuildID: 382747 $"
07/17/17 12:54:50 argv[12] == "-Dagman"
07/17/17 12:54:50 argv[13] == "/usr/bin/condor_dagman"
07/17/17 12:54:50 Warning: failed to get attribute DAGNodeName
07/17/17 12:54:50 DAGMAN_LOG_ON_NFS_IS_ERROR setting: False
07/17/17 12:54:50 Default node log file is: </home/c1572221/Summer-project/inference-from-frames/GW150914_like_SNR_25_mode_PhenomPv2_inc_0.0_M45/M45/multidag.dag.nodes.log>
07/17/17 12:54:50 Note:  DAGMAN_MAX_JOBS_IDLE has been changed from the default setting; if your submit files create multiple procs, you should probably set DAGMAN_MAX_SUBMITS_PER_INTERVAL to 1
07/17/17 12:54:50 DAG Lockfile will be written to /home/c1572221/Summer-project/inference-from-frames/GW150914_like_SNR_25_mode_PhenomPv2_inc_0.0_M45/M45/multidag.dag.lock
07/17/17 12:54:50 DAG Input file is /home/c1572221/Summer-project/inference-from-frames/GW150914_like_SNR_25_mode_PhenomPv2_inc_0.0_M45/M45/multidag.dag
07/17/17 12:54:50 Parsing 1 dagfiles
07/17/17 12:54:50 Parsing /home/c1572221/Summer-project/inference-from-frames/GW150914_like_SNR_25_mode_PhenomPv2_inc_0.0_M45/M45/multidag.dag ...
07/17/17 12:54:50 Dag contains 1 total jobs
07/17/17 12:54:50 Sleeping for 3 seconds to ensure ProcessId uniqueness
07/17/17 12:54:53 Bootstrapping...
07/17/17 12:54:53 Number of pre-completed nodes: 0
07/17/17 12:54:53 MultiLogFiles: truncating log file /home/c1572221/Summer-project/inference-from-frames/GW150914_like_SNR_25_mode_PhenomPv2_inc_0.0_M45/M45/multidag.dag.nodes.log
07/17/17 12:54:53 DAG status: 0 (DAG_STATUS_OK)
07/17/17 12:54:53 Of 1 nodes total:
07/17/17 12:54:53  Done     Pre   Queued    Post   Ready   Un-Ready   Failed
07/17/17 12:54:53   ===     ===      ===     ===     ===        ===      ===
07/17/17 12:54:53     0       0        0       0       1          0        0
07/17/17 12:54:53 0 job proc(s) currently held
07/17/17 12:54:53 Registering condor_event_timer...
07/17/17 12:54:54 Recursive submit command: <condor_submit_dag -no_submit -update_submit -dagman /usr/bin/condor_dagman -autorescue 1 -suppress_notification /home/c1572221/Summer-project/inference-from-frames/GW150914_like_SNR_25_mode_PhenomPv2_inc_0.0_M45/M45/lalinferencenest/IMRPhenomDthreePointFivePN/lalinference_1167559401-1167559697.dag>
07/17/17 12:54:54 Submitting Condor Node dd671ef3cf3cf304d9a60d8b9974a83f job(s)...
07/17/17 12:54:54 Adding a DAGMan workflow log /home/c1572221/Summer-project/inference-from-frames/GW150914_like_SNR_25_mode_PhenomPv2_inc_0.0_M45/M45/multidag.dag.nodes.log
07/17/17 12:54:54 Masking the events recorded in the DAGMAN workflow log
07/17/17 12:54:54 Mask for workflow log is 0,1,2,4,5,7,9,10,11,12,13,16,17,24,27
07/17/17 12:54:54 submitting: /usr/bin/condor_submit -a dag_node_name' '=' 'dd671ef3cf3cf304d9a60d8b9974a83f -a +DAGManJobId' '=' '7773851 -a DAGManJobId' '=' '7773851 -a submit_event_notes' '=' 'DAG' 'Node:' 'dd671ef3cf3cf304d9a60d8b9974a83f -a dagman_log' '=' '/home/c1572221/Summer-project/inference-from-frames/GW150914_like_SNR_25_mode_PhenomPv2_inc_0.0_M45/M45/multidag.dag.nodes.log -a +DAGManNodesMask' '=' '"0,1,2,4,5,7,9,10,11,12,13,16,17,24,27" -a DAG_STATUS' '=' '0 -a FAILED_COUNT' '=' '0 -a +DAGParentNodeNames' '=' '"" -a notification' '=' 'never /home/c1572221/Summer-project/inference-from-frames/GW150914_like_SNR_25_mode_PhenomPv2_inc_0.0_M45/M45/lalinferencenest/IMRPhenomDthreePointFivePN/lalinference_1167559401-1167559697.dag.condor.sub
07/17/17 12:54:54 From submit: Submitting job(s).
07/17/17 12:54:54 From submit: 1 job(s) submitted to cluster 7773852.
07/17/17 12:54:54 	assigned Condor ID (7773852.0.0)
07/17/17 12:54:54 Just submitted 1 job this cycle...
07/17/17 12:54:54 Currently monitoring 1 Condor log file(s)
07/17/17 12:54:54 Reassigning the id of job dd671ef3cf3cf304d9a60d8b9974a83f from (7773852.0.0) to (7773852.0.0)
07/17/17 12:54:54 Event: ULOG_SUBMIT for Condor Node dd671ef3cf3cf304d9a60d8b9974a83f (7773852.0.0)
07/17/17 12:54:54 Number of idle job procs: 1
07/17/17 12:54:54 DAG status: 0 (DAG_STATUS_OK)
07/17/17 12:54:54 Of 1 nodes total:
07/17/17 12:54:54  Done     Pre   Queued    Post   Ready   Un-Ready   Failed
07/17/17 12:54:54   ===     ===      ===     ===     ===        ===      ===
07/17/17 12:54:54     0       0        1       0       0          0        0
07/17/17 12:54:54 0 job proc(s) currently held
07/17/17 12:54:59 Currently monitoring 1 Condor log file(s)
07/17/17 12:54:59 Event: ULOG_EXECUTE for Condor Node dd671ef3cf3cf304d9a60d8b9974a83f (7773852.0.0)
07/17/17 12:54:59 Number of idle job procs: 0
07/17/17 13:04:59 600 seconds since last log event
07/17/17 13:04:59 Pending DAG nodes:
07/17/17 13:04:59   Node dd671ef3cf3cf304d9a60d8b9974a83f, Condor ID 7773852, status STATUS_SUBMITTED
07/17/17 13:15:00 1201 seconds since last log event
07/17/17 13:15:00 Pending DAG nodes:
07/17/17 13:15:00   Node dd671ef3cf3cf304d9a60d8b9974a83f, Condor ID 7773852, status STATUS_SUBMITTED
07/17/17 13:25:01 1802 seconds since last log event
07/17/17 13:25:01 Pending DAG nodes:
07/17/17 13:25:01   Node dd671ef3cf3cf304d9a60d8b9974a83f, Condor ID 7773852, status STATUS_SUBMITTED
07/17/17 13:35:01 2402 seconds since last log event
07/17/17 13:35:01 Pending DAG nodes:
07/17/17 13:35:01   Node dd671ef3cf3cf304d9a60d8b9974a83f, Condor ID 7773852, status STATUS_SUBMITTED
07/17/17 13:45:02 3003 seconds since last log event
07/17/17 13:45:02 Pending DAG nodes:
07/17/17 13:45:02   Node dd671ef3cf3cf304d9a60d8b9974a83f, Condor ID 7773852, status STATUS_SUBMITTED
07/17/17 13:55:03 3604 seconds since last log event
07/17/17 13:55:03 Pending DAG nodes:
07/17/17 13:55:03   Node dd671ef3cf3cf304d9a60d8b9974a83f, Condor ID 7773852, status STATUS_SUBMITTED
07/17/17 14:05:03 4204 seconds since last log event
07/17/17 14:05:03 Pending DAG nodes:
07/17/17 14:05:03   Node dd671ef3cf3cf304d9a60d8b9974a83f, Condor ID 7773852, status STATUS_SUBMITTED
07/17/17 14:15:05 4806 seconds since last log event
07/17/17 14:15:05 Pending DAG nodes:
07/17/17 14:15:05   Node dd671ef3cf3cf304d9a60d8b9974a83f, Condor ID 7773852, status STATUS_SUBMITTED
07/17/17 14:25:06 5407 seconds since last log event
07/17/17 14:25:06 Pending DAG nodes:
07/17/17 14:25:06   Node dd671ef3cf3cf304d9a60d8b9974a83f, Condor ID 7773852, status STATUS_SUBMITTED
07/17/17 14:35:07 6008 seconds since last log event
07/17/17 14:35:07 Pending DAG nodes:
07/17/17 14:35:07   Node dd671ef3cf3cf304d9a60d8b9974a83f, Condor ID 7773852, status STATUS_SUBMITTED
07/17/17 14:45:08 6609 seconds since last log event
07/17/17 14:45:08 Pending DAG nodes:
07/17/17 14:45:08   Node dd671ef3cf3cf304d9a60d8b9974a83f, Condor ID 7773852, status STATUS_SUBMITTED
07/17/17 14:55:08 7209 seconds since last log event
07/17/17 14:55:08 Pending DAG nodes:
07/17/17 14:55:08   Node dd671ef3cf3cf304d9a60d8b9974a83f, Condor ID 7773852, status STATUS_SUBMITTED
07/17/17 15:05:09 7810 seconds since last log event
07/17/17 15:05:09 Pending DAG nodes:
07/17/17 15:05:09   Node dd671ef3cf3cf304d9a60d8b9974a83f, Condor ID 7773852, status STATUS_SUBMITTED
07/17/17 15:15:09 8410 seconds since last log event
07/17/17 15:15:09 Pending DAG nodes:
07/17/17 15:15:09   Node dd671ef3cf3cf304d9a60d8b9974a83f, Condor ID 7773852, status STATUS_SUBMITTED
07/17/17 15:25:10 9011 seconds since last log event
07/17/17 15:25:10 Pending DAG nodes:
07/17/17 15:25:10   Node dd671ef3cf3cf304d9a60d8b9974a83f, Condor ID 7773852, status STATUS_SUBMITTED
07/17/17 15:35:11 9612 seconds since last log event
07/17/17 15:35:11 Pending DAG nodes:
07/17/17 15:35:11   Node dd671ef3cf3cf304d9a60d8b9974a83f, Condor ID 7773852, status STATUS_SUBMITTED
07/17/17 15:45:11 10212 seconds since last log event
07/17/17 15:45:11 Pending DAG nodes:
07/17/17 15:45:11   Node dd671ef3cf3cf304d9a60d8b9974a83f, Condor ID 7773852, status STATUS_SUBMITTED
07/17/17 15:55:11 10812 seconds since last log event
07/17/17 15:55:11 Pending DAG nodes:
07/17/17 15:55:11   Node dd671ef3cf3cf304d9a60d8b9974a83f, Condor ID 7773852, status STATUS_SUBMITTED
07/17/17 16:05:12 11413 seconds since last log event
07/17/17 16:05:12 Pending DAG nodes:
07/17/17 16:05:12   Node dd671ef3cf3cf304d9a60d8b9974a83f, Condor ID 7773852, status STATUS_SUBMITTED
07/17/17 16:15:12 12013 seconds since last log event
07/17/17 16:15:12 Pending DAG nodes:
07/17/17 16:15:12   Node dd671ef3cf3cf304d9a60d8b9974a83f, Condor ID 7773852, status STATUS_SUBMITTED
07/17/17 16:25:12 12613 seconds since last log event
07/17/17 16:25:12 Pending DAG nodes:
07/17/17 16:25:12   Node dd671ef3cf3cf304d9a60d8b9974a83f, Condor ID 7773852, status STATUS_SUBMITTED
07/17/17 16:35:13 13214 seconds since last log event
07/17/17 16:35:13 Pending DAG nodes:
07/17/17 16:35:13   Node dd671ef3cf3cf304d9a60d8b9974a83f, Condor ID 7773852, status STATUS_SUBMITTED
07/17/17 16:45:14 13815 seconds since last log event
07/17/17 16:45:14 Pending DAG nodes:
07/17/17 16:45:14   Node dd671ef3cf3cf304d9a60d8b9974a83f, Condor ID 7773852, status STATUS_SUBMITTED
07/17/17 16:55:14 14415 seconds since last log event
07/17/17 16:55:14 Pending DAG nodes:
07/17/17 16:55:14   Node dd671ef3cf3cf304d9a60d8b9974a83f, Condor ID 7773852, status STATUS_SUBMITTED
07/17/17 17:05:14 15015 seconds since last log event
07/17/17 17:05:14 Pending DAG nodes:
07/17/17 17:05:14   Node dd671ef3cf3cf304d9a60d8b9974a83f, Condor ID 7773852, status STATUS_SUBMITTED
07/17/17 17:15:15 15616 seconds since last log event
07/17/17 17:15:15 Pending DAG nodes:
07/17/17 17:15:15   Node dd671ef3cf3cf304d9a60d8b9974a83f, Condor ID 7773852, status STATUS_SUBMITTED
07/17/17 17:25:15 16216 seconds since last log event
07/17/17 17:25:15 Pending DAG nodes:
07/17/17 17:25:15   Node dd671ef3cf3cf304d9a60d8b9974a83f, Condor ID 7773852, status STATUS_SUBMITTED
07/17/17 17:35:15 16816 seconds since last log event
07/17/17 17:35:15 Pending DAG nodes:
07/17/17 17:35:15   Node dd671ef3cf3cf304d9a60d8b9974a83f, Condor ID 7773852, status STATUS_SUBMITTED
07/17/17 17:45:16 17417 seconds since last log event
07/17/17 17:45:16 Pending DAG nodes:
07/17/17 17:45:16   Node dd671ef3cf3cf304d9a60d8b9974a83f, Condor ID 7773852, status STATUS_SUBMITTED
07/17/17 17:55:17 18018 seconds since last log event
07/17/17 17:55:17 Pending DAG nodes:
07/17/17 17:55:17   Node dd671ef3cf3cf304d9a60d8b9974a83f, Condor ID 7773852, status STATUS_SUBMITTED
07/17/17 18:05:17 18618 seconds since last log event
07/17/17 18:05:17 Pending DAG nodes:
07/17/17 18:05:17   Node dd671ef3cf3cf304d9a60d8b9974a83f, Condor ID 7773852, status STATUS_SUBMITTED
07/17/17 18:15:18 19219 seconds since last log event
07/17/17 18:15:18 Pending DAG nodes:
07/17/17 18:15:18   Node dd671ef3cf3cf304d9a60d8b9974a83f, Condor ID 7773852, status STATUS_SUBMITTED
07/17/17 18:25:18 19819 seconds since last log event
07/17/17 18:25:18 Pending DAG nodes:
07/17/17 18:25:18   Node dd671ef3cf3cf304d9a60d8b9974a83f, Condor ID 7773852, status STATUS_SUBMITTED
07/17/17 18:35:19 20420 seconds since last log event
07/17/17 18:35:19 Pending DAG nodes:
07/17/17 18:35:19   Node dd671ef3cf3cf304d9a60d8b9974a83f, Condor ID 7773852, status STATUS_SUBMITTED
07/17/17 18:45:20 21021 seconds since last log event
07/17/17 18:45:20 Pending DAG nodes:
07/17/17 18:45:20   Node dd671ef3cf3cf304d9a60d8b9974a83f, Condor ID 7773852, status STATUS_SUBMITTED
07/17/17 18:55:20 21621 seconds since last log event
07/17/17 18:55:20 Pending DAG nodes:
07/17/17 18:55:20   Node dd671ef3cf3cf304d9a60d8b9974a83f, Condor ID 7773852, status STATUS_SUBMITTED
07/17/17 19:05:20 22221 seconds since last log event
07/17/17 19:05:20 Pending DAG nodes:
07/17/17 19:05:20   Node dd671ef3cf3cf304d9a60d8b9974a83f, Condor ID 7773852, status STATUS_SUBMITTED
07/17/17 19:15:22 22823 seconds since last log event
07/17/17 19:15:22 Pending DAG nodes:
07/17/17 19:15:22   Node dd671ef3cf3cf304d9a60d8b9974a83f, Condor ID 7773852, status STATUS_SUBMITTED
07/17/17 19:25:24 23425 seconds since last log event
07/17/17 19:25:24 Pending DAG nodes:
07/17/17 19:25:24   Node dd671ef3cf3cf304d9a60d8b9974a83f, Condor ID 7773852, status STATUS_SUBMITTED
07/17/17 19:35:24 24025 seconds since last log event
07/17/17 19:35:24 Pending DAG nodes:
07/17/17 19:35:24   Node dd671ef3cf3cf304d9a60d8b9974a83f, Condor ID 7773852, status STATUS_SUBMITTED
07/17/17 19:45:24 24625 seconds since last log event
07/17/17 19:45:24 Pending DAG nodes:
07/17/17 19:45:24   Node dd671ef3cf3cf304d9a60d8b9974a83f, Condor ID 7773852, status STATUS_SUBMITTED
07/17/17 19:55:25 25226 seconds since last log event
07/17/17 19:55:25 Pending DAG nodes:
07/17/17 19:55:25   Node dd671ef3cf3cf304d9a60d8b9974a83f, Condor ID 7773852, status STATUS_SUBMITTED
07/17/17 20:05:26 25827 seconds since last log event
07/17/17 20:05:26 Pending DAG nodes:
07/17/17 20:05:26   Node dd671ef3cf3cf304d9a60d8b9974a83f, Condor ID 7773852, status STATUS_SUBMITTED
07/17/17 20:15:26 26427 seconds since last log event
07/17/17 20:15:26 Pending DAG nodes:
07/17/17 20:15:26   Node dd671ef3cf3cf304d9a60d8b9974a83f, Condor ID 7773852, status STATUS_SUBMITTED
07/17/17 20:25:27 27028 seconds since last log event
07/17/17 20:25:27 Pending DAG nodes:
07/17/17 20:25:27   Node dd671ef3cf3cf304d9a60d8b9974a83f, Condor ID 7773852, status STATUS_SUBMITTED
07/17/17 20:35:30 27631 seconds since last log event
07/17/17 20:35:30 Pending DAG nodes:
07/17/17 20:35:30   Node dd671ef3cf3cf304d9a60d8b9974a83f, Condor ID 7773852, status STATUS_SUBMITTED
07/17/17 20:45:31 28232 seconds since last log event
07/17/17 20:45:31 Pending DAG nodes:
07/17/17 20:45:31   Node dd671ef3cf3cf304d9a60d8b9974a83f, Condor ID 7773852, status STATUS_SUBMITTED
07/17/17 20:55:34 28835 seconds since last log event
07/17/17 20:55:34 Pending DAG nodes:
07/17/17 20:55:34   Node dd671ef3cf3cf304d9a60d8b9974a83f, Condor ID 7773852, status STATUS_SUBMITTED
07/17/17 21:05:37 29438 seconds since last log event
07/17/17 21:05:37 Pending DAG nodes:
07/17/17 21:05:37   Node dd671ef3cf3cf304d9a60d8b9974a83f, Condor ID 7773852, status STATUS_SUBMITTED
07/17/17 21:15:40 30041 seconds since last log event
07/17/17 21:15:40 Pending DAG nodes:
07/17/17 21:15:40   Node dd671ef3cf3cf304d9a60d8b9974a83f, Condor ID 7773852, status STATUS_SUBMITTED
07/17/17 21:25:43 30644 seconds since last log event
07/17/17 21:25:43 Pending DAG nodes:
07/17/17 21:25:43   Node dd671ef3cf3cf304d9a60d8b9974a83f, Condor ID 7773852, status STATUS_SUBMITTED
07/17/17 21:35:45 31246 seconds since last log event
07/17/17 21:35:45 Pending DAG nodes:
07/17/17 21:35:45   Node dd671ef3cf3cf304d9a60d8b9974a83f, Condor ID 7773852, status STATUS_SUBMITTED
07/17/17 21:45:47 31848 seconds since last log event
07/17/17 21:45:47 Pending DAG nodes:
07/17/17 21:45:47   Node dd671ef3cf3cf304d9a60d8b9974a83f, Condor ID 7773852, status STATUS_SUBMITTED
07/17/17 21:55:48 32449 seconds since last log event
07/17/17 21:55:48 Pending DAG nodes:
07/17/17 21:55:48   Node dd671ef3cf3cf304d9a60d8b9974a83f, Condor ID 7773852, status STATUS_SUBMITTED
07/17/17 22:05:49 33050 seconds since last log event
07/17/17 22:05:49 Pending DAG nodes:
07/17/17 22:05:49   Node dd671ef3cf3cf304d9a60d8b9974a83f, Condor ID 7773852, status STATUS_SUBMITTED
07/17/17 22:15:50 33651 seconds since last log event
07/17/17 22:15:50 Pending DAG nodes:
07/17/17 22:15:50   Node dd671ef3cf3cf304d9a60d8b9974a83f, Condor ID 7773852, status STATUS_SUBMITTED
07/17/17 22:25:52 34253 seconds since last log event
07/17/17 22:25:52 Pending DAG nodes:
07/17/17 22:25:52   Node dd671ef3cf3cf304d9a60d8b9974a83f, Condor ID 7773852, status STATUS_SUBMITTED
07/17/17 22:35:54 34855 seconds since last log event
07/17/17 22:35:54 Pending DAG nodes:
07/17/17 22:35:54   Node dd671ef3cf3cf304d9a60d8b9974a83f, Condor ID 7773852, status STATUS_SUBMITTED
07/17/17 22:45:54 35455 seconds since last log event
07/17/17 22:45:54 Pending DAG nodes:
07/17/17 22:45:54   Node dd671ef3cf3cf304d9a60d8b9974a83f, Condor ID 7773852, status STATUS_SUBMITTED
07/17/17 22:55:56 36057 seconds since last log event
07/17/17 22:55:56 Pending DAG nodes:
07/17/17 22:55:56   Node dd671ef3cf3cf304d9a60d8b9974a83f, Condor ID 7773852, status STATUS_SUBMITTED
07/17/17 23:05:57 36658 seconds since last log event
07/17/17 23:05:57 Pending DAG nodes:
07/17/17 23:05:57   Node dd671ef3cf3cf304d9a60d8b9974a83f, Condor ID 7773852, status STATUS_SUBMITTED
07/17/17 23:15:57 37258 seconds since last log event
07/17/17 23:15:57 Pending DAG nodes:
07/17/17 23:15:57   Node dd671ef3cf3cf304d9a60d8b9974a83f, Condor ID 7773852, status STATUS_SUBMITTED
07/17/17 23:25:59 37860 seconds since last log event
07/17/17 23:25:59 Pending DAG nodes:
07/17/17 23:25:59   Node dd671ef3cf3cf304d9a60d8b9974a83f, Condor ID 7773852, status STATUS_SUBMITTED
07/17/17 23:36:00 38461 seconds since last log event
07/17/17 23:36:00 Pending DAG nodes:
07/17/17 23:36:00   Node dd671ef3cf3cf304d9a60d8b9974a83f, Condor ID 7773852, status STATUS_SUBMITTED
07/17/17 23:46:01 39062 seconds since last log event
07/17/17 23:46:01 Pending DAG nodes:
07/17/17 23:46:01   Node dd671ef3cf3cf304d9a60d8b9974a83f, Condor ID 7773852, status STATUS_SUBMITTED
07/17/17 23:56:01 39662 seconds since last log event
07/17/17 23:56:01 Pending DAG nodes:
07/17/17 23:56:01   Node dd671ef3cf3cf304d9a60d8b9974a83f, Condor ID 7773852, status STATUS_SUBMITTED
07/18/17 00:06:02 40263 seconds since last log event
07/18/17 00:06:02 Pending DAG nodes:
07/18/17 00:06:02   Node dd671ef3cf3cf304d9a60d8b9974a83f, Condor ID 7773852, status STATUS_SUBMITTED
07/18/17 00:16:04 40865 seconds since last log event
07/18/17 00:16:04 Pending DAG nodes:
07/18/17 00:16:04   Node dd671ef3cf3cf304d9a60d8b9974a83f, Condor ID 7773852, status STATUS_SUBMITTED
07/18/17 00:26:05 41466 seconds since last log event
07/18/17 00:26:05 Pending DAG nodes:
07/18/17 00:26:05   Node dd671ef3cf3cf304d9a60d8b9974a83f, Condor ID 7773852, status STATUS_SUBMITTED
07/18/17 00:36:05 42066 seconds since last log event
07/18/17 00:36:05 Pending DAG nodes:
07/18/17 00:36:05   Node dd671ef3cf3cf304d9a60d8b9974a83f, Condor ID 7773852, status STATUS_SUBMITTED
07/18/17 00:46:06 42667 seconds since last log event
07/18/17 00:46:06 Pending DAG nodes:
07/18/17 00:46:06   Node dd671ef3cf3cf304d9a60d8b9974a83f, Condor ID 7773852, status STATUS_SUBMITTED
07/18/17 00:56:06 43267 seconds since last log event
07/18/17 00:56:06 Pending DAG nodes:
07/18/17 00:56:06   Node dd671ef3cf3cf304d9a60d8b9974a83f, Condor ID 7773852, status STATUS_SUBMITTED
07/18/17 01:06:07 43868 seconds since last log event
07/18/17 01:06:07 Pending DAG nodes:
07/18/17 01:06:07   Node dd671ef3cf3cf304d9a60d8b9974a83f, Condor ID 7773852, status STATUS_SUBMITTED
07/18/17 01:16:09 44470 seconds since last log event
07/18/17 01:16:09 Pending DAG nodes:
07/18/17 01:16:09   Node dd671ef3cf3cf304d9a60d8b9974a83f, Condor ID 7773852, status STATUS_SUBMITTED
07/18/17 01:26:10 45071 seconds since last log event
07/18/17 01:26:10 Pending DAG nodes:
07/18/17 01:26:10   Node dd671ef3cf3cf304d9a60d8b9974a83f, Condor ID 7773852, status STATUS_SUBMITTED
07/18/17 01:36:11 45672 seconds since last log event
07/18/17 01:36:11 Pending DAG nodes:
07/18/17 01:36:11   Node dd671ef3cf3cf304d9a60d8b9974a83f, Condor ID 7773852, status STATUS_SUBMITTED
07/18/17 01:46:12 46273 seconds since last log event
07/18/17 01:46:12 Pending DAG nodes:
07/18/17 01:46:12   Node dd671ef3cf3cf304d9a60d8b9974a83f, Condor ID 7773852, status STATUS_SUBMITTED
07/18/17 01:56:13 46874 seconds since last log event
07/18/17 01:56:13 Pending DAG nodes:
07/18/17 01:56:13   Node dd671ef3cf3cf304d9a60d8b9974a83f, Condor ID 7773852, status STATUS_SUBMITTED
07/18/17 02:06:13 47474 seconds since last log event
07/18/17 02:06:13 Pending DAG nodes:
07/18/17 02:06:13   Node dd671ef3cf3cf304d9a60d8b9974a83f, Condor ID 7773852, status STATUS_SUBMITTED
07/18/17 02:16:14 48075 seconds since last log event
07/18/17 02:16:14 Pending DAG nodes:
07/18/17 02:16:14   Node dd671ef3cf3cf304d9a60d8b9974a83f, Condor ID 7773852, status STATUS_SUBMITTED
07/18/17 02:26:15 48676 seconds since last log event
07/18/17 02:26:15 Pending DAG nodes:
07/18/17 02:26:15   Node dd671ef3cf3cf304d9a60d8b9974a83f, Condor ID 7773852, status STATUS_SUBMITTED
07/18/17 02:36:15 49276 seconds since last log event
07/18/17 02:36:15 Pending DAG nodes:
07/18/17 02:36:15   Node dd671ef3cf3cf304d9a60d8b9974a83f, Condor ID 7773852, status STATUS_SUBMITTED
07/18/17 02:46:16 49877 seconds since last log event
07/18/17 02:46:16 Pending DAG nodes:
07/18/17 02:46:16   Node dd671ef3cf3cf304d9a60d8b9974a83f, Condor ID 7773852, status STATUS_SUBMITTED
07/18/17 02:56:16 50477 seconds since last log event
07/18/17 02:56:16 Pending DAG nodes:
07/18/17 02:56:16   Node dd671ef3cf3cf304d9a60d8b9974a83f, Condor ID 7773852, status STATUS_SUBMITTED
07/18/17 03:06:17 51078 seconds since last log event
07/18/17 03:06:17 Pending DAG nodes:
07/18/17 03:06:17   Node dd671ef3cf3cf304d9a60d8b9974a83f, Condor ID 7773852, status STATUS_SUBMITTED
07/18/17 03:16:19 51680 seconds since last log event
07/18/17 03:16:19 Pending DAG nodes:
07/18/17 03:16:19   Node dd671ef3cf3cf304d9a60d8b9974a83f, Condor ID 7773852, status STATUS_SUBMITTED
07/18/17 03:26:20 52281 seconds since last log event
07/18/17 03:26:20 Pending DAG nodes:
07/18/17 03:26:20   Node dd671ef3cf3cf304d9a60d8b9974a83f, Condor ID 7773852, status STATUS_SUBMITTED
07/18/17 03:36:20 52881 seconds since last log event
07/18/17 03:36:20 Pending DAG nodes:
07/18/17 03:36:20   Node dd671ef3cf3cf304d9a60d8b9974a83f, Condor ID 7773852, status STATUS_SUBMITTED
07/18/17 03:46:20 53481 seconds since last log event
07/18/17 03:46:20 Pending DAG nodes:
07/18/17 03:46:20   Node dd671ef3cf3cf304d9a60d8b9974a83f, Condor ID 7773852, status STATUS_SUBMITTED
07/18/17 03:56:21 54082 seconds since last log event
07/18/17 03:56:21 Pending DAG nodes:
07/18/17 03:56:21   Node dd671ef3cf3cf304d9a60d8b9974a83f, Condor ID 7773852, status STATUS_SUBMITTED
07/18/17 04:06:22 54683 seconds since last log event
07/18/17 04:06:22 Pending DAG nodes:
07/18/17 04:06:22   Node dd671ef3cf3cf304d9a60d8b9974a83f, Condor ID 7773852, status STATUS_SUBMITTED
07/18/17 04:16:22 55283 seconds since last log event
07/18/17 04:16:22 Pending DAG nodes:
07/18/17 04:16:22   Node dd671ef3cf3cf304d9a60d8b9974a83f, Condor ID 7773852, status STATUS_SUBMITTED
07/18/17 04:26:23 55884 seconds since last log event
07/18/17 04:26:23 Pending DAG nodes:
07/18/17 04:26:23   Node dd671ef3cf3cf304d9a60d8b9974a83f, Condor ID 7773852, status STATUS_SUBMITTED
07/18/17 04:36:23 56484 seconds since last log event
07/18/17 04:36:23 Pending DAG nodes:
07/18/17 04:36:23   Node dd671ef3cf3cf304d9a60d8b9974a83f, Condor ID 7773852, status STATUS_SUBMITTED
07/18/17 04:46:23 57084 seconds since last log event
07/18/17 04:46:23 Pending DAG nodes:
07/18/17 04:46:23   Node dd671ef3cf3cf304d9a60d8b9974a83f, Condor ID 7773852, status STATUS_SUBMITTED
07/18/17 04:56:24 57685 seconds since last log event
07/18/17 04:56:24 Pending DAG nodes:
07/18/17 04:56:24   Node dd671ef3cf3cf304d9a60d8b9974a83f, Condor ID 7773852, status STATUS_SUBMITTED
07/18/17 05:06:26 58287 seconds since last log event
07/18/17 05:06:26 Pending DAG nodes:
07/18/17 05:06:26   Node dd671ef3cf3cf304d9a60d8b9974a83f, Condor ID 7773852, status STATUS_SUBMITTED
07/18/17 05:16:26 58887 seconds since last log event
07/18/17 05:16:26 Pending DAG nodes:
07/18/17 05:16:26   Node dd671ef3cf3cf304d9a60d8b9974a83f, Condor ID 7773852, status STATUS_SUBMITTED
07/18/17 05:26:26 59487 seconds since last log event
07/18/17 05:26:26 Pending DAG nodes:
07/18/17 05:26:26   Node dd671ef3cf3cf304d9a60d8b9974a83f, Condor ID 7773852, status STATUS_SUBMITTED
07/18/17 05:36:27 60088 seconds since last log event
07/18/17 05:36:27 Pending DAG nodes:
07/18/17 05:36:27   Node dd671ef3cf3cf304d9a60d8b9974a83f, Condor ID 7773852, status STATUS_SUBMITTED
07/18/17 05:46:27 60688 seconds since last log event
07/18/17 05:46:27 Pending DAG nodes:
07/18/17 05:46:27   Node dd671ef3cf3cf304d9a60d8b9974a83f, Condor ID 7773852, status STATUS_SUBMITTED
07/18/17 05:56:28 61289 seconds since last log event
07/18/17 05:56:28 Pending DAG nodes:
07/18/17 05:56:28   Node dd671ef3cf3cf304d9a60d8b9974a83f, Condor ID 7773852, status STATUS_SUBMITTED
07/18/17 06:06:29 61890 seconds since last log event
07/18/17 06:06:29 Pending DAG nodes:
07/18/17 06:06:29   Node dd671ef3cf3cf304d9a60d8b9974a83f, Condor ID 7773852, status STATUS_SUBMITTED
07/18/17 06:16:29 62490 seconds since last log event
07/18/17 06:16:29 Pending DAG nodes:
07/18/17 06:16:29   Node dd671ef3cf3cf304d9a60d8b9974a83f, Condor ID 7773852, status STATUS_SUBMITTED
07/18/17 06:26:30 63091 seconds since last log event
07/18/17 06:26:30 Pending DAG nodes:
07/18/17 06:26:30   Node dd671ef3cf3cf304d9a60d8b9974a83f, Condor ID 7773852, status STATUS_SUBMITTED
07/18/17 06:36:30 63691 seconds since last log event
07/18/17 06:36:30 Pending DAG nodes:
07/18/17 06:36:30   Node dd671ef3cf3cf304d9a60d8b9974a83f, Condor ID 7773852, status STATUS_SUBMITTED
07/18/17 06:46:31 64292 seconds since last log event
07/18/17 06:46:31 Pending DAG nodes:
07/18/17 06:46:31   Node dd671ef3cf3cf304d9a60d8b9974a83f, Condor ID 7773852, status STATUS_SUBMITTED
07/18/17 06:56:33 64894 seconds since last log event
07/18/17 06:56:33 Pending DAG nodes:
07/18/17 06:56:33   Node dd671ef3cf3cf304d9a60d8b9974a83f, Condor ID 7773852, status STATUS_SUBMITTED
07/18/17 07:06:34 65495 seconds since last log event
07/18/17 07:06:34 Pending DAG nodes:
07/18/17 07:06:34   Node dd671ef3cf3cf304d9a60d8b9974a83f, Condor ID 7773852, status STATUS_SUBMITTED
07/18/17 07:16:34 66095 seconds since last log event
07/18/17 07:16:34 Pending DAG nodes:
07/18/17 07:16:34   Node dd671ef3cf3cf304d9a60d8b9974a83f, Condor ID 7773852, status STATUS_SUBMITTED
07/18/17 07:26:37 66698 seconds since last log event
07/18/17 07:26:37 Pending DAG nodes:
07/18/17 07:26:37   Node dd671ef3cf3cf304d9a60d8b9974a83f, Condor ID 7773852, status STATUS_SUBMITTED
07/18/17 07:36:38 67299 seconds since last log event
07/18/17 07:36:38 Pending DAG nodes:
07/18/17 07:36:38   Node dd671ef3cf3cf304d9a60d8b9974a83f, Condor ID 7773852, status STATUS_SUBMITTED
07/18/17 07:46:38 67899 seconds since last log event
07/18/17 07:46:38 Pending DAG nodes:
07/18/17 07:46:38   Node dd671ef3cf3cf304d9a60d8b9974a83f, Condor ID 7773852, status STATUS_SUBMITTED
07/18/17 07:56:41 68502 seconds since last log event
07/18/17 07:56:41 Pending DAG nodes:
07/18/17 07:56:41   Node dd671ef3cf3cf304d9a60d8b9974a83f, Condor ID 7773852, status STATUS_SUBMITTED
07/18/17 08:06:42 69103 seconds since last log event
07/18/17 08:06:42 Pending DAG nodes:
07/18/17 08:06:42   Node dd671ef3cf3cf304d9a60d8b9974a83f, Condor ID 7773852, status STATUS_SUBMITTED
07/18/17 08:16:43 69704 seconds since last log event
07/18/17 08:16:43 Pending DAG nodes:
07/18/17 08:16:43   Node dd671ef3cf3cf304d9a60d8b9974a83f, Condor ID 7773852, status STATUS_SUBMITTED
07/18/17 08:26:45 70306 seconds since last log event
07/18/17 08:26:45 Pending DAG nodes:
07/18/17 08:26:45   Node dd671ef3cf3cf304d9a60d8b9974a83f, Condor ID 7773852, status STATUS_SUBMITTED
07/18/17 08:36:45 70906 seconds since last log event
07/18/17 08:36:45 Pending DAG nodes:
07/18/17 08:36:45   Node dd671ef3cf3cf304d9a60d8b9974a83f, Condor ID 7773852, status STATUS_SUBMITTED
07/18/17 08:46:45 71506 seconds since last log event
07/18/17 08:46:45 Pending DAG nodes:
07/18/17 08:46:45   Node dd671ef3cf3cf304d9a60d8b9974a83f, Condor ID 7773852, status STATUS_SUBMITTED
07/18/17 08:50:29 Got SIGTERM. Performing graceful shutdown.
07/18/17 08:50:29 DAG status: 0 (DAG_STATUS_OK)
07/18/17 08:50:29 Of 1 nodes total:
07/18/17 08:50:29  Done     Pre   Queued    Post   Ready   Un-Ready   Failed
07/18/17 08:50:29   ===     ===      ===     ===     ===        ===      ===
07/18/17 08:50:29     0       0        1       0       0          0        0
07/18/17 08:50:29 0 job proc(s) currently held
07/18/17 08:50:30 **** condor_scheduniv_exec.7773851.0 (condor_DAGMAN) pid 1560337 EXITING WITH STATUS 3
07/18/17 08:52:59 ******************************************************
07/18/17 08:52:59 ** condor_scheduniv_exec.7773851.0 (CONDOR_DAGMAN) STARTING UP
07/18/17 08:52:59 ** /usr/bin/condor_dagman
07/18/17 08:52:59 ** SubsystemInfo: name=DAGMAN type=DAGMAN(10) class=DAEMON(1)
07/18/17 08:52:59 ** Configuration: subsystem:DAGMAN local:<NONE> class:DAEMON
07/18/17 08:52:59 ** $CondorVersion: 8.6.4 Jun 21 2017 BuildID: 408625 $
07/18/17 08:52:59 ** $CondorPlatform: x86_64_RedHat6 $
07/18/17 08:52:59 ** PID = 1603763
07/18/17 08:52:59 ** Log last touched 7/18 08:50:30
07/18/17 08:52:59 ******************************************************
07/18/17 08:52:59 Using config source: /etc/condor/condor_config
07/18/17 08:52:59 Using local config sources: 
07/18/17 08:52:59    /etc/condor/config.d/00admin
07/18/17 08:52:59    /etc/condor/config.d/20-limit-post-scripts
07/18/17 08:52:59    /etc/condor/config.d/50-job-router
07/18/17 08:52:59    /etc/condor/config.d/accounting
07/18/17 08:52:59    /etc/condor/config.d/dags
07/18/17 08:52:59    /etc/condor/config.d/logfile_nfs_locking
07/18/17 08:52:59    /etc/condor/condor_config.local
07/18/17 08:52:59 config Macros = 86, Sorted = 86, StringBytes = 2887, TablesBytes = 3176
07/18/17 08:52:59 CLASSAD_CACHING is ENABLED
07/18/17 08:52:59 Daemon Log is logging: D_ALWAYS D_ERROR
07/18/17 08:52:59 DaemonCore: No command port requested.
07/18/17 08:52:59 DAGMAN_USE_STRICT setting: 1
07/18/17 08:52:59 DAGMAN_VERBOSITY setting: 3
07/18/17 08:52:59 DAGMAN_DEBUG_CACHE_SIZE setting: 5242880
07/18/17 08:52:59 DAGMAN_DEBUG_CACHE_ENABLE setting: False
07/18/17 08:52:59 DAGMAN_SUBMIT_DELAY setting: 0
07/18/17 08:52:59 DAGMAN_MAX_SUBMIT_ATTEMPTS setting: 6
07/18/17 08:52:59 DAGMAN_STARTUP_CYCLE_DETECT setting: False
07/18/17 08:52:59 DAGMAN_MAX_SUBMITS_PER_INTERVAL setting: 5
07/18/17 08:52:59 DAGMAN_USER_LOG_SCAN_INTERVAL setting: 5
07/18/17 08:52:59 DAGMAN_DEFAULT_PRIORITY setting: 0
07/18/17 08:52:59 DAGMAN_SUPPRESS_NOTIFICATION setting: True
07/18/17 08:52:59 allow_events (DAGMAN_ALLOW_EVENTS) setting: 114
07/18/17 08:52:59 DAGMAN_RETRY_SUBMIT_FIRST setting: True
07/18/17 08:52:59 DAGMAN_RETRY_NODE_FIRST setting: False
07/18/17 08:52:59 DAGMAN_MAX_JOBS_IDLE setting: 100
07/18/17 08:52:59 DAGMAN_MAX_JOBS_SUBMITTED setting: 3000
07/18/17 08:52:59 DAGMAN_MAX_PRE_SCRIPTS setting: 20
07/18/17 08:52:59 DAGMAN_MAX_POST_SCRIPTS setting: 10
07/18/17 08:52:59 DAGMAN_MUNGE_NODE_NAMES setting: True
07/18/17 08:52:59 DAGMAN_PROHIBIT_MULTI_JOBS setting: True
07/18/17 08:52:59 DAGMAN_SUBMIT_DEPTH_FIRST setting: False
07/18/17 08:52:59 DAGMAN_ALWAYS_RUN_POST setting: False
07/18/17 08:52:59 DAGMAN_ABORT_DUPLICATES setting: True
07/18/17 08:52:59 DAGMAN_ABORT_ON_SCARY_SUBMIT setting: True
07/18/17 08:52:59 DAGMAN_PENDING_REPORT_INTERVAL setting: 600
07/18/17 08:52:59 DAGMAN_AUTO_RESCUE setting: True
07/18/17 08:52:59 DAGMAN_MAX_RESCUE_NUM setting: 100
07/18/17 08:52:59 DAGMAN_WRITE_PARTIAL_RESCUE setting: True
07/18/17 08:52:59 DAGMAN_DEFAULT_NODE_LOG setting: @(DAG_DIR)/@(DAG_FILE).nodes.log
07/18/17 08:52:59 DAGMAN_GENERATE_SUBDAG_SUBMITS setting: True
07/18/17 08:52:59 DAGMAN_MAX_JOB_HOLDS setting: 100
07/18/17 08:52:59 DAGMAN_HOLD_CLAIM_TIME setting: 20
07/18/17 08:52:59 ALL_DEBUG setting: 
07/18/17 08:52:59 DAGMAN_DEBUG setting: 
07/18/17 08:52:59 DAGMAN_SUPPRESS_JOB_LOGS setting: False
07/18/17 08:52:59 DAGMAN_REMOVE_NODE_JOBS setting: True
07/18/17 08:52:59 argv[0] == "condor_scheduniv_exec.7773851.0"
07/18/17 08:52:59 argv[1] == "-Lockfile"
07/18/17 08:52:59 argv[2] == "/home/c1572221/Summer-project/inference-from-frames/GW150914_like_SNR_25_mode_PhenomPv2_inc_0.0_M45/M45/multidag.dag.lock"
07/18/17 08:52:59 argv[3] == "-AutoRescue"
07/18/17 08:52:59 argv[4] == "1"
07/18/17 08:52:59 argv[5] == "-DoRescueFrom"
07/18/17 08:52:59 argv[6] == "0"
07/18/17 08:52:59 argv[7] == "-Dag"
07/18/17 08:52:59 argv[8] == "/home/c1572221/Summer-project/inference-from-frames/GW150914_like_SNR_25_mode_PhenomPv2_inc_0.0_M45/M45/multidag.dag"
07/18/17 08:52:59 argv[9] == "-Suppress_notification"
07/18/17 08:52:59 argv[10] == "-CsdVersion"
07/18/17 08:52:59 argv[11] == "$CondorVersion: 8.4.9 Sep 29 2016 BuildID: 382747 $"
07/18/17 08:52:59 argv[12] == "-Dagman"
07/18/17 08:52:59 argv[13] == "/usr/bin/condor_dagman"
07/18/17 08:52:59 Workflow batch-name: <multidag.dag+7773851>
07/18/17 08:52:59 Workflow accounting_group: <>
07/18/17 08:52:59 Workflow accounting_group_user: <>
07/18/17 08:52:59 Warning: failed to get attribute DAGNodeName
07/18/17 08:52:59 DAGMAN_LOG_ON_NFS_IS_ERROR setting: False
07/18/17 08:52:59 Default node log file is: </home/c1572221/Summer-project/inference-from-frames/GW150914_like_SNR_25_mode_PhenomPv2_inc_0.0_M45/M45/multidag.dag.nodes.log>
07/18/17 08:52:59 Note: the version ($CondorVersion: 8.4.9 Sep 29 2016 BuildID: 382747 $) of this DAG's HTCondor submit file (created by condor_submit_dag) differs from condor_dagman version ($CondorVersion: 8.6.4 Jun 21 2017 BuildID: 408625 $), but the difference is permissible
07/18/17 08:52:59 Note:  DAGMAN_MAX_JOBS_IDLE has been changed from the default setting; if your submit files create multiple procs, you should probably set DAGMAN_MAX_SUBMITS_PER_INTERVAL to 1
07/18/17 08:52:59 DAG Lockfile will be written to /home/c1572221/Summer-project/inference-from-frames/GW150914_like_SNR_25_mode_PhenomPv2_inc_0.0_M45/M45/multidag.dag.lock
07/18/17 08:52:59 DAG Input file is /home/c1572221/Summer-project/inference-from-frames/GW150914_like_SNR_25_mode_PhenomPv2_inc_0.0_M45/M45/multidag.dag
07/18/17 08:52:59 Parsing 1 dagfiles
07/18/17 08:52:59 Parsing /home/c1572221/Summer-project/inference-from-frames/GW150914_like_SNR_25_mode_PhenomPv2_inc_0.0_M45/M45/multidag.dag ...
07/18/17 08:52:59 Dag contains 1 total jobs
07/18/17 08:52:59 Lock file /home/c1572221/Summer-project/inference-from-frames/GW150914_like_SNR_25_mode_PhenomPv2_inc_0.0_M45/M45/multidag.dag.lock detected, 
07/18/17 08:52:59 Duplicate DAGMan PID 1560337 is no longer alive; this DAGMan should continue.
07/18/17 08:52:59 Using default node job log file
07/18/17 08:52:59 Sleeping for 3 seconds to ensure ProcessId uniqueness
07/18/17 08:53:02 Bootstrapping...
07/18/17 08:53:02 Number of pre-completed nodes: 0
07/18/17 08:53:02 Running in RECOVERY mode... >>>>>>>>>>>>>>>>>>>>>>>>>>>>>>
07/18/17 08:53:02 Currently monitoring 1 HTCondor log file(s)
07/18/17 08:53:02 Event: ULOG_SUBMIT for HTCondor Node dd671ef3cf3cf304d9a60d8b9974a83f (7773852.0.0) {07/17/17 12:54:54} [recovery mode]
07/18/17 08:53:02 Number of idle job procs: 1
07/18/17 08:53:02 Event: ULOG_EXECUTE for HTCondor Node dd671ef3cf3cf304d9a60d8b9974a83f (7773852.0.0) {07/17/17 12:54:55} [recovery mode]
07/18/17 08:53:02 Number of idle job procs: 0
07/18/17 08:53:02 Event: ULOG_JOB_EVICTED for HTCondor Node dd671ef3cf3cf304d9a60d8b9974a83f (7773852.0.0) {07/18/17 08:50:30} [recovery mode]
07/18/17 08:53:02 Number of idle job procs: 1
07/18/17 08:53:02 Event: ULOG_EXECUTE for HTCondor Node dd671ef3cf3cf304d9a60d8b9974a83f (7773852.0.0) {07/18/17 08:52:59} [recovery mode]
07/18/17 08:53:02 Number of idle job procs: 0
07/18/17 08:53:02     ------------------------------
07/18/17 08:53:02        HTCondor Recovery Complete
07/18/17 08:53:02     ------------------------------
07/18/17 08:53:02 ...done with RECOVERY mode <<<<<<<<<<<<<<<<<<<<<<<<<<<<<<
07/18/17 08:53:02 DAG status: 0 (DAG_STATUS_OK)
07/18/17 08:53:02 Of 1 nodes total:
07/18/17 08:53:02  Done     Pre   Queued    Post   Ready   Un-Ready   Failed
07/18/17 08:53:02   ===     ===      ===     ===     ===        ===      ===
07/18/17 08:53:02     0       0        1       0       0          0        0
07/18/17 08:53:02 0 job proc(s) currently held
07/18/17 08:53:02 DAG status: 0 (DAG_STATUS_OK)
07/18/17 08:53:02 Of 1 nodes total:
07/18/17 08:53:02  Done     Pre   Queued    Post   Ready   Un-Ready   Failed
07/18/17 08:53:02   ===     ===      ===     ===     ===        ===      ===
07/18/17 08:53:02     0       0        1       0       0          0        0
07/18/17 08:53:02 0 job proc(s) currently held
07/18/17 08:53:02 Registering condor_event_timer...
07/18/17 08:53:03 Currently monitoring 1 HTCondor log file(s)
07/18/17 08:53:03 DAG status: 0 (DAG_STATUS_OK)
07/18/17 08:53:03 Of 1 nodes total:
07/18/17 08:53:03  Done     Pre   Queued    Post   Ready   Un-Ready   Failed
07/18/17 08:53:03   ===     ===      ===     ===     ===        ===      ===
07/18/17 08:53:03     0       0        1       0       0          0        0
07/18/17 08:53:03 0 job proc(s) currently held
07/18/17 09:03:05 602 seconds since last log event
07/18/17 09:03:05 Pending DAG nodes:
07/18/17 09:03:05   Node dd671ef3cf3cf304d9a60d8b9974a83f, HTCondor ID 7773852, status STATUS_SUBMITTED
07/18/17 09:13:06 1203 seconds since last log event
07/18/17 09:13:06 Pending DAG nodes:
07/18/17 09:13:06   Node dd671ef3cf3cf304d9a60d8b9974a83f, HTCondor ID 7773852, status STATUS_SUBMITTED
07/18/17 09:23:07 1804 seconds since last log event
07/18/17 09:23:07 Pending DAG nodes:
07/18/17 09:23:07   Node dd671ef3cf3cf304d9a60d8b9974a83f, HTCondor ID 7773852, status STATUS_SUBMITTED
07/18/17 09:33:09 2406 seconds since last log event
07/18/17 09:33:09 Pending DAG nodes:
07/18/17 09:33:09   Node dd671ef3cf3cf304d9a60d8b9974a83f, HTCondor ID 7773852, status STATUS_SUBMITTED
07/18/17 09:43:09 3006 seconds since last log event
07/18/17 09:43:09 Pending DAG nodes:
07/18/17 09:43:09   Node dd671ef3cf3cf304d9a60d8b9974a83f, HTCondor ID 7773852, status STATUS_SUBMITTED
07/18/17 09:53:11 3608 seconds since last log event
07/18/17 09:53:11 Pending DAG nodes:
07/18/17 09:53:11   Node dd671ef3cf3cf304d9a60d8b9974a83f, HTCondor ID 7773852, status STATUS_SUBMITTED
07/18/17 10:03:12 4209 seconds since last log event
07/18/17 10:03:12 Pending DAG nodes:
07/18/17 10:03:12   Node dd671ef3cf3cf304d9a60d8b9974a83f, HTCondor ID 7773852, status STATUS_SUBMITTED
07/18/17 10:13:12 4809 seconds since last log event
07/18/17 10:13:12 Pending DAG nodes:
07/18/17 10:13:12   Node dd671ef3cf3cf304d9a60d8b9974a83f, HTCondor ID 7773852, status STATUS_SUBMITTED
07/18/17 10:23:13 5410 seconds since last log event
07/18/17 10:23:13 Pending DAG nodes:
07/18/17 10:23:13   Node dd671ef3cf3cf304d9a60d8b9974a83f, HTCondor ID 7773852, status STATUS_SUBMITTED
07/18/17 10:33:13 6010 seconds since last log event
07/18/17 10:33:13 Pending DAG nodes:
07/18/17 10:33:13   Node dd671ef3cf3cf304d9a60d8b9974a83f, HTCondor ID 7773852, status STATUS_SUBMITTED
07/18/17 10:43:14 6611 seconds since last log event
07/18/17 10:43:14 Pending DAG nodes:
07/18/17 10:43:14   Node dd671ef3cf3cf304d9a60d8b9974a83f, HTCondor ID 7773852, status STATUS_SUBMITTED
07/18/17 10:53:15 7212 seconds since last log event
07/18/17 10:53:15 Pending DAG nodes:
07/18/17 10:53:15   Node dd671ef3cf3cf304d9a60d8b9974a83f, HTCondor ID 7773852, status STATUS_SUBMITTED
07/18/17 11:03:17 7814 seconds since last log event
07/18/17 11:03:17 Pending DAG nodes:
07/18/17 11:03:17   Node dd671ef3cf3cf304d9a60d8b9974a83f, HTCondor ID 7773852, status STATUS_SUBMITTED
07/18/17 11:13:19 8416 seconds since last log event
07/18/17 11:13:19 Pending DAG nodes:
07/18/17 11:13:19   Node dd671ef3cf3cf304d9a60d8b9974a83f, HTCondor ID 7773852, status STATUS_SUBMITTED
07/18/17 11:23:20 9017 seconds since last log event
07/18/17 11:23:20 Pending DAG nodes:
07/18/17 11:23:20   Node dd671ef3cf3cf304d9a60d8b9974a83f, HTCondor ID 7773852, status STATUS_SUBMITTED
07/18/17 11:33:21 9618 seconds since last log event
07/18/17 11:33:21 Pending DAG nodes:
07/18/17 11:33:21   Node dd671ef3cf3cf304d9a60d8b9974a83f, HTCondor ID 7773852, status STATUS_SUBMITTED
07/18/17 11:43:22 10219 seconds since last log event
07/18/17 11:43:22 Pending DAG nodes:
07/18/17 11:43:22   Node dd671ef3cf3cf304d9a60d8b9974a83f, HTCondor ID 7773852, status STATUS_SUBMITTED
07/18/17 11:53:22 10819 seconds since last log event
07/18/17 11:53:22 Pending DAG nodes:
07/18/17 11:53:22   Node dd671ef3cf3cf304d9a60d8b9974a83f, HTCondor ID 7773852, status STATUS_SUBMITTED
07/18/17 12:03:23 11420 seconds since last log event
07/18/17 12:03:23 Pending DAG nodes:
07/18/17 12:03:23   Node dd671ef3cf3cf304d9a60d8b9974a83f, HTCondor ID 7773852, status STATUS_SUBMITTED
07/18/17 12:13:24 12021 seconds since last log event
07/18/17 12:13:24 Pending DAG nodes:
07/18/17 12:13:24   Node dd671ef3cf3cf304d9a60d8b9974a83f, HTCondor ID 7773852, status STATUS_SUBMITTED
07/18/17 12:23:25 12622 seconds since last log event
07/18/17 12:23:25 Pending DAG nodes:
07/18/17 12:23:25   Node dd671ef3cf3cf304d9a60d8b9974a83f, HTCondor ID 7773852, status STATUS_SUBMITTED
