/home/c1572221/public_html/LVC/make-zero-noise/BAM_q8a0_SNR_25_mode_HM_inc_0.0_M27_IMRPhenomD/lalinferencenest/IMRPhenomDthreePointFivePN/1167559679.0-0/H1L1/L1/
/home/c1572221/public_html/LVC/make-zero-noise/BAM_q8a0_SNR_25_mode_HM_inc_0.0_M27_IMRPhenomD/lalinferencenest/IMRPhenomDthreePointFivePN/1167559679.0-0/H1L1/L1/2Dbins/
/home/c1572221/public_html/LVC/make-zero-noise/BAM_q8a0_SNR_25_mode_HM_inc_0.0_M27_IMRPhenomD/lalinferencenest/IMRPhenomDthreePointFivePN/1167559679.0-0/H1L1/L1/2Dkde/
/home/c1572221/public_html/LVC/make-zero-noise/BAM_q8a0_SNR_25_mode_HM_inc_0.0_M27_IMRPhenomD/lalinferencenest/IMRPhenomDthreePointFivePN/1167559679.0-0/H1L1/L1/greedy2Dbins/
/home/c1572221/public_html/LVC/make-zero-noise/BAM_q8a0_SNR_25_mode_HM_inc_0.0_M27_IMRPhenomD/lalinferencenest/IMRPhenomDthreePointFivePN/1167559679.0-0/H1L1/L1/1Dsamps/
/home/c1572221/public_html/LVC/make-zero-noise/BAM_q8a0_SNR_25_mode_HM_inc_0.0_M27_IMRPhenomD/lalinferencenest/IMRPhenomDthreePointFivePN/1167559679.0-0/H1L1/L1/1Dsamps/h1v1_delay_samps.png
/home/c1572221/public_html/LVC/make-zero-noise/BAM_q8a0_SNR_25_mode_HM_inc_0.0_M27_IMRPhenomD/lalinferencenest/IMRPhenomDthreePointFivePN/1167559679.0-0/H1L1/L1/1Dsamps/ra_samps.pdf
/home/c1572221/public_html/LVC/make-zero-noise/BAM_q8a0_SNR_25_mode_HM_inc_0.0_M27_IMRPhenomD/lalinferencenest/IMRPhenomDthreePointFivePN/1167559679.0-0/H1L1/L1/1Dsamps/deltalogl_samps.png
/home/c1572221/public_html/LVC/make-zero-noise/BAM_q8a0_SNR_25_mode_HM_inc_0.0_M27_IMRPhenomD/lalinferencenest/IMRPhenomDthreePointFivePN/1167559679.0-0/H1L1/L1/1Dsamps/m2_source_samps.pdf
/home/c1572221/public_html/LVC/make-zero-noise/BAM_q8a0_SNR_25_mode_HM_inc_0.0_M27_IMRPhenomD/lalinferencenest/IMRPhenomDthreePointFivePN/1167559679.0-0/H1L1/L1/1Dsamps/logprior_samps.png
/home/c1572221/public_html/LVC/make-zero-noise/BAM_q8a0_SNR_25_mode_HM_inc_0.0_M27_IMRPhenomD/lalinferencenest/IMRPhenomDthreePointFivePN/1167559679.0-0/H1L1/L1/1Dsamps/m1_samps.png
/home/c1572221/public_html/LVC/make-zero-noise/BAM_q8a0_SNR_25_mode_HM_inc_0.0_M27_IMRPhenomD/lalinferencenest/IMRPhenomDthreePointFivePN/1167559679.0-0/H1L1/L1/1Dsamps/mtotal_acf.png
/home/c1572221/public_html/LVC/make-zero-noise/BAM_q8a0_SNR_25_mode_HM_inc_0.0_M27_IMRPhenomD/lalinferencenest/IMRPhenomDthreePointFivePN/1167559679.0-0/H1L1/L1/1Dsamps/mc_samps.png
/home/c1572221/public_html/LVC/make-zero-noise/BAM_q8a0_SNR_25_mode_HM_inc_0.0_M27_IMRPhenomD/lalinferencenest/IMRPhenomDthreePointFivePN/1167559679.0-0/H1L1/L1/1Dsamps/l_peak_acf.pdf
/home/c1572221/public_html/LVC/make-zero-noise/BAM_q8a0_SNR_25_mode_HM_inc_0.0_M27_IMRPhenomD/lalinferencenest/IMRPhenomDthreePointFivePN/1167559679.0-0/H1L1/L1/1Dsamps/l1_cplx_snr_amp_acf.png
/home/c1572221/public_html/LVC/make-zero-noise/BAM_q8a0_SNR_25_mode_HM_inc_0.0_M27_IMRPhenomD/lalinferencenest/IMRPhenomDthreePointFivePN/1167559679.0-0/H1L1/L1/1Dsamps/distance_samps.pdf
/home/c1572221/public_html/LVC/make-zero-noise/BAM_q8a0_SNR_25_mode_HM_inc_0.0_M27_IMRPhenomD/lalinferencenest/IMRPhenomDthreePointFivePN/1167559679.0-0/H1L1/L1/1Dsamps/logl_samps.pdf
/home/c1572221/public_html/LVC/make-zero-noise/BAM_q8a0_SNR_25_mode_HM_inc_0.0_M27_IMRPhenomD/lalinferencenest/IMRPhenomDthreePointFivePN/1167559679.0-0/H1L1/L1/1Dsamps/theta_jn_acf.pdf
/home/c1572221/public_html/LVC/make-zero-noise/BAM_q8a0_SNR_25_mode_HM_inc_0.0_M27_IMRPhenomD/lalinferencenest/IMRPhenomDthreePointFivePN/1167559679.0-0/H1L1/L1/1Dsamps/l1_cplx_snr_arg_acf.png
/home/c1572221/public_html/LVC/make-zero-noise/BAM_q8a0_SNR_25_mode_HM_inc_0.0_M27_IMRPhenomD/lalinferencenest/IMRPhenomDthreePointFivePN/1167559679.0-0/H1L1/L1/1Dsamps/optimal_snr_acf.png
/home/c1572221/public_html/LVC/make-zero-noise/BAM_q8a0_SNR_25_mode_HM_inc_0.0_M27_IMRPhenomD/lalinferencenest/IMRPhenomDthreePointFivePN/1167559679.0-0/H1L1/L1/1Dsamps/m1_source_samps.png
/home/c1572221/public_html/LVC/make-zero-noise/BAM_q8a0_SNR_25_mode_HM_inc_0.0_M27_IMRPhenomD/lalinferencenest/IMRPhenomDthreePointFivePN/1167559679.0-0/H1L1/L1/1Dsamps/theta_jn_samps.pdf
/home/c1572221/public_html/LVC/make-zero-noise/BAM_q8a0_SNR_25_mode_HM_inc_0.0_M27_IMRPhenomD/lalinferencenest/IMRPhenomDthreePointFivePN/1167559679.0-0/H1L1/L1/1Dsamps/mf_source_acf.png
/home/c1572221/public_html/LVC/make-zero-noise/BAM_q8a0_SNR_25_mode_HM_inc_0.0_M27_IMRPhenomD/lalinferencenest/IMRPhenomDthreePointFivePN/1167559679.0-0/H1L1/L1/1Dsamps/time_acf.pdf
/home/c1572221/public_html/LVC/make-zero-noise/BAM_q8a0_SNR_25_mode_HM_inc_0.0_M27_IMRPhenomD/lalinferencenest/IMRPhenomDthreePointFivePN/1167559679.0-0/H1L1/L1/1Dsamps/mtotal_samps.pdf
/home/c1572221/public_html/LVC/make-zero-noise/BAM_q8a0_SNR_25_mode_HM_inc_0.0_M27_IMRPhenomD/lalinferencenest/IMRPhenomDthreePointFivePN/1167559679.0-0/H1L1/L1/1Dsamps/mc_acf.png
/home/c1572221/public_html/LVC/make-zero-noise/BAM_q8a0_SNR_25_mode_HM_inc_0.0_M27_IMRPhenomD/lalinferencenest/IMRPhenomDthreePointFivePN/1167559679.0-0/H1L1/L1/1Dsamps/chi_eff_acf.pdf
/home/c1572221/public_html/LVC/make-zero-noise/BAM_q8a0_SNR_25_mode_HM_inc_0.0_M27_IMRPhenomD/lalinferencenest/IMRPhenomDthreePointFivePN/1167559679.0-0/H1L1/L1/1Dsamps/h1l1_delay_acf.png
/home/c1572221/public_html/LVC/make-zero-noise/BAM_q8a0_SNR_25_mode_HM_inc_0.0_M27_IMRPhenomD/lalinferencenest/IMRPhenomDthreePointFivePN/1167559679.0-0/H1L1/L1/1Dsamps/mc_acf.pdf
/home/c1572221/public_html/LVC/make-zero-noise/BAM_q8a0_SNR_25_mode_HM_inc_0.0_M27_IMRPhenomD/lalinferencenest/IMRPhenomDthreePointFivePN/1167559679.0-0/H1L1/L1/1Dsamps/mf_acf.png
/home/c1572221/public_html/LVC/make-zero-noise/BAM_q8a0_SNR_25_mode_HM_inc_0.0_M27_IMRPhenomD/lalinferencenest/IMRPhenomDthreePointFivePN/1167559679.0-0/H1L1/L1/1Dsamps/m1_acf.png
/home/c1572221/public_html/LVC/make-zero-noise/BAM_q8a0_SNR_25_mode_HM_inc_0.0_M27_IMRPhenomD/lalinferencenest/IMRPhenomDthreePointFivePN/1167559679.0-0/H1L1/L1/1Dsamps/mtotal_samps.png
/home/c1572221/public_html/LVC/make-zero-noise/BAM_q8a0_SNR_25_mode_HM_inc_0.0_M27_IMRPhenomD/lalinferencenest/IMRPhenomDthreePointFivePN/1167559679.0-0/H1L1/L1/1Dsamps/l1_end_time_acf.pdf
/home/c1572221/public_html/LVC/make-zero-noise/BAM_q8a0_SNR_25_mode_HM_inc_0.0_M27_IMRPhenomD/lalinferencenest/IMRPhenomDthreePointFivePN/1167559679.0-0/H1L1/L1/1Dsamps/h1_end_time_acf.png
/home/c1572221/public_html/LVC/make-zero-noise/BAM_q8a0_SNR_25_mode_HM_inc_0.0_M27_IMRPhenomD/lalinferencenest/IMRPhenomDthreePointFivePN/1167559679.0-0/H1L1/L1/1Dsamps/v1_end_time_acf.pdf
/home/c1572221/public_html/LVC/make-zero-noise/BAM_q8a0_SNR_25_mode_HM_inc_0.0_M27_IMRPhenomD/lalinferencenest/IMRPhenomDthreePointFivePN/1167559679.0-0/H1L1/L1/1Dsamps/a1z_samps.pdf
/home/c1572221/public_html/LVC/make-zero-noise/BAM_q8a0_SNR_25_mode_HM_inc_0.0_M27_IMRPhenomD/lalinferencenest/IMRPhenomDthreePointFivePN/1167559679.0-0/H1L1/L1/1Dsamps/l1_optimal_snr_samps.pdf
/home/c1572221/public_html/LVC/make-zero-noise/BAM_q8a0_SNR_25_mode_HM_inc_0.0_M27_IMRPhenomD/lalinferencenest/IMRPhenomDthreePointFivePN/1167559679.0-0/H1L1/L1/1Dsamps/logprior_acf.pdf
/home/c1572221/public_html/LVC/make-zero-noise/BAM_q8a0_SNR_25_mode_HM_inc_0.0_M27_IMRPhenomD/lalinferencenest/IMRPhenomDthreePointFivePN/1167559679.0-0/H1L1/L1/1Dsamps/l1_optimal_snr_acf.png
/home/c1572221/public_html/LVC/make-zero-noise/BAM_q8a0_SNR_25_mode_HM_inc_0.0_M27_IMRPhenomD/lalinferencenest/IMRPhenomDthreePointFivePN/1167559679.0-0/H1L1/L1/1Dsamps/m2_source_samps.png
/home/c1572221/public_html/LVC/make-zero-noise/BAM_q8a0_SNR_25_mode_HM_inc_0.0_M27_IMRPhenomD/lalinferencenest/IMRPhenomDthreePointFivePN/1167559679.0-0/H1L1/L1/1Dsamps/l1_cplx_snr_arg_acf.pdf
/home/c1572221/public_html/LVC/make-zero-noise/BAM_q8a0_SNR_25_mode_HM_inc_0.0_M27_IMRPhenomD/lalinferencenest/IMRPhenomDthreePointFivePN/1167559679.0-0/H1L1/L1/1Dsamps/time_samps.pdf
/home/c1572221/public_html/LVC/make-zero-noise/BAM_q8a0_SNR_25_mode_HM_inc_0.0_M27_IMRPhenomD/lalinferencenest/IMRPhenomDthreePointFivePN/1167559679.0-0/H1L1/L1/1Dsamps/eta_samps.png
/home/c1572221/public_html/LVC/make-zero-noise/BAM_q8a0_SNR_25_mode_HM_inc_0.0_M27_IMRPhenomD/lalinferencenest/IMRPhenomDthreePointFivePN/1167559679.0-0/H1L1/L1/1Dsamps/mc_source_samps.png
/home/c1572221/public_html/LVC/make-zero-noise/BAM_q8a0_SNR_25_mode_HM_inc_0.0_M27_IMRPhenomD/lalinferencenest/IMRPhenomDthreePointFivePN/1167559679.0-0/H1L1/L1/1Dsamps/logl_samps.png
/home/c1572221/public_html/LVC/make-zero-noise/BAM_q8a0_SNR_25_mode_HM_inc_0.0_M27_IMRPhenomD/lalinferencenest/IMRPhenomDthreePointFivePN/1167559679.0-0/H1L1/L1/1Dsamps/optimal_snr_samps.pdf
/home/c1572221/public_html/LVC/make-zero-noise/BAM_q8a0_SNR_25_mode_HM_inc_0.0_M27_IMRPhenomD/lalinferencenest/IMRPhenomDthreePointFivePN/1167559679.0-0/H1L1/L1/1Dsamps/psi_acf.pdf
/home/c1572221/public_html/LVC/make-zero-noise/BAM_q8a0_SNR_25_mode_HM_inc_0.0_M27_IMRPhenomD/lalinferencenest/IMRPhenomDthreePointFivePN/1167559679.0-0/H1L1/L1/1Dsamps/mf_source_samps.png
/home/c1572221/public_html/LVC/make-zero-noise/BAM_q8a0_SNR_25_mode_HM_inc_0.0_M27_IMRPhenomD/lalinferencenest/IMRPhenomDthreePointFivePN/1167559679.0-0/H1L1/L1/1Dsamps/a1z_samps.png
/home/c1572221/public_html/LVC/make-zero-noise/BAM_q8a0_SNR_25_mode_HM_inc_0.0_M27_IMRPhenomD/lalinferencenest/IMRPhenomDthreePointFivePN/1167559679.0-0/H1L1/L1/1Dsamps/theta_jn_acf.png
/home/c1572221/public_html/LVC/make-zero-noise/BAM_q8a0_SNR_25_mode_HM_inc_0.0_M27_IMRPhenomD/lalinferencenest/IMRPhenomDthreePointFivePN/1167559679.0-0/H1L1/L1/1Dsamps/l1_optimal_snr_acf.pdf
/home/c1572221/public_html/LVC/make-zero-noise/BAM_q8a0_SNR_25_mode_HM_inc_0.0_M27_IMRPhenomD/lalinferencenest/IMRPhenomDthreePointFivePN/1167559679.0-0/H1L1/L1/1Dsamps/a2z_acf.pdf
/home/c1572221/public_html/LVC/make-zero-noise/BAM_q8a0_SNR_25_mode_HM_inc_0.0_M27_IMRPhenomD/lalinferencenest/IMRPhenomDthreePointFivePN/1167559679.0-0/H1L1/L1/1Dsamps/mc_source_samps.pdf
/home/c1572221/public_html/LVC/make-zero-noise/BAM_q8a0_SNR_25_mode_HM_inc_0.0_M27_IMRPhenomD/lalinferencenest/IMRPhenomDthreePointFivePN/1167559679.0-0/H1L1/L1/1Dsamps/mc_samps.pdf
/home/c1572221/public_html/LVC/make-zero-noise/BAM_q8a0_SNR_25_mode_HM_inc_0.0_M27_IMRPhenomD/lalinferencenest/IMRPhenomDthreePointFivePN/1167559679.0-0/H1L1/L1/1Dsamps/v1_end_time_acf.png
/home/c1572221/public_html/LVC/make-zero-noise/BAM_q8a0_SNR_25_mode_HM_inc_0.0_M27_IMRPhenomD/lalinferencenest/IMRPhenomDthreePointFivePN/1167559679.0-0/H1L1/L1/1Dsamps/costheta_jn_samps.pdf
/home/c1572221/public_html/LVC/make-zero-noise/BAM_q8a0_SNR_25_mode_HM_inc_0.0_M27_IMRPhenomD/lalinferencenest/IMRPhenomDthreePointFivePN/1167559679.0-0/H1L1/L1/1Dsamps/e_rad_samps.pdf
/home/c1572221/public_html/LVC/make-zero-noise/BAM_q8a0_SNR_25_mode_HM_inc_0.0_M27_IMRPhenomD/lalinferencenest/IMRPhenomDthreePointFivePN/1167559679.0-0/H1L1/L1/1Dsamps/l1_cplx_snr_arg_samps.pdf
/home/c1572221/public_html/LVC/make-zero-noise/BAM_q8a0_SNR_25_mode_HM_inc_0.0_M27_IMRPhenomD/lalinferencenest/IMRPhenomDthreePointFivePN/1167559679.0-0/H1L1/L1/1Dsamps/q_samps.pdf
/home/c1572221/public_html/LVC/make-zero-noise/BAM_q8a0_SNR_25_mode_HM_inc_0.0_M27_IMRPhenomD/lalinferencenest/IMRPhenomDthreePointFivePN/1167559679.0-0/H1L1/L1/1Dsamps/distance_acf.png
/home/c1572221/public_html/LVC/make-zero-noise/BAM_q8a0_SNR_25_mode_HM_inc_0.0_M27_IMRPhenomD/lalinferencenest/IMRPhenomDthreePointFivePN/1167559679.0-0/H1L1/L1/1Dsamps/af_acf.png
/home/c1572221/public_html/LVC/make-zero-noise/BAM_q8a0_SNR_25_mode_HM_inc_0.0_M27_IMRPhenomD/lalinferencenest/IMRPhenomDthreePointFivePN/1167559679.0-0/H1L1/L1/1Dsamps/l_peak_samps.png
/home/c1572221/public_html/LVC/make-zero-noise/BAM_q8a0_SNR_25_mode_HM_inc_0.0_M27_IMRPhenomD/lalinferencenest/IMRPhenomDthreePointFivePN/1167559679.0-0/H1L1/L1/1Dsamps/psi_acf.png
/home/c1572221/public_html/LVC/make-zero-noise/BAM_q8a0_SNR_25_mode_HM_inc_0.0_M27_IMRPhenomD/lalinferencenest/IMRPhenomDthreePointFivePN/1167559679.0-0/H1L1/L1/1Dsamps/phase_acf.png
/home/c1572221/public_html/LVC/make-zero-noise/BAM_q8a0_SNR_25_mode_HM_inc_0.0_M27_IMRPhenomD/lalinferencenest/IMRPhenomDthreePointFivePN/1167559679.0-0/H1L1/L1/1Dsamps/h1_end_time_samps.pdf
/home/c1572221/public_html/LVC/make-zero-noise/BAM_q8a0_SNR_25_mode_HM_inc_0.0_M27_IMRPhenomD/lalinferencenest/IMRPhenomDthreePointFivePN/1167559679.0-0/H1L1/L1/1Dsamps/h1_end_time_acf.pdf
/home/c1572221/public_html/LVC/make-zero-noise/BAM_q8a0_SNR_25_mode_HM_inc_0.0_M27_IMRPhenomD/lalinferencenest/IMRPhenomDthreePointFivePN/1167559679.0-0/H1L1/L1/1Dsamps/chi_eff_samps.png
/home/c1572221/public_html/LVC/make-zero-noise/BAM_q8a0_SNR_25_mode_HM_inc_0.0_M27_IMRPhenomD/lalinferencenest/IMRPhenomDthreePointFivePN/1167559679.0-0/H1L1/L1/1Dsamps/l1_end_time_samps.pdf
/home/c1572221/public_html/LVC/make-zero-noise/BAM_q8a0_SNR_25_mode_HM_inc_0.0_M27_IMRPhenomD/lalinferencenest/IMRPhenomDthreePointFivePN/1167559679.0-0/H1L1/L1/1Dsamps/phase_acf.pdf
/home/c1572221/public_html/LVC/make-zero-noise/BAM_q8a0_SNR_25_mode_HM_inc_0.0_M27_IMRPhenomD/lalinferencenest/IMRPhenomDthreePointFivePN/1167559679.0-0/H1L1/L1/1Dsamps/psi_samps.png
/home/c1572221/public_html/LVC/make-zero-noise/BAM_q8a0_SNR_25_mode_HM_inc_0.0_M27_IMRPhenomD/lalinferencenest/IMRPhenomDthreePointFivePN/1167559679.0-0/H1L1/L1/1Dsamps/optimal_snr_samps.png
/home/c1572221/public_html/LVC/make-zero-noise/BAM_q8a0_SNR_25_mode_HM_inc_0.0_M27_IMRPhenomD/lalinferencenest/IMRPhenomDthreePointFivePN/1167559679.0-0/H1L1/L1/1Dsamps/chi_eff_samps.pdf
/home/c1572221/public_html/LVC/make-zero-noise/BAM_q8a0_SNR_25_mode_HM_inc_0.0_M27_IMRPhenomD/lalinferencenest/IMRPhenomDthreePointFivePN/1167559679.0-0/H1L1/L1/1Dsamps/mf_acf.pdf
/home/c1572221/public_html/LVC/make-zero-noise/BAM_q8a0_SNR_25_mode_HM_inc_0.0_M27_IMRPhenomD/lalinferencenest/IMRPhenomDthreePointFivePN/1167559679.0-0/H1L1/L1/1Dsamps/m1_source_acf.png
/home/c1572221/public_html/LVC/make-zero-noise/BAM_q8a0_SNR_25_mode_HM_inc_0.0_M27_IMRPhenomD/lalinferencenest/IMRPhenomDthreePointFivePN/1167559679.0-0/H1L1/L1/1Dsamps/a1_samps.png
/home/c1572221/public_html/LVC/make-zero-noise/BAM_q8a0_SNR_25_mode_HM_inc_0.0_M27_IMRPhenomD/lalinferencenest/IMRPhenomDthreePointFivePN/1167559679.0-0/H1L1/L1/1Dsamps/l1v1_delay_acf.pdf
/home/c1572221/public_html/LVC/make-zero-noise/BAM_q8a0_SNR_25_mode_HM_inc_0.0_M27_IMRPhenomD/lalinferencenest/IMRPhenomDthreePointFivePN/1167559679.0-0/H1L1/L1/1Dsamps/l_peak_samps.pdf
/home/c1572221/public_html/LVC/make-zero-noise/BAM_q8a0_SNR_25_mode_HM_inc_0.0_M27_IMRPhenomD/lalinferencenest/IMRPhenomDthreePointFivePN/1167559679.0-0/H1L1/L1/1Dsamps/a1z_acf.png
/home/c1572221/public_html/LVC/make-zero-noise/BAM_q8a0_SNR_25_mode_HM_inc_0.0_M27_IMRPhenomD/lalinferencenest/IMRPhenomDthreePointFivePN/1167559679.0-0/H1L1/L1/1Dsamps/a1_acf.png
/home/c1572221/public_html/LVC/make-zero-noise/BAM_q8a0_SNR_25_mode_HM_inc_0.0_M27_IMRPhenomD/lalinferencenest/IMRPhenomDthreePointFivePN/1167559679.0-0/H1L1/L1/1Dsamps/mtotal_source_acf.pdf
/home/c1572221/public_html/LVC/make-zero-noise/BAM_q8a0_SNR_25_mode_HM_inc_0.0_M27_IMRPhenomD/lalinferencenest/IMRPhenomDthreePointFivePN/1167559679.0-0/H1L1/L1/1Dsamps/a2_acf.pdf
/home/c1572221/public_html/LVC/make-zero-noise/BAM_q8a0_SNR_25_mode_HM_inc_0.0_M27_IMRPhenomD/lalinferencenest/IMRPhenomDthreePointFivePN/1167559679.0-0/H1L1/L1/1Dsamps/m1_source_samps.pdf
/home/c1572221/public_html/LVC/make-zero-noise/BAM_q8a0_SNR_25_mode_HM_inc_0.0_M27_IMRPhenomD/lalinferencenest/IMRPhenomDthreePointFivePN/1167559679.0-0/H1L1/L1/1Dsamps/l1_cplx_snr_arg_samps.png
/home/c1572221/public_html/LVC/make-zero-noise/BAM_q8a0_SNR_25_mode_HM_inc_0.0_M27_IMRPhenomD/lalinferencenest/IMRPhenomDthreePointFivePN/1167559679.0-0/H1L1/L1/1Dsamps/a2_samps.pdf
/home/c1572221/public_html/LVC/make-zero-noise/BAM_q8a0_SNR_25_mode_HM_inc_0.0_M27_IMRPhenomD/lalinferencenest/IMRPhenomDthreePointFivePN/1167559679.0-0/H1L1/L1/1Dsamps/l1v1_delay_samps.png
/home/c1572221/public_html/LVC/make-zero-noise/BAM_q8a0_SNR_25_mode_HM_inc_0.0_M27_IMRPhenomD/lalinferencenest/IMRPhenomDthreePointFivePN/1167559679.0-0/H1L1/L1/1Dsamps/redshift_samps.png
/home/c1572221/public_html/LVC/make-zero-noise/BAM_q8a0_SNR_25_mode_HM_inc_0.0_M27_IMRPhenomD/lalinferencenest/IMRPhenomDthreePointFivePN/1167559679.0-0/H1L1/L1/1Dsamps/distance_samps.png
/home/c1572221/public_html/LVC/make-zero-noise/BAM_q8a0_SNR_25_mode_HM_inc_0.0_M27_IMRPhenomD/lalinferencenest/IMRPhenomDthreePointFivePN/1167559679.0-0/H1L1/L1/1Dsamps/mtotal_source_samps.pdf
/home/c1572221/public_html/LVC/make-zero-noise/BAM_q8a0_SNR_25_mode_HM_inc_0.0_M27_IMRPhenomD/lalinferencenest/IMRPhenomDthreePointFivePN/1167559679.0-0/H1L1/L1/1Dsamps/redshift_samps.pdf
/home/c1572221/public_html/LVC/make-zero-noise/BAM_q8a0_SNR_25_mode_HM_inc_0.0_M27_IMRPhenomD/lalinferencenest/IMRPhenomDthreePointFivePN/1167559679.0-0/H1L1/L1/1Dsamps/v1_end_time_samps.pdf
/home/c1572221/public_html/LVC/make-zero-noise/BAM_q8a0_SNR_25_mode_HM_inc_0.0_M27_IMRPhenomD/lalinferencenest/IMRPhenomDthreePointFivePN/1167559679.0-0/H1L1/L1/1Dsamps/matched_filter_snr_acf.png
/home/c1572221/public_html/LVC/make-zero-noise/BAM_q8a0_SNR_25_mode_HM_inc_0.0_M27_IMRPhenomD/lalinferencenest/IMRPhenomDthreePointFivePN/1167559679.0-0/H1L1/L1/1Dsamps/mtotal_acf.pdf
/home/c1572221/public_html/LVC/make-zero-noise/BAM_q8a0_SNR_25_mode_HM_inc_0.0_M27_IMRPhenomD/lalinferencenest/IMRPhenomDthreePointFivePN/1167559679.0-0/H1L1/L1/1Dsamps/deltalogll1_samps.png
/home/c1572221/public_html/LVC/make-zero-noise/BAM_q8a0_SNR_25_mode_HM_inc_0.0_M27_IMRPhenomD/lalinferencenest/IMRPhenomDthreePointFivePN/1167559679.0-0/H1L1/L1/1Dsamps/h1v1_delay_acf.png
/home/c1572221/public_html/LVC/make-zero-noise/BAM_q8a0_SNR_25_mode_HM_inc_0.0_M27_IMRPhenomD/lalinferencenest/IMRPhenomDthreePointFivePN/1167559679.0-0/H1L1/L1/1Dsamps/q_acf.pdf
/home/c1572221/public_html/LVC/make-zero-noise/BAM_q8a0_SNR_25_mode_HM_inc_0.0_M27_IMRPhenomD/lalinferencenest/IMRPhenomDthreePointFivePN/1167559679.0-0/H1L1/L1/1Dsamps/h1v1_delay_acf.pdf
/home/c1572221/public_html/LVC/make-zero-noise/BAM_q8a0_SNR_25_mode_HM_inc_0.0_M27_IMRPhenomD/lalinferencenest/IMRPhenomDthreePointFivePN/1167559679.0-0/H1L1/L1/1Dsamps/l1v1_delay_acf.png
/home/c1572221/public_html/LVC/make-zero-noise/BAM_q8a0_SNR_25_mode_HM_inc_0.0_M27_IMRPhenomD/lalinferencenest/IMRPhenomDthreePointFivePN/1167559679.0-0/H1L1/L1/1Dsamps/a2z_samps.pdf
/home/c1572221/public_html/LVC/make-zero-noise/BAM_q8a0_SNR_25_mode_HM_inc_0.0_M27_IMRPhenomD/lalinferencenest/IMRPhenomDthreePointFivePN/1167559679.0-0/H1L1/L1/1Dsamps/m2_source_acf.png
/home/c1572221/public_html/LVC/make-zero-noise/BAM_q8a0_SNR_25_mode_HM_inc_0.0_M27_IMRPhenomD/lalinferencenest/IMRPhenomDthreePointFivePN/1167559679.0-0/H1L1/L1/1Dsamps/eta_acf.png
/home/c1572221/public_html/LVC/make-zero-noise/BAM_q8a0_SNR_25_mode_HM_inc_0.0_M27_IMRPhenomD/lalinferencenest/IMRPhenomDthreePointFivePN/1167559679.0-0/H1L1/L1/1Dsamps/mf_samps.pdf
/home/c1572221/public_html/LVC/make-zero-noise/BAM_q8a0_SNR_25_mode_HM_inc_0.0_M27_IMRPhenomD/lalinferencenest/IMRPhenomDthreePointFivePN/1167559679.0-0/H1L1/L1/1Dsamps/af_acf.pdf
/home/c1572221/public_html/LVC/make-zero-noise/BAM_q8a0_SNR_25_mode_HM_inc_0.0_M27_IMRPhenomD/lalinferencenest/IMRPhenomDthreePointFivePN/1167559679.0-0/H1L1/L1/1Dsamps/l1_end_time_acf.png
/home/c1572221/public_html/LVC/make-zero-noise/BAM_q8a0_SNR_25_mode_HM_inc_0.0_M27_IMRPhenomD/lalinferencenest/IMRPhenomDthreePointFivePN/1167559679.0-0/H1L1/L1/1Dsamps/m2_samps.png
/home/c1572221/public_html/LVC/make-zero-noise/BAM_q8a0_SNR_25_mode_HM_inc_0.0_M27_IMRPhenomD/lalinferencenest/IMRPhenomDthreePointFivePN/1167559679.0-0/H1L1/L1/1Dsamps/phase_samps.pdf
/home/c1572221/public_html/LVC/make-zero-noise/BAM_q8a0_SNR_25_mode_HM_inc_0.0_M27_IMRPhenomD/lalinferencenest/IMRPhenomDthreePointFivePN/1167559679.0-0/H1L1/L1/1Dsamps/e_rad_samps.png
/home/c1572221/public_html/LVC/make-zero-noise/BAM_q8a0_SNR_25_mode_HM_inc_0.0_M27_IMRPhenomD/lalinferencenest/IMRPhenomDthreePointFivePN/1167559679.0-0/H1L1/L1/1Dsamps/q_samps.png
/home/c1572221/public_html/LVC/make-zero-noise/BAM_q8a0_SNR_25_mode_HM_inc_0.0_M27_IMRPhenomD/lalinferencenest/IMRPhenomDthreePointFivePN/1167559679.0-0/H1L1/L1/1Dsamps/m2_source_acf.pdf
/home/c1572221/public_html/LVC/make-zero-noise/BAM_q8a0_SNR_25_mode_HM_inc_0.0_M27_IMRPhenomD/lalinferencenest/IMRPhenomDthreePointFivePN/1167559679.0-0/H1L1/L1/1Dsamps/mtotal_source_samps.png
/home/c1572221/public_html/LVC/make-zero-noise/BAM_q8a0_SNR_25_mode_HM_inc_0.0_M27_IMRPhenomD/lalinferencenest/IMRPhenomDthreePointFivePN/1167559679.0-0/H1L1/L1/1Dsamps/ra_acf.pdf
/home/c1572221/public_html/LVC/make-zero-noise/BAM_q8a0_SNR_25_mode_HM_inc_0.0_M27_IMRPhenomD/lalinferencenest/IMRPhenomDthreePointFivePN/1167559679.0-0/H1L1/L1/1Dsamps/dec_samps.pdf
/home/c1572221/public_html/LVC/make-zero-noise/BAM_q8a0_SNR_25_mode_HM_inc_0.0_M27_IMRPhenomD/lalinferencenest/IMRPhenomDthreePointFivePN/1167559679.0-0/H1L1/L1/1Dsamps/m2_samps.pdf
/home/c1572221/public_html/LVC/make-zero-noise/BAM_q8a0_SNR_25_mode_HM_inc_0.0_M27_IMRPhenomD/lalinferencenest/IMRPhenomDthreePointFivePN/1167559679.0-0/H1L1/L1/1Dsamps/m1_source_acf.pdf
/home/c1572221/public_html/LVC/make-zero-noise/BAM_q8a0_SNR_25_mode_HM_inc_0.0_M27_IMRPhenomD/lalinferencenest/IMRPhenomDthreePointFivePN/1167559679.0-0/H1L1/L1/1Dsamps/a2z_samps.png
/home/c1572221/public_html/LVC/make-zero-noise/BAM_q8a0_SNR_25_mode_HM_inc_0.0_M27_IMRPhenomD/lalinferencenest/IMRPhenomDthreePointFivePN/1167559679.0-0/H1L1/L1/1Dsamps/l1_end_time_samps.png
/home/c1572221/public_html/LVC/make-zero-noise/BAM_q8a0_SNR_25_mode_HM_inc_0.0_M27_IMRPhenomD/lalinferencenest/IMRPhenomDthreePointFivePN/1167559679.0-0/H1L1/L1/1Dsamps/a1z_acf.pdf
/home/c1572221/public_html/LVC/make-zero-noise/BAM_q8a0_SNR_25_mode_HM_inc_0.0_M27_IMRPhenomD/lalinferencenest/IMRPhenomDthreePointFivePN/1167559679.0-0/H1L1/L1/1Dsamps/a2z_acf.png
/home/c1572221/public_html/LVC/make-zero-noise/BAM_q8a0_SNR_25_mode_HM_inc_0.0_M27_IMRPhenomD/lalinferencenest/IMRPhenomDthreePointFivePN/1167559679.0-0/H1L1/L1/1Dsamps/matched_filter_snr_samps.png
/home/c1572221/public_html/LVC/make-zero-noise/BAM_q8a0_SNR_25_mode_HM_inc_0.0_M27_IMRPhenomD/lalinferencenest/IMRPhenomDthreePointFivePN/1167559679.0-0/H1L1/L1/1Dsamps/deltalogll1_samps.pdf
/home/c1572221/public_html/LVC/make-zero-noise/BAM_q8a0_SNR_25_mode_HM_inc_0.0_M27_IMRPhenomD/lalinferencenest/IMRPhenomDthreePointFivePN/1167559679.0-0/H1L1/L1/1Dsamps/h1l1_delay_samps.png
/home/c1572221/public_html/LVC/make-zero-noise/BAM_q8a0_SNR_25_mode_HM_inc_0.0_M27_IMRPhenomD/lalinferencenest/IMRPhenomDthreePointFivePN/1167559679.0-0/H1L1/L1/1Dsamps/mf_samps.png
/home/c1572221/public_html/LVC/make-zero-noise/BAM_q8a0_SNR_25_mode_HM_inc_0.0_M27_IMRPhenomD/lalinferencenest/IMRPhenomDthreePointFivePN/1167559679.0-0/H1L1/L1/1Dsamps/psi_samps.pdf
/home/c1572221/public_html/LVC/make-zero-noise/BAM_q8a0_SNR_25_mode_HM_inc_0.0_M27_IMRPhenomD/lalinferencenest/IMRPhenomDthreePointFivePN/1167559679.0-0/H1L1/L1/1Dsamps/redshift_acf.pdf
/home/c1572221/public_html/LVC/make-zero-noise/BAM_q8a0_SNR_25_mode_HM_inc_0.0_M27_IMRPhenomD/lalinferencenest/IMRPhenomDthreePointFivePN/1167559679.0-0/H1L1/L1/1Dsamps/m2_acf.pdf
/home/c1572221/public_html/LVC/make-zero-noise/BAM_q8a0_SNR_25_mode_HM_inc_0.0_M27_IMRPhenomD/lalinferencenest/IMRPhenomDthreePointFivePN/1167559679.0-0/H1L1/L1/1Dsamps/l1_cplx_snr_amp_samps.png
/home/c1572221/public_html/LVC/make-zero-noise/BAM_q8a0_SNR_25_mode_HM_inc_0.0_M27_IMRPhenomD/lalinferencenest/IMRPhenomDthreePointFivePN/1167559679.0-0/H1L1/L1/1Dsamps/q_acf.png
/home/c1572221/public_html/LVC/make-zero-noise/BAM_q8a0_SNR_25_mode_HM_inc_0.0_M27_IMRPhenomD/lalinferencenest/IMRPhenomDthreePointFivePN/1167559679.0-0/H1L1/L1/1Dsamps/l1v1_delay_samps.pdf
/home/c1572221/public_html/LVC/make-zero-noise/BAM_q8a0_SNR_25_mode_HM_inc_0.0_M27_IMRPhenomD/lalinferencenest/IMRPhenomDthreePointFivePN/1167559679.0-0/H1L1/L1/1Dsamps/h1_end_time_samps.png
/home/c1572221/public_html/LVC/make-zero-noise/BAM_q8a0_SNR_25_mode_HM_inc_0.0_M27_IMRPhenomD/lalinferencenest/IMRPhenomDthreePointFivePN/1167559679.0-0/H1L1/L1/1Dsamps/logl_acf.pdf
/home/c1572221/public_html/LVC/make-zero-noise/BAM_q8a0_SNR_25_mode_HM_inc_0.0_M27_IMRPhenomD/lalinferencenest/IMRPhenomDthreePointFivePN/1167559679.0-0/H1L1/L1/1Dsamps/matched_filter_snr_samps.pdf
/home/c1572221/public_html/LVC/make-zero-noise/BAM_q8a0_SNR_25_mode_HM_inc_0.0_M27_IMRPhenomD/lalinferencenest/IMRPhenomDthreePointFivePN/1167559679.0-0/H1L1/L1/1Dsamps/e_rad_acf.png
/home/c1572221/public_html/LVC/make-zero-noise/BAM_q8a0_SNR_25_mode_HM_inc_0.0_M27_IMRPhenomD/lalinferencenest/IMRPhenomDthreePointFivePN/1167559679.0-0/H1L1/L1/1Dsamps/matched_filter_snr_acf.pdf
/home/c1572221/public_html/LVC/make-zero-noise/BAM_q8a0_SNR_25_mode_HM_inc_0.0_M27_IMRPhenomD/lalinferencenest/IMRPhenomDthreePointFivePN/1167559679.0-0/H1L1/L1/1Dsamps/mf_source_samps.pdf
/home/c1572221/public_html/LVC/make-zero-noise/BAM_q8a0_SNR_25_mode_HM_inc_0.0_M27_IMRPhenomD/lalinferencenest/IMRPhenomDthreePointFivePN/1167559679.0-0/H1L1/L1/1Dsamps/time_samps.png
/home/c1572221/public_html/LVC/make-zero-noise/BAM_q8a0_SNR_25_mode_HM_inc_0.0_M27_IMRPhenomD/lalinferencenest/IMRPhenomDthreePointFivePN/1167559679.0-0/H1L1/L1/1Dsamps/m2_acf.png
/home/c1572221/public_html/LVC/make-zero-noise/BAM_q8a0_SNR_25_mode_HM_inc_0.0_M27_IMRPhenomD/lalinferencenest/IMRPhenomDthreePointFivePN/1167559679.0-0/H1L1/L1/1Dsamps/optimal_snr_acf.pdf
/home/c1572221/public_html/LVC/make-zero-noise/BAM_q8a0_SNR_25_mode_HM_inc_0.0_M27_IMRPhenomD/lalinferencenest/IMRPhenomDthreePointFivePN/1167559679.0-0/H1L1/L1/1Dsamps/l1_cplx_snr_amp_acf.pdf
/home/c1572221/public_html/LVC/make-zero-noise/BAM_q8a0_SNR_25_mode_HM_inc_0.0_M27_IMRPhenomD/lalinferencenest/IMRPhenomDthreePointFivePN/1167559679.0-0/H1L1/L1/1Dsamps/h1l1_delay_acf.pdf
/home/c1572221/public_html/LVC/make-zero-noise/BAM_q8a0_SNR_25_mode_HM_inc_0.0_M27_IMRPhenomD/lalinferencenest/IMRPhenomDthreePointFivePN/1167559679.0-0/H1L1/L1/1Dsamps/l1_cplx_snr_amp_samps.pdf
/home/c1572221/public_html/LVC/make-zero-noise/BAM_q8a0_SNR_25_mode_HM_inc_0.0_M27_IMRPhenomD/lalinferencenest/IMRPhenomDthreePointFivePN/1167559679.0-0/H1L1/L1/1Dsamps/v1_end_time_samps.png
/home/c1572221/public_html/LVC/make-zero-noise/BAM_q8a0_SNR_25_mode_HM_inc_0.0_M27_IMRPhenomD/lalinferencenest/IMRPhenomDthreePointFivePN/1167559679.0-0/H1L1/L1/1Dsamps/a1_acf.pdf
/home/c1572221/public_html/LVC/make-zero-noise/BAM_q8a0_SNR_25_mode_HM_inc_0.0_M27_IMRPhenomD/lalinferencenest/IMRPhenomDthreePointFivePN/1167559679.0-0/H1L1/L1/1Dsamps/redshift_acf.png
/home/c1572221/public_html/LVC/make-zero-noise/BAM_q8a0_SNR_25_mode_HM_inc_0.0_M27_IMRPhenomD/lalinferencenest/IMRPhenomDthreePointFivePN/1167559679.0-0/H1L1/L1/1Dsamps/costheta_jn_acf.pdf
/home/c1572221/public_html/LVC/make-zero-noise/BAM_q8a0_SNR_25_mode_HM_inc_0.0_M27_IMRPhenomD/lalinferencenest/IMRPhenomDthreePointFivePN/1167559679.0-0/H1L1/L1/1Dsamps/e_rad_acf.pdf
/home/c1572221/public_html/LVC/make-zero-noise/BAM_q8a0_SNR_25_mode_HM_inc_0.0_M27_IMRPhenomD/lalinferencenest/IMRPhenomDthreePointFivePN/1167559679.0-0/H1L1/L1/1Dsamps/logprior_samps.pdf
/home/c1572221/public_html/LVC/make-zero-noise/BAM_q8a0_SNR_25_mode_HM_inc_0.0_M27_IMRPhenomD/lalinferencenest/IMRPhenomDthreePointFivePN/1167559679.0-0/H1L1/L1/1Dsamps/m1_acf.pdf
/home/c1572221/public_html/LVC/make-zero-noise/BAM_q8a0_SNR_25_mode_HM_inc_0.0_M27_IMRPhenomD/lalinferencenest/IMRPhenomDthreePointFivePN/1167559679.0-0/H1L1/L1/1Dsamps/phase_samps.png
/home/c1572221/public_html/LVC/make-zero-noise/BAM_q8a0_SNR_25_mode_HM_inc_0.0_M27_IMRPhenomD/lalinferencenest/IMRPhenomDthreePointFivePN/1167559679.0-0/H1L1/L1/1Dsamps/deltalogll1_acf.pdf
/home/c1572221/public_html/LVC/make-zero-noise/BAM_q8a0_SNR_25_mode_HM_inc_0.0_M27_IMRPhenomD/lalinferencenest/IMRPhenomDthreePointFivePN/1167559679.0-0/H1L1/L1/1Dsamps/costheta_jn_samps.png
/home/c1572221/public_html/LVC/make-zero-noise/BAM_q8a0_SNR_25_mode_HM_inc_0.0_M27_IMRPhenomD/lalinferencenest/IMRPhenomDthreePointFivePN/1167559679.0-0/H1L1/L1/1Dsamps/logprior_acf.png
/home/c1572221/public_html/LVC/make-zero-noise/BAM_q8a0_SNR_25_mode_HM_inc_0.0_M27_IMRPhenomD/lalinferencenest/IMRPhenomDthreePointFivePN/1167559679.0-0/H1L1/L1/1Dsamps/h1v1_delay_samps.pdf
/home/c1572221/public_html/LVC/make-zero-noise/BAM_q8a0_SNR_25_mode_HM_inc_0.0_M27_IMRPhenomD/lalinferencenest/IMRPhenomDthreePointFivePN/1167559679.0-0/H1L1/L1/1Dsamps/af_samps.pdf
/home/c1572221/public_html/LVC/make-zero-noise/BAM_q8a0_SNR_25_mode_HM_inc_0.0_M27_IMRPhenomD/lalinferencenest/IMRPhenomDthreePointFivePN/1167559679.0-0/H1L1/L1/1Dsamps/a1_samps.pdf
/home/c1572221/public_html/LVC/make-zero-noise/BAM_q8a0_SNR_25_mode_HM_inc_0.0_M27_IMRPhenomD/lalinferencenest/IMRPhenomDthreePointFivePN/1167559679.0-0/H1L1/L1/1Dsamps/costheta_jn_acf.png
/home/c1572221/public_html/LVC/make-zero-noise/BAM_q8a0_SNR_25_mode_HM_inc_0.0_M27_IMRPhenomD/lalinferencenest/IMRPhenomDthreePointFivePN/1167559679.0-0/H1L1/L1/1Dsamps/mf_source_acf.pdf
/home/c1572221/public_html/LVC/make-zero-noise/BAM_q8a0_SNR_25_mode_HM_inc_0.0_M27_IMRPhenomD/lalinferencenest/IMRPhenomDthreePointFivePN/1167559679.0-0/H1L1/L1/1Dsamps/theta_jn_samps.png
/home/c1572221/public_html/LVC/make-zero-noise/BAM_q8a0_SNR_25_mode_HM_inc_0.0_M27_IMRPhenomD/lalinferencenest/IMRPhenomDthreePointFivePN/1167559679.0-0/H1L1/L1/1Dsamps/af_samps.png
/home/c1572221/public_html/LVC/make-zero-noise/BAM_q8a0_SNR_25_mode_HM_inc_0.0_M27_IMRPhenomD/lalinferencenest/IMRPhenomDthreePointFivePN/1167559679.0-0/H1L1/L1/1Dsamps/l1_optimal_snr_samps.png
/home/c1572221/public_html/LVC/make-zero-noise/BAM_q8a0_SNR_25_mode_HM_inc_0.0_M27_IMRPhenomD/lalinferencenest/IMRPhenomDthreePointFivePN/1167559679.0-0/H1L1/L1/1Dsamps/dec_acf.png
/home/c1572221/public_html/LVC/make-zero-noise/BAM_q8a0_SNR_25_mode_HM_inc_0.0_M27_IMRPhenomD/lalinferencenest/IMRPhenomDthreePointFivePN/1167559679.0-0/H1L1/L1/1Dsamps/ra_acf.png
/home/c1572221/public_html/LVC/make-zero-noise/BAM_q8a0_SNR_25_mode_HM_inc_0.0_M27_IMRPhenomD/lalinferencenest/IMRPhenomDthreePointFivePN/1167559679.0-0/H1L1/L1/1Dsamps/deltalogl_acf.png
/home/c1572221/public_html/LVC/make-zero-noise/BAM_q8a0_SNR_25_mode_HM_inc_0.0_M27_IMRPhenomD/lalinferencenest/IMRPhenomDthreePointFivePN/1167559679.0-0/H1L1/L1/1Dsamps/chi_eff_acf.png
/home/c1572221/public_html/LVC/make-zero-noise/BAM_q8a0_SNR_25_mode_HM_inc_0.0_M27_IMRPhenomD/lalinferencenest/IMRPhenomDthreePointFivePN/1167559679.0-0/H1L1/L1/1Dsamps/time_acf.png
/home/c1572221/public_html/LVC/make-zero-noise/BAM_q8a0_SNR_25_mode_HM_inc_0.0_M27_IMRPhenomD/lalinferencenest/IMRPhenomDthreePointFivePN/1167559679.0-0/H1L1/L1/1Dsamps/deltalogl_acf.pdf
/home/c1572221/public_html/LVC/make-zero-noise/BAM_q8a0_SNR_25_mode_HM_inc_0.0_M27_IMRPhenomD/lalinferencenest/IMRPhenomDthreePointFivePN/1167559679.0-0/H1L1/L1/1Dsamps/mtotal_source_acf.png
/home/c1572221/public_html/LVC/make-zero-noise/BAM_q8a0_SNR_25_mode_HM_inc_0.0_M27_IMRPhenomD/lalinferencenest/IMRPhenomDthreePointFivePN/1167559679.0-0/H1L1/L1/1Dsamps/dec_samps.png
/home/c1572221/public_html/LVC/make-zero-noise/BAM_q8a0_SNR_25_mode_HM_inc_0.0_M27_IMRPhenomD/lalinferencenest/IMRPhenomDthreePointFivePN/1167559679.0-0/H1L1/L1/1Dsamps/m1_samps.pdf
/home/c1572221/public_html/LVC/make-zero-noise/BAM_q8a0_SNR_25_mode_HM_inc_0.0_M27_IMRPhenomD/lalinferencenest/IMRPhenomDthreePointFivePN/1167559679.0-0/H1L1/L1/1Dsamps/deltalogll1_acf.png
/home/c1572221/public_html/LVC/make-zero-noise/BAM_q8a0_SNR_25_mode_HM_inc_0.0_M27_IMRPhenomD/lalinferencenest/IMRPhenomDthreePointFivePN/1167559679.0-0/H1L1/L1/1Dsamps/h1l1_delay_samps.pdf
/home/c1572221/public_html/LVC/make-zero-noise/BAM_q8a0_SNR_25_mode_HM_inc_0.0_M27_IMRPhenomD/lalinferencenest/IMRPhenomDthreePointFivePN/1167559679.0-0/H1L1/L1/1Dsamps/l_peak_acf.png
/home/c1572221/public_html/LVC/make-zero-noise/BAM_q8a0_SNR_25_mode_HM_inc_0.0_M27_IMRPhenomD/lalinferencenest/IMRPhenomDthreePointFivePN/1167559679.0-0/H1L1/L1/1Dsamps/logl_acf.png
/home/c1572221/public_html/LVC/make-zero-noise/BAM_q8a0_SNR_25_mode_HM_inc_0.0_M27_IMRPhenomD/lalinferencenest/IMRPhenomDthreePointFivePN/1167559679.0-0/H1L1/L1/1Dsamps/ra_samps.png
/home/c1572221/public_html/LVC/make-zero-noise/BAM_q8a0_SNR_25_mode_HM_inc_0.0_M27_IMRPhenomD/lalinferencenest/IMRPhenomDthreePointFivePN/1167559679.0-0/H1L1/L1/1Dsamps/deltalogl_samps.pdf
/home/c1572221/public_html/LVC/make-zero-noise/BAM_q8a0_SNR_25_mode_HM_inc_0.0_M27_IMRPhenomD/lalinferencenest/IMRPhenomDthreePointFivePN/1167559679.0-0/H1L1/L1/1Dsamps/distance_acf.pdf
/home/c1572221/public_html/LVC/make-zero-noise/BAM_q8a0_SNR_25_mode_HM_inc_0.0_M27_IMRPhenomD/lalinferencenest/IMRPhenomDthreePointFivePN/1167559679.0-0/H1L1/L1/1Dsamps/mc_source_acf.pdf
/home/c1572221/public_html/LVC/make-zero-noise/BAM_q8a0_SNR_25_mode_HM_inc_0.0_M27_IMRPhenomD/lalinferencenest/IMRPhenomDthreePointFivePN/1167559679.0-0/H1L1/L1/1Dsamps/mc_source_acf.png
/home/c1572221/public_html/LVC/make-zero-noise/BAM_q8a0_SNR_25_mode_HM_inc_0.0_M27_IMRPhenomD/lalinferencenest/IMRPhenomDthreePointFivePN/1167559679.0-0/H1L1/L1/1Dsamps/eta_samps.pdf
/home/c1572221/public_html/LVC/make-zero-noise/BAM_q8a0_SNR_25_mode_HM_inc_0.0_M27_IMRPhenomD/lalinferencenest/IMRPhenomDthreePointFivePN/1167559679.0-0/H1L1/L1/1Dsamps/a2_samps.png
/home/c1572221/public_html/LVC/make-zero-noise/BAM_q8a0_SNR_25_mode_HM_inc_0.0_M27_IMRPhenomD/lalinferencenest/IMRPhenomDthreePointFivePN/1167559679.0-0/H1L1/L1/1Dsamps/dec_acf.pdf
/home/c1572221/public_html/LVC/make-zero-noise/BAM_q8a0_SNR_25_mode_HM_inc_0.0_M27_IMRPhenomD/lalinferencenest/IMRPhenomDthreePointFivePN/1167559679.0-0/H1L1/L1/1Dsamps/eta_acf.pdf
/home/c1572221/public_html/LVC/make-zero-noise/BAM_q8a0_SNR_25_mode_HM_inc_0.0_M27_IMRPhenomD/lalinferencenest/IMRPhenomDthreePointFivePN/1167559679.0-0/H1L1/L1/1Dsamps/a2_acf.png
/home/c1572221/public_html/LVC/make-zero-noise/BAM_q8a0_SNR_25_mode_HM_inc_0.0_M27_IMRPhenomD/lalinferencenest/IMRPhenomDthreePointFivePN/1167559679.0-0/H1L1/L1/dic.dat
/home/c1572221/public_html/LVC/make-zero-noise/BAM_q8a0_SNR_25_mode_HM_inc_0.0_M27_IMRPhenomD/lalinferencenest/IMRPhenomDthreePointFivePN/1167559679.0-0/H1L1/L1/1Dpdf/
/home/c1572221/public_html/LVC/make-zero-noise/BAM_q8a0_SNR_25_mode_HM_inc_0.0_M27_IMRPhenomD/lalinferencenest/IMRPhenomDthreePointFivePN/1167559679.0-0/H1L1/L1/1Dpdf/e_rad.pdf
/home/c1572221/public_html/LVC/make-zero-noise/BAM_q8a0_SNR_25_mode_HM_inc_0.0_M27_IMRPhenomD/lalinferencenest/IMRPhenomDthreePointFivePN/1167559679.0-0/H1L1/L1/1Dpdf/ra.png
/home/c1572221/public_html/LVC/make-zero-noise/BAM_q8a0_SNR_25_mode_HM_inc_0.0_M27_IMRPhenomD/lalinferencenest/IMRPhenomDthreePointFivePN/1167559679.0-0/H1L1/L1/1Dpdf/m2_source.png
/home/c1572221/public_html/LVC/make-zero-noise/BAM_q8a0_SNR_25_mode_HM_inc_0.0_M27_IMRPhenomD/lalinferencenest/IMRPhenomDthreePointFivePN/1167559679.0-0/H1L1/L1/1Dpdf/logprior.png
/home/c1572221/public_html/LVC/make-zero-noise/BAM_q8a0_SNR_25_mode_HM_inc_0.0_M27_IMRPhenomD/lalinferencenest/IMRPhenomDthreePointFivePN/1167559679.0-0/H1L1/L1/1Dpdf/theta_jn.pdf
/home/c1572221/public_html/LVC/make-zero-noise/BAM_q8a0_SNR_25_mode_HM_inc_0.0_M27_IMRPhenomD/lalinferencenest/IMRPhenomDthreePointFivePN/1167559679.0-0/H1L1/L1/1Dpdf/phase.png
/home/c1572221/public_html/LVC/make-zero-noise/BAM_q8a0_SNR_25_mode_HM_inc_0.0_M27_IMRPhenomD/lalinferencenest/IMRPhenomDthreePointFivePN/1167559679.0-0/H1L1/L1/1Dpdf/h1_end_time.pdf
/home/c1572221/public_html/LVC/make-zero-noise/BAM_q8a0_SNR_25_mode_HM_inc_0.0_M27_IMRPhenomD/lalinferencenest/IMRPhenomDthreePointFivePN/1167559679.0-0/H1L1/L1/1Dpdf/logprior.pdf
/home/c1572221/public_html/LVC/make-zero-noise/BAM_q8a0_SNR_25_mode_HM_inc_0.0_M27_IMRPhenomD/lalinferencenest/IMRPhenomDthreePointFivePN/1167559679.0-0/H1L1/L1/1Dpdf/dec.pdf
/home/c1572221/public_html/LVC/make-zero-noise/BAM_q8a0_SNR_25_mode_HM_inc_0.0_M27_IMRPhenomD/lalinferencenest/IMRPhenomDthreePointFivePN/1167559679.0-0/H1L1/L1/1Dpdf/mtotal.pdf
/home/c1572221/public_html/LVC/make-zero-noise/BAM_q8a0_SNR_25_mode_HM_inc_0.0_M27_IMRPhenomD/lalinferencenest/IMRPhenomDthreePointFivePN/1167559679.0-0/H1L1/L1/1Dpdf/af.pdf
/home/c1572221/public_html/LVC/make-zero-noise/BAM_q8a0_SNR_25_mode_HM_inc_0.0_M27_IMRPhenomD/lalinferencenest/IMRPhenomDthreePointFivePN/1167559679.0-0/H1L1/L1/1Dpdf/q.pdf
/home/c1572221/public_html/LVC/make-zero-noise/BAM_q8a0_SNR_25_mode_HM_inc_0.0_M27_IMRPhenomD/lalinferencenest/IMRPhenomDthreePointFivePN/1167559679.0-0/H1L1/L1/1Dpdf/m1.pdf
/home/c1572221/public_html/LVC/make-zero-noise/BAM_q8a0_SNR_25_mode_HM_inc_0.0_M27_IMRPhenomD/lalinferencenest/IMRPhenomDthreePointFivePN/1167559679.0-0/H1L1/L1/1Dpdf/deltalogl.pdf
/home/c1572221/public_html/LVC/make-zero-noise/BAM_q8a0_SNR_25_mode_HM_inc_0.0_M27_IMRPhenomD/lalinferencenest/IMRPhenomDthreePointFivePN/1167559679.0-0/H1L1/L1/1Dpdf/a1.png
/home/c1572221/public_html/LVC/make-zero-noise/BAM_q8a0_SNR_25_mode_HM_inc_0.0_M27_IMRPhenomD/lalinferencenest/IMRPhenomDthreePointFivePN/1167559679.0-0/H1L1/L1/1Dpdf/a1.pdf
/home/c1572221/public_html/LVC/make-zero-noise/BAM_q8a0_SNR_25_mode_HM_inc_0.0_M27_IMRPhenomD/lalinferencenest/IMRPhenomDthreePointFivePN/1167559679.0-0/H1L1/L1/1Dpdf/psi.pdf
/home/c1572221/public_html/LVC/make-zero-noise/BAM_q8a0_SNR_25_mode_HM_inc_0.0_M27_IMRPhenomD/lalinferencenest/IMRPhenomDthreePointFivePN/1167559679.0-0/H1L1/L1/1Dpdf/time.pdf
/home/c1572221/public_html/LVC/make-zero-noise/BAM_q8a0_SNR_25_mode_HM_inc_0.0_M27_IMRPhenomD/lalinferencenest/IMRPhenomDthreePointFivePN/1167559679.0-0/H1L1/L1/1Dpdf/h1_end_time.png
/home/c1572221/public_html/LVC/make-zero-noise/BAM_q8a0_SNR_25_mode_HM_inc_0.0_M27_IMRPhenomD/lalinferencenest/IMRPhenomDthreePointFivePN/1167559679.0-0/H1L1/L1/1Dpdf/v1_end_time.png
/home/c1572221/public_html/LVC/make-zero-noise/BAM_q8a0_SNR_25_mode_HM_inc_0.0_M27_IMRPhenomD/lalinferencenest/IMRPhenomDthreePointFivePN/1167559679.0-0/H1L1/L1/1Dpdf/redshift.png
/home/c1572221/public_html/LVC/make-zero-noise/BAM_q8a0_SNR_25_mode_HM_inc_0.0_M27_IMRPhenomD/lalinferencenest/IMRPhenomDthreePointFivePN/1167559679.0-0/H1L1/L1/1Dpdf/mf.png
/home/c1572221/public_html/LVC/make-zero-noise/BAM_q8a0_SNR_25_mode_HM_inc_0.0_M27_IMRPhenomD/lalinferencenest/IMRPhenomDthreePointFivePN/1167559679.0-0/H1L1/L1/1Dpdf/distance.pdf
/home/c1572221/public_html/LVC/make-zero-noise/BAM_q8a0_SNR_25_mode_HM_inc_0.0_M27_IMRPhenomD/lalinferencenest/IMRPhenomDthreePointFivePN/1167559679.0-0/H1L1/L1/1Dpdf/logl.png
/home/c1572221/public_html/LVC/make-zero-noise/BAM_q8a0_SNR_25_mode_HM_inc_0.0_M27_IMRPhenomD/lalinferencenest/IMRPhenomDthreePointFivePN/1167559679.0-0/H1L1/L1/1Dpdf/a1z.png
/home/c1572221/public_html/LVC/make-zero-noise/BAM_q8a0_SNR_25_mode_HM_inc_0.0_M27_IMRPhenomD/lalinferencenest/IMRPhenomDthreePointFivePN/1167559679.0-0/H1L1/L1/1Dpdf/mtotal.png
/home/c1572221/public_html/LVC/make-zero-noise/BAM_q8a0_SNR_25_mode_HM_inc_0.0_M27_IMRPhenomD/lalinferencenest/IMRPhenomDthreePointFivePN/1167559679.0-0/H1L1/L1/1Dpdf/l1_end_time.png
/home/c1572221/public_html/LVC/make-zero-noise/BAM_q8a0_SNR_25_mode_HM_inc_0.0_M27_IMRPhenomD/lalinferencenest/IMRPhenomDthreePointFivePN/1167559679.0-0/H1L1/L1/1Dpdf/costheta_jn.pdf
/home/c1572221/public_html/LVC/make-zero-noise/BAM_q8a0_SNR_25_mode_HM_inc_0.0_M27_IMRPhenomD/lalinferencenest/IMRPhenomDthreePointFivePN/1167559679.0-0/H1L1/L1/1Dpdf/h1v1_delay.pdf
/home/c1572221/public_html/LVC/make-zero-noise/BAM_q8a0_SNR_25_mode_HM_inc_0.0_M27_IMRPhenomD/lalinferencenest/IMRPhenomDthreePointFivePN/1167559679.0-0/H1L1/L1/1Dpdf/m1_source.png
/home/c1572221/public_html/LVC/make-zero-noise/BAM_q8a0_SNR_25_mode_HM_inc_0.0_M27_IMRPhenomD/lalinferencenest/IMRPhenomDthreePointFivePN/1167559679.0-0/H1L1/L1/1Dpdf/a2z.pdf
/home/c1572221/public_html/LVC/make-zero-noise/BAM_q8a0_SNR_25_mode_HM_inc_0.0_M27_IMRPhenomD/lalinferencenest/IMRPhenomDthreePointFivePN/1167559679.0-0/H1L1/L1/1Dpdf/chi_eff.pdf
/home/c1572221/public_html/LVC/make-zero-noise/BAM_q8a0_SNR_25_mode_HM_inc_0.0_M27_IMRPhenomD/lalinferencenest/IMRPhenomDthreePointFivePN/1167559679.0-0/H1L1/L1/1Dpdf/optimal_snr.png
/home/c1572221/public_html/LVC/make-zero-noise/BAM_q8a0_SNR_25_mode_HM_inc_0.0_M27_IMRPhenomD/lalinferencenest/IMRPhenomDthreePointFivePN/1167559679.0-0/H1L1/L1/1Dpdf/m1_source.pdf
/home/c1572221/public_html/LVC/make-zero-noise/BAM_q8a0_SNR_25_mode_HM_inc_0.0_M27_IMRPhenomD/lalinferencenest/IMRPhenomDthreePointFivePN/1167559679.0-0/H1L1/L1/1Dpdf/mf.pdf
/home/c1572221/public_html/LVC/make-zero-noise/BAM_q8a0_SNR_25_mode_HM_inc_0.0_M27_IMRPhenomD/lalinferencenest/IMRPhenomDthreePointFivePN/1167559679.0-0/H1L1/L1/1Dpdf/costheta_jn.png
/home/c1572221/public_html/LVC/make-zero-noise/BAM_q8a0_SNR_25_mode_HM_inc_0.0_M27_IMRPhenomD/lalinferencenest/IMRPhenomDthreePointFivePN/1167559679.0-0/H1L1/L1/1Dpdf/matched_filter_snr.png
/home/c1572221/public_html/LVC/make-zero-noise/BAM_q8a0_SNR_25_mode_HM_inc_0.0_M27_IMRPhenomD/lalinferencenest/IMRPhenomDthreePointFivePN/1167559679.0-0/H1L1/L1/1Dpdf/time.png
/home/c1572221/public_html/LVC/make-zero-noise/BAM_q8a0_SNR_25_mode_HM_inc_0.0_M27_IMRPhenomD/lalinferencenest/IMRPhenomDthreePointFivePN/1167559679.0-0/H1L1/L1/1Dpdf/m2.png
/home/c1572221/public_html/LVC/make-zero-noise/BAM_q8a0_SNR_25_mode_HM_inc_0.0_M27_IMRPhenomD/lalinferencenest/IMRPhenomDthreePointFivePN/1167559679.0-0/H1L1/L1/1Dpdf/eta.pdf
/home/c1572221/public_html/LVC/make-zero-noise/BAM_q8a0_SNR_25_mode_HM_inc_0.0_M27_IMRPhenomD/lalinferencenest/IMRPhenomDthreePointFivePN/1167559679.0-0/H1L1/L1/1Dpdf/theta_jn.png
/home/c1572221/public_html/LVC/make-zero-noise/BAM_q8a0_SNR_25_mode_HM_inc_0.0_M27_IMRPhenomD/lalinferencenest/IMRPhenomDthreePointFivePN/1167559679.0-0/H1L1/L1/1Dpdf/af.png
/home/c1572221/public_html/LVC/make-zero-noise/BAM_q8a0_SNR_25_mode_HM_inc_0.0_M27_IMRPhenomD/lalinferencenest/IMRPhenomDthreePointFivePN/1167559679.0-0/H1L1/L1/1Dpdf/l1_cplx_snr_amp.png
/home/c1572221/public_html/LVC/make-zero-noise/BAM_q8a0_SNR_25_mode_HM_inc_0.0_M27_IMRPhenomD/lalinferencenest/IMRPhenomDthreePointFivePN/1167559679.0-0/H1L1/L1/1Dpdf/l1v1_delay.pdf
/home/c1572221/public_html/LVC/make-zero-noise/BAM_q8a0_SNR_25_mode_HM_inc_0.0_M27_IMRPhenomD/lalinferencenest/IMRPhenomDthreePointFivePN/1167559679.0-0/H1L1/L1/1Dpdf/l1_end_time.pdf
/home/c1572221/public_html/LVC/make-zero-noise/BAM_q8a0_SNR_25_mode_HM_inc_0.0_M27_IMRPhenomD/lalinferencenest/IMRPhenomDthreePointFivePN/1167559679.0-0/H1L1/L1/1Dpdf/e_rad.png
/home/c1572221/public_html/LVC/make-zero-noise/BAM_q8a0_SNR_25_mode_HM_inc_0.0_M27_IMRPhenomD/lalinferencenest/IMRPhenomDthreePointFivePN/1167559679.0-0/H1L1/L1/1Dpdf/chi_eff.png
/home/c1572221/public_html/LVC/make-zero-noise/BAM_q8a0_SNR_25_mode_HM_inc_0.0_M27_IMRPhenomD/lalinferencenest/IMRPhenomDthreePointFivePN/1167559679.0-0/H1L1/L1/1Dpdf/ra.pdf
/home/c1572221/public_html/LVC/make-zero-noise/BAM_q8a0_SNR_25_mode_HM_inc_0.0_M27_IMRPhenomD/lalinferencenest/IMRPhenomDthreePointFivePN/1167559679.0-0/H1L1/L1/1Dpdf/l1_optimal_snr.png
/home/c1572221/public_html/LVC/make-zero-noise/BAM_q8a0_SNR_25_mode_HM_inc_0.0_M27_IMRPhenomD/lalinferencenest/IMRPhenomDthreePointFivePN/1167559679.0-0/H1L1/L1/1Dpdf/a2.png
/home/c1572221/public_html/LVC/make-zero-noise/BAM_q8a0_SNR_25_mode_HM_inc_0.0_M27_IMRPhenomD/lalinferencenest/IMRPhenomDthreePointFivePN/1167559679.0-0/H1L1/L1/1Dpdf/psi.png
/home/c1572221/public_html/LVC/make-zero-noise/BAM_q8a0_SNR_25_mode_HM_inc_0.0_M27_IMRPhenomD/lalinferencenest/IMRPhenomDthreePointFivePN/1167559679.0-0/H1L1/L1/1Dpdf/distance.png
/home/c1572221/public_html/LVC/make-zero-noise/BAM_q8a0_SNR_25_mode_HM_inc_0.0_M27_IMRPhenomD/lalinferencenest/IMRPhenomDthreePointFivePN/1167559679.0-0/H1L1/L1/1Dpdf/a2.pdf
/home/c1572221/public_html/LVC/make-zero-noise/BAM_q8a0_SNR_25_mode_HM_inc_0.0_M27_IMRPhenomD/lalinferencenest/IMRPhenomDthreePointFivePN/1167559679.0-0/H1L1/L1/1Dpdf/v1_end_time.pdf
/home/c1572221/public_html/LVC/make-zero-noise/BAM_q8a0_SNR_25_mode_HM_inc_0.0_M27_IMRPhenomD/lalinferencenest/IMRPhenomDthreePointFivePN/1167559679.0-0/H1L1/L1/1Dpdf/m1.png
/home/c1572221/public_html/LVC/make-zero-noise/BAM_q8a0_SNR_25_mode_HM_inc_0.0_M27_IMRPhenomD/lalinferencenest/IMRPhenomDthreePointFivePN/1167559679.0-0/H1L1/L1/1Dpdf/h1l1_delay.pdf
/home/c1572221/public_html/LVC/make-zero-noise/BAM_q8a0_SNR_25_mode_HM_inc_0.0_M27_IMRPhenomD/lalinferencenest/IMRPhenomDthreePointFivePN/1167559679.0-0/H1L1/L1/1Dpdf/mc_source.pdf
/home/c1572221/public_html/LVC/make-zero-noise/BAM_q8a0_SNR_25_mode_HM_inc_0.0_M27_IMRPhenomD/lalinferencenest/IMRPhenomDthreePointFivePN/1167559679.0-0/H1L1/L1/1Dpdf/mf_source.pdf
/home/c1572221/public_html/LVC/make-zero-noise/BAM_q8a0_SNR_25_mode_HM_inc_0.0_M27_IMRPhenomD/lalinferencenest/IMRPhenomDthreePointFivePN/1167559679.0-0/H1L1/L1/1Dpdf/deltalogll1.png
/home/c1572221/public_html/LVC/make-zero-noise/BAM_q8a0_SNR_25_mode_HM_inc_0.0_M27_IMRPhenomD/lalinferencenest/IMRPhenomDthreePointFivePN/1167559679.0-0/H1L1/L1/1Dpdf/phase.pdf
/home/c1572221/public_html/LVC/make-zero-noise/BAM_q8a0_SNR_25_mode_HM_inc_0.0_M27_IMRPhenomD/lalinferencenest/IMRPhenomDthreePointFivePN/1167559679.0-0/H1L1/L1/1Dpdf/mc.pdf
/home/c1572221/public_html/LVC/make-zero-noise/BAM_q8a0_SNR_25_mode_HM_inc_0.0_M27_IMRPhenomD/lalinferencenest/IMRPhenomDthreePointFivePN/1167559679.0-0/H1L1/L1/1Dpdf/mc_source.png
/home/c1572221/public_html/LVC/make-zero-noise/BAM_q8a0_SNR_25_mode_HM_inc_0.0_M27_IMRPhenomD/lalinferencenest/IMRPhenomDthreePointFivePN/1167559679.0-0/H1L1/L1/1Dpdf/m2_source.pdf
/home/c1572221/public_html/LVC/make-zero-noise/BAM_q8a0_SNR_25_mode_HM_inc_0.0_M27_IMRPhenomD/lalinferencenest/IMRPhenomDthreePointFivePN/1167559679.0-0/H1L1/L1/1Dpdf/l1_cplx_snr_arg.pdf
/home/c1572221/public_html/LVC/make-zero-noise/BAM_q8a0_SNR_25_mode_HM_inc_0.0_M27_IMRPhenomD/lalinferencenest/IMRPhenomDthreePointFivePN/1167559679.0-0/H1L1/L1/1Dpdf/logl.pdf
/home/c1572221/public_html/LVC/make-zero-noise/BAM_q8a0_SNR_25_mode_HM_inc_0.0_M27_IMRPhenomD/lalinferencenest/IMRPhenomDthreePointFivePN/1167559679.0-0/H1L1/L1/1Dpdf/redshift.pdf
/home/c1572221/public_html/LVC/make-zero-noise/BAM_q8a0_SNR_25_mode_HM_inc_0.0_M27_IMRPhenomD/lalinferencenest/IMRPhenomDthreePointFivePN/1167559679.0-0/H1L1/L1/1Dpdf/mtotal_source.png
/home/c1572221/public_html/LVC/make-zero-noise/BAM_q8a0_SNR_25_mode_HM_inc_0.0_M27_IMRPhenomD/lalinferencenest/IMRPhenomDthreePointFivePN/1167559679.0-0/H1L1/L1/1Dpdf/l_peak.pdf
/home/c1572221/public_html/LVC/make-zero-noise/BAM_q8a0_SNR_25_mode_HM_inc_0.0_M27_IMRPhenomD/lalinferencenest/IMRPhenomDthreePointFivePN/1167559679.0-0/H1L1/L1/1Dpdf/a1z.pdf
/home/c1572221/public_html/LVC/make-zero-noise/BAM_q8a0_SNR_25_mode_HM_inc_0.0_M27_IMRPhenomD/lalinferencenest/IMRPhenomDthreePointFivePN/1167559679.0-0/H1L1/L1/1Dpdf/mc.png
/home/c1572221/public_html/LVC/make-zero-noise/BAM_q8a0_SNR_25_mode_HM_inc_0.0_M27_IMRPhenomD/lalinferencenest/IMRPhenomDthreePointFivePN/1167559679.0-0/H1L1/L1/1Dpdf/l1_optimal_snr.pdf
/home/c1572221/public_html/LVC/make-zero-noise/BAM_q8a0_SNR_25_mode_HM_inc_0.0_M27_IMRPhenomD/lalinferencenest/IMRPhenomDthreePointFivePN/1167559679.0-0/H1L1/L1/1Dpdf/eta.png
/home/c1572221/public_html/LVC/make-zero-noise/BAM_q8a0_SNR_25_mode_HM_inc_0.0_M27_IMRPhenomD/lalinferencenest/IMRPhenomDthreePointFivePN/1167559679.0-0/H1L1/L1/1Dpdf/m2.pdf
/home/c1572221/public_html/LVC/make-zero-noise/BAM_q8a0_SNR_25_mode_HM_inc_0.0_M27_IMRPhenomD/lalinferencenest/IMRPhenomDthreePointFivePN/1167559679.0-0/H1L1/L1/1Dpdf/mtotal_source.pdf
/home/c1572221/public_html/LVC/make-zero-noise/BAM_q8a0_SNR_25_mode_HM_inc_0.0_M27_IMRPhenomD/lalinferencenest/IMRPhenomDthreePointFivePN/1167559679.0-0/H1L1/L1/1Dpdf/l1_cplx_snr_arg.png
/home/c1572221/public_html/LVC/make-zero-noise/BAM_q8a0_SNR_25_mode_HM_inc_0.0_M27_IMRPhenomD/lalinferencenest/IMRPhenomDthreePointFivePN/1167559679.0-0/H1L1/L1/1Dpdf/optimal_snr.pdf
/home/c1572221/public_html/LVC/make-zero-noise/BAM_q8a0_SNR_25_mode_HM_inc_0.0_M27_IMRPhenomD/lalinferencenest/IMRPhenomDthreePointFivePN/1167559679.0-0/H1L1/L1/1Dpdf/h1v1_delay.png
/home/c1572221/public_html/LVC/make-zero-noise/BAM_q8a0_SNR_25_mode_HM_inc_0.0_M27_IMRPhenomD/lalinferencenest/IMRPhenomDthreePointFivePN/1167559679.0-0/H1L1/L1/1Dpdf/l1v1_delay.png
/home/c1572221/public_html/LVC/make-zero-noise/BAM_q8a0_SNR_25_mode_HM_inc_0.0_M27_IMRPhenomD/lalinferencenest/IMRPhenomDthreePointFivePN/1167559679.0-0/H1L1/L1/1Dpdf/h1l1_delay.png
/home/c1572221/public_html/LVC/make-zero-noise/BAM_q8a0_SNR_25_mode_HM_inc_0.0_M27_IMRPhenomD/lalinferencenest/IMRPhenomDthreePointFivePN/1167559679.0-0/H1L1/L1/1Dpdf/a2z.png
/home/c1572221/public_html/LVC/make-zero-noise/BAM_q8a0_SNR_25_mode_HM_inc_0.0_M27_IMRPhenomD/lalinferencenest/IMRPhenomDthreePointFivePN/1167559679.0-0/H1L1/L1/1Dpdf/matched_filter_snr.pdf
/home/c1572221/public_html/LVC/make-zero-noise/BAM_q8a0_SNR_25_mode_HM_inc_0.0_M27_IMRPhenomD/lalinferencenest/IMRPhenomDthreePointFivePN/1167559679.0-0/H1L1/L1/1Dpdf/mf_source.png
/home/c1572221/public_html/LVC/make-zero-noise/BAM_q8a0_SNR_25_mode_HM_inc_0.0_M27_IMRPhenomD/lalinferencenest/IMRPhenomDthreePointFivePN/1167559679.0-0/H1L1/L1/1Dpdf/dec.png
/home/c1572221/public_html/LVC/make-zero-noise/BAM_q8a0_SNR_25_mode_HM_inc_0.0_M27_IMRPhenomD/lalinferencenest/IMRPhenomDthreePointFivePN/1167559679.0-0/H1L1/L1/1Dpdf/q.png
/home/c1572221/public_html/LVC/make-zero-noise/BAM_q8a0_SNR_25_mode_HM_inc_0.0_M27_IMRPhenomD/lalinferencenest/IMRPhenomDthreePointFivePN/1167559679.0-0/H1L1/L1/1Dpdf/deltalogl.png
/home/c1572221/public_html/LVC/make-zero-noise/BAM_q8a0_SNR_25_mode_HM_inc_0.0_M27_IMRPhenomD/lalinferencenest/IMRPhenomDthreePointFivePN/1167559679.0-0/H1L1/L1/1Dpdf/l_peak.png
/home/c1572221/public_html/LVC/make-zero-noise/BAM_q8a0_SNR_25_mode_HM_inc_0.0_M27_IMRPhenomD/lalinferencenest/IMRPhenomDthreePointFivePN/1167559679.0-0/H1L1/L1/1Dpdf/l1_cplx_snr_amp.pdf
/home/c1572221/public_html/LVC/make-zero-noise/BAM_q8a0_SNR_25_mode_HM_inc_0.0_M27_IMRPhenomD/lalinferencenest/IMRPhenomDthreePointFivePN/1167559679.0-0/H1L1/L1/1Dpdf/deltalogll1.pdf
/home/c1572221/public_html/LVC/make-zero-noise/BAM_q8a0_SNR_25_mode_HM_inc_0.0_M27_IMRPhenomD/lalinferencenest/IMRPhenomDthreePointFivePN/1167559679.0-0/H1L1/L1/summary_statistics.dat
/home/c1572221/public_html/LVC/make-zero-noise/BAM_q8a0_SNR_25_mode_HM_inc_0.0_M27_IMRPhenomD/lalinferencenest/IMRPhenomDthreePointFivePN/1167559679.0-0/H1L1/L1/PSDs/
/home/c1572221/public_html/LVC/make-zero-noise/BAM_q8a0_SNR_25_mode_HM_inc_0.0_M27_IMRPhenomD/lalinferencenest/IMRPhenomDthreePointFivePN/1167559679.0-0/H1L1/L1/PSDs/PSD.png
/home/c1572221/public_html/LVC/make-zero-noise/BAM_q8a0_SNR_25_mode_HM_inc_0.0_M27_IMRPhenomD/lalinferencenest/IMRPhenomDthreePointFivePN/1167559679.0-0/H1L1/L1/posplots.html
/home/c1572221/public_html/LVC/make-zero-noise/BAM_q8a0_SNR_25_mode_HM_inc_0.0_M27_IMRPhenomD/lalinferencenest/IMRPhenomDthreePointFivePN/1167559679.0-0/H1L1/L1/corner/
/home/c1572221/public_html/LVC/make-zero-noise/BAM_q8a0_SNR_25_mode_HM_inc_0.0_M27_IMRPhenomD/lalinferencenest/IMRPhenomDthreePointFivePN/1167559679.0-0/H1L1/L1/skymap.png
/home/c1572221/public_html/LVC/make-zero-noise/BAM_q8a0_SNR_25_mode_HM_inc_0.0_M27_IMRPhenomD/lalinferencenest/IMRPhenomDthreePointFivePN/1167559679.0-0/H1L1/L1/confidence_levels.txt
/home/c1572221/public_html/LVC/make-zero-noise/BAM_q8a0_SNR_25_mode_HM_inc_0.0_M27_IMRPhenomD/lalinferencenest/IMRPhenomDthreePointFivePN/1167559679.0-0/H1L1/L1/Waveform/
/home/c1572221/public_html/LVC/make-zero-noise/BAM_q8a0_SNR_25_mode_HM_inc_0.0_M27_IMRPhenomD/lalinferencenest/IMRPhenomDthreePointFivePN/1167559679.0-0/H1L1/L1/Waveform/WF_DetFrame.png
/home/c1572221/public_html/LVC/make-zero-noise/BAM_q8a0_SNR_25_mode_HM_inc_0.0_M27_IMRPhenomD/lalinferencenest/IMRPhenomDthreePointFivePN/1167559679.0-0/H1L1/L1/posterior_samples.dat
acosing costheta_jn
exponentiating logdistance
Read columns ['L1_cplx_snr_amp', 'L1_cplx_snr_arg', 'L1_optimal_snr', 'a1', 'a2', 'mc', 'dec', 'deltalogL', 'deltaloglL1', 'logL', 'logPrior', 'logw', 'matched_filter_snr', 'optimal_snr', 'phase', 'psi', 'q', 'ra', 'time', 'signalModelFlag', 'flow', 'f_ref', 'LAL_APPROXIMANT', 'LAL_AMPORDER', 'LAL_PNORDER', 'psdScaleFlag', 'theta_jn', 'distance']
No snr file provided or wrong path to snr file

Warning: Cannot find spin parameters.  Skipping spin angle calculations.
Using non-precessing fit formula [Healy at al (2014)] for final mass and spin (on masses and projected spin components).
Taking cos of theta_jn ...
Number of posterior samples: 6135
Means:
{'logw': -21.243099021613297, 'redshift': 0.11126746159097592, 'v1_end_time': 1167559678.9941642, 'f_ref': 100.0, 'psdscaleflag': 0.0, 'l1_optimal_snr': 9.5532643791885796, 'psi': 1.6196349962968366, 'lal_approximant': 58.0, 'signalmodelflag': 1.0, 'logl': -90.032705813640248, 'deltalogll1': 49.37860550150922, 'v1h1_delay': -0.0016359971224435871, 'mc_source': 9.1832610338118918, 'deltalogl': 49.37860550150922, 'af': 0.76728657984245741, 'l1v1_delay': 0.0018794362877283819, 'h1_end_time': 1167559678.9925282, 'l1h1_delay': 0.00024343916528479491, 'm1': 17.291218539068968, 'ra': 3.3103790993305831, 'l1_end_time': 1167559678.9922848, 'm2': 8.8915419427487254, 'l_peak': 3.6100237554550105, 'lal_pnorder': 7.0, 'm2_source': 8.0034514930011156, 'v1l1_delay': -0.0018794362877283819, 'mtotal': 26.182760481817692, 'costheta_jn': 0.072773798100384549, 'a2z': 0.11267252364587578, 'a1': 0.49351492173486866, 'a2': 0.4601710507269321, 'optimal_snr': 9.5532643791885796, 'phase': 3.0088193875144076, 'a1z': 0.4061673965247215, 'm1_source': 15.540221828033681, 'distance': 535.47193045137101, 'mf': 24.873358264114277, 'mc': 10.203967052438887, 'l1_cplx_snr_amp': 10.051816483616825, 'h1v1_delay': 0.0016359971224435871, 'logprior': 21.646208802142464, 'theta_jn': 1.4814915335534933, 'flow': 20.0, 'l1_cplx_snr_arg': 0.00041831820211133379, 'h1l1_delay': -0.00024343916528479491, 'matched_filter_snr': 9.9993146546252412, 'q': 0.59473361091063837, 'mtotal_source': 23.543673321034795, 'mf_source': 22.367062359525697, 'eta': 0.22071489537047459, 'e_rad': 1.1766109615091005, 'time': 1167559678.9944415, 'lal_amporder': -1.0, 'dec': 0.046633827460281163, 'chi_eff': 0.32631515475515316}
Median:
{'logw': -21.257115377868558, 'redshift': 0.11026615278619051, 'v1_end_time': 1167559678.9959764, 'f_ref': 100.0, 'psdscaleflag': 0.0, 'l1_optimal_snr': 9.5439010635040713, 'psi': 1.6480405207227464, 'lal_approximant': 58.0, 'signalmodelflag': 1.0, 'logl': -89.640143247555926, 'deltalogll1': 49.77116806759355, 'v1h1_delay': -0.0020649433135986328, 'mc_source': 9.1103061535884997, 'deltalogl': 49.77116806759355, 'af': 0.77212358759419564, 'l1v1_delay': 0.0036635398864746094, 'h1_end_time': 1167559678.9922972, 'l1h1_delay': 0.00037550926208496094, 'm1': 15.265101001128132, 'ra': 3.0811508251655257, 'l1_end_time': 1167559678.9915485, 'm2': 8.9909558931501845, 'l_peak': 3.7088450480740436, 'lal_pnorder': 7.0, 'm2_source': 8.0863441817001327, 'v1l1_delay': -0.0036635398864746094, 'mtotal': 24.737086390340494, 'costheta_jn': 0.35611815359128041, 'a2z': 0.15085187352052934, 'a1': 0.48983104622159157, 'a2': 0.43853426920360417, 'optimal_snr': 9.5439010635040713, 'phase': 2.9572114541829397, 'a1z': 0.46350476367564647, 'm1_source': 13.731961811361538, 'distance': 526.55972278703996, 'mf': 23.348732590871979, 'mc': 10.132359161186512, 'l1_cplx_snr_amp': 10.091233192340663, 'h1v1_delay': 0.0020649433135986328, 'logprior': 21.739491160734033, 'theta_jn': 1.2066859302778266, 'flow': 20.0, 'l1_cplx_snr_arg': 0.00036891975486174738, 'h1l1_delay': -0.00037550926208496094, 'matched_filter_snr': 10.040881435057729, 'q': 0.59103552020321393, 'mtotal_source': 22.235076813135255, 'mf_source': 21.009643012560751, 'eta': 0.23348222916095041, 'e_rad': 1.1263487444417493, 'time': 1167559679.0019133, 'lal_amporder': -1.0, 'dec': 0.091804061746789609, 'chi_eff': 0.3315215460462077}
maxL:
{'logw': -25.638514498510649, 'redshift': 0.074278198274120258, 'v1_end_time': 1167559679.0070484, 'f_ref': 100.0, 'psdscaleflag': 0.0, 'l1_optimal_snr': 10.265790403103095, 'psi': 1.6301928392121177, 'lal_approximant': 58.0, 'signalmodelflag': 1.0, 'logl': -86.983690805516702, 'deltalogll1': 52.427620509632774, 'v1h1_delay': -0.012726068496704102, 'mc_source': 9.3109626799447529, 'deltalogl': 52.427620509632774, 'af': 0.75691282531884851, 'l1v1_delay': 0.016095638275146484, 'h1_end_time': 1167559678.9943223, 'l1h1_delay': 0.0033695697784423828, 'm1': 12.858194464322928, 'ra': 2.975772764104581, 'l1_end_time': 1167559678.9909527, 'm2': 10.292668490824589, 'l_peak': 4.1059259107712034, 'lal_pnorder': 7.0, 'm2_source': 9.581008445819954, 'v1l1_delay': -0.016095638275146484, 'mtotal': 23.150862955147517, 'costheta_jn': -0.23587128407118785, 'a2z': 0.26677308906192915, 'a1': 0.24347589849311849, 'a2': 0.26677308906192915, 'optimal_snr': 10.265790403103095, 'phase': 2.4615292228908952, 'a1z': 0.24347589849311849, 'm1_source': 11.969147735642627, 'distance': 346.2137685916461, 'mf': 21.880561960539641, 'mc': 10.002564212008624, 'l1_cplx_snr_amp': 10.24113926121543, 'h1v1_delay': 0.012726068496704102, 'logprior': 20.235094063591539, 'theta_jn': 1.8089113792218312, 'flow': 20.0, 'l1_cplx_snr_arg': 0.01544678768923506, 'h1l1_delay': -0.0033695697784423828, 'matched_filter_snr': 10.239917500953432, 'q': 0.80047541039943093, 'mtotal_source': 21.550156181462579, 'mf_source': 20.367686876352717, 'eta': 0.24692985793486275, 'e_rad': 1.182469305109862, 'time': 1167559679.012095, 'lal_amporder': -1.0, 'dec': 0.46289597571910207, 'chi_eff': 0.25383362294412071}
Unable to compute KL divergence
Sigma is 30.000000 arcmin (0.008727 rad) 
-> fwhm is 70.644601 arcmin
Sigma is 0.000000 arcmin (0.000000 rad) 
-> fwhm is 0.000000 arcmin
WARNING: phi_orb not found in posterior files. Defaulting to 0.0 which is probably *not* what you want

Using greedy 1-d binning credible regions

Generating 1D plot for e_rad.
Generating 1D plot for l_peak.
Using greedy 1-d binning credible regions

Generating 1D plot for m1.
Generating 1D plot for m2.
Generating 1D plot for mc.
Generating 1D plot for eta.
Generating 1D plot for q.
Generating 1D plot for mtotal.
Generating 1D plot for mf.
Using greedy 1-d binning credible regions

Generating 1D plot for optimal_snr.
Generating 1D plot for matched_filter_snr.
Generating 1D plot for l1_optimal_snr.
Generating 1D plot for l1_cplx_snr_amp.
Generating 1D plot for l1_cplx_snr_arg.
Generating 1D plot for logprior.
Generating 1D plot for logl.
Generating 1D plot for deltalogl.
Generating 1D plot for deltalogll1.
Using greedy 1-d binning credible regions

Generating 1D plot for time.
Generating 1D plot for l1_end_time.
Generating 1D plot for h1_end_time.
Generating 1D plot for v1_end_time.
Generating 1D plot for h1l1_delay.
Generating 1D plot for h1v1_delay.
Generating 1D plot for l1v1_delay.
Using greedy 1-d binning credible regions

Generating 1D plot for m1_source.
Generating 1D plot for m2_source.
Generating 1D plot for mtotal_source.
Generating 1D plot for mc_source.
Generating 1D plot for redshift.
Generating 1D plot for mf_source.
Using greedy 1-d binning credible regions

Generating 1D plot for distance.
Generating 1D plot for psi.
Generating 1D plot for ra.
Generating 1D plot for dec.
Generating 1D plot for phase.
Using greedy 1-d binning credible regions

Generating 1D plot for a1.
Generating 1D plot for a2.
Generating 1D plot for costheta_jn.
Generating 1D plot for theta_jn.
Generating 1D plot for af.
Generating 1D plot for chi_eff.
Generating 1D plot for a1z.
Generating 1D plot for a2z.
Using greedy 1-d binning credible regions

Cannot load corner module. Try running
	$ pip install corner
Cannot load corner module. Try running
	$ pip install corner
Cannot load corner module. Try running
	$ pip install corner
