/home/c1572221/public_html/LVC/make-zero-noise/BAM_q8a0_SNR_25_mode_HM_inc_0.0_M27_IMRPhenomD/lalinferencenest/IMRPhenomDthreePointFivePN/1167559679.0-0/H1L1/H1/
/home/c1572221/public_html/LVC/make-zero-noise/BAM_q8a0_SNR_25_mode_HM_inc_0.0_M27_IMRPhenomD/lalinferencenest/IMRPhenomDthreePointFivePN/1167559679.0-0/H1L1/H1/2Dbins/
/home/c1572221/public_html/LVC/make-zero-noise/BAM_q8a0_SNR_25_mode_HM_inc_0.0_M27_IMRPhenomD/lalinferencenest/IMRPhenomDthreePointFivePN/1167559679.0-0/H1L1/H1/2Dkde/
/home/c1572221/public_html/LVC/make-zero-noise/BAM_q8a0_SNR_25_mode_HM_inc_0.0_M27_IMRPhenomD/lalinferencenest/IMRPhenomDthreePointFivePN/1167559679.0-0/H1L1/H1/greedy2Dbins/
/home/c1572221/public_html/LVC/make-zero-noise/BAM_q8a0_SNR_25_mode_HM_inc_0.0_M27_IMRPhenomD/lalinferencenest/IMRPhenomDthreePointFivePN/1167559679.0-0/H1L1/H1/1Dsamps/
/home/c1572221/public_html/LVC/make-zero-noise/BAM_q8a0_SNR_25_mode_HM_inc_0.0_M27_IMRPhenomD/lalinferencenest/IMRPhenomDthreePointFivePN/1167559679.0-0/H1L1/H1/1Dsamps/h1v1_delay_samps.png
/home/c1572221/public_html/LVC/make-zero-noise/BAM_q8a0_SNR_25_mode_HM_inc_0.0_M27_IMRPhenomD/lalinferencenest/IMRPhenomDthreePointFivePN/1167559679.0-0/H1L1/H1/1Dsamps/ra_samps.pdf
/home/c1572221/public_html/LVC/make-zero-noise/BAM_q8a0_SNR_25_mode_HM_inc_0.0_M27_IMRPhenomD/lalinferencenest/IMRPhenomDthreePointFivePN/1167559679.0-0/H1L1/H1/1Dsamps/deltalogl_samps.png
/home/c1572221/public_html/LVC/make-zero-noise/BAM_q8a0_SNR_25_mode_HM_inc_0.0_M27_IMRPhenomD/lalinferencenest/IMRPhenomDthreePointFivePN/1167559679.0-0/H1L1/H1/1Dsamps/m2_source_samps.pdf
/home/c1572221/public_html/LVC/make-zero-noise/BAM_q8a0_SNR_25_mode_HM_inc_0.0_M27_IMRPhenomD/lalinferencenest/IMRPhenomDthreePointFivePN/1167559679.0-0/H1L1/H1/1Dsamps/h1_optimal_snr_samps.png
/home/c1572221/public_html/LVC/make-zero-noise/BAM_q8a0_SNR_25_mode_HM_inc_0.0_M27_IMRPhenomD/lalinferencenest/IMRPhenomDthreePointFivePN/1167559679.0-0/H1L1/H1/1Dsamps/logprior_samps.png
/home/c1572221/public_html/LVC/make-zero-noise/BAM_q8a0_SNR_25_mode_HM_inc_0.0_M27_IMRPhenomD/lalinferencenest/IMRPhenomDthreePointFivePN/1167559679.0-0/H1L1/H1/1Dsamps/m1_samps.png
/home/c1572221/public_html/LVC/make-zero-noise/BAM_q8a0_SNR_25_mode_HM_inc_0.0_M27_IMRPhenomD/lalinferencenest/IMRPhenomDthreePointFivePN/1167559679.0-0/H1L1/H1/1Dsamps/mtotal_acf.png
/home/c1572221/public_html/LVC/make-zero-noise/BAM_q8a0_SNR_25_mode_HM_inc_0.0_M27_IMRPhenomD/lalinferencenest/IMRPhenomDthreePointFivePN/1167559679.0-0/H1L1/H1/1Dsamps/mc_samps.png
/home/c1572221/public_html/LVC/make-zero-noise/BAM_q8a0_SNR_25_mode_HM_inc_0.0_M27_IMRPhenomD/lalinferencenest/IMRPhenomDthreePointFivePN/1167559679.0-0/H1L1/H1/1Dsamps/l_peak_acf.pdf
/home/c1572221/public_html/LVC/make-zero-noise/BAM_q8a0_SNR_25_mode_HM_inc_0.0_M27_IMRPhenomD/lalinferencenest/IMRPhenomDthreePointFivePN/1167559679.0-0/H1L1/H1/1Dsamps/distance_samps.pdf
/home/c1572221/public_html/LVC/make-zero-noise/BAM_q8a0_SNR_25_mode_HM_inc_0.0_M27_IMRPhenomD/lalinferencenest/IMRPhenomDthreePointFivePN/1167559679.0-0/H1L1/H1/1Dsamps/logl_samps.pdf
/home/c1572221/public_html/LVC/make-zero-noise/BAM_q8a0_SNR_25_mode_HM_inc_0.0_M27_IMRPhenomD/lalinferencenest/IMRPhenomDthreePointFivePN/1167559679.0-0/H1L1/H1/1Dsamps/theta_jn_acf.pdf
/home/c1572221/public_html/LVC/make-zero-noise/BAM_q8a0_SNR_25_mode_HM_inc_0.0_M27_IMRPhenomD/lalinferencenest/IMRPhenomDthreePointFivePN/1167559679.0-0/H1L1/H1/1Dsamps/optimal_snr_acf.png
/home/c1572221/public_html/LVC/make-zero-noise/BAM_q8a0_SNR_25_mode_HM_inc_0.0_M27_IMRPhenomD/lalinferencenest/IMRPhenomDthreePointFivePN/1167559679.0-0/H1L1/H1/1Dsamps/m1_source_samps.png
/home/c1572221/public_html/LVC/make-zero-noise/BAM_q8a0_SNR_25_mode_HM_inc_0.0_M27_IMRPhenomD/lalinferencenest/IMRPhenomDthreePointFivePN/1167559679.0-0/H1L1/H1/1Dsamps/theta_jn_samps.pdf
/home/c1572221/public_html/LVC/make-zero-noise/BAM_q8a0_SNR_25_mode_HM_inc_0.0_M27_IMRPhenomD/lalinferencenest/IMRPhenomDthreePointFivePN/1167559679.0-0/H1L1/H1/1Dsamps/mf_source_acf.png
/home/c1572221/public_html/LVC/make-zero-noise/BAM_q8a0_SNR_25_mode_HM_inc_0.0_M27_IMRPhenomD/lalinferencenest/IMRPhenomDthreePointFivePN/1167559679.0-0/H1L1/H1/1Dsamps/time_acf.pdf
/home/c1572221/public_html/LVC/make-zero-noise/BAM_q8a0_SNR_25_mode_HM_inc_0.0_M27_IMRPhenomD/lalinferencenest/IMRPhenomDthreePointFivePN/1167559679.0-0/H1L1/H1/1Dsamps/mtotal_samps.pdf
/home/c1572221/public_html/LVC/make-zero-noise/BAM_q8a0_SNR_25_mode_HM_inc_0.0_M27_IMRPhenomD/lalinferencenest/IMRPhenomDthreePointFivePN/1167559679.0-0/H1L1/H1/1Dsamps/mc_acf.png
/home/c1572221/public_html/LVC/make-zero-noise/BAM_q8a0_SNR_25_mode_HM_inc_0.0_M27_IMRPhenomD/lalinferencenest/IMRPhenomDthreePointFivePN/1167559679.0-0/H1L1/H1/1Dsamps/chi_eff_acf.pdf
/home/c1572221/public_html/LVC/make-zero-noise/BAM_q8a0_SNR_25_mode_HM_inc_0.0_M27_IMRPhenomD/lalinferencenest/IMRPhenomDthreePointFivePN/1167559679.0-0/H1L1/H1/1Dsamps/h1l1_delay_acf.png
/home/c1572221/public_html/LVC/make-zero-noise/BAM_q8a0_SNR_25_mode_HM_inc_0.0_M27_IMRPhenomD/lalinferencenest/IMRPhenomDthreePointFivePN/1167559679.0-0/H1L1/H1/1Dsamps/mc_acf.pdf
/home/c1572221/public_html/LVC/make-zero-noise/BAM_q8a0_SNR_25_mode_HM_inc_0.0_M27_IMRPhenomD/lalinferencenest/IMRPhenomDthreePointFivePN/1167559679.0-0/H1L1/H1/1Dsamps/mf_acf.png
/home/c1572221/public_html/LVC/make-zero-noise/BAM_q8a0_SNR_25_mode_HM_inc_0.0_M27_IMRPhenomD/lalinferencenest/IMRPhenomDthreePointFivePN/1167559679.0-0/H1L1/H1/1Dsamps/m1_acf.png
/home/c1572221/public_html/LVC/make-zero-noise/BAM_q8a0_SNR_25_mode_HM_inc_0.0_M27_IMRPhenomD/lalinferencenest/IMRPhenomDthreePointFivePN/1167559679.0-0/H1L1/H1/1Dsamps/mtotal_samps.png
/home/c1572221/public_html/LVC/make-zero-noise/BAM_q8a0_SNR_25_mode_HM_inc_0.0_M27_IMRPhenomD/lalinferencenest/IMRPhenomDthreePointFivePN/1167559679.0-0/H1L1/H1/1Dsamps/l1_end_time_acf.pdf
/home/c1572221/public_html/LVC/make-zero-noise/BAM_q8a0_SNR_25_mode_HM_inc_0.0_M27_IMRPhenomD/lalinferencenest/IMRPhenomDthreePointFivePN/1167559679.0-0/H1L1/H1/1Dsamps/h1_end_time_acf.png
/home/c1572221/public_html/LVC/make-zero-noise/BAM_q8a0_SNR_25_mode_HM_inc_0.0_M27_IMRPhenomD/lalinferencenest/IMRPhenomDthreePointFivePN/1167559679.0-0/H1L1/H1/1Dsamps/v1_end_time_acf.pdf
/home/c1572221/public_html/LVC/make-zero-noise/BAM_q8a0_SNR_25_mode_HM_inc_0.0_M27_IMRPhenomD/lalinferencenest/IMRPhenomDthreePointFivePN/1167559679.0-0/H1L1/H1/1Dsamps/a1z_samps.pdf
/home/c1572221/public_html/LVC/make-zero-noise/BAM_q8a0_SNR_25_mode_HM_inc_0.0_M27_IMRPhenomD/lalinferencenest/IMRPhenomDthreePointFivePN/1167559679.0-0/H1L1/H1/1Dsamps/logprior_acf.pdf
/home/c1572221/public_html/LVC/make-zero-noise/BAM_q8a0_SNR_25_mode_HM_inc_0.0_M27_IMRPhenomD/lalinferencenest/IMRPhenomDthreePointFivePN/1167559679.0-0/H1L1/H1/1Dsamps/m2_source_samps.png
/home/c1572221/public_html/LVC/make-zero-noise/BAM_q8a0_SNR_25_mode_HM_inc_0.0_M27_IMRPhenomD/lalinferencenest/IMRPhenomDthreePointFivePN/1167559679.0-0/H1L1/H1/1Dsamps/time_samps.pdf
/home/c1572221/public_html/LVC/make-zero-noise/BAM_q8a0_SNR_25_mode_HM_inc_0.0_M27_IMRPhenomD/lalinferencenest/IMRPhenomDthreePointFivePN/1167559679.0-0/H1L1/H1/1Dsamps/eta_samps.png
/home/c1572221/public_html/LVC/make-zero-noise/BAM_q8a0_SNR_25_mode_HM_inc_0.0_M27_IMRPhenomD/lalinferencenest/IMRPhenomDthreePointFivePN/1167559679.0-0/H1L1/H1/1Dsamps/mc_source_samps.png
/home/c1572221/public_html/LVC/make-zero-noise/BAM_q8a0_SNR_25_mode_HM_inc_0.0_M27_IMRPhenomD/lalinferencenest/IMRPhenomDthreePointFivePN/1167559679.0-0/H1L1/H1/1Dsamps/logl_samps.png
/home/c1572221/public_html/LVC/make-zero-noise/BAM_q8a0_SNR_25_mode_HM_inc_0.0_M27_IMRPhenomD/lalinferencenest/IMRPhenomDthreePointFivePN/1167559679.0-0/H1L1/H1/1Dsamps/optimal_snr_samps.pdf
/home/c1572221/public_html/LVC/make-zero-noise/BAM_q8a0_SNR_25_mode_HM_inc_0.0_M27_IMRPhenomD/lalinferencenest/IMRPhenomDthreePointFivePN/1167559679.0-0/H1L1/H1/1Dsamps/psi_acf.pdf
/home/c1572221/public_html/LVC/make-zero-noise/BAM_q8a0_SNR_25_mode_HM_inc_0.0_M27_IMRPhenomD/lalinferencenest/IMRPhenomDthreePointFivePN/1167559679.0-0/H1L1/H1/1Dsamps/mf_source_samps.png
/home/c1572221/public_html/LVC/make-zero-noise/BAM_q8a0_SNR_25_mode_HM_inc_0.0_M27_IMRPhenomD/lalinferencenest/IMRPhenomDthreePointFivePN/1167559679.0-0/H1L1/H1/1Dsamps/a1z_samps.png
/home/c1572221/public_html/LVC/make-zero-noise/BAM_q8a0_SNR_25_mode_HM_inc_0.0_M27_IMRPhenomD/lalinferencenest/IMRPhenomDthreePointFivePN/1167559679.0-0/H1L1/H1/1Dsamps/theta_jn_acf.png
/home/c1572221/public_html/LVC/make-zero-noise/BAM_q8a0_SNR_25_mode_HM_inc_0.0_M27_IMRPhenomD/lalinferencenest/IMRPhenomDthreePointFivePN/1167559679.0-0/H1L1/H1/1Dsamps/deltaloglh1_samps.pdf
/home/c1572221/public_html/LVC/make-zero-noise/BAM_q8a0_SNR_25_mode_HM_inc_0.0_M27_IMRPhenomD/lalinferencenest/IMRPhenomDthreePointFivePN/1167559679.0-0/H1L1/H1/1Dsamps/a2z_acf.pdf
/home/c1572221/public_html/LVC/make-zero-noise/BAM_q8a0_SNR_25_mode_HM_inc_0.0_M27_IMRPhenomD/lalinferencenest/IMRPhenomDthreePointFivePN/1167559679.0-0/H1L1/H1/1Dsamps/mc_source_samps.pdf
/home/c1572221/public_html/LVC/make-zero-noise/BAM_q8a0_SNR_25_mode_HM_inc_0.0_M27_IMRPhenomD/lalinferencenest/IMRPhenomDthreePointFivePN/1167559679.0-0/H1L1/H1/1Dsamps/h1_optimal_snr_acf.pdf
/home/c1572221/public_html/LVC/make-zero-noise/BAM_q8a0_SNR_25_mode_HM_inc_0.0_M27_IMRPhenomD/lalinferencenest/IMRPhenomDthreePointFivePN/1167559679.0-0/H1L1/H1/1Dsamps/mc_samps.pdf
/home/c1572221/public_html/LVC/make-zero-noise/BAM_q8a0_SNR_25_mode_HM_inc_0.0_M27_IMRPhenomD/lalinferencenest/IMRPhenomDthreePointFivePN/1167559679.0-0/H1L1/H1/1Dsamps/h1_optimal_snr_samps.pdf
/home/c1572221/public_html/LVC/make-zero-noise/BAM_q8a0_SNR_25_mode_HM_inc_0.0_M27_IMRPhenomD/lalinferencenest/IMRPhenomDthreePointFivePN/1167559679.0-0/H1L1/H1/1Dsamps/v1_end_time_acf.png
/home/c1572221/public_html/LVC/make-zero-noise/BAM_q8a0_SNR_25_mode_HM_inc_0.0_M27_IMRPhenomD/lalinferencenest/IMRPhenomDthreePointFivePN/1167559679.0-0/H1L1/H1/1Dsamps/costheta_jn_samps.pdf
/home/c1572221/public_html/LVC/make-zero-noise/BAM_q8a0_SNR_25_mode_HM_inc_0.0_M27_IMRPhenomD/lalinferencenest/IMRPhenomDthreePointFivePN/1167559679.0-0/H1L1/H1/1Dsamps/h1_cplx_snr_amp_samps.png
/home/c1572221/public_html/LVC/make-zero-noise/BAM_q8a0_SNR_25_mode_HM_inc_0.0_M27_IMRPhenomD/lalinferencenest/IMRPhenomDthreePointFivePN/1167559679.0-0/H1L1/H1/1Dsamps/e_rad_samps.pdf
/home/c1572221/public_html/LVC/make-zero-noise/BAM_q8a0_SNR_25_mode_HM_inc_0.0_M27_IMRPhenomD/lalinferencenest/IMRPhenomDthreePointFivePN/1167559679.0-0/H1L1/H1/1Dsamps/h1_optimal_snr_acf.png
/home/c1572221/public_html/LVC/make-zero-noise/BAM_q8a0_SNR_25_mode_HM_inc_0.0_M27_IMRPhenomD/lalinferencenest/IMRPhenomDthreePointFivePN/1167559679.0-0/H1L1/H1/1Dsamps/q_samps.pdf
/home/c1572221/public_html/LVC/make-zero-noise/BAM_q8a0_SNR_25_mode_HM_inc_0.0_M27_IMRPhenomD/lalinferencenest/IMRPhenomDthreePointFivePN/1167559679.0-0/H1L1/H1/1Dsamps/distance_acf.png
/home/c1572221/public_html/LVC/make-zero-noise/BAM_q8a0_SNR_25_mode_HM_inc_0.0_M27_IMRPhenomD/lalinferencenest/IMRPhenomDthreePointFivePN/1167559679.0-0/H1L1/H1/1Dsamps/af_acf.png
/home/c1572221/public_html/LVC/make-zero-noise/BAM_q8a0_SNR_25_mode_HM_inc_0.0_M27_IMRPhenomD/lalinferencenest/IMRPhenomDthreePointFivePN/1167559679.0-0/H1L1/H1/1Dsamps/l_peak_samps.png
/home/c1572221/public_html/LVC/make-zero-noise/BAM_q8a0_SNR_25_mode_HM_inc_0.0_M27_IMRPhenomD/lalinferencenest/IMRPhenomDthreePointFivePN/1167559679.0-0/H1L1/H1/1Dsamps/psi_acf.png
/home/c1572221/public_html/LVC/make-zero-noise/BAM_q8a0_SNR_25_mode_HM_inc_0.0_M27_IMRPhenomD/lalinferencenest/IMRPhenomDthreePointFivePN/1167559679.0-0/H1L1/H1/1Dsamps/phase_acf.png
/home/c1572221/public_html/LVC/make-zero-noise/BAM_q8a0_SNR_25_mode_HM_inc_0.0_M27_IMRPhenomD/lalinferencenest/IMRPhenomDthreePointFivePN/1167559679.0-0/H1L1/H1/1Dsamps/h1_end_time_samps.pdf
/home/c1572221/public_html/LVC/make-zero-noise/BAM_q8a0_SNR_25_mode_HM_inc_0.0_M27_IMRPhenomD/lalinferencenest/IMRPhenomDthreePointFivePN/1167559679.0-0/H1L1/H1/1Dsamps/h1_cplx_snr_arg_acf.png
/home/c1572221/public_html/LVC/make-zero-noise/BAM_q8a0_SNR_25_mode_HM_inc_0.0_M27_IMRPhenomD/lalinferencenest/IMRPhenomDthreePointFivePN/1167559679.0-0/H1L1/H1/1Dsamps/h1_end_time_acf.pdf
/home/c1572221/public_html/LVC/make-zero-noise/BAM_q8a0_SNR_25_mode_HM_inc_0.0_M27_IMRPhenomD/lalinferencenest/IMRPhenomDthreePointFivePN/1167559679.0-0/H1L1/H1/1Dsamps/chi_eff_samps.png
/home/c1572221/public_html/LVC/make-zero-noise/BAM_q8a0_SNR_25_mode_HM_inc_0.0_M27_IMRPhenomD/lalinferencenest/IMRPhenomDthreePointFivePN/1167559679.0-0/H1L1/H1/1Dsamps/deltaloglh1_acf.pdf
/home/c1572221/public_html/LVC/make-zero-noise/BAM_q8a0_SNR_25_mode_HM_inc_0.0_M27_IMRPhenomD/lalinferencenest/IMRPhenomDthreePointFivePN/1167559679.0-0/H1L1/H1/1Dsamps/l1_end_time_samps.pdf
/home/c1572221/public_html/LVC/make-zero-noise/BAM_q8a0_SNR_25_mode_HM_inc_0.0_M27_IMRPhenomD/lalinferencenest/IMRPhenomDthreePointFivePN/1167559679.0-0/H1L1/H1/1Dsamps/phase_acf.pdf
/home/c1572221/public_html/LVC/make-zero-noise/BAM_q8a0_SNR_25_mode_HM_inc_0.0_M27_IMRPhenomD/lalinferencenest/IMRPhenomDthreePointFivePN/1167559679.0-0/H1L1/H1/1Dsamps/psi_samps.png
/home/c1572221/public_html/LVC/make-zero-noise/BAM_q8a0_SNR_25_mode_HM_inc_0.0_M27_IMRPhenomD/lalinferencenest/IMRPhenomDthreePointFivePN/1167559679.0-0/H1L1/H1/1Dsamps/optimal_snr_samps.png
/home/c1572221/public_html/LVC/make-zero-noise/BAM_q8a0_SNR_25_mode_HM_inc_0.0_M27_IMRPhenomD/lalinferencenest/IMRPhenomDthreePointFivePN/1167559679.0-0/H1L1/H1/1Dsamps/chi_eff_samps.pdf
/home/c1572221/public_html/LVC/make-zero-noise/BAM_q8a0_SNR_25_mode_HM_inc_0.0_M27_IMRPhenomD/lalinferencenest/IMRPhenomDthreePointFivePN/1167559679.0-0/H1L1/H1/1Dsamps/mf_acf.pdf
/home/c1572221/public_html/LVC/make-zero-noise/BAM_q8a0_SNR_25_mode_HM_inc_0.0_M27_IMRPhenomD/lalinferencenest/IMRPhenomDthreePointFivePN/1167559679.0-0/H1L1/H1/1Dsamps/m1_source_acf.png
/home/c1572221/public_html/LVC/make-zero-noise/BAM_q8a0_SNR_25_mode_HM_inc_0.0_M27_IMRPhenomD/lalinferencenest/IMRPhenomDthreePointFivePN/1167559679.0-0/H1L1/H1/1Dsamps/a1_samps.png
/home/c1572221/public_html/LVC/make-zero-noise/BAM_q8a0_SNR_25_mode_HM_inc_0.0_M27_IMRPhenomD/lalinferencenest/IMRPhenomDthreePointFivePN/1167559679.0-0/H1L1/H1/1Dsamps/l1v1_delay_acf.pdf
/home/c1572221/public_html/LVC/make-zero-noise/BAM_q8a0_SNR_25_mode_HM_inc_0.0_M27_IMRPhenomD/lalinferencenest/IMRPhenomDthreePointFivePN/1167559679.0-0/H1L1/H1/1Dsamps/l_peak_samps.pdf
/home/c1572221/public_html/LVC/make-zero-noise/BAM_q8a0_SNR_25_mode_HM_inc_0.0_M27_IMRPhenomD/lalinferencenest/IMRPhenomDthreePointFivePN/1167559679.0-0/H1L1/H1/1Dsamps/a1z_acf.png
/home/c1572221/public_html/LVC/make-zero-noise/BAM_q8a0_SNR_25_mode_HM_inc_0.0_M27_IMRPhenomD/lalinferencenest/IMRPhenomDthreePointFivePN/1167559679.0-0/H1L1/H1/1Dsamps/a1_acf.png
/home/c1572221/public_html/LVC/make-zero-noise/BAM_q8a0_SNR_25_mode_HM_inc_0.0_M27_IMRPhenomD/lalinferencenest/IMRPhenomDthreePointFivePN/1167559679.0-0/H1L1/H1/1Dsamps/mtotal_source_acf.pdf
/home/c1572221/public_html/LVC/make-zero-noise/BAM_q8a0_SNR_25_mode_HM_inc_0.0_M27_IMRPhenomD/lalinferencenest/IMRPhenomDthreePointFivePN/1167559679.0-0/H1L1/H1/1Dsamps/a2_acf.pdf
/home/c1572221/public_html/LVC/make-zero-noise/BAM_q8a0_SNR_25_mode_HM_inc_0.0_M27_IMRPhenomD/lalinferencenest/IMRPhenomDthreePointFivePN/1167559679.0-0/H1L1/H1/1Dsamps/m1_source_samps.pdf
/home/c1572221/public_html/LVC/make-zero-noise/BAM_q8a0_SNR_25_mode_HM_inc_0.0_M27_IMRPhenomD/lalinferencenest/IMRPhenomDthreePointFivePN/1167559679.0-0/H1L1/H1/1Dsamps/a2_samps.pdf
/home/c1572221/public_html/LVC/make-zero-noise/BAM_q8a0_SNR_25_mode_HM_inc_0.0_M27_IMRPhenomD/lalinferencenest/IMRPhenomDthreePointFivePN/1167559679.0-0/H1L1/H1/1Dsamps/l1v1_delay_samps.png
/home/c1572221/public_html/LVC/make-zero-noise/BAM_q8a0_SNR_25_mode_HM_inc_0.0_M27_IMRPhenomD/lalinferencenest/IMRPhenomDthreePointFivePN/1167559679.0-0/H1L1/H1/1Dsamps/redshift_samps.png
/home/c1572221/public_html/LVC/make-zero-noise/BAM_q8a0_SNR_25_mode_HM_inc_0.0_M27_IMRPhenomD/lalinferencenest/IMRPhenomDthreePointFivePN/1167559679.0-0/H1L1/H1/1Dsamps/distance_samps.png
/home/c1572221/public_html/LVC/make-zero-noise/BAM_q8a0_SNR_25_mode_HM_inc_0.0_M27_IMRPhenomD/lalinferencenest/IMRPhenomDthreePointFivePN/1167559679.0-0/H1L1/H1/1Dsamps/mtotal_source_samps.pdf
/home/c1572221/public_html/LVC/make-zero-noise/BAM_q8a0_SNR_25_mode_HM_inc_0.0_M27_IMRPhenomD/lalinferencenest/IMRPhenomDthreePointFivePN/1167559679.0-0/H1L1/H1/1Dsamps/redshift_samps.pdf
/home/c1572221/public_html/LVC/make-zero-noise/BAM_q8a0_SNR_25_mode_HM_inc_0.0_M27_IMRPhenomD/lalinferencenest/IMRPhenomDthreePointFivePN/1167559679.0-0/H1L1/H1/1Dsamps/v1_end_time_samps.pdf
/home/c1572221/public_html/LVC/make-zero-noise/BAM_q8a0_SNR_25_mode_HM_inc_0.0_M27_IMRPhenomD/lalinferencenest/IMRPhenomDthreePointFivePN/1167559679.0-0/H1L1/H1/1Dsamps/deltaloglh1_acf.png
/home/c1572221/public_html/LVC/make-zero-noise/BAM_q8a0_SNR_25_mode_HM_inc_0.0_M27_IMRPhenomD/lalinferencenest/IMRPhenomDthreePointFivePN/1167559679.0-0/H1L1/H1/1Dsamps/h1_cplx_snr_arg_samps.pdf
/home/c1572221/public_html/LVC/make-zero-noise/BAM_q8a0_SNR_25_mode_HM_inc_0.0_M27_IMRPhenomD/lalinferencenest/IMRPhenomDthreePointFivePN/1167559679.0-0/H1L1/H1/1Dsamps/matched_filter_snr_acf.png
/home/c1572221/public_html/LVC/make-zero-noise/BAM_q8a0_SNR_25_mode_HM_inc_0.0_M27_IMRPhenomD/lalinferencenest/IMRPhenomDthreePointFivePN/1167559679.0-0/H1L1/H1/1Dsamps/mtotal_acf.pdf
/home/c1572221/public_html/LVC/make-zero-noise/BAM_q8a0_SNR_25_mode_HM_inc_0.0_M27_IMRPhenomD/lalinferencenest/IMRPhenomDthreePointFivePN/1167559679.0-0/H1L1/H1/1Dsamps/h1_cplx_snr_amp_acf.pdf
/home/c1572221/public_html/LVC/make-zero-noise/BAM_q8a0_SNR_25_mode_HM_inc_0.0_M27_IMRPhenomD/lalinferencenest/IMRPhenomDthreePointFivePN/1167559679.0-0/H1L1/H1/1Dsamps/h1v1_delay_acf.png
/home/c1572221/public_html/LVC/make-zero-noise/BAM_q8a0_SNR_25_mode_HM_inc_0.0_M27_IMRPhenomD/lalinferencenest/IMRPhenomDthreePointFivePN/1167559679.0-0/H1L1/H1/1Dsamps/q_acf.pdf
/home/c1572221/public_html/LVC/make-zero-noise/BAM_q8a0_SNR_25_mode_HM_inc_0.0_M27_IMRPhenomD/lalinferencenest/IMRPhenomDthreePointFivePN/1167559679.0-0/H1L1/H1/1Dsamps/h1v1_delay_acf.pdf
/home/c1572221/public_html/LVC/make-zero-noise/BAM_q8a0_SNR_25_mode_HM_inc_0.0_M27_IMRPhenomD/lalinferencenest/IMRPhenomDthreePointFivePN/1167559679.0-0/H1L1/H1/1Dsamps/l1v1_delay_acf.png
/home/c1572221/public_html/LVC/make-zero-noise/BAM_q8a0_SNR_25_mode_HM_inc_0.0_M27_IMRPhenomD/lalinferencenest/IMRPhenomDthreePointFivePN/1167559679.0-0/H1L1/H1/1Dsamps/a2z_samps.pdf
/home/c1572221/public_html/LVC/make-zero-noise/BAM_q8a0_SNR_25_mode_HM_inc_0.0_M27_IMRPhenomD/lalinferencenest/IMRPhenomDthreePointFivePN/1167559679.0-0/H1L1/H1/1Dsamps/m2_source_acf.png
/home/c1572221/public_html/LVC/make-zero-noise/BAM_q8a0_SNR_25_mode_HM_inc_0.0_M27_IMRPhenomD/lalinferencenest/IMRPhenomDthreePointFivePN/1167559679.0-0/H1L1/H1/1Dsamps/eta_acf.png
/home/c1572221/public_html/LVC/make-zero-noise/BAM_q8a0_SNR_25_mode_HM_inc_0.0_M27_IMRPhenomD/lalinferencenest/IMRPhenomDthreePointFivePN/1167559679.0-0/H1L1/H1/1Dsamps/mf_samps.pdf
/home/c1572221/public_html/LVC/make-zero-noise/BAM_q8a0_SNR_25_mode_HM_inc_0.0_M27_IMRPhenomD/lalinferencenest/IMRPhenomDthreePointFivePN/1167559679.0-0/H1L1/H1/1Dsamps/af_acf.pdf
/home/c1572221/public_html/LVC/make-zero-noise/BAM_q8a0_SNR_25_mode_HM_inc_0.0_M27_IMRPhenomD/lalinferencenest/IMRPhenomDthreePointFivePN/1167559679.0-0/H1L1/H1/1Dsamps/l1_end_time_acf.png
/home/c1572221/public_html/LVC/make-zero-noise/BAM_q8a0_SNR_25_mode_HM_inc_0.0_M27_IMRPhenomD/lalinferencenest/IMRPhenomDthreePointFivePN/1167559679.0-0/H1L1/H1/1Dsamps/m2_samps.png
/home/c1572221/public_html/LVC/make-zero-noise/BAM_q8a0_SNR_25_mode_HM_inc_0.0_M27_IMRPhenomD/lalinferencenest/IMRPhenomDthreePointFivePN/1167559679.0-0/H1L1/H1/1Dsamps/phase_samps.pdf
/home/c1572221/public_html/LVC/make-zero-noise/BAM_q8a0_SNR_25_mode_HM_inc_0.0_M27_IMRPhenomD/lalinferencenest/IMRPhenomDthreePointFivePN/1167559679.0-0/H1L1/H1/1Dsamps/e_rad_samps.png
/home/c1572221/public_html/LVC/make-zero-noise/BAM_q8a0_SNR_25_mode_HM_inc_0.0_M27_IMRPhenomD/lalinferencenest/IMRPhenomDthreePointFivePN/1167559679.0-0/H1L1/H1/1Dsamps/q_samps.png
/home/c1572221/public_html/LVC/make-zero-noise/BAM_q8a0_SNR_25_mode_HM_inc_0.0_M27_IMRPhenomD/lalinferencenest/IMRPhenomDthreePointFivePN/1167559679.0-0/H1L1/H1/1Dsamps/m2_source_acf.pdf
/home/c1572221/public_html/LVC/make-zero-noise/BAM_q8a0_SNR_25_mode_HM_inc_0.0_M27_IMRPhenomD/lalinferencenest/IMRPhenomDthreePointFivePN/1167559679.0-0/H1L1/H1/1Dsamps/mtotal_source_samps.png
/home/c1572221/public_html/LVC/make-zero-noise/BAM_q8a0_SNR_25_mode_HM_inc_0.0_M27_IMRPhenomD/lalinferencenest/IMRPhenomDthreePointFivePN/1167559679.0-0/H1L1/H1/1Dsamps/ra_acf.pdf
/home/c1572221/public_html/LVC/make-zero-noise/BAM_q8a0_SNR_25_mode_HM_inc_0.0_M27_IMRPhenomD/lalinferencenest/IMRPhenomDthreePointFivePN/1167559679.0-0/H1L1/H1/1Dsamps/dec_samps.pdf
/home/c1572221/public_html/LVC/make-zero-noise/BAM_q8a0_SNR_25_mode_HM_inc_0.0_M27_IMRPhenomD/lalinferencenest/IMRPhenomDthreePointFivePN/1167559679.0-0/H1L1/H1/1Dsamps/m2_samps.pdf
/home/c1572221/public_html/LVC/make-zero-noise/BAM_q8a0_SNR_25_mode_HM_inc_0.0_M27_IMRPhenomD/lalinferencenest/IMRPhenomDthreePointFivePN/1167559679.0-0/H1L1/H1/1Dsamps/m1_source_acf.pdf
/home/c1572221/public_html/LVC/make-zero-noise/BAM_q8a0_SNR_25_mode_HM_inc_0.0_M27_IMRPhenomD/lalinferencenest/IMRPhenomDthreePointFivePN/1167559679.0-0/H1L1/H1/1Dsamps/a2z_samps.png
/home/c1572221/public_html/LVC/make-zero-noise/BAM_q8a0_SNR_25_mode_HM_inc_0.0_M27_IMRPhenomD/lalinferencenest/IMRPhenomDthreePointFivePN/1167559679.0-0/H1L1/H1/1Dsamps/l1_end_time_samps.png
/home/c1572221/public_html/LVC/make-zero-noise/BAM_q8a0_SNR_25_mode_HM_inc_0.0_M27_IMRPhenomD/lalinferencenest/IMRPhenomDthreePointFivePN/1167559679.0-0/H1L1/H1/1Dsamps/a1z_acf.pdf
/home/c1572221/public_html/LVC/make-zero-noise/BAM_q8a0_SNR_25_mode_HM_inc_0.0_M27_IMRPhenomD/lalinferencenest/IMRPhenomDthreePointFivePN/1167559679.0-0/H1L1/H1/1Dsamps/a2z_acf.png
/home/c1572221/public_html/LVC/make-zero-noise/BAM_q8a0_SNR_25_mode_HM_inc_0.0_M27_IMRPhenomD/lalinferencenest/IMRPhenomDthreePointFivePN/1167559679.0-0/H1L1/H1/1Dsamps/matched_filter_snr_samps.png
/home/c1572221/public_html/LVC/make-zero-noise/BAM_q8a0_SNR_25_mode_HM_inc_0.0_M27_IMRPhenomD/lalinferencenest/IMRPhenomDthreePointFivePN/1167559679.0-0/H1L1/H1/1Dsamps/h1l1_delay_samps.png
/home/c1572221/public_html/LVC/make-zero-noise/BAM_q8a0_SNR_25_mode_HM_inc_0.0_M27_IMRPhenomD/lalinferencenest/IMRPhenomDthreePointFivePN/1167559679.0-0/H1L1/H1/1Dsamps/mf_samps.png
/home/c1572221/public_html/LVC/make-zero-noise/BAM_q8a0_SNR_25_mode_HM_inc_0.0_M27_IMRPhenomD/lalinferencenest/IMRPhenomDthreePointFivePN/1167559679.0-0/H1L1/H1/1Dsamps/psi_samps.pdf
/home/c1572221/public_html/LVC/make-zero-noise/BAM_q8a0_SNR_25_mode_HM_inc_0.0_M27_IMRPhenomD/lalinferencenest/IMRPhenomDthreePointFivePN/1167559679.0-0/H1L1/H1/1Dsamps/redshift_acf.pdf
/home/c1572221/public_html/LVC/make-zero-noise/BAM_q8a0_SNR_25_mode_HM_inc_0.0_M27_IMRPhenomD/lalinferencenest/IMRPhenomDthreePointFivePN/1167559679.0-0/H1L1/H1/1Dsamps/m2_acf.pdf
/home/c1572221/public_html/LVC/make-zero-noise/BAM_q8a0_SNR_25_mode_HM_inc_0.0_M27_IMRPhenomD/lalinferencenest/IMRPhenomDthreePointFivePN/1167559679.0-0/H1L1/H1/1Dsamps/h1_cplx_snr_amp_samps.pdf
/home/c1572221/public_html/LVC/make-zero-noise/BAM_q8a0_SNR_25_mode_HM_inc_0.0_M27_IMRPhenomD/lalinferencenest/IMRPhenomDthreePointFivePN/1167559679.0-0/H1L1/H1/1Dsamps/q_acf.png
/home/c1572221/public_html/LVC/make-zero-noise/BAM_q8a0_SNR_25_mode_HM_inc_0.0_M27_IMRPhenomD/lalinferencenest/IMRPhenomDthreePointFivePN/1167559679.0-0/H1L1/H1/1Dsamps/l1v1_delay_samps.pdf
/home/c1572221/public_html/LVC/make-zero-noise/BAM_q8a0_SNR_25_mode_HM_inc_0.0_M27_IMRPhenomD/lalinferencenest/IMRPhenomDthreePointFivePN/1167559679.0-0/H1L1/H1/1Dsamps/deltaloglh1_samps.png
/home/c1572221/public_html/LVC/make-zero-noise/BAM_q8a0_SNR_25_mode_HM_inc_0.0_M27_IMRPhenomD/lalinferencenest/IMRPhenomDthreePointFivePN/1167559679.0-0/H1L1/H1/1Dsamps/h1_end_time_samps.png
/home/c1572221/public_html/LVC/make-zero-noise/BAM_q8a0_SNR_25_mode_HM_inc_0.0_M27_IMRPhenomD/lalinferencenest/IMRPhenomDthreePointFivePN/1167559679.0-0/H1L1/H1/1Dsamps/logl_acf.pdf
/home/c1572221/public_html/LVC/make-zero-noise/BAM_q8a0_SNR_25_mode_HM_inc_0.0_M27_IMRPhenomD/lalinferencenest/IMRPhenomDthreePointFivePN/1167559679.0-0/H1L1/H1/1Dsamps/matched_filter_snr_samps.pdf
/home/c1572221/public_html/LVC/make-zero-noise/BAM_q8a0_SNR_25_mode_HM_inc_0.0_M27_IMRPhenomD/lalinferencenest/IMRPhenomDthreePointFivePN/1167559679.0-0/H1L1/H1/1Dsamps/e_rad_acf.png
/home/c1572221/public_html/LVC/make-zero-noise/BAM_q8a0_SNR_25_mode_HM_inc_0.0_M27_IMRPhenomD/lalinferencenest/IMRPhenomDthreePointFivePN/1167559679.0-0/H1L1/H1/1Dsamps/matched_filter_snr_acf.pdf
/home/c1572221/public_html/LVC/make-zero-noise/BAM_q8a0_SNR_25_mode_HM_inc_0.0_M27_IMRPhenomD/lalinferencenest/IMRPhenomDthreePointFivePN/1167559679.0-0/H1L1/H1/1Dsamps/mf_source_samps.pdf
/home/c1572221/public_html/LVC/make-zero-noise/BAM_q8a0_SNR_25_mode_HM_inc_0.0_M27_IMRPhenomD/lalinferencenest/IMRPhenomDthreePointFivePN/1167559679.0-0/H1L1/H1/1Dsamps/time_samps.png
/home/c1572221/public_html/LVC/make-zero-noise/BAM_q8a0_SNR_25_mode_HM_inc_0.0_M27_IMRPhenomD/lalinferencenest/IMRPhenomDthreePointFivePN/1167559679.0-0/H1L1/H1/1Dsamps/m2_acf.png
/home/c1572221/public_html/LVC/make-zero-noise/BAM_q8a0_SNR_25_mode_HM_inc_0.0_M27_IMRPhenomD/lalinferencenest/IMRPhenomDthreePointFivePN/1167559679.0-0/H1L1/H1/1Dsamps/optimal_snr_acf.pdf
/home/c1572221/public_html/LVC/make-zero-noise/BAM_q8a0_SNR_25_mode_HM_inc_0.0_M27_IMRPhenomD/lalinferencenest/IMRPhenomDthreePointFivePN/1167559679.0-0/H1L1/H1/1Dsamps/h1_cplx_snr_amp_acf.png
/home/c1572221/public_html/LVC/make-zero-noise/BAM_q8a0_SNR_25_mode_HM_inc_0.0_M27_IMRPhenomD/lalinferencenest/IMRPhenomDthreePointFivePN/1167559679.0-0/H1L1/H1/1Dsamps/h1l1_delay_acf.pdf
/home/c1572221/public_html/LVC/make-zero-noise/BAM_q8a0_SNR_25_mode_HM_inc_0.0_M27_IMRPhenomD/lalinferencenest/IMRPhenomDthreePointFivePN/1167559679.0-0/H1L1/H1/1Dsamps/v1_end_time_samps.png
/home/c1572221/public_html/LVC/make-zero-noise/BAM_q8a0_SNR_25_mode_HM_inc_0.0_M27_IMRPhenomD/lalinferencenest/IMRPhenomDthreePointFivePN/1167559679.0-0/H1L1/H1/1Dsamps/a1_acf.pdf
/home/c1572221/public_html/LVC/make-zero-noise/BAM_q8a0_SNR_25_mode_HM_inc_0.0_M27_IMRPhenomD/lalinferencenest/IMRPhenomDthreePointFivePN/1167559679.0-0/H1L1/H1/1Dsamps/redshift_acf.png
/home/c1572221/public_html/LVC/make-zero-noise/BAM_q8a0_SNR_25_mode_HM_inc_0.0_M27_IMRPhenomD/lalinferencenest/IMRPhenomDthreePointFivePN/1167559679.0-0/H1L1/H1/1Dsamps/costheta_jn_acf.pdf
/home/c1572221/public_html/LVC/make-zero-noise/BAM_q8a0_SNR_25_mode_HM_inc_0.0_M27_IMRPhenomD/lalinferencenest/IMRPhenomDthreePointFivePN/1167559679.0-0/H1L1/H1/1Dsamps/e_rad_acf.pdf
/home/c1572221/public_html/LVC/make-zero-noise/BAM_q8a0_SNR_25_mode_HM_inc_0.0_M27_IMRPhenomD/lalinferencenest/IMRPhenomDthreePointFivePN/1167559679.0-0/H1L1/H1/1Dsamps/logprior_samps.pdf
/home/c1572221/public_html/LVC/make-zero-noise/BAM_q8a0_SNR_25_mode_HM_inc_0.0_M27_IMRPhenomD/lalinferencenest/IMRPhenomDthreePointFivePN/1167559679.0-0/H1L1/H1/1Dsamps/m1_acf.pdf
/home/c1572221/public_html/LVC/make-zero-noise/BAM_q8a0_SNR_25_mode_HM_inc_0.0_M27_IMRPhenomD/lalinferencenest/IMRPhenomDthreePointFivePN/1167559679.0-0/H1L1/H1/1Dsamps/phase_samps.png
/home/c1572221/public_html/LVC/make-zero-noise/BAM_q8a0_SNR_25_mode_HM_inc_0.0_M27_IMRPhenomD/lalinferencenest/IMRPhenomDthreePointFivePN/1167559679.0-0/H1L1/H1/1Dsamps/costheta_jn_samps.png
/home/c1572221/public_html/LVC/make-zero-noise/BAM_q8a0_SNR_25_mode_HM_inc_0.0_M27_IMRPhenomD/lalinferencenest/IMRPhenomDthreePointFivePN/1167559679.0-0/H1L1/H1/1Dsamps/logprior_acf.png
/home/c1572221/public_html/LVC/make-zero-noise/BAM_q8a0_SNR_25_mode_HM_inc_0.0_M27_IMRPhenomD/lalinferencenest/IMRPhenomDthreePointFivePN/1167559679.0-0/H1L1/H1/1Dsamps/h1v1_delay_samps.pdf
/home/c1572221/public_html/LVC/make-zero-noise/BAM_q8a0_SNR_25_mode_HM_inc_0.0_M27_IMRPhenomD/lalinferencenest/IMRPhenomDthreePointFivePN/1167559679.0-0/H1L1/H1/1Dsamps/af_samps.pdf
/home/c1572221/public_html/LVC/make-zero-noise/BAM_q8a0_SNR_25_mode_HM_inc_0.0_M27_IMRPhenomD/lalinferencenest/IMRPhenomDthreePointFivePN/1167559679.0-0/H1L1/H1/1Dsamps/a1_samps.pdf
/home/c1572221/public_html/LVC/make-zero-noise/BAM_q8a0_SNR_25_mode_HM_inc_0.0_M27_IMRPhenomD/lalinferencenest/IMRPhenomDthreePointFivePN/1167559679.0-0/H1L1/H1/1Dsamps/costheta_jn_acf.png
/home/c1572221/public_html/LVC/make-zero-noise/BAM_q8a0_SNR_25_mode_HM_inc_0.0_M27_IMRPhenomD/lalinferencenest/IMRPhenomDthreePointFivePN/1167559679.0-0/H1L1/H1/1Dsamps/mf_source_acf.pdf
/home/c1572221/public_html/LVC/make-zero-noise/BAM_q8a0_SNR_25_mode_HM_inc_0.0_M27_IMRPhenomD/lalinferencenest/IMRPhenomDthreePointFivePN/1167559679.0-0/H1L1/H1/1Dsamps/theta_jn_samps.png
/home/c1572221/public_html/LVC/make-zero-noise/BAM_q8a0_SNR_25_mode_HM_inc_0.0_M27_IMRPhenomD/lalinferencenest/IMRPhenomDthreePointFivePN/1167559679.0-0/H1L1/H1/1Dsamps/af_samps.png
/home/c1572221/public_html/LVC/make-zero-noise/BAM_q8a0_SNR_25_mode_HM_inc_0.0_M27_IMRPhenomD/lalinferencenest/IMRPhenomDthreePointFivePN/1167559679.0-0/H1L1/H1/1Dsamps/dec_acf.png
/home/c1572221/public_html/LVC/make-zero-noise/BAM_q8a0_SNR_25_mode_HM_inc_0.0_M27_IMRPhenomD/lalinferencenest/IMRPhenomDthreePointFivePN/1167559679.0-0/H1L1/H1/1Dsamps/ra_acf.png
/home/c1572221/public_html/LVC/make-zero-noise/BAM_q8a0_SNR_25_mode_HM_inc_0.0_M27_IMRPhenomD/lalinferencenest/IMRPhenomDthreePointFivePN/1167559679.0-0/H1L1/H1/1Dsamps/deltalogl_acf.png
/home/c1572221/public_html/LVC/make-zero-noise/BAM_q8a0_SNR_25_mode_HM_inc_0.0_M27_IMRPhenomD/lalinferencenest/IMRPhenomDthreePointFivePN/1167559679.0-0/H1L1/H1/1Dsamps/chi_eff_acf.png
/home/c1572221/public_html/LVC/make-zero-noise/BAM_q8a0_SNR_25_mode_HM_inc_0.0_M27_IMRPhenomD/lalinferencenest/IMRPhenomDthreePointFivePN/1167559679.0-0/H1L1/H1/1Dsamps/time_acf.png
/home/c1572221/public_html/LVC/make-zero-noise/BAM_q8a0_SNR_25_mode_HM_inc_0.0_M27_IMRPhenomD/lalinferencenest/IMRPhenomDthreePointFivePN/1167559679.0-0/H1L1/H1/1Dsamps/deltalogl_acf.pdf
/home/c1572221/public_html/LVC/make-zero-noise/BAM_q8a0_SNR_25_mode_HM_inc_0.0_M27_IMRPhenomD/lalinferencenest/IMRPhenomDthreePointFivePN/1167559679.0-0/H1L1/H1/1Dsamps/mtotal_source_acf.png
/home/c1572221/public_html/LVC/make-zero-noise/BAM_q8a0_SNR_25_mode_HM_inc_0.0_M27_IMRPhenomD/lalinferencenest/IMRPhenomDthreePointFivePN/1167559679.0-0/H1L1/H1/1Dsamps/dec_samps.png
/home/c1572221/public_html/LVC/make-zero-noise/BAM_q8a0_SNR_25_mode_HM_inc_0.0_M27_IMRPhenomD/lalinferencenest/IMRPhenomDthreePointFivePN/1167559679.0-0/H1L1/H1/1Dsamps/m1_samps.pdf
/home/c1572221/public_html/LVC/make-zero-noise/BAM_q8a0_SNR_25_mode_HM_inc_0.0_M27_IMRPhenomD/lalinferencenest/IMRPhenomDthreePointFivePN/1167559679.0-0/H1L1/H1/1Dsamps/h1_cplx_snr_arg_samps.png
/home/c1572221/public_html/LVC/make-zero-noise/BAM_q8a0_SNR_25_mode_HM_inc_0.0_M27_IMRPhenomD/lalinferencenest/IMRPhenomDthreePointFivePN/1167559679.0-0/H1L1/H1/1Dsamps/h1l1_delay_samps.pdf
/home/c1572221/public_html/LVC/make-zero-noise/BAM_q8a0_SNR_25_mode_HM_inc_0.0_M27_IMRPhenomD/lalinferencenest/IMRPhenomDthreePointFivePN/1167559679.0-0/H1L1/H1/1Dsamps/l_peak_acf.png
/home/c1572221/public_html/LVC/make-zero-noise/BAM_q8a0_SNR_25_mode_HM_inc_0.0_M27_IMRPhenomD/lalinferencenest/IMRPhenomDthreePointFivePN/1167559679.0-0/H1L1/H1/1Dsamps/logl_acf.png
/home/c1572221/public_html/LVC/make-zero-noise/BAM_q8a0_SNR_25_mode_HM_inc_0.0_M27_IMRPhenomD/lalinferencenest/IMRPhenomDthreePointFivePN/1167559679.0-0/H1L1/H1/1Dsamps/ra_samps.png
/home/c1572221/public_html/LVC/make-zero-noise/BAM_q8a0_SNR_25_mode_HM_inc_0.0_M27_IMRPhenomD/lalinferencenest/IMRPhenomDthreePointFivePN/1167559679.0-0/H1L1/H1/1Dsamps/deltalogl_samps.pdf
/home/c1572221/public_html/LVC/make-zero-noise/BAM_q8a0_SNR_25_mode_HM_inc_0.0_M27_IMRPhenomD/lalinferencenest/IMRPhenomDthreePointFivePN/1167559679.0-0/H1L1/H1/1Dsamps/distance_acf.pdf
/home/c1572221/public_html/LVC/make-zero-noise/BAM_q8a0_SNR_25_mode_HM_inc_0.0_M27_IMRPhenomD/lalinferencenest/IMRPhenomDthreePointFivePN/1167559679.0-0/H1L1/H1/1Dsamps/h1_cplx_snr_arg_acf.pdf
/home/c1572221/public_html/LVC/make-zero-noise/BAM_q8a0_SNR_25_mode_HM_inc_0.0_M27_IMRPhenomD/lalinferencenest/IMRPhenomDthreePointFivePN/1167559679.0-0/H1L1/H1/1Dsamps/mc_source_acf.pdf
/home/c1572221/public_html/LVC/make-zero-noise/BAM_q8a0_SNR_25_mode_HM_inc_0.0_M27_IMRPhenomD/lalinferencenest/IMRPhenomDthreePointFivePN/1167559679.0-0/H1L1/H1/1Dsamps/mc_source_acf.png
/home/c1572221/public_html/LVC/make-zero-noise/BAM_q8a0_SNR_25_mode_HM_inc_0.0_M27_IMRPhenomD/lalinferencenest/IMRPhenomDthreePointFivePN/1167559679.0-0/H1L1/H1/1Dsamps/eta_samps.pdf
/home/c1572221/public_html/LVC/make-zero-noise/BAM_q8a0_SNR_25_mode_HM_inc_0.0_M27_IMRPhenomD/lalinferencenest/IMRPhenomDthreePointFivePN/1167559679.0-0/H1L1/H1/1Dsamps/a2_samps.png
/home/c1572221/public_html/LVC/make-zero-noise/BAM_q8a0_SNR_25_mode_HM_inc_0.0_M27_IMRPhenomD/lalinferencenest/IMRPhenomDthreePointFivePN/1167559679.0-0/H1L1/H1/1Dsamps/dec_acf.pdf
/home/c1572221/public_html/LVC/make-zero-noise/BAM_q8a0_SNR_25_mode_HM_inc_0.0_M27_IMRPhenomD/lalinferencenest/IMRPhenomDthreePointFivePN/1167559679.0-0/H1L1/H1/1Dsamps/eta_acf.pdf
/home/c1572221/public_html/LVC/make-zero-noise/BAM_q8a0_SNR_25_mode_HM_inc_0.0_M27_IMRPhenomD/lalinferencenest/IMRPhenomDthreePointFivePN/1167559679.0-0/H1L1/H1/1Dsamps/a2_acf.png
/home/c1572221/public_html/LVC/make-zero-noise/BAM_q8a0_SNR_25_mode_HM_inc_0.0_M27_IMRPhenomD/lalinferencenest/IMRPhenomDthreePointFivePN/1167559679.0-0/H1L1/H1/dic.dat
/home/c1572221/public_html/LVC/make-zero-noise/BAM_q8a0_SNR_25_mode_HM_inc_0.0_M27_IMRPhenomD/lalinferencenest/IMRPhenomDthreePointFivePN/1167559679.0-0/H1L1/H1/1Dpdf/
/home/c1572221/public_html/LVC/make-zero-noise/BAM_q8a0_SNR_25_mode_HM_inc_0.0_M27_IMRPhenomD/lalinferencenest/IMRPhenomDthreePointFivePN/1167559679.0-0/H1L1/H1/1Dpdf/e_rad.pdf
/home/c1572221/public_html/LVC/make-zero-noise/BAM_q8a0_SNR_25_mode_HM_inc_0.0_M27_IMRPhenomD/lalinferencenest/IMRPhenomDthreePointFivePN/1167559679.0-0/H1L1/H1/1Dpdf/ra.png
/home/c1572221/public_html/LVC/make-zero-noise/BAM_q8a0_SNR_25_mode_HM_inc_0.0_M27_IMRPhenomD/lalinferencenest/IMRPhenomDthreePointFivePN/1167559679.0-0/H1L1/H1/1Dpdf/m2_source.png
/home/c1572221/public_html/LVC/make-zero-noise/BAM_q8a0_SNR_25_mode_HM_inc_0.0_M27_IMRPhenomD/lalinferencenest/IMRPhenomDthreePointFivePN/1167559679.0-0/H1L1/H1/1Dpdf/logprior.png
/home/c1572221/public_html/LVC/make-zero-noise/BAM_q8a0_SNR_25_mode_HM_inc_0.0_M27_IMRPhenomD/lalinferencenest/IMRPhenomDthreePointFivePN/1167559679.0-0/H1L1/H1/1Dpdf/theta_jn.pdf
/home/c1572221/public_html/LVC/make-zero-noise/BAM_q8a0_SNR_25_mode_HM_inc_0.0_M27_IMRPhenomD/lalinferencenest/IMRPhenomDthreePointFivePN/1167559679.0-0/H1L1/H1/1Dpdf/phase.png
/home/c1572221/public_html/LVC/make-zero-noise/BAM_q8a0_SNR_25_mode_HM_inc_0.0_M27_IMRPhenomD/lalinferencenest/IMRPhenomDthreePointFivePN/1167559679.0-0/H1L1/H1/1Dpdf/h1_end_time.pdf
/home/c1572221/public_html/LVC/make-zero-noise/BAM_q8a0_SNR_25_mode_HM_inc_0.0_M27_IMRPhenomD/lalinferencenest/IMRPhenomDthreePointFivePN/1167559679.0-0/H1L1/H1/1Dpdf/logprior.pdf
/home/c1572221/public_html/LVC/make-zero-noise/BAM_q8a0_SNR_25_mode_HM_inc_0.0_M27_IMRPhenomD/lalinferencenest/IMRPhenomDthreePointFivePN/1167559679.0-0/H1L1/H1/1Dpdf/dec.pdf
/home/c1572221/public_html/LVC/make-zero-noise/BAM_q8a0_SNR_25_mode_HM_inc_0.0_M27_IMRPhenomD/lalinferencenest/IMRPhenomDthreePointFivePN/1167559679.0-0/H1L1/H1/1Dpdf/mtotal.pdf
/home/c1572221/public_html/LVC/make-zero-noise/BAM_q8a0_SNR_25_mode_HM_inc_0.0_M27_IMRPhenomD/lalinferencenest/IMRPhenomDthreePointFivePN/1167559679.0-0/H1L1/H1/1Dpdf/h1_cplx_snr_arg.pdf
/home/c1572221/public_html/LVC/make-zero-noise/BAM_q8a0_SNR_25_mode_HM_inc_0.0_M27_IMRPhenomD/lalinferencenest/IMRPhenomDthreePointFivePN/1167559679.0-0/H1L1/H1/1Dpdf/af.pdf
/home/c1572221/public_html/LVC/make-zero-noise/BAM_q8a0_SNR_25_mode_HM_inc_0.0_M27_IMRPhenomD/lalinferencenest/IMRPhenomDthreePointFivePN/1167559679.0-0/H1L1/H1/1Dpdf/q.pdf
/home/c1572221/public_html/LVC/make-zero-noise/BAM_q8a0_SNR_25_mode_HM_inc_0.0_M27_IMRPhenomD/lalinferencenest/IMRPhenomDthreePointFivePN/1167559679.0-0/H1L1/H1/1Dpdf/m1.pdf
/home/c1572221/public_html/LVC/make-zero-noise/BAM_q8a0_SNR_25_mode_HM_inc_0.0_M27_IMRPhenomD/lalinferencenest/IMRPhenomDthreePointFivePN/1167559679.0-0/H1L1/H1/1Dpdf/deltalogl.pdf
/home/c1572221/public_html/LVC/make-zero-noise/BAM_q8a0_SNR_25_mode_HM_inc_0.0_M27_IMRPhenomD/lalinferencenest/IMRPhenomDthreePointFivePN/1167559679.0-0/H1L1/H1/1Dpdf/a1.png
/home/c1572221/public_html/LVC/make-zero-noise/BAM_q8a0_SNR_25_mode_HM_inc_0.0_M27_IMRPhenomD/lalinferencenest/IMRPhenomDthreePointFivePN/1167559679.0-0/H1L1/H1/1Dpdf/a1.pdf
/home/c1572221/public_html/LVC/make-zero-noise/BAM_q8a0_SNR_25_mode_HM_inc_0.0_M27_IMRPhenomD/lalinferencenest/IMRPhenomDthreePointFivePN/1167559679.0-0/H1L1/H1/1Dpdf/psi.pdf
/home/c1572221/public_html/LVC/make-zero-noise/BAM_q8a0_SNR_25_mode_HM_inc_0.0_M27_IMRPhenomD/lalinferencenest/IMRPhenomDthreePointFivePN/1167559679.0-0/H1L1/H1/1Dpdf/time.pdf
/home/c1572221/public_html/LVC/make-zero-noise/BAM_q8a0_SNR_25_mode_HM_inc_0.0_M27_IMRPhenomD/lalinferencenest/IMRPhenomDthreePointFivePN/1167559679.0-0/H1L1/H1/1Dpdf/h1_end_time.png
/home/c1572221/public_html/LVC/make-zero-noise/BAM_q8a0_SNR_25_mode_HM_inc_0.0_M27_IMRPhenomD/lalinferencenest/IMRPhenomDthreePointFivePN/1167559679.0-0/H1L1/H1/1Dpdf/v1_end_time.png
/home/c1572221/public_html/LVC/make-zero-noise/BAM_q8a0_SNR_25_mode_HM_inc_0.0_M27_IMRPhenomD/lalinferencenest/IMRPhenomDthreePointFivePN/1167559679.0-0/H1L1/H1/1Dpdf/redshift.png
/home/c1572221/public_html/LVC/make-zero-noise/BAM_q8a0_SNR_25_mode_HM_inc_0.0_M27_IMRPhenomD/lalinferencenest/IMRPhenomDthreePointFivePN/1167559679.0-0/H1L1/H1/1Dpdf/h1_cplx_snr_amp.png
/home/c1572221/public_html/LVC/make-zero-noise/BAM_q8a0_SNR_25_mode_HM_inc_0.0_M27_IMRPhenomD/lalinferencenest/IMRPhenomDthreePointFivePN/1167559679.0-0/H1L1/H1/1Dpdf/mf.png
/home/c1572221/public_html/LVC/make-zero-noise/BAM_q8a0_SNR_25_mode_HM_inc_0.0_M27_IMRPhenomD/lalinferencenest/IMRPhenomDthreePointFivePN/1167559679.0-0/H1L1/H1/1Dpdf/distance.pdf
/home/c1572221/public_html/LVC/make-zero-noise/BAM_q8a0_SNR_25_mode_HM_inc_0.0_M27_IMRPhenomD/lalinferencenest/IMRPhenomDthreePointFivePN/1167559679.0-0/H1L1/H1/1Dpdf/logl.png
/home/c1572221/public_html/LVC/make-zero-noise/BAM_q8a0_SNR_25_mode_HM_inc_0.0_M27_IMRPhenomD/lalinferencenest/IMRPhenomDthreePointFivePN/1167559679.0-0/H1L1/H1/1Dpdf/a1z.png
/home/c1572221/public_html/LVC/make-zero-noise/BAM_q8a0_SNR_25_mode_HM_inc_0.0_M27_IMRPhenomD/lalinferencenest/IMRPhenomDthreePointFivePN/1167559679.0-0/H1L1/H1/1Dpdf/mtotal.png
/home/c1572221/public_html/LVC/make-zero-noise/BAM_q8a0_SNR_25_mode_HM_inc_0.0_M27_IMRPhenomD/lalinferencenest/IMRPhenomDthreePointFivePN/1167559679.0-0/H1L1/H1/1Dpdf/l1_end_time.png
/home/c1572221/public_html/LVC/make-zero-noise/BAM_q8a0_SNR_25_mode_HM_inc_0.0_M27_IMRPhenomD/lalinferencenest/IMRPhenomDthreePointFivePN/1167559679.0-0/H1L1/H1/1Dpdf/costheta_jn.pdf
/home/c1572221/public_html/LVC/make-zero-noise/BAM_q8a0_SNR_25_mode_HM_inc_0.0_M27_IMRPhenomD/lalinferencenest/IMRPhenomDthreePointFivePN/1167559679.0-0/H1L1/H1/1Dpdf/h1v1_delay.pdf
/home/c1572221/public_html/LVC/make-zero-noise/BAM_q8a0_SNR_25_mode_HM_inc_0.0_M27_IMRPhenomD/lalinferencenest/IMRPhenomDthreePointFivePN/1167559679.0-0/H1L1/H1/1Dpdf/h1_cplx_snr_arg.png
/home/c1572221/public_html/LVC/make-zero-noise/BAM_q8a0_SNR_25_mode_HM_inc_0.0_M27_IMRPhenomD/lalinferencenest/IMRPhenomDthreePointFivePN/1167559679.0-0/H1L1/H1/1Dpdf/m1_source.png
/home/c1572221/public_html/LVC/make-zero-noise/BAM_q8a0_SNR_25_mode_HM_inc_0.0_M27_IMRPhenomD/lalinferencenest/IMRPhenomDthreePointFivePN/1167559679.0-0/H1L1/H1/1Dpdf/a2z.pdf
/home/c1572221/public_html/LVC/make-zero-noise/BAM_q8a0_SNR_25_mode_HM_inc_0.0_M27_IMRPhenomD/lalinferencenest/IMRPhenomDthreePointFivePN/1167559679.0-0/H1L1/H1/1Dpdf/chi_eff.pdf
/home/c1572221/public_html/LVC/make-zero-noise/BAM_q8a0_SNR_25_mode_HM_inc_0.0_M27_IMRPhenomD/lalinferencenest/IMRPhenomDthreePointFivePN/1167559679.0-0/H1L1/H1/1Dpdf/deltaloglh1.png
/home/c1572221/public_html/LVC/make-zero-noise/BAM_q8a0_SNR_25_mode_HM_inc_0.0_M27_IMRPhenomD/lalinferencenest/IMRPhenomDthreePointFivePN/1167559679.0-0/H1L1/H1/1Dpdf/optimal_snr.png
/home/c1572221/public_html/LVC/make-zero-noise/BAM_q8a0_SNR_25_mode_HM_inc_0.0_M27_IMRPhenomD/lalinferencenest/IMRPhenomDthreePointFivePN/1167559679.0-0/H1L1/H1/1Dpdf/m1_source.pdf
/home/c1572221/public_html/LVC/make-zero-noise/BAM_q8a0_SNR_25_mode_HM_inc_0.0_M27_IMRPhenomD/lalinferencenest/IMRPhenomDthreePointFivePN/1167559679.0-0/H1L1/H1/1Dpdf/mf.pdf
/home/c1572221/public_html/LVC/make-zero-noise/BAM_q8a0_SNR_25_mode_HM_inc_0.0_M27_IMRPhenomD/lalinferencenest/IMRPhenomDthreePointFivePN/1167559679.0-0/H1L1/H1/1Dpdf/costheta_jn.png
/home/c1572221/public_html/LVC/make-zero-noise/BAM_q8a0_SNR_25_mode_HM_inc_0.0_M27_IMRPhenomD/lalinferencenest/IMRPhenomDthreePointFivePN/1167559679.0-0/H1L1/H1/1Dpdf/matched_filter_snr.png
/home/c1572221/public_html/LVC/make-zero-noise/BAM_q8a0_SNR_25_mode_HM_inc_0.0_M27_IMRPhenomD/lalinferencenest/IMRPhenomDthreePointFivePN/1167559679.0-0/H1L1/H1/1Dpdf/time.png
/home/c1572221/public_html/LVC/make-zero-noise/BAM_q8a0_SNR_25_mode_HM_inc_0.0_M27_IMRPhenomD/lalinferencenest/IMRPhenomDthreePointFivePN/1167559679.0-0/H1L1/H1/1Dpdf/m2.png
/home/c1572221/public_html/LVC/make-zero-noise/BAM_q8a0_SNR_25_mode_HM_inc_0.0_M27_IMRPhenomD/lalinferencenest/IMRPhenomDthreePointFivePN/1167559679.0-0/H1L1/H1/1Dpdf/eta.pdf
/home/c1572221/public_html/LVC/make-zero-noise/BAM_q8a0_SNR_25_mode_HM_inc_0.0_M27_IMRPhenomD/lalinferencenest/IMRPhenomDthreePointFivePN/1167559679.0-0/H1L1/H1/1Dpdf/theta_jn.png
/home/c1572221/public_html/LVC/make-zero-noise/BAM_q8a0_SNR_25_mode_HM_inc_0.0_M27_IMRPhenomD/lalinferencenest/IMRPhenomDthreePointFivePN/1167559679.0-0/H1L1/H1/1Dpdf/af.png
/home/c1572221/public_html/LVC/make-zero-noise/BAM_q8a0_SNR_25_mode_HM_inc_0.0_M27_IMRPhenomD/lalinferencenest/IMRPhenomDthreePointFivePN/1167559679.0-0/H1L1/H1/1Dpdf/l1v1_delay.pdf
/home/c1572221/public_html/LVC/make-zero-noise/BAM_q8a0_SNR_25_mode_HM_inc_0.0_M27_IMRPhenomD/lalinferencenest/IMRPhenomDthreePointFivePN/1167559679.0-0/H1L1/H1/1Dpdf/l1_end_time.pdf
/home/c1572221/public_html/LVC/make-zero-noise/BAM_q8a0_SNR_25_mode_HM_inc_0.0_M27_IMRPhenomD/lalinferencenest/IMRPhenomDthreePointFivePN/1167559679.0-0/H1L1/H1/1Dpdf/e_rad.png
/home/c1572221/public_html/LVC/make-zero-noise/BAM_q8a0_SNR_25_mode_HM_inc_0.0_M27_IMRPhenomD/lalinferencenest/IMRPhenomDthreePointFivePN/1167559679.0-0/H1L1/H1/1Dpdf/h1_cplx_snr_amp.pdf
/home/c1572221/public_html/LVC/make-zero-noise/BAM_q8a0_SNR_25_mode_HM_inc_0.0_M27_IMRPhenomD/lalinferencenest/IMRPhenomDthreePointFivePN/1167559679.0-0/H1L1/H1/1Dpdf/chi_eff.png
/home/c1572221/public_html/LVC/make-zero-noise/BAM_q8a0_SNR_25_mode_HM_inc_0.0_M27_IMRPhenomD/lalinferencenest/IMRPhenomDthreePointFivePN/1167559679.0-0/H1L1/H1/1Dpdf/ra.pdf
/home/c1572221/public_html/LVC/make-zero-noise/BAM_q8a0_SNR_25_mode_HM_inc_0.0_M27_IMRPhenomD/lalinferencenest/IMRPhenomDthreePointFivePN/1167559679.0-0/H1L1/H1/1Dpdf/h1_optimal_snr.png
/home/c1572221/public_html/LVC/make-zero-noise/BAM_q8a0_SNR_25_mode_HM_inc_0.0_M27_IMRPhenomD/lalinferencenest/IMRPhenomDthreePointFivePN/1167559679.0-0/H1L1/H1/1Dpdf/a2.png
/home/c1572221/public_html/LVC/make-zero-noise/BAM_q8a0_SNR_25_mode_HM_inc_0.0_M27_IMRPhenomD/lalinferencenest/IMRPhenomDthreePointFivePN/1167559679.0-0/H1L1/H1/1Dpdf/psi.png
/home/c1572221/public_html/LVC/make-zero-noise/BAM_q8a0_SNR_25_mode_HM_inc_0.0_M27_IMRPhenomD/lalinferencenest/IMRPhenomDthreePointFivePN/1167559679.0-0/H1L1/H1/1Dpdf/distance.png
/home/c1572221/public_html/LVC/make-zero-noise/BAM_q8a0_SNR_25_mode_HM_inc_0.0_M27_IMRPhenomD/lalinferencenest/IMRPhenomDthreePointFivePN/1167559679.0-0/H1L1/H1/1Dpdf/a2.pdf
/home/c1572221/public_html/LVC/make-zero-noise/BAM_q8a0_SNR_25_mode_HM_inc_0.0_M27_IMRPhenomD/lalinferencenest/IMRPhenomDthreePointFivePN/1167559679.0-0/H1L1/H1/1Dpdf/v1_end_time.pdf
/home/c1572221/public_html/LVC/make-zero-noise/BAM_q8a0_SNR_25_mode_HM_inc_0.0_M27_IMRPhenomD/lalinferencenest/IMRPhenomDthreePointFivePN/1167559679.0-0/H1L1/H1/1Dpdf/m1.png
/home/c1572221/public_html/LVC/make-zero-noise/BAM_q8a0_SNR_25_mode_HM_inc_0.0_M27_IMRPhenomD/lalinferencenest/IMRPhenomDthreePointFivePN/1167559679.0-0/H1L1/H1/1Dpdf/h1l1_delay.pdf
/home/c1572221/public_html/LVC/make-zero-noise/BAM_q8a0_SNR_25_mode_HM_inc_0.0_M27_IMRPhenomD/lalinferencenest/IMRPhenomDthreePointFivePN/1167559679.0-0/H1L1/H1/1Dpdf/mc_source.pdf
/home/c1572221/public_html/LVC/make-zero-noise/BAM_q8a0_SNR_25_mode_HM_inc_0.0_M27_IMRPhenomD/lalinferencenest/IMRPhenomDthreePointFivePN/1167559679.0-0/H1L1/H1/1Dpdf/mf_source.pdf
/home/c1572221/public_html/LVC/make-zero-noise/BAM_q8a0_SNR_25_mode_HM_inc_0.0_M27_IMRPhenomD/lalinferencenest/IMRPhenomDthreePointFivePN/1167559679.0-0/H1L1/H1/1Dpdf/phase.pdf
/home/c1572221/public_html/LVC/make-zero-noise/BAM_q8a0_SNR_25_mode_HM_inc_0.0_M27_IMRPhenomD/lalinferencenest/IMRPhenomDthreePointFivePN/1167559679.0-0/H1L1/H1/1Dpdf/mc.pdf
/home/c1572221/public_html/LVC/make-zero-noise/BAM_q8a0_SNR_25_mode_HM_inc_0.0_M27_IMRPhenomD/lalinferencenest/IMRPhenomDthreePointFivePN/1167559679.0-0/H1L1/H1/1Dpdf/mc_source.png
/home/c1572221/public_html/LVC/make-zero-noise/BAM_q8a0_SNR_25_mode_HM_inc_0.0_M27_IMRPhenomD/lalinferencenest/IMRPhenomDthreePointFivePN/1167559679.0-0/H1L1/H1/1Dpdf/m2_source.pdf
/home/c1572221/public_html/LVC/make-zero-noise/BAM_q8a0_SNR_25_mode_HM_inc_0.0_M27_IMRPhenomD/lalinferencenest/IMRPhenomDthreePointFivePN/1167559679.0-0/H1L1/H1/1Dpdf/logl.pdf
/home/c1572221/public_html/LVC/make-zero-noise/BAM_q8a0_SNR_25_mode_HM_inc_0.0_M27_IMRPhenomD/lalinferencenest/IMRPhenomDthreePointFivePN/1167559679.0-0/H1L1/H1/1Dpdf/redshift.pdf
/home/c1572221/public_html/LVC/make-zero-noise/BAM_q8a0_SNR_25_mode_HM_inc_0.0_M27_IMRPhenomD/lalinferencenest/IMRPhenomDthreePointFivePN/1167559679.0-0/H1L1/H1/1Dpdf/mtotal_source.png
/home/c1572221/public_html/LVC/make-zero-noise/BAM_q8a0_SNR_25_mode_HM_inc_0.0_M27_IMRPhenomD/lalinferencenest/IMRPhenomDthreePointFivePN/1167559679.0-0/H1L1/H1/1Dpdf/l_peak.pdf
/home/c1572221/public_html/LVC/make-zero-noise/BAM_q8a0_SNR_25_mode_HM_inc_0.0_M27_IMRPhenomD/lalinferencenest/IMRPhenomDthreePointFivePN/1167559679.0-0/H1L1/H1/1Dpdf/a1z.pdf
/home/c1572221/public_html/LVC/make-zero-noise/BAM_q8a0_SNR_25_mode_HM_inc_0.0_M27_IMRPhenomD/lalinferencenest/IMRPhenomDthreePointFivePN/1167559679.0-0/H1L1/H1/1Dpdf/mc.png
/home/c1572221/public_html/LVC/make-zero-noise/BAM_q8a0_SNR_25_mode_HM_inc_0.0_M27_IMRPhenomD/lalinferencenest/IMRPhenomDthreePointFivePN/1167559679.0-0/H1L1/H1/1Dpdf/eta.png
/home/c1572221/public_html/LVC/make-zero-noise/BAM_q8a0_SNR_25_mode_HM_inc_0.0_M27_IMRPhenomD/lalinferencenest/IMRPhenomDthreePointFivePN/1167559679.0-0/H1L1/H1/1Dpdf/m2.pdf
/home/c1572221/public_html/LVC/make-zero-noise/BAM_q8a0_SNR_25_mode_HM_inc_0.0_M27_IMRPhenomD/lalinferencenest/IMRPhenomDthreePointFivePN/1167559679.0-0/H1L1/H1/1Dpdf/mtotal_source.pdf
/home/c1572221/public_html/LVC/make-zero-noise/BAM_q8a0_SNR_25_mode_HM_inc_0.0_M27_IMRPhenomD/lalinferencenest/IMRPhenomDthreePointFivePN/1167559679.0-0/H1L1/H1/1Dpdf/optimal_snr.pdf
/home/c1572221/public_html/LVC/make-zero-noise/BAM_q8a0_SNR_25_mode_HM_inc_0.0_M27_IMRPhenomD/lalinferencenest/IMRPhenomDthreePointFivePN/1167559679.0-0/H1L1/H1/1Dpdf/h1v1_delay.png
/home/c1572221/public_html/LVC/make-zero-noise/BAM_q8a0_SNR_25_mode_HM_inc_0.0_M27_IMRPhenomD/lalinferencenest/IMRPhenomDthreePointFivePN/1167559679.0-0/H1L1/H1/1Dpdf/l1v1_delay.png
/home/c1572221/public_html/LVC/make-zero-noise/BAM_q8a0_SNR_25_mode_HM_inc_0.0_M27_IMRPhenomD/lalinferencenest/IMRPhenomDthreePointFivePN/1167559679.0-0/H1L1/H1/1Dpdf/h1l1_delay.png
/home/c1572221/public_html/LVC/make-zero-noise/BAM_q8a0_SNR_25_mode_HM_inc_0.0_M27_IMRPhenomD/lalinferencenest/IMRPhenomDthreePointFivePN/1167559679.0-0/H1L1/H1/1Dpdf/a2z.png
/home/c1572221/public_html/LVC/make-zero-noise/BAM_q8a0_SNR_25_mode_HM_inc_0.0_M27_IMRPhenomD/lalinferencenest/IMRPhenomDthreePointFivePN/1167559679.0-0/H1L1/H1/1Dpdf/matched_filter_snr.pdf
/home/c1572221/public_html/LVC/make-zero-noise/BAM_q8a0_SNR_25_mode_HM_inc_0.0_M27_IMRPhenomD/lalinferencenest/IMRPhenomDthreePointFivePN/1167559679.0-0/H1L1/H1/1Dpdf/deltaloglh1.pdf
/home/c1572221/public_html/LVC/make-zero-noise/BAM_q8a0_SNR_25_mode_HM_inc_0.0_M27_IMRPhenomD/lalinferencenest/IMRPhenomDthreePointFivePN/1167559679.0-0/H1L1/H1/1Dpdf/mf_source.png
/home/c1572221/public_html/LVC/make-zero-noise/BAM_q8a0_SNR_25_mode_HM_inc_0.0_M27_IMRPhenomD/lalinferencenest/IMRPhenomDthreePointFivePN/1167559679.0-0/H1L1/H1/1Dpdf/dec.png
/home/c1572221/public_html/LVC/make-zero-noise/BAM_q8a0_SNR_25_mode_HM_inc_0.0_M27_IMRPhenomD/lalinferencenest/IMRPhenomDthreePointFivePN/1167559679.0-0/H1L1/H1/1Dpdf/q.png
/home/c1572221/public_html/LVC/make-zero-noise/BAM_q8a0_SNR_25_mode_HM_inc_0.0_M27_IMRPhenomD/lalinferencenest/IMRPhenomDthreePointFivePN/1167559679.0-0/H1L1/H1/1Dpdf/deltalogl.png
/home/c1572221/public_html/LVC/make-zero-noise/BAM_q8a0_SNR_25_mode_HM_inc_0.0_M27_IMRPhenomD/lalinferencenest/IMRPhenomDthreePointFivePN/1167559679.0-0/H1L1/H1/1Dpdf/l_peak.png
/home/c1572221/public_html/LVC/make-zero-noise/BAM_q8a0_SNR_25_mode_HM_inc_0.0_M27_IMRPhenomD/lalinferencenest/IMRPhenomDthreePointFivePN/1167559679.0-0/H1L1/H1/1Dpdf/h1_optimal_snr.pdf
/home/c1572221/public_html/LVC/make-zero-noise/BAM_q8a0_SNR_25_mode_HM_inc_0.0_M27_IMRPhenomD/lalinferencenest/IMRPhenomDthreePointFivePN/1167559679.0-0/H1L1/H1/summary_statistics.dat
/home/c1572221/public_html/LVC/make-zero-noise/BAM_q8a0_SNR_25_mode_HM_inc_0.0_M27_IMRPhenomD/lalinferencenest/IMRPhenomDthreePointFivePN/1167559679.0-0/H1L1/H1/PSDs/
/home/c1572221/public_html/LVC/make-zero-noise/BAM_q8a0_SNR_25_mode_HM_inc_0.0_M27_IMRPhenomD/lalinferencenest/IMRPhenomDthreePointFivePN/1167559679.0-0/H1L1/H1/PSDs/PSD.png
/home/c1572221/public_html/LVC/make-zero-noise/BAM_q8a0_SNR_25_mode_HM_inc_0.0_M27_IMRPhenomD/lalinferencenest/IMRPhenomDthreePointFivePN/1167559679.0-0/H1L1/H1/posplots.html
/home/c1572221/public_html/LVC/make-zero-noise/BAM_q8a0_SNR_25_mode_HM_inc_0.0_M27_IMRPhenomD/lalinferencenest/IMRPhenomDthreePointFivePN/1167559679.0-0/H1L1/H1/corner/
/home/c1572221/public_html/LVC/make-zero-noise/BAM_q8a0_SNR_25_mode_HM_inc_0.0_M27_IMRPhenomD/lalinferencenest/IMRPhenomDthreePointFivePN/1167559679.0-0/H1L1/H1/skymap.png
/home/c1572221/public_html/LVC/make-zero-noise/BAM_q8a0_SNR_25_mode_HM_inc_0.0_M27_IMRPhenomD/lalinferencenest/IMRPhenomDthreePointFivePN/1167559679.0-0/H1L1/H1/confidence_levels.txt
/home/c1572221/public_html/LVC/make-zero-noise/BAM_q8a0_SNR_25_mode_HM_inc_0.0_M27_IMRPhenomD/lalinferencenest/IMRPhenomDthreePointFivePN/1167559679.0-0/H1L1/H1/Waveform/
/home/c1572221/public_html/LVC/make-zero-noise/BAM_q8a0_SNR_25_mode_HM_inc_0.0_M27_IMRPhenomD/lalinferencenest/IMRPhenomDthreePointFivePN/1167559679.0-0/H1L1/H1/Waveform/WF_DetFrame.png
/home/c1572221/public_html/LVC/make-zero-noise/BAM_q8a0_SNR_25_mode_HM_inc_0.0_M27_IMRPhenomD/lalinferencenest/IMRPhenomDthreePointFivePN/1167559679.0-0/H1L1/H1/posterior_samples.dat
acosing costheta_jn
exponentiating logdistance
Read columns ['H1_cplx_snr_amp', 'H1_cplx_snr_arg', 'H1_optimal_snr', 'a1', 'a2', 'mc', 'dec', 'deltalogL', 'deltaloglH1', 'logL', 'logPrior', 'logw', 'matched_filter_snr', 'optimal_snr', 'phase', 'psi', 'q', 'ra', 'time', 'signalModelFlag', 'flow', 'f_ref', 'LAL_APPROXIMANT', 'LAL_AMPORDER', 'LAL_PNORDER', 'psdScaleFlag', 'theta_jn', 'distance']
No snr file provided or wrong path to snr file

Warning: Cannot find spin parameters.  Skipping spin angle calculations.
Using non-precessing fit formula [Healy at al (2014)] for final mass and spin (on masses and projected spin components).
Taking cos of theta_jn ...
Number of posterior samples: 5570
Means:
{'logw': -24.805027714873873, 'redshift': 0.057725627237649985, 'v1_end_time': 1167559678.9876733, 'f_ref': 100.0, 'psdscaleflag': 0.0, 'psi': 1.4800452788008571, 'lal_approximant': 58.0, 'signalmodelflag': 1.0, 'logl': -84.08394381278103, 'h1_cplx_snr_arg': -0.00025232470769605481, 'deltaloglh1': 82.648904142878123, 'v1h1_delay': -0.0018137211859547257, 'mc_source': 8.8835415203057124, 'deltalogl': 82.648904142878123, 'h1_cplx_snr_amp': 12.940792621691575, 'l1v1_delay': 0.001851444098850983, 'h1_end_time': 1167559678.9858596, 'l1h1_delay': 3.7722912896257329e-05, 'm1': 15.384877559510914, 'ra': 3.3948828990050361, 'l1_end_time': 1167559678.9858217, 'm2': 8.1478261943096726, 'l_peak': 3.1483108348558622, 'lal_pnorder': 7.0, 'm2_source': 7.7015156670888025, 'v1l1_delay': -0.001851444098850983, 'mtotal': 23.532703753820588, 'costheta_jn': -0.040552888049892578, 'a2z': -0.090530024478188753, 'a1': 0.38572833464577516, 'a2': 0.47098321565991624, 'af': 0.68822696713590326, 'optimal_snr': 12.584783716866555, 'phase': 3.0595800989353221, 'a1z': 0.19362795301325572, 'm1_source': 14.548682089714625, 'distance': 267.08920344004116, 'mf': 22.51632834817206, 'mc': 9.3966755134944204, 'theta_jn': 1.6233583043562261, 'h1v1_delay': 0.0018137211859547257, 'logprior': 19.397600013683778, 'flow': 20.0, 'h1l1_delay': -3.7722912896257329e-05, 'matched_filter_snr': 12.900011360972028, 'q': 0.57992427150725701, 'mtotal_source': 22.250197756803427, 'mf_source': 21.290049410059506, 'eta': 0.22075282036201235, 'e_rad': 0.9601483467439198, 'h1_optimal_snr': 12.584783716866555, 'time': 1167559678.9862738, 'lal_amporder': -1.0, 'dec': -0.040031152804877027, 'chi_eff': 0.11352827811752371}
Median:
{'logw': -25.040284835200936, 'redshift': 0.057852362737228671, 'v1_end_time': 1167559678.9899309, 'f_ref': 100.0, 'psdscaleflag': 0.0, 'psi': 1.4532080571377513, 'lal_approximant': 58.0, 'signalmodelflag': 1.0, 'logl': -83.728137275507322, 'h1_cplx_snr_arg': -0.00070646007498132053, 'deltaloglh1': 83.004710680151845, 'v1h1_delay': -0.0045050382614135742, 'mc_source': 8.8462631731768653, 'deltalogl': 83.004710680151845, 'h1_cplx_snr_amp': 12.968141832473869, 'l1v1_delay': 0.0048066377639770508, 'h1_end_time': 1167559678.9854808, 'l1h1_delay': -0.00018739700317382812, 'm1': 14.402365828301473, 'ra': 3.0007556589910207, 'l1_end_time': 1167559678.9861145, 'm2': 8.1393711063074097, 'l_peak': 3.2662414066194496, 'lal_pnorder': 7.0, 'm2_source': 7.7127558826120763, 'v1l1_delay': -0.0048066377639770508, 'mtotal': 22.921407217088852, 'costheta_jn': -0.21564688556733586, 'a2z': -0.12615071361700644, 'a1': 0.36473677205152555, 'a2': 0.45184831958922844, 'af': 0.69045467508025982, 'optimal_snr': 12.563310642000138, 'phase': 3.221444680333065, 'a1z': 0.25634996616947392, 'm1_source': 13.58727006861649, 'distance': 266.57396043756927, 'mf': 21.847940176477906, 'mc': 9.3540389865710516, 'theta_jn': 1.7881510141920798, 'h1v1_delay': 0.0045050382614135742, 'logprior': 19.53769188995939, 'flow': 20.0, 'h1l1_delay': 0.00018739700317382812, 'matched_filter_snr': 12.927174481990994, 'q': 0.5713243154145452, 'mtotal_source': 21.640090316388321, 'mf_source': 20.618891424894024, 'eta': 0.23139344151863805, 'e_rad': 0.93299921405343156, 'h1_optimal_snr': 12.563310642000138, 'time': 1167559678.9882429, 'lal_amporder': -1.0, 'dec': -0.059734314801335078, 'chi_eff': 0.12272930780856831}
maxL:
{'logw': -28.130892658631723, 'redshift': 0.065374603277810681, 'v1_end_time': 1167559678.9970472, 'f_ref': 100.0, 'psdscaleflag': 0.0, 'psi': 2.8655742013355279, 'lal_approximant': 58.0, 'signalmodelflag': 1.0, 'logl': -81.256198951510953, 'h1_cplx_snr_arg': -0.018557290281794578, 'deltaloglh1': 85.476649004148214, 'v1h1_delay': -0.010425090789794922, 'mc_source': 8.6770355959259522, 'deltalogl': 85.476649004148214, 'h1_cplx_snr_amp': 13.077211731613126, 'l1v1_delay': 0.0095574855804443359, 'h1_end_time': 1167559678.9866221, 'l1h1_delay': -0.00086760520935058594, 'm1': 15.33294586025149, 'ra': 2.8298904690277782, 'l1_end_time': 1167559678.9874897, 'm2': 7.5380488380182333, 'l_peak': 3.0763064505577065, 'lal_pnorder': 7.0, 'm2_source': 7.0754913950699709, 'v1l1_delay': -0.0095574855804443359, 'mtotal': 22.870994698269723, 'costheta_jn': -0.75372786593118613, 'a2z': -0.44215175812833285, 'a1': 0.3029800684005452, 'a2': 0.44215175812833285, 'af': 0.69200854368834552, 'optimal_snr': 13.11077907635527, 'phase': 4.1657975530403579, 'a1z': 0.3029800684005452, 'm1_source': 14.392069994044357, 'distance': 302.83348371501592, 'mf': 21.908303143128993, 'mc': 9.244293355637053, 'theta_jn': 2.4245125643916401, 'h1v1_delay': 0.010425090789794922, 'logprior': 19.819493245369951, 'flow': 20.0, 'h1l1_delay': 0.00086760520935058594, 'matched_filter_snr': 13.074960076766054, 'q': 0.49162430407842023, 'mtotal_source': 21.467561389114326, 'mf_source': 20.563943495296659, 'eta': 0.22096039755743088, 'e_rad': 0.90361789381766755, 'h1_optimal_snr': 13.11077907635527, 'time': 1167559679.0067985, 'lal_amporder': -1.0, 'dec': 0.96006636285718117, 'chi_eff': 0.057392144777732759}
Unable to compute KL divergence
Sigma is 30.000000 arcmin (0.008727 rad) 
-> fwhm is 70.644601 arcmin
Sigma is 0.000000 arcmin (0.000000 rad) 
-> fwhm is 0.000000 arcmin
WARNING: phi_orb not found in posterior files. Defaulting to 0.0 which is probably *not* what you want

Using greedy 1-d binning credible regions

Generating 1D plot for e_rad.
Generating 1D plot for l_peak.
Using greedy 1-d binning credible regions

Generating 1D plot for m1.
Generating 1D plot for m2.
Generating 1D plot for mc.
Generating 1D plot for eta.
Generating 1D plot for q.
Generating 1D plot for mtotal.
Generating 1D plot for mf.
Using greedy 1-d binning credible regions

Generating 1D plot for optimal_snr.
Generating 1D plot for matched_filter_snr.
Generating 1D plot for h1_optimal_snr.
Generating 1D plot for h1_cplx_snr_amp.
Generating 1D plot for h1_cplx_snr_arg.
Generating 1D plot for logprior.
Generating 1D plot for logl.
Generating 1D plot for deltalogl.
Generating 1D plot for deltaloglh1.
Using greedy 1-d binning credible regions

Generating 1D plot for time.
Generating 1D plot for l1_end_time.
Generating 1D plot for h1_end_time.
Generating 1D plot for v1_end_time.
Generating 1D plot for h1l1_delay.
Generating 1D plot for h1v1_delay.
Generating 1D plot for l1v1_delay.
Using greedy 1-d binning credible regions

Generating 1D plot for m1_source.
Generating 1D plot for m2_source.
Generating 1D plot for mtotal_source.
Generating 1D plot for mc_source.
Generating 1D plot for redshift.
Generating 1D plot for mf_source.
Using greedy 1-d binning credible regions

Generating 1D plot for distance.
Generating 1D plot for psi.
Generating 1D plot for ra.
Generating 1D plot for dec.
Generating 1D plot for phase.
Using greedy 1-d binning credible regions

Generating 1D plot for a1.
Generating 1D plot for a2.
Generating 1D plot for costheta_jn.
Generating 1D plot for theta_jn.
Generating 1D plot for af.
Generating 1D plot for chi_eff.
Generating 1D plot for a1z.
Generating 1D plot for a2z.
Using greedy 1-d binning credible regions

Cannot load corner module. Try running
	$ pip install corner
Cannot load corner module. Try running
	$ pip install corner
Cannot load corner module. Try running
	$ pip install corner
