

LALInference version:83edd05186d1ad28ef06fc45ad39a57c34fd4c9c,2017-06-8 18:29:15 +0000,lalinference_o2_phenomHM,Sebastian Khan <Sebastian.Khan@LIGO.org>,CLEAN: All modifications committed

Set trigtime to 1167559679.0000000000
Looking for frames for H1 in PWD
Looking for PSD file IFO0_psd.dat for PSD interpolation
Read 4034 records from IFO0_psd.dat
Looking for frames for L1 in PWD
Looking for PSD file IFO1_psd.dat for PSD interpolation
Read 4034 records from IFO1_psd.dat
No injection file specified, not injecting
No --AddCalibrationErrors option given. Not applying calibration errors in injection...
Read end time 1167559679.000000
Using detector-based sky frame


---		 ---
Templates will run with spins aligned to L 
WARNING: Based on the allowed prior volume (q < 1/10 for maximal spins), please consult
IMRPhenomD review wiki for further discussion on reliable parameter spaces
https://www.lsc-group.phys.uwm.edu/ligovirgo/cbcnote/WaveformsReview/IMRPhenomDCodeReview/PhenD_LargeNegativeSpins
Templates will run using Approximant 58 (IMRPhenomD), phase order 7, amp order -1, spin order -1 tidal order -1 in the frequency domain.
---		 ---

Template function called is "LALInferenceTemplateXLALSimInspiralChooseWaveform"
set tolerance.
Sprinkling 512 live points, may take some time
Read end time 1167559679.000000
Using detector-based sky frame


---		 ---
Templates will run with spins aligned to L 
WARNING: Based on the allowed prior volume (q < 1/10 for maximal spins), please consult
IMRPhenomD review wiki for further discussion on reliable parameter spaces
https://www.lsc-group.phys.uwm.edu/ligovirgo/cbcnote/WaveformsReview/IMRPhenomDCodeReview/PhenD_LargeNegativeSpins
Templates will run using Approximant 58 (IMRPhenomD), phase order 7, amp order -1, spin order -1 tidal order -1 in the frequency domain.
---		 ---

Template function called is "LALInferenceTemplateXLALSimInspiralChooseWaveform"
Unable to open resume file /home/c1572221/Summer-project/inference-from-frames/GW150914_like_SNR_25_mode_PhenomPv2_inc_0.0_M90/PhenomPM90/lalinferencenest/IMRPhenomDthreePointFivePN/engine/lalinferencenest-0-H1L1-1167559679.0-1.hdf5_resume. Starting anew.
Starting nested sampling loop!
