/home/c1572221/public_html/LVC/GW150914_like/GW150914_like_SNR_25_mode_PhenomPv2_inc_0.0_M90/lalinferencenest/IMRPhenomDthreePointFivePN/1167559679.0-0/H1L1/H1/
/home/c1572221/public_html/LVC/GW150914_like/GW150914_like_SNR_25_mode_PhenomPv2_inc_0.0_M90/lalinferencenest/IMRPhenomDthreePointFivePN/1167559679.0-0/H1L1/H1/2Dbins/
/home/c1572221/public_html/LVC/GW150914_like/GW150914_like_SNR_25_mode_PhenomPv2_inc_0.0_M90/lalinferencenest/IMRPhenomDthreePointFivePN/1167559679.0-0/H1L1/H1/2Dkde/
/home/c1572221/public_html/LVC/GW150914_like/GW150914_like_SNR_25_mode_PhenomPv2_inc_0.0_M90/lalinferencenest/IMRPhenomDthreePointFivePN/1167559679.0-0/H1L1/H1/greedy2Dbins/
/home/c1572221/public_html/LVC/GW150914_like/GW150914_like_SNR_25_mode_PhenomPv2_inc_0.0_M90/lalinferencenest/IMRPhenomDthreePointFivePN/1167559679.0-0/H1L1/H1/1Dsamps/
/home/c1572221/public_html/LVC/GW150914_like/GW150914_like_SNR_25_mode_PhenomPv2_inc_0.0_M90/lalinferencenest/IMRPhenomDthreePointFivePN/1167559679.0-0/H1L1/H1/1Dsamps/h1v1_delay_samps.png
/home/c1572221/public_html/LVC/GW150914_like/GW150914_like_SNR_25_mode_PhenomPv2_inc_0.0_M90/lalinferencenest/IMRPhenomDthreePointFivePN/1167559679.0-0/H1L1/H1/1Dsamps/ra_samps.pdf
/home/c1572221/public_html/LVC/GW150914_like/GW150914_like_SNR_25_mode_PhenomPv2_inc_0.0_M90/lalinferencenest/IMRPhenomDthreePointFivePN/1167559679.0-0/H1L1/H1/1Dsamps/deltalogl_samps.png
/home/c1572221/public_html/LVC/GW150914_like/GW150914_like_SNR_25_mode_PhenomPv2_inc_0.0_M90/lalinferencenest/IMRPhenomDthreePointFivePN/1167559679.0-0/H1L1/H1/1Dsamps/m2_source_samps.pdf
/home/c1572221/public_html/LVC/GW150914_like/GW150914_like_SNR_25_mode_PhenomPv2_inc_0.0_M90/lalinferencenest/IMRPhenomDthreePointFivePN/1167559679.0-0/H1L1/H1/1Dsamps/h1_optimal_snr_samps.png
/home/c1572221/public_html/LVC/GW150914_like/GW150914_like_SNR_25_mode_PhenomPv2_inc_0.0_M90/lalinferencenest/IMRPhenomDthreePointFivePN/1167559679.0-0/H1L1/H1/1Dsamps/logprior_samps.png
/home/c1572221/public_html/LVC/GW150914_like/GW150914_like_SNR_25_mode_PhenomPv2_inc_0.0_M90/lalinferencenest/IMRPhenomDthreePointFivePN/1167559679.0-0/H1L1/H1/1Dsamps/m1_samps.png
/home/c1572221/public_html/LVC/GW150914_like/GW150914_like_SNR_25_mode_PhenomPv2_inc_0.0_M90/lalinferencenest/IMRPhenomDthreePointFivePN/1167559679.0-0/H1L1/H1/1Dsamps/mtotal_acf.png
/home/c1572221/public_html/LVC/GW150914_like/GW150914_like_SNR_25_mode_PhenomPv2_inc_0.0_M90/lalinferencenest/IMRPhenomDthreePointFivePN/1167559679.0-0/H1L1/H1/1Dsamps/mc_samps.png
/home/c1572221/public_html/LVC/GW150914_like/GW150914_like_SNR_25_mode_PhenomPv2_inc_0.0_M90/lalinferencenest/IMRPhenomDthreePointFivePN/1167559679.0-0/H1L1/H1/1Dsamps/l_peak_acf.pdf
/home/c1572221/public_html/LVC/GW150914_like/GW150914_like_SNR_25_mode_PhenomPv2_inc_0.0_M90/lalinferencenest/IMRPhenomDthreePointFivePN/1167559679.0-0/H1L1/H1/1Dsamps/distance_samps.pdf
/home/c1572221/public_html/LVC/GW150914_like/GW150914_like_SNR_25_mode_PhenomPv2_inc_0.0_M90/lalinferencenest/IMRPhenomDthreePointFivePN/1167559679.0-0/H1L1/H1/1Dsamps/logl_samps.pdf
/home/c1572221/public_html/LVC/GW150914_like/GW150914_like_SNR_25_mode_PhenomPv2_inc_0.0_M90/lalinferencenest/IMRPhenomDthreePointFivePN/1167559679.0-0/H1L1/H1/1Dsamps/theta_jn_acf.pdf
/home/c1572221/public_html/LVC/GW150914_like/GW150914_like_SNR_25_mode_PhenomPv2_inc_0.0_M90/lalinferencenest/IMRPhenomDthreePointFivePN/1167559679.0-0/H1L1/H1/1Dsamps/optimal_snr_acf.png
/home/c1572221/public_html/LVC/GW150914_like/GW150914_like_SNR_25_mode_PhenomPv2_inc_0.0_M90/lalinferencenest/IMRPhenomDthreePointFivePN/1167559679.0-0/H1L1/H1/1Dsamps/m1_source_samps.png
/home/c1572221/public_html/LVC/GW150914_like/GW150914_like_SNR_25_mode_PhenomPv2_inc_0.0_M90/lalinferencenest/IMRPhenomDthreePointFivePN/1167559679.0-0/H1L1/H1/1Dsamps/theta_jn_samps.pdf
/home/c1572221/public_html/LVC/GW150914_like/GW150914_like_SNR_25_mode_PhenomPv2_inc_0.0_M90/lalinferencenest/IMRPhenomDthreePointFivePN/1167559679.0-0/H1L1/H1/1Dsamps/mf_source_acf.png
/home/c1572221/public_html/LVC/GW150914_like/GW150914_like_SNR_25_mode_PhenomPv2_inc_0.0_M90/lalinferencenest/IMRPhenomDthreePointFivePN/1167559679.0-0/H1L1/H1/1Dsamps/time_acf.pdf
/home/c1572221/public_html/LVC/GW150914_like/GW150914_like_SNR_25_mode_PhenomPv2_inc_0.0_M90/lalinferencenest/IMRPhenomDthreePointFivePN/1167559679.0-0/H1L1/H1/1Dsamps/mtotal_samps.pdf
/home/c1572221/public_html/LVC/GW150914_like/GW150914_like_SNR_25_mode_PhenomPv2_inc_0.0_M90/lalinferencenest/IMRPhenomDthreePointFivePN/1167559679.0-0/H1L1/H1/1Dsamps/mc_acf.png
/home/c1572221/public_html/LVC/GW150914_like/GW150914_like_SNR_25_mode_PhenomPv2_inc_0.0_M90/lalinferencenest/IMRPhenomDthreePointFivePN/1167559679.0-0/H1L1/H1/1Dsamps/chi_eff_acf.pdf
/home/c1572221/public_html/LVC/GW150914_like/GW150914_like_SNR_25_mode_PhenomPv2_inc_0.0_M90/lalinferencenest/IMRPhenomDthreePointFivePN/1167559679.0-0/H1L1/H1/1Dsamps/h1l1_delay_acf.png
/home/c1572221/public_html/LVC/GW150914_like/GW150914_like_SNR_25_mode_PhenomPv2_inc_0.0_M90/lalinferencenest/IMRPhenomDthreePointFivePN/1167559679.0-0/H1L1/H1/1Dsamps/mc_acf.pdf
/home/c1572221/public_html/LVC/GW150914_like/GW150914_like_SNR_25_mode_PhenomPv2_inc_0.0_M90/lalinferencenest/IMRPhenomDthreePointFivePN/1167559679.0-0/H1L1/H1/1Dsamps/mf_acf.png
/home/c1572221/public_html/LVC/GW150914_like/GW150914_like_SNR_25_mode_PhenomPv2_inc_0.0_M90/lalinferencenest/IMRPhenomDthreePointFivePN/1167559679.0-0/H1L1/H1/1Dsamps/m1_acf.png
/home/c1572221/public_html/LVC/GW150914_like/GW150914_like_SNR_25_mode_PhenomPv2_inc_0.0_M90/lalinferencenest/IMRPhenomDthreePointFivePN/1167559679.0-0/H1L1/H1/1Dsamps/mtotal_samps.png
/home/c1572221/public_html/LVC/GW150914_like/GW150914_like_SNR_25_mode_PhenomPv2_inc_0.0_M90/lalinferencenest/IMRPhenomDthreePointFivePN/1167559679.0-0/H1L1/H1/1Dsamps/l1_end_time_acf.pdf
/home/c1572221/public_html/LVC/GW150914_like/GW150914_like_SNR_25_mode_PhenomPv2_inc_0.0_M90/lalinferencenest/IMRPhenomDthreePointFivePN/1167559679.0-0/H1L1/H1/1Dsamps/h1_end_time_acf.png
/home/c1572221/public_html/LVC/GW150914_like/GW150914_like_SNR_25_mode_PhenomPv2_inc_0.0_M90/lalinferencenest/IMRPhenomDthreePointFivePN/1167559679.0-0/H1L1/H1/1Dsamps/v1_end_time_acf.pdf
/home/c1572221/public_html/LVC/GW150914_like/GW150914_like_SNR_25_mode_PhenomPv2_inc_0.0_M90/lalinferencenest/IMRPhenomDthreePointFivePN/1167559679.0-0/H1L1/H1/1Dsamps/a1z_samps.pdf
/home/c1572221/public_html/LVC/GW150914_like/GW150914_like_SNR_25_mode_PhenomPv2_inc_0.0_M90/lalinferencenest/IMRPhenomDthreePointFivePN/1167559679.0-0/H1L1/H1/1Dsamps/logprior_acf.pdf
/home/c1572221/public_html/LVC/GW150914_like/GW150914_like_SNR_25_mode_PhenomPv2_inc_0.0_M90/lalinferencenest/IMRPhenomDthreePointFivePN/1167559679.0-0/H1L1/H1/1Dsamps/m2_source_samps.png
/home/c1572221/public_html/LVC/GW150914_like/GW150914_like_SNR_25_mode_PhenomPv2_inc_0.0_M90/lalinferencenest/IMRPhenomDthreePointFivePN/1167559679.0-0/H1L1/H1/1Dsamps/time_samps.pdf
/home/c1572221/public_html/LVC/GW150914_like/GW150914_like_SNR_25_mode_PhenomPv2_inc_0.0_M90/lalinferencenest/IMRPhenomDthreePointFivePN/1167559679.0-0/H1L1/H1/1Dsamps/eta_samps.png
/home/c1572221/public_html/LVC/GW150914_like/GW150914_like_SNR_25_mode_PhenomPv2_inc_0.0_M90/lalinferencenest/IMRPhenomDthreePointFivePN/1167559679.0-0/H1L1/H1/1Dsamps/mc_source_samps.png
/home/c1572221/public_html/LVC/GW150914_like/GW150914_like_SNR_25_mode_PhenomPv2_inc_0.0_M90/lalinferencenest/IMRPhenomDthreePointFivePN/1167559679.0-0/H1L1/H1/1Dsamps/logl_samps.png
/home/c1572221/public_html/LVC/GW150914_like/GW150914_like_SNR_25_mode_PhenomPv2_inc_0.0_M90/lalinferencenest/IMRPhenomDthreePointFivePN/1167559679.0-0/H1L1/H1/1Dsamps/optimal_snr_samps.pdf
/home/c1572221/public_html/LVC/GW150914_like/GW150914_like_SNR_25_mode_PhenomPv2_inc_0.0_M90/lalinferencenest/IMRPhenomDthreePointFivePN/1167559679.0-0/H1L1/H1/1Dsamps/psi_acf.pdf
/home/c1572221/public_html/LVC/GW150914_like/GW150914_like_SNR_25_mode_PhenomPv2_inc_0.0_M90/lalinferencenest/IMRPhenomDthreePointFivePN/1167559679.0-0/H1L1/H1/1Dsamps/mf_source_samps.png
/home/c1572221/public_html/LVC/GW150914_like/GW150914_like_SNR_25_mode_PhenomPv2_inc_0.0_M90/lalinferencenest/IMRPhenomDthreePointFivePN/1167559679.0-0/H1L1/H1/1Dsamps/a1z_samps.png
/home/c1572221/public_html/LVC/GW150914_like/GW150914_like_SNR_25_mode_PhenomPv2_inc_0.0_M90/lalinferencenest/IMRPhenomDthreePointFivePN/1167559679.0-0/H1L1/H1/1Dsamps/theta_jn_acf.png
/home/c1572221/public_html/LVC/GW150914_like/GW150914_like_SNR_25_mode_PhenomPv2_inc_0.0_M90/lalinferencenest/IMRPhenomDthreePointFivePN/1167559679.0-0/H1L1/H1/1Dsamps/deltaloglh1_samps.pdf
/home/c1572221/public_html/LVC/GW150914_like/GW150914_like_SNR_25_mode_PhenomPv2_inc_0.0_M90/lalinferencenest/IMRPhenomDthreePointFivePN/1167559679.0-0/H1L1/H1/1Dsamps/a2z_acf.pdf
/home/c1572221/public_html/LVC/GW150914_like/GW150914_like_SNR_25_mode_PhenomPv2_inc_0.0_M90/lalinferencenest/IMRPhenomDthreePointFivePN/1167559679.0-0/H1L1/H1/1Dsamps/mc_source_samps.pdf
/home/c1572221/public_html/LVC/GW150914_like/GW150914_like_SNR_25_mode_PhenomPv2_inc_0.0_M90/lalinferencenest/IMRPhenomDthreePointFivePN/1167559679.0-0/H1L1/H1/1Dsamps/h1_optimal_snr_acf.pdf
/home/c1572221/public_html/LVC/GW150914_like/GW150914_like_SNR_25_mode_PhenomPv2_inc_0.0_M90/lalinferencenest/IMRPhenomDthreePointFivePN/1167559679.0-0/H1L1/H1/1Dsamps/mc_samps.pdf
/home/c1572221/public_html/LVC/GW150914_like/GW150914_like_SNR_25_mode_PhenomPv2_inc_0.0_M90/lalinferencenest/IMRPhenomDthreePointFivePN/1167559679.0-0/H1L1/H1/1Dsamps/h1_optimal_snr_samps.pdf
/home/c1572221/public_html/LVC/GW150914_like/GW150914_like_SNR_25_mode_PhenomPv2_inc_0.0_M90/lalinferencenest/IMRPhenomDthreePointFivePN/1167559679.0-0/H1L1/H1/1Dsamps/v1_end_time_acf.png
/home/c1572221/public_html/LVC/GW150914_like/GW150914_like_SNR_25_mode_PhenomPv2_inc_0.0_M90/lalinferencenest/IMRPhenomDthreePointFivePN/1167559679.0-0/H1L1/H1/1Dsamps/costheta_jn_samps.pdf
/home/c1572221/public_html/LVC/GW150914_like/GW150914_like_SNR_25_mode_PhenomPv2_inc_0.0_M90/lalinferencenest/IMRPhenomDthreePointFivePN/1167559679.0-0/H1L1/H1/1Dsamps/h1_cplx_snr_amp_samps.png
/home/c1572221/public_html/LVC/GW150914_like/GW150914_like_SNR_25_mode_PhenomPv2_inc_0.0_M90/lalinferencenest/IMRPhenomDthreePointFivePN/1167559679.0-0/H1L1/H1/1Dsamps/e_rad_samps.pdf
/home/c1572221/public_html/LVC/GW150914_like/GW150914_like_SNR_25_mode_PhenomPv2_inc_0.0_M90/lalinferencenest/IMRPhenomDthreePointFivePN/1167559679.0-0/H1L1/H1/1Dsamps/h1_optimal_snr_acf.png
/home/c1572221/public_html/LVC/GW150914_like/GW150914_like_SNR_25_mode_PhenomPv2_inc_0.0_M90/lalinferencenest/IMRPhenomDthreePointFivePN/1167559679.0-0/H1L1/H1/1Dsamps/q_samps.pdf
/home/c1572221/public_html/LVC/GW150914_like/GW150914_like_SNR_25_mode_PhenomPv2_inc_0.0_M90/lalinferencenest/IMRPhenomDthreePointFivePN/1167559679.0-0/H1L1/H1/1Dsamps/distance_acf.png
/home/c1572221/public_html/LVC/GW150914_like/GW150914_like_SNR_25_mode_PhenomPv2_inc_0.0_M90/lalinferencenest/IMRPhenomDthreePointFivePN/1167559679.0-0/H1L1/H1/1Dsamps/af_acf.png
/home/c1572221/public_html/LVC/GW150914_like/GW150914_like_SNR_25_mode_PhenomPv2_inc_0.0_M90/lalinferencenest/IMRPhenomDthreePointFivePN/1167559679.0-0/H1L1/H1/1Dsamps/l_peak_samps.png
/home/c1572221/public_html/LVC/GW150914_like/GW150914_like_SNR_25_mode_PhenomPv2_inc_0.0_M90/lalinferencenest/IMRPhenomDthreePointFivePN/1167559679.0-0/H1L1/H1/1Dsamps/psi_acf.png
/home/c1572221/public_html/LVC/GW150914_like/GW150914_like_SNR_25_mode_PhenomPv2_inc_0.0_M90/lalinferencenest/IMRPhenomDthreePointFivePN/1167559679.0-0/H1L1/H1/1Dsamps/phase_acf.png
/home/c1572221/public_html/LVC/GW150914_like/GW150914_like_SNR_25_mode_PhenomPv2_inc_0.0_M90/lalinferencenest/IMRPhenomDthreePointFivePN/1167559679.0-0/H1L1/H1/1Dsamps/h1_end_time_samps.pdf
/home/c1572221/public_html/LVC/GW150914_like/GW150914_like_SNR_25_mode_PhenomPv2_inc_0.0_M90/lalinferencenest/IMRPhenomDthreePointFivePN/1167559679.0-0/H1L1/H1/1Dsamps/h1_cplx_snr_arg_acf.png
/home/c1572221/public_html/LVC/GW150914_like/GW150914_like_SNR_25_mode_PhenomPv2_inc_0.0_M90/lalinferencenest/IMRPhenomDthreePointFivePN/1167559679.0-0/H1L1/H1/1Dsamps/h1_end_time_acf.pdf
/home/c1572221/public_html/LVC/GW150914_like/GW150914_like_SNR_25_mode_PhenomPv2_inc_0.0_M90/lalinferencenest/IMRPhenomDthreePointFivePN/1167559679.0-0/H1L1/H1/1Dsamps/chi_eff_samps.png
/home/c1572221/public_html/LVC/GW150914_like/GW150914_like_SNR_25_mode_PhenomPv2_inc_0.0_M90/lalinferencenest/IMRPhenomDthreePointFivePN/1167559679.0-0/H1L1/H1/1Dsamps/deltaloglh1_acf.pdf
/home/c1572221/public_html/LVC/GW150914_like/GW150914_like_SNR_25_mode_PhenomPv2_inc_0.0_M90/lalinferencenest/IMRPhenomDthreePointFivePN/1167559679.0-0/H1L1/H1/1Dsamps/l1_end_time_samps.pdf
/home/c1572221/public_html/LVC/GW150914_like/GW150914_like_SNR_25_mode_PhenomPv2_inc_0.0_M90/lalinferencenest/IMRPhenomDthreePointFivePN/1167559679.0-0/H1L1/H1/1Dsamps/phase_acf.pdf
/home/c1572221/public_html/LVC/GW150914_like/GW150914_like_SNR_25_mode_PhenomPv2_inc_0.0_M90/lalinferencenest/IMRPhenomDthreePointFivePN/1167559679.0-0/H1L1/H1/1Dsamps/psi_samps.png
/home/c1572221/public_html/LVC/GW150914_like/GW150914_like_SNR_25_mode_PhenomPv2_inc_0.0_M90/lalinferencenest/IMRPhenomDthreePointFivePN/1167559679.0-0/H1L1/H1/1Dsamps/optimal_snr_samps.png
/home/c1572221/public_html/LVC/GW150914_like/GW150914_like_SNR_25_mode_PhenomPv2_inc_0.0_M90/lalinferencenest/IMRPhenomDthreePointFivePN/1167559679.0-0/H1L1/H1/1Dsamps/chi_eff_samps.pdf
/home/c1572221/public_html/LVC/GW150914_like/GW150914_like_SNR_25_mode_PhenomPv2_inc_0.0_M90/lalinferencenest/IMRPhenomDthreePointFivePN/1167559679.0-0/H1L1/H1/1Dsamps/mf_acf.pdf
/home/c1572221/public_html/LVC/GW150914_like/GW150914_like_SNR_25_mode_PhenomPv2_inc_0.0_M90/lalinferencenest/IMRPhenomDthreePointFivePN/1167559679.0-0/H1L1/H1/1Dsamps/m1_source_acf.png
/home/c1572221/public_html/LVC/GW150914_like/GW150914_like_SNR_25_mode_PhenomPv2_inc_0.0_M90/lalinferencenest/IMRPhenomDthreePointFivePN/1167559679.0-0/H1L1/H1/1Dsamps/a1_samps.png
/home/c1572221/public_html/LVC/GW150914_like/GW150914_like_SNR_25_mode_PhenomPv2_inc_0.0_M90/lalinferencenest/IMRPhenomDthreePointFivePN/1167559679.0-0/H1L1/H1/1Dsamps/l1v1_delay_acf.pdf
/home/c1572221/public_html/LVC/GW150914_like/GW150914_like_SNR_25_mode_PhenomPv2_inc_0.0_M90/lalinferencenest/IMRPhenomDthreePointFivePN/1167559679.0-0/H1L1/H1/1Dsamps/l_peak_samps.pdf
/home/c1572221/public_html/LVC/GW150914_like/GW150914_like_SNR_25_mode_PhenomPv2_inc_0.0_M90/lalinferencenest/IMRPhenomDthreePointFivePN/1167559679.0-0/H1L1/H1/1Dsamps/a1z_acf.png
/home/c1572221/public_html/LVC/GW150914_like/GW150914_like_SNR_25_mode_PhenomPv2_inc_0.0_M90/lalinferencenest/IMRPhenomDthreePointFivePN/1167559679.0-0/H1L1/H1/1Dsamps/a1_acf.png
/home/c1572221/public_html/LVC/GW150914_like/GW150914_like_SNR_25_mode_PhenomPv2_inc_0.0_M90/lalinferencenest/IMRPhenomDthreePointFivePN/1167559679.0-0/H1L1/H1/1Dsamps/mtotal_source_acf.pdf
/home/c1572221/public_html/LVC/GW150914_like/GW150914_like_SNR_25_mode_PhenomPv2_inc_0.0_M90/lalinferencenest/IMRPhenomDthreePointFivePN/1167559679.0-0/H1L1/H1/1Dsamps/a2_acf.pdf
/home/c1572221/public_html/LVC/GW150914_like/GW150914_like_SNR_25_mode_PhenomPv2_inc_0.0_M90/lalinferencenest/IMRPhenomDthreePointFivePN/1167559679.0-0/H1L1/H1/1Dsamps/m1_source_samps.pdf
/home/c1572221/public_html/LVC/GW150914_like/GW150914_like_SNR_25_mode_PhenomPv2_inc_0.0_M90/lalinferencenest/IMRPhenomDthreePointFivePN/1167559679.0-0/H1L1/H1/1Dsamps/a2_samps.pdf
/home/c1572221/public_html/LVC/GW150914_like/GW150914_like_SNR_25_mode_PhenomPv2_inc_0.0_M90/lalinferencenest/IMRPhenomDthreePointFivePN/1167559679.0-0/H1L1/H1/1Dsamps/l1v1_delay_samps.png
/home/c1572221/public_html/LVC/GW150914_like/GW150914_like_SNR_25_mode_PhenomPv2_inc_0.0_M90/lalinferencenest/IMRPhenomDthreePointFivePN/1167559679.0-0/H1L1/H1/1Dsamps/redshift_samps.png
/home/c1572221/public_html/LVC/GW150914_like/GW150914_like_SNR_25_mode_PhenomPv2_inc_0.0_M90/lalinferencenest/IMRPhenomDthreePointFivePN/1167559679.0-0/H1L1/H1/1Dsamps/distance_samps.png
/home/c1572221/public_html/LVC/GW150914_like/GW150914_like_SNR_25_mode_PhenomPv2_inc_0.0_M90/lalinferencenest/IMRPhenomDthreePointFivePN/1167559679.0-0/H1L1/H1/1Dsamps/mtotal_source_samps.pdf
/home/c1572221/public_html/LVC/GW150914_like/GW150914_like_SNR_25_mode_PhenomPv2_inc_0.0_M90/lalinferencenest/IMRPhenomDthreePointFivePN/1167559679.0-0/H1L1/H1/1Dsamps/redshift_samps.pdf
/home/c1572221/public_html/LVC/GW150914_like/GW150914_like_SNR_25_mode_PhenomPv2_inc_0.0_M90/lalinferencenest/IMRPhenomDthreePointFivePN/1167559679.0-0/H1L1/H1/1Dsamps/v1_end_time_samps.pdf
/home/c1572221/public_html/LVC/GW150914_like/GW150914_like_SNR_25_mode_PhenomPv2_inc_0.0_M90/lalinferencenest/IMRPhenomDthreePointFivePN/1167559679.0-0/H1L1/H1/1Dsamps/deltaloglh1_acf.png
/home/c1572221/public_html/LVC/GW150914_like/GW150914_like_SNR_25_mode_PhenomPv2_inc_0.0_M90/lalinferencenest/IMRPhenomDthreePointFivePN/1167559679.0-0/H1L1/H1/1Dsamps/h1_cplx_snr_arg_samps.pdf
/home/c1572221/public_html/LVC/GW150914_like/GW150914_like_SNR_25_mode_PhenomPv2_inc_0.0_M90/lalinferencenest/IMRPhenomDthreePointFivePN/1167559679.0-0/H1L1/H1/1Dsamps/matched_filter_snr_acf.png
/home/c1572221/public_html/LVC/GW150914_like/GW150914_like_SNR_25_mode_PhenomPv2_inc_0.0_M90/lalinferencenest/IMRPhenomDthreePointFivePN/1167559679.0-0/H1L1/H1/1Dsamps/mtotal_acf.pdf
/home/c1572221/public_html/LVC/GW150914_like/GW150914_like_SNR_25_mode_PhenomPv2_inc_0.0_M90/lalinferencenest/IMRPhenomDthreePointFivePN/1167559679.0-0/H1L1/H1/1Dsamps/h1_cplx_snr_amp_acf.pdf
/home/c1572221/public_html/LVC/GW150914_like/GW150914_like_SNR_25_mode_PhenomPv2_inc_0.0_M90/lalinferencenest/IMRPhenomDthreePointFivePN/1167559679.0-0/H1L1/H1/1Dsamps/h1v1_delay_acf.png
/home/c1572221/public_html/LVC/GW150914_like/GW150914_like_SNR_25_mode_PhenomPv2_inc_0.0_M90/lalinferencenest/IMRPhenomDthreePointFivePN/1167559679.0-0/H1L1/H1/1Dsamps/q_acf.pdf
/home/c1572221/public_html/LVC/GW150914_like/GW150914_like_SNR_25_mode_PhenomPv2_inc_0.0_M90/lalinferencenest/IMRPhenomDthreePointFivePN/1167559679.0-0/H1L1/H1/1Dsamps/h1v1_delay_acf.pdf
/home/c1572221/public_html/LVC/GW150914_like/GW150914_like_SNR_25_mode_PhenomPv2_inc_0.0_M90/lalinferencenest/IMRPhenomDthreePointFivePN/1167559679.0-0/H1L1/H1/1Dsamps/l1v1_delay_acf.png
/home/c1572221/public_html/LVC/GW150914_like/GW150914_like_SNR_25_mode_PhenomPv2_inc_0.0_M90/lalinferencenest/IMRPhenomDthreePointFivePN/1167559679.0-0/H1L1/H1/1Dsamps/a2z_samps.pdf
/home/c1572221/public_html/LVC/GW150914_like/GW150914_like_SNR_25_mode_PhenomPv2_inc_0.0_M90/lalinferencenest/IMRPhenomDthreePointFivePN/1167559679.0-0/H1L1/H1/1Dsamps/m2_source_acf.png
/home/c1572221/public_html/LVC/GW150914_like/GW150914_like_SNR_25_mode_PhenomPv2_inc_0.0_M90/lalinferencenest/IMRPhenomDthreePointFivePN/1167559679.0-0/H1L1/H1/1Dsamps/eta_acf.png
/home/c1572221/public_html/LVC/GW150914_like/GW150914_like_SNR_25_mode_PhenomPv2_inc_0.0_M90/lalinferencenest/IMRPhenomDthreePointFivePN/1167559679.0-0/H1L1/H1/1Dsamps/mf_samps.pdf
/home/c1572221/public_html/LVC/GW150914_like/GW150914_like_SNR_25_mode_PhenomPv2_inc_0.0_M90/lalinferencenest/IMRPhenomDthreePointFivePN/1167559679.0-0/H1L1/H1/1Dsamps/af_acf.pdf
/home/c1572221/public_html/LVC/GW150914_like/GW150914_like_SNR_25_mode_PhenomPv2_inc_0.0_M90/lalinferencenest/IMRPhenomDthreePointFivePN/1167559679.0-0/H1L1/H1/1Dsamps/l1_end_time_acf.png
/home/c1572221/public_html/LVC/GW150914_like/GW150914_like_SNR_25_mode_PhenomPv2_inc_0.0_M90/lalinferencenest/IMRPhenomDthreePointFivePN/1167559679.0-0/H1L1/H1/1Dsamps/m2_samps.png
/home/c1572221/public_html/LVC/GW150914_like/GW150914_like_SNR_25_mode_PhenomPv2_inc_0.0_M90/lalinferencenest/IMRPhenomDthreePointFivePN/1167559679.0-0/H1L1/H1/1Dsamps/phase_samps.pdf
/home/c1572221/public_html/LVC/GW150914_like/GW150914_like_SNR_25_mode_PhenomPv2_inc_0.0_M90/lalinferencenest/IMRPhenomDthreePointFivePN/1167559679.0-0/H1L1/H1/1Dsamps/e_rad_samps.png
/home/c1572221/public_html/LVC/GW150914_like/GW150914_like_SNR_25_mode_PhenomPv2_inc_0.0_M90/lalinferencenest/IMRPhenomDthreePointFivePN/1167559679.0-0/H1L1/H1/1Dsamps/q_samps.png
/home/c1572221/public_html/LVC/GW150914_like/GW150914_like_SNR_25_mode_PhenomPv2_inc_0.0_M90/lalinferencenest/IMRPhenomDthreePointFivePN/1167559679.0-0/H1L1/H1/1Dsamps/m2_source_acf.pdf
/home/c1572221/public_html/LVC/GW150914_like/GW150914_like_SNR_25_mode_PhenomPv2_inc_0.0_M90/lalinferencenest/IMRPhenomDthreePointFivePN/1167559679.0-0/H1L1/H1/1Dsamps/mtotal_source_samps.png
/home/c1572221/public_html/LVC/GW150914_like/GW150914_like_SNR_25_mode_PhenomPv2_inc_0.0_M90/lalinferencenest/IMRPhenomDthreePointFivePN/1167559679.0-0/H1L1/H1/1Dsamps/ra_acf.pdf
/home/c1572221/public_html/LVC/GW150914_like/GW150914_like_SNR_25_mode_PhenomPv2_inc_0.0_M90/lalinferencenest/IMRPhenomDthreePointFivePN/1167559679.0-0/H1L1/H1/1Dsamps/dec_samps.pdf
/home/c1572221/public_html/LVC/GW150914_like/GW150914_like_SNR_25_mode_PhenomPv2_inc_0.0_M90/lalinferencenest/IMRPhenomDthreePointFivePN/1167559679.0-0/H1L1/H1/1Dsamps/m2_samps.pdf
/home/c1572221/public_html/LVC/GW150914_like/GW150914_like_SNR_25_mode_PhenomPv2_inc_0.0_M90/lalinferencenest/IMRPhenomDthreePointFivePN/1167559679.0-0/H1L1/H1/1Dsamps/m1_source_acf.pdf
/home/c1572221/public_html/LVC/GW150914_like/GW150914_like_SNR_25_mode_PhenomPv2_inc_0.0_M90/lalinferencenest/IMRPhenomDthreePointFivePN/1167559679.0-0/H1L1/H1/1Dsamps/a2z_samps.png
/home/c1572221/public_html/LVC/GW150914_like/GW150914_like_SNR_25_mode_PhenomPv2_inc_0.0_M90/lalinferencenest/IMRPhenomDthreePointFivePN/1167559679.0-0/H1L1/H1/1Dsamps/l1_end_time_samps.png
/home/c1572221/public_html/LVC/GW150914_like/GW150914_like_SNR_25_mode_PhenomPv2_inc_0.0_M90/lalinferencenest/IMRPhenomDthreePointFivePN/1167559679.0-0/H1L1/H1/1Dsamps/a1z_acf.pdf
/home/c1572221/public_html/LVC/GW150914_like/GW150914_like_SNR_25_mode_PhenomPv2_inc_0.0_M90/lalinferencenest/IMRPhenomDthreePointFivePN/1167559679.0-0/H1L1/H1/1Dsamps/a2z_acf.png
/home/c1572221/public_html/LVC/GW150914_like/GW150914_like_SNR_25_mode_PhenomPv2_inc_0.0_M90/lalinferencenest/IMRPhenomDthreePointFivePN/1167559679.0-0/H1L1/H1/1Dsamps/matched_filter_snr_samps.png
/home/c1572221/public_html/LVC/GW150914_like/GW150914_like_SNR_25_mode_PhenomPv2_inc_0.0_M90/lalinferencenest/IMRPhenomDthreePointFivePN/1167559679.0-0/H1L1/H1/1Dsamps/h1l1_delay_samps.png
/home/c1572221/public_html/LVC/GW150914_like/GW150914_like_SNR_25_mode_PhenomPv2_inc_0.0_M90/lalinferencenest/IMRPhenomDthreePointFivePN/1167559679.0-0/H1L1/H1/1Dsamps/mf_samps.png
/home/c1572221/public_html/LVC/GW150914_like/GW150914_like_SNR_25_mode_PhenomPv2_inc_0.0_M90/lalinferencenest/IMRPhenomDthreePointFivePN/1167559679.0-0/H1L1/H1/1Dsamps/psi_samps.pdf
/home/c1572221/public_html/LVC/GW150914_like/GW150914_like_SNR_25_mode_PhenomPv2_inc_0.0_M90/lalinferencenest/IMRPhenomDthreePointFivePN/1167559679.0-0/H1L1/H1/1Dsamps/redshift_acf.pdf
/home/c1572221/public_html/LVC/GW150914_like/GW150914_like_SNR_25_mode_PhenomPv2_inc_0.0_M90/lalinferencenest/IMRPhenomDthreePointFivePN/1167559679.0-0/H1L1/H1/1Dsamps/m2_acf.pdf
/home/c1572221/public_html/LVC/GW150914_like/GW150914_like_SNR_25_mode_PhenomPv2_inc_0.0_M90/lalinferencenest/IMRPhenomDthreePointFivePN/1167559679.0-0/H1L1/H1/1Dsamps/h1_cplx_snr_amp_samps.pdf
/home/c1572221/public_html/LVC/GW150914_like/GW150914_like_SNR_25_mode_PhenomPv2_inc_0.0_M90/lalinferencenest/IMRPhenomDthreePointFivePN/1167559679.0-0/H1L1/H1/1Dsamps/q_acf.png
/home/c1572221/public_html/LVC/GW150914_like/GW150914_like_SNR_25_mode_PhenomPv2_inc_0.0_M90/lalinferencenest/IMRPhenomDthreePointFivePN/1167559679.0-0/H1L1/H1/1Dsamps/l1v1_delay_samps.pdf
/home/c1572221/public_html/LVC/GW150914_like/GW150914_like_SNR_25_mode_PhenomPv2_inc_0.0_M90/lalinferencenest/IMRPhenomDthreePointFivePN/1167559679.0-0/H1L1/H1/1Dsamps/deltaloglh1_samps.png
/home/c1572221/public_html/LVC/GW150914_like/GW150914_like_SNR_25_mode_PhenomPv2_inc_0.0_M90/lalinferencenest/IMRPhenomDthreePointFivePN/1167559679.0-0/H1L1/H1/1Dsamps/h1_end_time_samps.png
/home/c1572221/public_html/LVC/GW150914_like/GW150914_like_SNR_25_mode_PhenomPv2_inc_0.0_M90/lalinferencenest/IMRPhenomDthreePointFivePN/1167559679.0-0/H1L1/H1/1Dsamps/logl_acf.pdf
/home/c1572221/public_html/LVC/GW150914_like/GW150914_like_SNR_25_mode_PhenomPv2_inc_0.0_M90/lalinferencenest/IMRPhenomDthreePointFivePN/1167559679.0-0/H1L1/H1/1Dsamps/matched_filter_snr_samps.pdf
/home/c1572221/public_html/LVC/GW150914_like/GW150914_like_SNR_25_mode_PhenomPv2_inc_0.0_M90/lalinferencenest/IMRPhenomDthreePointFivePN/1167559679.0-0/H1L1/H1/1Dsamps/e_rad_acf.png
/home/c1572221/public_html/LVC/GW150914_like/GW150914_like_SNR_25_mode_PhenomPv2_inc_0.0_M90/lalinferencenest/IMRPhenomDthreePointFivePN/1167559679.0-0/H1L1/H1/1Dsamps/matched_filter_snr_acf.pdf
/home/c1572221/public_html/LVC/GW150914_like/GW150914_like_SNR_25_mode_PhenomPv2_inc_0.0_M90/lalinferencenest/IMRPhenomDthreePointFivePN/1167559679.0-0/H1L1/H1/1Dsamps/mf_source_samps.pdf
/home/c1572221/public_html/LVC/GW150914_like/GW150914_like_SNR_25_mode_PhenomPv2_inc_0.0_M90/lalinferencenest/IMRPhenomDthreePointFivePN/1167559679.0-0/H1L1/H1/1Dsamps/time_samps.png
/home/c1572221/public_html/LVC/GW150914_like/GW150914_like_SNR_25_mode_PhenomPv2_inc_0.0_M90/lalinferencenest/IMRPhenomDthreePointFivePN/1167559679.0-0/H1L1/H1/1Dsamps/m2_acf.png
/home/c1572221/public_html/LVC/GW150914_like/GW150914_like_SNR_25_mode_PhenomPv2_inc_0.0_M90/lalinferencenest/IMRPhenomDthreePointFivePN/1167559679.0-0/H1L1/H1/1Dsamps/optimal_snr_acf.pdf
/home/c1572221/public_html/LVC/GW150914_like/GW150914_like_SNR_25_mode_PhenomPv2_inc_0.0_M90/lalinferencenest/IMRPhenomDthreePointFivePN/1167559679.0-0/H1L1/H1/1Dsamps/h1_cplx_snr_amp_acf.png
/home/c1572221/public_html/LVC/GW150914_like/GW150914_like_SNR_25_mode_PhenomPv2_inc_0.0_M90/lalinferencenest/IMRPhenomDthreePointFivePN/1167559679.0-0/H1L1/H1/1Dsamps/h1l1_delay_acf.pdf
/home/c1572221/public_html/LVC/GW150914_like/GW150914_like_SNR_25_mode_PhenomPv2_inc_0.0_M90/lalinferencenest/IMRPhenomDthreePointFivePN/1167559679.0-0/H1L1/H1/1Dsamps/v1_end_time_samps.png
/home/c1572221/public_html/LVC/GW150914_like/GW150914_like_SNR_25_mode_PhenomPv2_inc_0.0_M90/lalinferencenest/IMRPhenomDthreePointFivePN/1167559679.0-0/H1L1/H1/1Dsamps/a1_acf.pdf
/home/c1572221/public_html/LVC/GW150914_like/GW150914_like_SNR_25_mode_PhenomPv2_inc_0.0_M90/lalinferencenest/IMRPhenomDthreePointFivePN/1167559679.0-0/H1L1/H1/1Dsamps/redshift_acf.png
/home/c1572221/public_html/LVC/GW150914_like/GW150914_like_SNR_25_mode_PhenomPv2_inc_0.0_M90/lalinferencenest/IMRPhenomDthreePointFivePN/1167559679.0-0/H1L1/H1/1Dsamps/costheta_jn_acf.pdf
/home/c1572221/public_html/LVC/GW150914_like/GW150914_like_SNR_25_mode_PhenomPv2_inc_0.0_M90/lalinferencenest/IMRPhenomDthreePointFivePN/1167559679.0-0/H1L1/H1/1Dsamps/e_rad_acf.pdf
/home/c1572221/public_html/LVC/GW150914_like/GW150914_like_SNR_25_mode_PhenomPv2_inc_0.0_M90/lalinferencenest/IMRPhenomDthreePointFivePN/1167559679.0-0/H1L1/H1/1Dsamps/logprior_samps.pdf
/home/c1572221/public_html/LVC/GW150914_like/GW150914_like_SNR_25_mode_PhenomPv2_inc_0.0_M90/lalinferencenest/IMRPhenomDthreePointFivePN/1167559679.0-0/H1L1/H1/1Dsamps/m1_acf.pdf
/home/c1572221/public_html/LVC/GW150914_like/GW150914_like_SNR_25_mode_PhenomPv2_inc_0.0_M90/lalinferencenest/IMRPhenomDthreePointFivePN/1167559679.0-0/H1L1/H1/1Dsamps/phase_samps.png
/home/c1572221/public_html/LVC/GW150914_like/GW150914_like_SNR_25_mode_PhenomPv2_inc_0.0_M90/lalinferencenest/IMRPhenomDthreePointFivePN/1167559679.0-0/H1L1/H1/1Dsamps/costheta_jn_samps.png
/home/c1572221/public_html/LVC/GW150914_like/GW150914_like_SNR_25_mode_PhenomPv2_inc_0.0_M90/lalinferencenest/IMRPhenomDthreePointFivePN/1167559679.0-0/H1L1/H1/1Dsamps/logprior_acf.png
/home/c1572221/public_html/LVC/GW150914_like/GW150914_like_SNR_25_mode_PhenomPv2_inc_0.0_M90/lalinferencenest/IMRPhenomDthreePointFivePN/1167559679.0-0/H1L1/H1/1Dsamps/h1v1_delay_samps.pdf
/home/c1572221/public_html/LVC/GW150914_like/GW150914_like_SNR_25_mode_PhenomPv2_inc_0.0_M90/lalinferencenest/IMRPhenomDthreePointFivePN/1167559679.0-0/H1L1/H1/1Dsamps/af_samps.pdf
/home/c1572221/public_html/LVC/GW150914_like/GW150914_like_SNR_25_mode_PhenomPv2_inc_0.0_M90/lalinferencenest/IMRPhenomDthreePointFivePN/1167559679.0-0/H1L1/H1/1Dsamps/a1_samps.pdf
/home/c1572221/public_html/LVC/GW150914_like/GW150914_like_SNR_25_mode_PhenomPv2_inc_0.0_M90/lalinferencenest/IMRPhenomDthreePointFivePN/1167559679.0-0/H1L1/H1/1Dsamps/costheta_jn_acf.png
/home/c1572221/public_html/LVC/GW150914_like/GW150914_like_SNR_25_mode_PhenomPv2_inc_0.0_M90/lalinferencenest/IMRPhenomDthreePointFivePN/1167559679.0-0/H1L1/H1/1Dsamps/mf_source_acf.pdf
/home/c1572221/public_html/LVC/GW150914_like/GW150914_like_SNR_25_mode_PhenomPv2_inc_0.0_M90/lalinferencenest/IMRPhenomDthreePointFivePN/1167559679.0-0/H1L1/H1/1Dsamps/theta_jn_samps.png
/home/c1572221/public_html/LVC/GW150914_like/GW150914_like_SNR_25_mode_PhenomPv2_inc_0.0_M90/lalinferencenest/IMRPhenomDthreePointFivePN/1167559679.0-0/H1L1/H1/1Dsamps/af_samps.png
/home/c1572221/public_html/LVC/GW150914_like/GW150914_like_SNR_25_mode_PhenomPv2_inc_0.0_M90/lalinferencenest/IMRPhenomDthreePointFivePN/1167559679.0-0/H1L1/H1/1Dsamps/dec_acf.png
/home/c1572221/public_html/LVC/GW150914_like/GW150914_like_SNR_25_mode_PhenomPv2_inc_0.0_M90/lalinferencenest/IMRPhenomDthreePointFivePN/1167559679.0-0/H1L1/H1/1Dsamps/ra_acf.png
/home/c1572221/public_html/LVC/GW150914_like/GW150914_like_SNR_25_mode_PhenomPv2_inc_0.0_M90/lalinferencenest/IMRPhenomDthreePointFivePN/1167559679.0-0/H1L1/H1/1Dsamps/deltalogl_acf.png
/home/c1572221/public_html/LVC/GW150914_like/GW150914_like_SNR_25_mode_PhenomPv2_inc_0.0_M90/lalinferencenest/IMRPhenomDthreePointFivePN/1167559679.0-0/H1L1/H1/1Dsamps/chi_eff_acf.png
/home/c1572221/public_html/LVC/GW150914_like/GW150914_like_SNR_25_mode_PhenomPv2_inc_0.0_M90/lalinferencenest/IMRPhenomDthreePointFivePN/1167559679.0-0/H1L1/H1/1Dsamps/time_acf.png
/home/c1572221/public_html/LVC/GW150914_like/GW150914_like_SNR_25_mode_PhenomPv2_inc_0.0_M90/lalinferencenest/IMRPhenomDthreePointFivePN/1167559679.0-0/H1L1/H1/1Dsamps/deltalogl_acf.pdf
/home/c1572221/public_html/LVC/GW150914_like/GW150914_like_SNR_25_mode_PhenomPv2_inc_0.0_M90/lalinferencenest/IMRPhenomDthreePointFivePN/1167559679.0-0/H1L1/H1/1Dsamps/mtotal_source_acf.png
/home/c1572221/public_html/LVC/GW150914_like/GW150914_like_SNR_25_mode_PhenomPv2_inc_0.0_M90/lalinferencenest/IMRPhenomDthreePointFivePN/1167559679.0-0/H1L1/H1/1Dsamps/dec_samps.png
/home/c1572221/public_html/LVC/GW150914_like/GW150914_like_SNR_25_mode_PhenomPv2_inc_0.0_M90/lalinferencenest/IMRPhenomDthreePointFivePN/1167559679.0-0/H1L1/H1/1Dsamps/m1_samps.pdf
/home/c1572221/public_html/LVC/GW150914_like/GW150914_like_SNR_25_mode_PhenomPv2_inc_0.0_M90/lalinferencenest/IMRPhenomDthreePointFivePN/1167559679.0-0/H1L1/H1/1Dsamps/h1_cplx_snr_arg_samps.png
/home/c1572221/public_html/LVC/GW150914_like/GW150914_like_SNR_25_mode_PhenomPv2_inc_0.0_M90/lalinferencenest/IMRPhenomDthreePointFivePN/1167559679.0-0/H1L1/H1/1Dsamps/h1l1_delay_samps.pdf
/home/c1572221/public_html/LVC/GW150914_like/GW150914_like_SNR_25_mode_PhenomPv2_inc_0.0_M90/lalinferencenest/IMRPhenomDthreePointFivePN/1167559679.0-0/H1L1/H1/1Dsamps/l_peak_acf.png
/home/c1572221/public_html/LVC/GW150914_like/GW150914_like_SNR_25_mode_PhenomPv2_inc_0.0_M90/lalinferencenest/IMRPhenomDthreePointFivePN/1167559679.0-0/H1L1/H1/1Dsamps/logl_acf.png
/home/c1572221/public_html/LVC/GW150914_like/GW150914_like_SNR_25_mode_PhenomPv2_inc_0.0_M90/lalinferencenest/IMRPhenomDthreePointFivePN/1167559679.0-0/H1L1/H1/1Dsamps/ra_samps.png
/home/c1572221/public_html/LVC/GW150914_like/GW150914_like_SNR_25_mode_PhenomPv2_inc_0.0_M90/lalinferencenest/IMRPhenomDthreePointFivePN/1167559679.0-0/H1L1/H1/1Dsamps/deltalogl_samps.pdf
/home/c1572221/public_html/LVC/GW150914_like/GW150914_like_SNR_25_mode_PhenomPv2_inc_0.0_M90/lalinferencenest/IMRPhenomDthreePointFivePN/1167559679.0-0/H1L1/H1/1Dsamps/distance_acf.pdf
/home/c1572221/public_html/LVC/GW150914_like/GW150914_like_SNR_25_mode_PhenomPv2_inc_0.0_M90/lalinferencenest/IMRPhenomDthreePointFivePN/1167559679.0-0/H1L1/H1/1Dsamps/h1_cplx_snr_arg_acf.pdf
/home/c1572221/public_html/LVC/GW150914_like/GW150914_like_SNR_25_mode_PhenomPv2_inc_0.0_M90/lalinferencenest/IMRPhenomDthreePointFivePN/1167559679.0-0/H1L1/H1/1Dsamps/mc_source_acf.pdf
/home/c1572221/public_html/LVC/GW150914_like/GW150914_like_SNR_25_mode_PhenomPv2_inc_0.0_M90/lalinferencenest/IMRPhenomDthreePointFivePN/1167559679.0-0/H1L1/H1/1Dsamps/mc_source_acf.png
/home/c1572221/public_html/LVC/GW150914_like/GW150914_like_SNR_25_mode_PhenomPv2_inc_0.0_M90/lalinferencenest/IMRPhenomDthreePointFivePN/1167559679.0-0/H1L1/H1/1Dsamps/eta_samps.pdf
/home/c1572221/public_html/LVC/GW150914_like/GW150914_like_SNR_25_mode_PhenomPv2_inc_0.0_M90/lalinferencenest/IMRPhenomDthreePointFivePN/1167559679.0-0/H1L1/H1/1Dsamps/a2_samps.png
/home/c1572221/public_html/LVC/GW150914_like/GW150914_like_SNR_25_mode_PhenomPv2_inc_0.0_M90/lalinferencenest/IMRPhenomDthreePointFivePN/1167559679.0-0/H1L1/H1/1Dsamps/dec_acf.pdf
/home/c1572221/public_html/LVC/GW150914_like/GW150914_like_SNR_25_mode_PhenomPv2_inc_0.0_M90/lalinferencenest/IMRPhenomDthreePointFivePN/1167559679.0-0/H1L1/H1/1Dsamps/eta_acf.pdf
/home/c1572221/public_html/LVC/GW150914_like/GW150914_like_SNR_25_mode_PhenomPv2_inc_0.0_M90/lalinferencenest/IMRPhenomDthreePointFivePN/1167559679.0-0/H1L1/H1/1Dsamps/a2_acf.png
/home/c1572221/public_html/LVC/GW150914_like/GW150914_like_SNR_25_mode_PhenomPv2_inc_0.0_M90/lalinferencenest/IMRPhenomDthreePointFivePN/1167559679.0-0/H1L1/H1/dic.dat
/home/c1572221/public_html/LVC/GW150914_like/GW150914_like_SNR_25_mode_PhenomPv2_inc_0.0_M90/lalinferencenest/IMRPhenomDthreePointFivePN/1167559679.0-0/H1L1/H1/1Dpdf/
/home/c1572221/public_html/LVC/GW150914_like/GW150914_like_SNR_25_mode_PhenomPv2_inc_0.0_M90/lalinferencenest/IMRPhenomDthreePointFivePN/1167559679.0-0/H1L1/H1/1Dpdf/e_rad.pdf
/home/c1572221/public_html/LVC/GW150914_like/GW150914_like_SNR_25_mode_PhenomPv2_inc_0.0_M90/lalinferencenest/IMRPhenomDthreePointFivePN/1167559679.0-0/H1L1/H1/1Dpdf/ra.png
/home/c1572221/public_html/LVC/GW150914_like/GW150914_like_SNR_25_mode_PhenomPv2_inc_0.0_M90/lalinferencenest/IMRPhenomDthreePointFivePN/1167559679.0-0/H1L1/H1/1Dpdf/m2_source.png
/home/c1572221/public_html/LVC/GW150914_like/GW150914_like_SNR_25_mode_PhenomPv2_inc_0.0_M90/lalinferencenest/IMRPhenomDthreePointFivePN/1167559679.0-0/H1L1/H1/1Dpdf/logprior.png
/home/c1572221/public_html/LVC/GW150914_like/GW150914_like_SNR_25_mode_PhenomPv2_inc_0.0_M90/lalinferencenest/IMRPhenomDthreePointFivePN/1167559679.0-0/H1L1/H1/1Dpdf/theta_jn.pdf
/home/c1572221/public_html/LVC/GW150914_like/GW150914_like_SNR_25_mode_PhenomPv2_inc_0.0_M90/lalinferencenest/IMRPhenomDthreePointFivePN/1167559679.0-0/H1L1/H1/1Dpdf/phase.png
/home/c1572221/public_html/LVC/GW150914_like/GW150914_like_SNR_25_mode_PhenomPv2_inc_0.0_M90/lalinferencenest/IMRPhenomDthreePointFivePN/1167559679.0-0/H1L1/H1/1Dpdf/h1_end_time.pdf
/home/c1572221/public_html/LVC/GW150914_like/GW150914_like_SNR_25_mode_PhenomPv2_inc_0.0_M90/lalinferencenest/IMRPhenomDthreePointFivePN/1167559679.0-0/H1L1/H1/1Dpdf/logprior.pdf
/home/c1572221/public_html/LVC/GW150914_like/GW150914_like_SNR_25_mode_PhenomPv2_inc_0.0_M90/lalinferencenest/IMRPhenomDthreePointFivePN/1167559679.0-0/H1L1/H1/1Dpdf/dec.pdf
/home/c1572221/public_html/LVC/GW150914_like/GW150914_like_SNR_25_mode_PhenomPv2_inc_0.0_M90/lalinferencenest/IMRPhenomDthreePointFivePN/1167559679.0-0/H1L1/H1/1Dpdf/mtotal.pdf
/home/c1572221/public_html/LVC/GW150914_like/GW150914_like_SNR_25_mode_PhenomPv2_inc_0.0_M90/lalinferencenest/IMRPhenomDthreePointFivePN/1167559679.0-0/H1L1/H1/1Dpdf/h1_cplx_snr_arg.pdf
/home/c1572221/public_html/LVC/GW150914_like/GW150914_like_SNR_25_mode_PhenomPv2_inc_0.0_M90/lalinferencenest/IMRPhenomDthreePointFivePN/1167559679.0-0/H1L1/H1/1Dpdf/af.pdf
/home/c1572221/public_html/LVC/GW150914_like/GW150914_like_SNR_25_mode_PhenomPv2_inc_0.0_M90/lalinferencenest/IMRPhenomDthreePointFivePN/1167559679.0-0/H1L1/H1/1Dpdf/q.pdf
/home/c1572221/public_html/LVC/GW150914_like/GW150914_like_SNR_25_mode_PhenomPv2_inc_0.0_M90/lalinferencenest/IMRPhenomDthreePointFivePN/1167559679.0-0/H1L1/H1/1Dpdf/m1.pdf
/home/c1572221/public_html/LVC/GW150914_like/GW150914_like_SNR_25_mode_PhenomPv2_inc_0.0_M90/lalinferencenest/IMRPhenomDthreePointFivePN/1167559679.0-0/H1L1/H1/1Dpdf/deltalogl.pdf
/home/c1572221/public_html/LVC/GW150914_like/GW150914_like_SNR_25_mode_PhenomPv2_inc_0.0_M90/lalinferencenest/IMRPhenomDthreePointFivePN/1167559679.0-0/H1L1/H1/1Dpdf/a1.png
/home/c1572221/public_html/LVC/GW150914_like/GW150914_like_SNR_25_mode_PhenomPv2_inc_0.0_M90/lalinferencenest/IMRPhenomDthreePointFivePN/1167559679.0-0/H1L1/H1/1Dpdf/a1.pdf
/home/c1572221/public_html/LVC/GW150914_like/GW150914_like_SNR_25_mode_PhenomPv2_inc_0.0_M90/lalinferencenest/IMRPhenomDthreePointFivePN/1167559679.0-0/H1L1/H1/1Dpdf/psi.pdf
/home/c1572221/public_html/LVC/GW150914_like/GW150914_like_SNR_25_mode_PhenomPv2_inc_0.0_M90/lalinferencenest/IMRPhenomDthreePointFivePN/1167559679.0-0/H1L1/H1/1Dpdf/time.pdf
/home/c1572221/public_html/LVC/GW150914_like/GW150914_like_SNR_25_mode_PhenomPv2_inc_0.0_M90/lalinferencenest/IMRPhenomDthreePointFivePN/1167559679.0-0/H1L1/H1/1Dpdf/h1_end_time.png
/home/c1572221/public_html/LVC/GW150914_like/GW150914_like_SNR_25_mode_PhenomPv2_inc_0.0_M90/lalinferencenest/IMRPhenomDthreePointFivePN/1167559679.0-0/H1L1/H1/1Dpdf/v1_end_time.png
/home/c1572221/public_html/LVC/GW150914_like/GW150914_like_SNR_25_mode_PhenomPv2_inc_0.0_M90/lalinferencenest/IMRPhenomDthreePointFivePN/1167559679.0-0/H1L1/H1/1Dpdf/redshift.png
/home/c1572221/public_html/LVC/GW150914_like/GW150914_like_SNR_25_mode_PhenomPv2_inc_0.0_M90/lalinferencenest/IMRPhenomDthreePointFivePN/1167559679.0-0/H1L1/H1/1Dpdf/h1_cplx_snr_amp.png
/home/c1572221/public_html/LVC/GW150914_like/GW150914_like_SNR_25_mode_PhenomPv2_inc_0.0_M90/lalinferencenest/IMRPhenomDthreePointFivePN/1167559679.0-0/H1L1/H1/1Dpdf/mf.png
/home/c1572221/public_html/LVC/GW150914_like/GW150914_like_SNR_25_mode_PhenomPv2_inc_0.0_M90/lalinferencenest/IMRPhenomDthreePointFivePN/1167559679.0-0/H1L1/H1/1Dpdf/distance.pdf
/home/c1572221/public_html/LVC/GW150914_like/GW150914_like_SNR_25_mode_PhenomPv2_inc_0.0_M90/lalinferencenest/IMRPhenomDthreePointFivePN/1167559679.0-0/H1L1/H1/1Dpdf/logl.png
/home/c1572221/public_html/LVC/GW150914_like/GW150914_like_SNR_25_mode_PhenomPv2_inc_0.0_M90/lalinferencenest/IMRPhenomDthreePointFivePN/1167559679.0-0/H1L1/H1/1Dpdf/a1z.png
/home/c1572221/public_html/LVC/GW150914_like/GW150914_like_SNR_25_mode_PhenomPv2_inc_0.0_M90/lalinferencenest/IMRPhenomDthreePointFivePN/1167559679.0-0/H1L1/H1/1Dpdf/mtotal.png
/home/c1572221/public_html/LVC/GW150914_like/GW150914_like_SNR_25_mode_PhenomPv2_inc_0.0_M90/lalinferencenest/IMRPhenomDthreePointFivePN/1167559679.0-0/H1L1/H1/1Dpdf/l1_end_time.png
/home/c1572221/public_html/LVC/GW150914_like/GW150914_like_SNR_25_mode_PhenomPv2_inc_0.0_M90/lalinferencenest/IMRPhenomDthreePointFivePN/1167559679.0-0/H1L1/H1/1Dpdf/costheta_jn.pdf
/home/c1572221/public_html/LVC/GW150914_like/GW150914_like_SNR_25_mode_PhenomPv2_inc_0.0_M90/lalinferencenest/IMRPhenomDthreePointFivePN/1167559679.0-0/H1L1/H1/1Dpdf/h1v1_delay.pdf
/home/c1572221/public_html/LVC/GW150914_like/GW150914_like_SNR_25_mode_PhenomPv2_inc_0.0_M90/lalinferencenest/IMRPhenomDthreePointFivePN/1167559679.0-0/H1L1/H1/1Dpdf/h1_cplx_snr_arg.png
/home/c1572221/public_html/LVC/GW150914_like/GW150914_like_SNR_25_mode_PhenomPv2_inc_0.0_M90/lalinferencenest/IMRPhenomDthreePointFivePN/1167559679.0-0/H1L1/H1/1Dpdf/m1_source.png
/home/c1572221/public_html/LVC/GW150914_like/GW150914_like_SNR_25_mode_PhenomPv2_inc_0.0_M90/lalinferencenest/IMRPhenomDthreePointFivePN/1167559679.0-0/H1L1/H1/1Dpdf/a2z.pdf
/home/c1572221/public_html/LVC/GW150914_like/GW150914_like_SNR_25_mode_PhenomPv2_inc_0.0_M90/lalinferencenest/IMRPhenomDthreePointFivePN/1167559679.0-0/H1L1/H1/1Dpdf/chi_eff.pdf
/home/c1572221/public_html/LVC/GW150914_like/GW150914_like_SNR_25_mode_PhenomPv2_inc_0.0_M90/lalinferencenest/IMRPhenomDthreePointFivePN/1167559679.0-0/H1L1/H1/1Dpdf/deltaloglh1.png
/home/c1572221/public_html/LVC/GW150914_like/GW150914_like_SNR_25_mode_PhenomPv2_inc_0.0_M90/lalinferencenest/IMRPhenomDthreePointFivePN/1167559679.0-0/H1L1/H1/1Dpdf/optimal_snr.png
/home/c1572221/public_html/LVC/GW150914_like/GW150914_like_SNR_25_mode_PhenomPv2_inc_0.0_M90/lalinferencenest/IMRPhenomDthreePointFivePN/1167559679.0-0/H1L1/H1/1Dpdf/m1_source.pdf
/home/c1572221/public_html/LVC/GW150914_like/GW150914_like_SNR_25_mode_PhenomPv2_inc_0.0_M90/lalinferencenest/IMRPhenomDthreePointFivePN/1167559679.0-0/H1L1/H1/1Dpdf/mf.pdf
/home/c1572221/public_html/LVC/GW150914_like/GW150914_like_SNR_25_mode_PhenomPv2_inc_0.0_M90/lalinferencenest/IMRPhenomDthreePointFivePN/1167559679.0-0/H1L1/H1/1Dpdf/costheta_jn.png
/home/c1572221/public_html/LVC/GW150914_like/GW150914_like_SNR_25_mode_PhenomPv2_inc_0.0_M90/lalinferencenest/IMRPhenomDthreePointFivePN/1167559679.0-0/H1L1/H1/1Dpdf/matched_filter_snr.png
/home/c1572221/public_html/LVC/GW150914_like/GW150914_like_SNR_25_mode_PhenomPv2_inc_0.0_M90/lalinferencenest/IMRPhenomDthreePointFivePN/1167559679.0-0/H1L1/H1/1Dpdf/time.png
/home/c1572221/public_html/LVC/GW150914_like/GW150914_like_SNR_25_mode_PhenomPv2_inc_0.0_M90/lalinferencenest/IMRPhenomDthreePointFivePN/1167559679.0-0/H1L1/H1/1Dpdf/m2.png
/home/c1572221/public_html/LVC/GW150914_like/GW150914_like_SNR_25_mode_PhenomPv2_inc_0.0_M90/lalinferencenest/IMRPhenomDthreePointFivePN/1167559679.0-0/H1L1/H1/1Dpdf/eta.pdf
/home/c1572221/public_html/LVC/GW150914_like/GW150914_like_SNR_25_mode_PhenomPv2_inc_0.0_M90/lalinferencenest/IMRPhenomDthreePointFivePN/1167559679.0-0/H1L1/H1/1Dpdf/theta_jn.png
/home/c1572221/public_html/LVC/GW150914_like/GW150914_like_SNR_25_mode_PhenomPv2_inc_0.0_M90/lalinferencenest/IMRPhenomDthreePointFivePN/1167559679.0-0/H1L1/H1/1Dpdf/af.png
/home/c1572221/public_html/LVC/GW150914_like/GW150914_like_SNR_25_mode_PhenomPv2_inc_0.0_M90/lalinferencenest/IMRPhenomDthreePointFivePN/1167559679.0-0/H1L1/H1/1Dpdf/l1v1_delay.pdf
/home/c1572221/public_html/LVC/GW150914_like/GW150914_like_SNR_25_mode_PhenomPv2_inc_0.0_M90/lalinferencenest/IMRPhenomDthreePointFivePN/1167559679.0-0/H1L1/H1/1Dpdf/l1_end_time.pdf
/home/c1572221/public_html/LVC/GW150914_like/GW150914_like_SNR_25_mode_PhenomPv2_inc_0.0_M90/lalinferencenest/IMRPhenomDthreePointFivePN/1167559679.0-0/H1L1/H1/1Dpdf/e_rad.png
/home/c1572221/public_html/LVC/GW150914_like/GW150914_like_SNR_25_mode_PhenomPv2_inc_0.0_M90/lalinferencenest/IMRPhenomDthreePointFivePN/1167559679.0-0/H1L1/H1/1Dpdf/h1_cplx_snr_amp.pdf
/home/c1572221/public_html/LVC/GW150914_like/GW150914_like_SNR_25_mode_PhenomPv2_inc_0.0_M90/lalinferencenest/IMRPhenomDthreePointFivePN/1167559679.0-0/H1L1/H1/1Dpdf/chi_eff.png
/home/c1572221/public_html/LVC/GW150914_like/GW150914_like_SNR_25_mode_PhenomPv2_inc_0.0_M90/lalinferencenest/IMRPhenomDthreePointFivePN/1167559679.0-0/H1L1/H1/1Dpdf/ra.pdf
/home/c1572221/public_html/LVC/GW150914_like/GW150914_like_SNR_25_mode_PhenomPv2_inc_0.0_M90/lalinferencenest/IMRPhenomDthreePointFivePN/1167559679.0-0/H1L1/H1/1Dpdf/h1_optimal_snr.png
/home/c1572221/public_html/LVC/GW150914_like/GW150914_like_SNR_25_mode_PhenomPv2_inc_0.0_M90/lalinferencenest/IMRPhenomDthreePointFivePN/1167559679.0-0/H1L1/H1/1Dpdf/a2.png
/home/c1572221/public_html/LVC/GW150914_like/GW150914_like_SNR_25_mode_PhenomPv2_inc_0.0_M90/lalinferencenest/IMRPhenomDthreePointFivePN/1167559679.0-0/H1L1/H1/1Dpdf/psi.png
/home/c1572221/public_html/LVC/GW150914_like/GW150914_like_SNR_25_mode_PhenomPv2_inc_0.0_M90/lalinferencenest/IMRPhenomDthreePointFivePN/1167559679.0-0/H1L1/H1/1Dpdf/distance.png
/home/c1572221/public_html/LVC/GW150914_like/GW150914_like_SNR_25_mode_PhenomPv2_inc_0.0_M90/lalinferencenest/IMRPhenomDthreePointFivePN/1167559679.0-0/H1L1/H1/1Dpdf/a2.pdf
/home/c1572221/public_html/LVC/GW150914_like/GW150914_like_SNR_25_mode_PhenomPv2_inc_0.0_M90/lalinferencenest/IMRPhenomDthreePointFivePN/1167559679.0-0/H1L1/H1/1Dpdf/v1_end_time.pdf
/home/c1572221/public_html/LVC/GW150914_like/GW150914_like_SNR_25_mode_PhenomPv2_inc_0.0_M90/lalinferencenest/IMRPhenomDthreePointFivePN/1167559679.0-0/H1L1/H1/1Dpdf/m1.png
/home/c1572221/public_html/LVC/GW150914_like/GW150914_like_SNR_25_mode_PhenomPv2_inc_0.0_M90/lalinferencenest/IMRPhenomDthreePointFivePN/1167559679.0-0/H1L1/H1/1Dpdf/h1l1_delay.pdf
/home/c1572221/public_html/LVC/GW150914_like/GW150914_like_SNR_25_mode_PhenomPv2_inc_0.0_M90/lalinferencenest/IMRPhenomDthreePointFivePN/1167559679.0-0/H1L1/H1/1Dpdf/mc_source.pdf
/home/c1572221/public_html/LVC/GW150914_like/GW150914_like_SNR_25_mode_PhenomPv2_inc_0.0_M90/lalinferencenest/IMRPhenomDthreePointFivePN/1167559679.0-0/H1L1/H1/1Dpdf/mf_source.pdf
/home/c1572221/public_html/LVC/GW150914_like/GW150914_like_SNR_25_mode_PhenomPv2_inc_0.0_M90/lalinferencenest/IMRPhenomDthreePointFivePN/1167559679.0-0/H1L1/H1/1Dpdf/phase.pdf
/home/c1572221/public_html/LVC/GW150914_like/GW150914_like_SNR_25_mode_PhenomPv2_inc_0.0_M90/lalinferencenest/IMRPhenomDthreePointFivePN/1167559679.0-0/H1L1/H1/1Dpdf/mc.pdf
/home/c1572221/public_html/LVC/GW150914_like/GW150914_like_SNR_25_mode_PhenomPv2_inc_0.0_M90/lalinferencenest/IMRPhenomDthreePointFivePN/1167559679.0-0/H1L1/H1/1Dpdf/mc_source.png
/home/c1572221/public_html/LVC/GW150914_like/GW150914_like_SNR_25_mode_PhenomPv2_inc_0.0_M90/lalinferencenest/IMRPhenomDthreePointFivePN/1167559679.0-0/H1L1/H1/1Dpdf/m2_source.pdf
/home/c1572221/public_html/LVC/GW150914_like/GW150914_like_SNR_25_mode_PhenomPv2_inc_0.0_M90/lalinferencenest/IMRPhenomDthreePointFivePN/1167559679.0-0/H1L1/H1/1Dpdf/logl.pdf
/home/c1572221/public_html/LVC/GW150914_like/GW150914_like_SNR_25_mode_PhenomPv2_inc_0.0_M90/lalinferencenest/IMRPhenomDthreePointFivePN/1167559679.0-0/H1L1/H1/1Dpdf/redshift.pdf
/home/c1572221/public_html/LVC/GW150914_like/GW150914_like_SNR_25_mode_PhenomPv2_inc_0.0_M90/lalinferencenest/IMRPhenomDthreePointFivePN/1167559679.0-0/H1L1/H1/1Dpdf/mtotal_source.png
/home/c1572221/public_html/LVC/GW150914_like/GW150914_like_SNR_25_mode_PhenomPv2_inc_0.0_M90/lalinferencenest/IMRPhenomDthreePointFivePN/1167559679.0-0/H1L1/H1/1Dpdf/l_peak.pdf
/home/c1572221/public_html/LVC/GW150914_like/GW150914_like_SNR_25_mode_PhenomPv2_inc_0.0_M90/lalinferencenest/IMRPhenomDthreePointFivePN/1167559679.0-0/H1L1/H1/1Dpdf/a1z.pdf
/home/c1572221/public_html/LVC/GW150914_like/GW150914_like_SNR_25_mode_PhenomPv2_inc_0.0_M90/lalinferencenest/IMRPhenomDthreePointFivePN/1167559679.0-0/H1L1/H1/1Dpdf/mc.png
/home/c1572221/public_html/LVC/GW150914_like/GW150914_like_SNR_25_mode_PhenomPv2_inc_0.0_M90/lalinferencenest/IMRPhenomDthreePointFivePN/1167559679.0-0/H1L1/H1/1Dpdf/eta.png
/home/c1572221/public_html/LVC/GW150914_like/GW150914_like_SNR_25_mode_PhenomPv2_inc_0.0_M90/lalinferencenest/IMRPhenomDthreePointFivePN/1167559679.0-0/H1L1/H1/1Dpdf/m2.pdf
/home/c1572221/public_html/LVC/GW150914_like/GW150914_like_SNR_25_mode_PhenomPv2_inc_0.0_M90/lalinferencenest/IMRPhenomDthreePointFivePN/1167559679.0-0/H1L1/H1/1Dpdf/mtotal_source.pdf
/home/c1572221/public_html/LVC/GW150914_like/GW150914_like_SNR_25_mode_PhenomPv2_inc_0.0_M90/lalinferencenest/IMRPhenomDthreePointFivePN/1167559679.0-0/H1L1/H1/1Dpdf/optimal_snr.pdf
/home/c1572221/public_html/LVC/GW150914_like/GW150914_like_SNR_25_mode_PhenomPv2_inc_0.0_M90/lalinferencenest/IMRPhenomDthreePointFivePN/1167559679.0-0/H1L1/H1/1Dpdf/h1v1_delay.png
/home/c1572221/public_html/LVC/GW150914_like/GW150914_like_SNR_25_mode_PhenomPv2_inc_0.0_M90/lalinferencenest/IMRPhenomDthreePointFivePN/1167559679.0-0/H1L1/H1/1Dpdf/l1v1_delay.png
/home/c1572221/public_html/LVC/GW150914_like/GW150914_like_SNR_25_mode_PhenomPv2_inc_0.0_M90/lalinferencenest/IMRPhenomDthreePointFivePN/1167559679.0-0/H1L1/H1/1Dpdf/h1l1_delay.png
/home/c1572221/public_html/LVC/GW150914_like/GW150914_like_SNR_25_mode_PhenomPv2_inc_0.0_M90/lalinferencenest/IMRPhenomDthreePointFivePN/1167559679.0-0/H1L1/H1/1Dpdf/a2z.png
/home/c1572221/public_html/LVC/GW150914_like/GW150914_like_SNR_25_mode_PhenomPv2_inc_0.0_M90/lalinferencenest/IMRPhenomDthreePointFivePN/1167559679.0-0/H1L1/H1/1Dpdf/matched_filter_snr.pdf
/home/c1572221/public_html/LVC/GW150914_like/GW150914_like_SNR_25_mode_PhenomPv2_inc_0.0_M90/lalinferencenest/IMRPhenomDthreePointFivePN/1167559679.0-0/H1L1/H1/1Dpdf/deltaloglh1.pdf
/home/c1572221/public_html/LVC/GW150914_like/GW150914_like_SNR_25_mode_PhenomPv2_inc_0.0_M90/lalinferencenest/IMRPhenomDthreePointFivePN/1167559679.0-0/H1L1/H1/1Dpdf/mf_source.png
/home/c1572221/public_html/LVC/GW150914_like/GW150914_like_SNR_25_mode_PhenomPv2_inc_0.0_M90/lalinferencenest/IMRPhenomDthreePointFivePN/1167559679.0-0/H1L1/H1/1Dpdf/dec.png
/home/c1572221/public_html/LVC/GW150914_like/GW150914_like_SNR_25_mode_PhenomPv2_inc_0.0_M90/lalinferencenest/IMRPhenomDthreePointFivePN/1167559679.0-0/H1L1/H1/1Dpdf/q.png
/home/c1572221/public_html/LVC/GW150914_like/GW150914_like_SNR_25_mode_PhenomPv2_inc_0.0_M90/lalinferencenest/IMRPhenomDthreePointFivePN/1167559679.0-0/H1L1/H1/1Dpdf/deltalogl.png
/home/c1572221/public_html/LVC/GW150914_like/GW150914_like_SNR_25_mode_PhenomPv2_inc_0.0_M90/lalinferencenest/IMRPhenomDthreePointFivePN/1167559679.0-0/H1L1/H1/1Dpdf/l_peak.png
/home/c1572221/public_html/LVC/GW150914_like/GW150914_like_SNR_25_mode_PhenomPv2_inc_0.0_M90/lalinferencenest/IMRPhenomDthreePointFivePN/1167559679.0-0/H1L1/H1/1Dpdf/h1_optimal_snr.pdf
/home/c1572221/public_html/LVC/GW150914_like/GW150914_like_SNR_25_mode_PhenomPv2_inc_0.0_M90/lalinferencenest/IMRPhenomDthreePointFivePN/1167559679.0-0/H1L1/H1/summary_statistics.dat
/home/c1572221/public_html/LVC/GW150914_like/GW150914_like_SNR_25_mode_PhenomPv2_inc_0.0_M90/lalinferencenest/IMRPhenomDthreePointFivePN/1167559679.0-0/H1L1/H1/PSDs/
/home/c1572221/public_html/LVC/GW150914_like/GW150914_like_SNR_25_mode_PhenomPv2_inc_0.0_M90/lalinferencenest/IMRPhenomDthreePointFivePN/1167559679.0-0/H1L1/H1/PSDs/PSD.png
/home/c1572221/public_html/LVC/GW150914_like/GW150914_like_SNR_25_mode_PhenomPv2_inc_0.0_M90/lalinferencenest/IMRPhenomDthreePointFivePN/1167559679.0-0/H1L1/H1/posplots.html
/home/c1572221/public_html/LVC/GW150914_like/GW150914_like_SNR_25_mode_PhenomPv2_inc_0.0_M90/lalinferencenest/IMRPhenomDthreePointFivePN/1167559679.0-0/H1L1/H1/corner/
/home/c1572221/public_html/LVC/GW150914_like/GW150914_like_SNR_25_mode_PhenomPv2_inc_0.0_M90/lalinferencenest/IMRPhenomDthreePointFivePN/1167559679.0-0/H1L1/H1/skymap.png
/home/c1572221/public_html/LVC/GW150914_like/GW150914_like_SNR_25_mode_PhenomPv2_inc_0.0_M90/lalinferencenest/IMRPhenomDthreePointFivePN/1167559679.0-0/H1L1/H1/confidence_levels.txt
/home/c1572221/public_html/LVC/GW150914_like/GW150914_like_SNR_25_mode_PhenomPv2_inc_0.0_M90/lalinferencenest/IMRPhenomDthreePointFivePN/1167559679.0-0/H1L1/H1/Waveform/
/home/c1572221/public_html/LVC/GW150914_like/GW150914_like_SNR_25_mode_PhenomPv2_inc_0.0_M90/lalinferencenest/IMRPhenomDthreePointFivePN/1167559679.0-0/H1L1/H1/Waveform/WF_DetFrame.png
/home/c1572221/public_html/LVC/GW150914_like/GW150914_like_SNR_25_mode_PhenomPv2_inc_0.0_M90/lalinferencenest/IMRPhenomDthreePointFivePN/1167559679.0-0/H1L1/H1/posterior_samples.dat
acosing costheta_jn
exponentiating logdistance
Read columns ['H1_cplx_snr_amp', 'H1_cplx_snr_arg', 'H1_optimal_snr', 'a1', 'a2', 'mc', 'dec', 'deltalogL', 'deltaloglH1', 'logL', 'logPrior', 'logw', 'matched_filter_snr', 'optimal_snr', 'phase', 'psi', 'q', 'ra', 'time', 'signalModelFlag', 'flow', 'f_ref', 'LAL_APPROXIMANT', 'LAL_AMPORDER', 'LAL_PNORDER', 'psdScaleFlag', 'theta_jn', 'distance']
No snr file provided or wrong path to snr file

Warning: Cannot find spin parameters.  Skipping spin angle calculations.
Using non-precessing fit formula [Healy at al (2014)] for final mass and spin (on masses and projected spin components).
Taking cos of theta_jn ...
Number of posterior samples: 6762
Means:
{'logw': -13.235598014051389, 'redshift': 0.22858159614844975, 'v1_end_time': 1167559678.9812174, 'f_ref': 100.0, 'psdscaleflag': 0.0, 'psi': 1.5317596644801834, 'lal_approximant': 58.0, 'signalmodelflag': 1.0, 'logl': -26.510762204965719, 'h1_cplx_snr_arg': -8.4228311163006515e-05, 'deltaloglh1': 97.018401445668502, 'v1h1_delay': 0.0015788918520282338, 'mc_source': 57.902542349275279, 'deltalogl': 97.018401445668502, 'h1_cplx_snr_amp': 14.005548144671154, 'l1v1_delay': -0.0015656445302119871, 'h1_end_time': 1167559678.9827962, 'l1h1_delay': 1.3247321816246668e-05, 'm1': 99.406563975391819, 'ra': 3.4251174346560531, 'l1_end_time': 1167559678.9827828, 'm2': 68.997291708658381, 'l_peak': 3.7856468470361513, 'lal_pnorder': 7.0, 'm2_source': 56.149114253008385, 'v1l1_delay': 0.0015656445302119871, 'mtotal': 168.4038556840502, 'costheta_jn': -0.015690884934841508, 'a2z': 0.17240067884781432, 'a1': 0.40896421850826753, 'a2': 0.46231865697980873, 'af': 0.72797249003631925, 'optimal_snr': 13.684685303281471, 'phase': 3.1778605863882716, 'a1z': 0.24204103606567076, 'm1_source': 81.198939550962521, 'distance': 1185.751668480297, 'mf': 159.63096290090755, 'mc': 71.044466689827502, 'theta_jn': 1.5898630149849919, 'h1v1_delay': -0.0015788918520282338, 'logprior': 25.605699894492503, 'flow': 20.0, 'h1l1_delay': -1.3247321816246668e-05, 'matched_filter_snr': 13.969032839034625, 'q': 0.70859120987747748, 'mtotal_source': 137.34805380397088, 'mf_source': 130.22109155184648, 'eta': 0.23694019191485033, 'e_rad': 7.1269622521244473, 'h1_optimal_snr': 13.684685303281471, 'time': 1167559678.9809711, 'lal_amporder': -1.0, 'dec': -0.062932016672368987, 'chi_eff': 0.21290180582251977}
Median:
{'logw': -13.208258450565497, 'redshift': 0.22735229694122283, 'v1_end_time': 1167559678.9811418, 'f_ref': 100.0, 'psdscaleflag': 0.0, 'psi': 1.501907465491543, 'lal_approximant': 58.0, 'signalmodelflag': 1.0, 'logl': -26.187160606925396, 'h1_cplx_snr_arg': 0.00024659774360641709, 'deltaloglh1': 97.342003043708814, 'v1h1_delay': 0.0021755695343017578, 'mc_source': 57.94871916563082, 'deltalogl': 97.342003043708814, 'h1_cplx_snr_amp': 14.027248123825606, 'l1v1_delay': -0.0022416114807128906, 'h1_end_time': 1167559678.9824333, 'l1h1_delay': -5.8770179748535156e-05, 'm1': 99.084400767233149, 'ra': 3.2333793079014614, 'l1_end_time': 1167559678.9824104, 'm2': 71.566310882522288, 'l_peak': 3.8591092147401485, 'lal_pnorder': 7.0, 'm2_source': 57.636465392920655, 'v1l1_delay': 0.0022416114807128906, 'mtotal': 168.69506456483245, 'costheta_jn': -0.057485861627938395, 'a2z': 0.208948365478037, 'a1': 0.3732211289958684, 'a2': 0.44707556796241599, 'af': 0.74387285963419947, 'optimal_snr': 13.691118849082272, 'phase': 3.2247415999797386, 'a1z': 0.28146815995209351, 'm1_source': 80.555768615281465, 'distance': 1165.4493402515357, 'mf': 159.85844685925107, 'mc': 71.885695694757288, 'theta_jn': 1.6283140414837352, 'h1v1_delay': -0.0021755695343017578, 'logprior': 25.734696377410391, 'flow': 20.0, 'h1l1_delay': 5.8770179748535156e-05, 'matched_filter_snr': 13.993220849666702, 'q': 0.72236748004624152, 'mtotal_source': 136.62010906695627, 'mf_source': 129.61394448623849, 'eta': 0.24350425381034013, 'e_rad': 7.1022072526076201, 'h1_optimal_snr': 13.691118849082272, 'time': 1167559678.9787617, 'lal_amporder': -1.0, 'dec': -0.10037236943411923, 'chi_eff': 0.24240853146279862}
maxL:
{'logw': -17.992722576512588, 'redshift': 0.06552881957419894, 'v1_end_time': 1167559678.9888554, 'f_ref': 100.0, 'psdscaleflag': 0.0, 'psi': 0.86919321738450372, 'lal_approximant': 58.0, 'signalmodelflag': 1.0, 'logl': -22.986224448107738, 'h1_cplx_snr_arg': -0.026234438482226258, 'deltaloglh1': 100.54293920252648, 'v1h1_delay': 0.01137542724609375, 'mc_source': 29.554613594676034, 'deltalogl': 100.54293920252648, 'h1_cplx_snr_amp': 14.203738316601966, 'l1v1_delay': -0.018395662307739258, 'h1_end_time': 1167559679.0002308, 'l1h1_delay': -0.0070202350616455078, 'm1': 116.64162534488554, 'ra': 6.2159468225863836, 'l1_end_time': 1167559679.007251, 'm2': 13.649026167247643, 'l_peak': 0.67017766941088264, 'lal_pnorder': 7.0, 'm2_source': 12.809626465759973, 'v1l1_delay': 0.018395662307739258, 'mtotal': 130.29065151213319, 'costheta_jn': -0.6892614070509131, 'a2z': -0.22822302260821961, 'a1': 0.50820703271823908, 'a2': 0.22822302260821961, 'af': 0.65536160563169843, 'optimal_snr': 13.476711819056726, 'phase': 6.2823104669349874, 'a1z': 0.50820703271823908, 'm1_source': 109.4682970578846, 'distance': 303.58060774173072, 'mf': 128.40431834775868, 'mc': 31.49129253650673, 'theta_jn': 2.33126545050798, 'h1v1_delay': -0.01137542724609375, 'logprior': 23.212121366122588, 'flow': 20.0, 'h1l1_delay': 0.0070202350616455078, 'matched_filter_snr': 14.198850765577431, 'q': 0.11701676932990474, 'mtotal_source': 122.27792352364459, 'mf_source': 120.5075977194788, 'eta': 0.093783992568297836, 'e_rad': 1.7703258041657932, 'h1_optimal_snr': 13.476711819056726, 'time': 1167559678.9901748, 'lal_amporder': -1.0, 'dec': 0.081459081882537393, 'chi_eff': 0.43105987765498854}
Unable to compute KL divergence
Sigma is 30.000000 arcmin (0.008727 rad) 
-> fwhm is 70.644601 arcmin
Sigma is 0.000000 arcmin (0.000000 rad) 
-> fwhm is 0.000000 arcmin
WARNING: phi_orb not found in posterior files. Defaulting to 0.0 which is probably *not* what you want

Using greedy 1-d binning credible regions

Generating 1D plot for e_rad.
Generating 1D plot for l_peak.
Using greedy 1-d binning credible regions

Generating 1D plot for m1.
Generating 1D plot for m2.
Generating 1D plot for mc.
Generating 1D plot for eta.
Generating 1D plot for q.
Generating 1D plot for mtotal.
Generating 1D plot for mf.
Using greedy 1-d binning credible regions

Generating 1D plot for optimal_snr.
Generating 1D plot for matched_filter_snr.
Generating 1D plot for h1_optimal_snr.
Generating 1D plot for h1_cplx_snr_amp.
Generating 1D plot for h1_cplx_snr_arg.
Generating 1D plot for logprior.
Generating 1D plot for logl.
Generating 1D plot for deltalogl.
Generating 1D plot for deltaloglh1.
Using greedy 1-d binning credible regions

Generating 1D plot for time.
Generating 1D plot for l1_end_time.
Generating 1D plot for h1_end_time.
Generating 1D plot for v1_end_time.
Generating 1D plot for h1l1_delay.
Generating 1D plot for h1v1_delay.
Generating 1D plot for l1v1_delay.
Using greedy 1-d binning credible regions

Generating 1D plot for m1_source.
Generating 1D plot for m2_source.
Generating 1D plot for mtotal_source.
Generating 1D plot for mc_source.
Generating 1D plot for redshift.
Generating 1D plot for mf_source.
Using greedy 1-d binning credible regions

Generating 1D plot for distance.
Generating 1D plot for psi.
Generating 1D plot for ra.
Generating 1D plot for dec.
Generating 1D plot for phase.
Using greedy 1-d binning credible regions

Generating 1D plot for a1.
Generating 1D plot for a2.
Generating 1D plot for costheta_jn.
Generating 1D plot for theta_jn.
Generating 1D plot for af.
Generating 1D plot for chi_eff.
Generating 1D plot for a1z.
Generating 1D plot for a2z.
Using greedy 1-d binning credible regions

Cannot load corner module. Try running
	$ pip install corner
Cannot load corner module. Try running
	$ pip install corner
Cannot load corner module. Try running
	$ pip install corner
