/home/c1572221/public_html/LVC/GW150914_like/GW150914_like_SNR_25_mode_PhenomPv2_inc_0.0_M90/lalinferencenest/IMRPhenomDthreePointFivePN/1167559679.0-0/H1L1/L1/
/home/c1572221/public_html/LVC/GW150914_like/GW150914_like_SNR_25_mode_PhenomPv2_inc_0.0_M90/lalinferencenest/IMRPhenomDthreePointFivePN/1167559679.0-0/H1L1/L1/2Dbins/
/home/c1572221/public_html/LVC/GW150914_like/GW150914_like_SNR_25_mode_PhenomPv2_inc_0.0_M90/lalinferencenest/IMRPhenomDthreePointFivePN/1167559679.0-0/H1L1/L1/2Dkde/
/home/c1572221/public_html/LVC/GW150914_like/GW150914_like_SNR_25_mode_PhenomPv2_inc_0.0_M90/lalinferencenest/IMRPhenomDthreePointFivePN/1167559679.0-0/H1L1/L1/greedy2Dbins/
/home/c1572221/public_html/LVC/GW150914_like/GW150914_like_SNR_25_mode_PhenomPv2_inc_0.0_M90/lalinferencenest/IMRPhenomDthreePointFivePN/1167559679.0-0/H1L1/L1/1Dsamps/
/home/c1572221/public_html/LVC/GW150914_like/GW150914_like_SNR_25_mode_PhenomPv2_inc_0.0_M90/lalinferencenest/IMRPhenomDthreePointFivePN/1167559679.0-0/H1L1/L1/1Dsamps/h1v1_delay_samps.png
/home/c1572221/public_html/LVC/GW150914_like/GW150914_like_SNR_25_mode_PhenomPv2_inc_0.0_M90/lalinferencenest/IMRPhenomDthreePointFivePN/1167559679.0-0/H1L1/L1/1Dsamps/ra_samps.pdf
/home/c1572221/public_html/LVC/GW150914_like/GW150914_like_SNR_25_mode_PhenomPv2_inc_0.0_M90/lalinferencenest/IMRPhenomDthreePointFivePN/1167559679.0-0/H1L1/L1/1Dsamps/deltalogl_samps.png
/home/c1572221/public_html/LVC/GW150914_like/GW150914_like_SNR_25_mode_PhenomPv2_inc_0.0_M90/lalinferencenest/IMRPhenomDthreePointFivePN/1167559679.0-0/H1L1/L1/1Dsamps/m2_source_samps.pdf
/home/c1572221/public_html/LVC/GW150914_like/GW150914_like_SNR_25_mode_PhenomPv2_inc_0.0_M90/lalinferencenest/IMRPhenomDthreePointFivePN/1167559679.0-0/H1L1/L1/1Dsamps/logprior_samps.png
/home/c1572221/public_html/LVC/GW150914_like/GW150914_like_SNR_25_mode_PhenomPv2_inc_0.0_M90/lalinferencenest/IMRPhenomDthreePointFivePN/1167559679.0-0/H1L1/L1/1Dsamps/m1_samps.png
/home/c1572221/public_html/LVC/GW150914_like/GW150914_like_SNR_25_mode_PhenomPv2_inc_0.0_M90/lalinferencenest/IMRPhenomDthreePointFivePN/1167559679.0-0/H1L1/L1/1Dsamps/mtotal_acf.png
/home/c1572221/public_html/LVC/GW150914_like/GW150914_like_SNR_25_mode_PhenomPv2_inc_0.0_M90/lalinferencenest/IMRPhenomDthreePointFivePN/1167559679.0-0/H1L1/L1/1Dsamps/mc_samps.png
/home/c1572221/public_html/LVC/GW150914_like/GW150914_like_SNR_25_mode_PhenomPv2_inc_0.0_M90/lalinferencenest/IMRPhenomDthreePointFivePN/1167559679.0-0/H1L1/L1/1Dsamps/l_peak_acf.pdf
/home/c1572221/public_html/LVC/GW150914_like/GW150914_like_SNR_25_mode_PhenomPv2_inc_0.0_M90/lalinferencenest/IMRPhenomDthreePointFivePN/1167559679.0-0/H1L1/L1/1Dsamps/l1_cplx_snr_amp_acf.png
/home/c1572221/public_html/LVC/GW150914_like/GW150914_like_SNR_25_mode_PhenomPv2_inc_0.0_M90/lalinferencenest/IMRPhenomDthreePointFivePN/1167559679.0-0/H1L1/L1/1Dsamps/distance_samps.pdf
/home/c1572221/public_html/LVC/GW150914_like/GW150914_like_SNR_25_mode_PhenomPv2_inc_0.0_M90/lalinferencenest/IMRPhenomDthreePointFivePN/1167559679.0-0/H1L1/L1/1Dsamps/logl_samps.pdf
/home/c1572221/public_html/LVC/GW150914_like/GW150914_like_SNR_25_mode_PhenomPv2_inc_0.0_M90/lalinferencenest/IMRPhenomDthreePointFivePN/1167559679.0-0/H1L1/L1/1Dsamps/theta_jn_acf.pdf
/home/c1572221/public_html/LVC/GW150914_like/GW150914_like_SNR_25_mode_PhenomPv2_inc_0.0_M90/lalinferencenest/IMRPhenomDthreePointFivePN/1167559679.0-0/H1L1/L1/1Dsamps/l1_cplx_snr_arg_acf.png
/home/c1572221/public_html/LVC/GW150914_like/GW150914_like_SNR_25_mode_PhenomPv2_inc_0.0_M90/lalinferencenest/IMRPhenomDthreePointFivePN/1167559679.0-0/H1L1/L1/1Dsamps/optimal_snr_acf.png
/home/c1572221/public_html/LVC/GW150914_like/GW150914_like_SNR_25_mode_PhenomPv2_inc_0.0_M90/lalinferencenest/IMRPhenomDthreePointFivePN/1167559679.0-0/H1L1/L1/1Dsamps/m1_source_samps.png
/home/c1572221/public_html/LVC/GW150914_like/GW150914_like_SNR_25_mode_PhenomPv2_inc_0.0_M90/lalinferencenest/IMRPhenomDthreePointFivePN/1167559679.0-0/H1L1/L1/1Dsamps/theta_jn_samps.pdf
/home/c1572221/public_html/LVC/GW150914_like/GW150914_like_SNR_25_mode_PhenomPv2_inc_0.0_M90/lalinferencenest/IMRPhenomDthreePointFivePN/1167559679.0-0/H1L1/L1/1Dsamps/mf_source_acf.png
/home/c1572221/public_html/LVC/GW150914_like/GW150914_like_SNR_25_mode_PhenomPv2_inc_0.0_M90/lalinferencenest/IMRPhenomDthreePointFivePN/1167559679.0-0/H1L1/L1/1Dsamps/time_acf.pdf
/home/c1572221/public_html/LVC/GW150914_like/GW150914_like_SNR_25_mode_PhenomPv2_inc_0.0_M90/lalinferencenest/IMRPhenomDthreePointFivePN/1167559679.0-0/H1L1/L1/1Dsamps/mtotal_samps.pdf
/home/c1572221/public_html/LVC/GW150914_like/GW150914_like_SNR_25_mode_PhenomPv2_inc_0.0_M90/lalinferencenest/IMRPhenomDthreePointFivePN/1167559679.0-0/H1L1/L1/1Dsamps/mc_acf.png
/home/c1572221/public_html/LVC/GW150914_like/GW150914_like_SNR_25_mode_PhenomPv2_inc_0.0_M90/lalinferencenest/IMRPhenomDthreePointFivePN/1167559679.0-0/H1L1/L1/1Dsamps/chi_eff_acf.pdf
/home/c1572221/public_html/LVC/GW150914_like/GW150914_like_SNR_25_mode_PhenomPv2_inc_0.0_M90/lalinferencenest/IMRPhenomDthreePointFivePN/1167559679.0-0/H1L1/L1/1Dsamps/h1l1_delay_acf.png
/home/c1572221/public_html/LVC/GW150914_like/GW150914_like_SNR_25_mode_PhenomPv2_inc_0.0_M90/lalinferencenest/IMRPhenomDthreePointFivePN/1167559679.0-0/H1L1/L1/1Dsamps/mc_acf.pdf
/home/c1572221/public_html/LVC/GW150914_like/GW150914_like_SNR_25_mode_PhenomPv2_inc_0.0_M90/lalinferencenest/IMRPhenomDthreePointFivePN/1167559679.0-0/H1L1/L1/1Dsamps/mf_acf.png
/home/c1572221/public_html/LVC/GW150914_like/GW150914_like_SNR_25_mode_PhenomPv2_inc_0.0_M90/lalinferencenest/IMRPhenomDthreePointFivePN/1167559679.0-0/H1L1/L1/1Dsamps/m1_acf.png
/home/c1572221/public_html/LVC/GW150914_like/GW150914_like_SNR_25_mode_PhenomPv2_inc_0.0_M90/lalinferencenest/IMRPhenomDthreePointFivePN/1167559679.0-0/H1L1/L1/1Dsamps/mtotal_samps.png
/home/c1572221/public_html/LVC/GW150914_like/GW150914_like_SNR_25_mode_PhenomPv2_inc_0.0_M90/lalinferencenest/IMRPhenomDthreePointFivePN/1167559679.0-0/H1L1/L1/1Dsamps/l1_end_time_acf.pdf
/home/c1572221/public_html/LVC/GW150914_like/GW150914_like_SNR_25_mode_PhenomPv2_inc_0.0_M90/lalinferencenest/IMRPhenomDthreePointFivePN/1167559679.0-0/H1L1/L1/1Dsamps/h1_end_time_acf.png
/home/c1572221/public_html/LVC/GW150914_like/GW150914_like_SNR_25_mode_PhenomPv2_inc_0.0_M90/lalinferencenest/IMRPhenomDthreePointFivePN/1167559679.0-0/H1L1/L1/1Dsamps/v1_end_time_acf.pdf
/home/c1572221/public_html/LVC/GW150914_like/GW150914_like_SNR_25_mode_PhenomPv2_inc_0.0_M90/lalinferencenest/IMRPhenomDthreePointFivePN/1167559679.0-0/H1L1/L1/1Dsamps/a1z_samps.pdf
/home/c1572221/public_html/LVC/GW150914_like/GW150914_like_SNR_25_mode_PhenomPv2_inc_0.0_M90/lalinferencenest/IMRPhenomDthreePointFivePN/1167559679.0-0/H1L1/L1/1Dsamps/l1_optimal_snr_samps.pdf
/home/c1572221/public_html/LVC/GW150914_like/GW150914_like_SNR_25_mode_PhenomPv2_inc_0.0_M90/lalinferencenest/IMRPhenomDthreePointFivePN/1167559679.0-0/H1L1/L1/1Dsamps/logprior_acf.pdf
/home/c1572221/public_html/LVC/GW150914_like/GW150914_like_SNR_25_mode_PhenomPv2_inc_0.0_M90/lalinferencenest/IMRPhenomDthreePointFivePN/1167559679.0-0/H1L1/L1/1Dsamps/l1_optimal_snr_acf.png
/home/c1572221/public_html/LVC/GW150914_like/GW150914_like_SNR_25_mode_PhenomPv2_inc_0.0_M90/lalinferencenest/IMRPhenomDthreePointFivePN/1167559679.0-0/H1L1/L1/1Dsamps/m2_source_samps.png
/home/c1572221/public_html/LVC/GW150914_like/GW150914_like_SNR_25_mode_PhenomPv2_inc_0.0_M90/lalinferencenest/IMRPhenomDthreePointFivePN/1167559679.0-0/H1L1/L1/1Dsamps/l1_cplx_snr_arg_acf.pdf
/home/c1572221/public_html/LVC/GW150914_like/GW150914_like_SNR_25_mode_PhenomPv2_inc_0.0_M90/lalinferencenest/IMRPhenomDthreePointFivePN/1167559679.0-0/H1L1/L1/1Dsamps/time_samps.pdf
/home/c1572221/public_html/LVC/GW150914_like/GW150914_like_SNR_25_mode_PhenomPv2_inc_0.0_M90/lalinferencenest/IMRPhenomDthreePointFivePN/1167559679.0-0/H1L1/L1/1Dsamps/eta_samps.png
/home/c1572221/public_html/LVC/GW150914_like/GW150914_like_SNR_25_mode_PhenomPv2_inc_0.0_M90/lalinferencenest/IMRPhenomDthreePointFivePN/1167559679.0-0/H1L1/L1/1Dsamps/mc_source_samps.png
/home/c1572221/public_html/LVC/GW150914_like/GW150914_like_SNR_25_mode_PhenomPv2_inc_0.0_M90/lalinferencenest/IMRPhenomDthreePointFivePN/1167559679.0-0/H1L1/L1/1Dsamps/logl_samps.png
/home/c1572221/public_html/LVC/GW150914_like/GW150914_like_SNR_25_mode_PhenomPv2_inc_0.0_M90/lalinferencenest/IMRPhenomDthreePointFivePN/1167559679.0-0/H1L1/L1/1Dsamps/optimal_snr_samps.pdf
/home/c1572221/public_html/LVC/GW150914_like/GW150914_like_SNR_25_mode_PhenomPv2_inc_0.0_M90/lalinferencenest/IMRPhenomDthreePointFivePN/1167559679.0-0/H1L1/L1/1Dsamps/psi_acf.pdf
/home/c1572221/public_html/LVC/GW150914_like/GW150914_like_SNR_25_mode_PhenomPv2_inc_0.0_M90/lalinferencenest/IMRPhenomDthreePointFivePN/1167559679.0-0/H1L1/L1/1Dsamps/mf_source_samps.png
/home/c1572221/public_html/LVC/GW150914_like/GW150914_like_SNR_25_mode_PhenomPv2_inc_0.0_M90/lalinferencenest/IMRPhenomDthreePointFivePN/1167559679.0-0/H1L1/L1/1Dsamps/a1z_samps.png
/home/c1572221/public_html/LVC/GW150914_like/GW150914_like_SNR_25_mode_PhenomPv2_inc_0.0_M90/lalinferencenest/IMRPhenomDthreePointFivePN/1167559679.0-0/H1L1/L1/1Dsamps/theta_jn_acf.png
/home/c1572221/public_html/LVC/GW150914_like/GW150914_like_SNR_25_mode_PhenomPv2_inc_0.0_M90/lalinferencenest/IMRPhenomDthreePointFivePN/1167559679.0-0/H1L1/L1/1Dsamps/l1_optimal_snr_acf.pdf
/home/c1572221/public_html/LVC/GW150914_like/GW150914_like_SNR_25_mode_PhenomPv2_inc_0.0_M90/lalinferencenest/IMRPhenomDthreePointFivePN/1167559679.0-0/H1L1/L1/1Dsamps/a2z_acf.pdf
/home/c1572221/public_html/LVC/GW150914_like/GW150914_like_SNR_25_mode_PhenomPv2_inc_0.0_M90/lalinferencenest/IMRPhenomDthreePointFivePN/1167559679.0-0/H1L1/L1/1Dsamps/mc_source_samps.pdf
/home/c1572221/public_html/LVC/GW150914_like/GW150914_like_SNR_25_mode_PhenomPv2_inc_0.0_M90/lalinferencenest/IMRPhenomDthreePointFivePN/1167559679.0-0/H1L1/L1/1Dsamps/mc_samps.pdf
/home/c1572221/public_html/LVC/GW150914_like/GW150914_like_SNR_25_mode_PhenomPv2_inc_0.0_M90/lalinferencenest/IMRPhenomDthreePointFivePN/1167559679.0-0/H1L1/L1/1Dsamps/v1_end_time_acf.png
/home/c1572221/public_html/LVC/GW150914_like/GW150914_like_SNR_25_mode_PhenomPv2_inc_0.0_M90/lalinferencenest/IMRPhenomDthreePointFivePN/1167559679.0-0/H1L1/L1/1Dsamps/costheta_jn_samps.pdf
/home/c1572221/public_html/LVC/GW150914_like/GW150914_like_SNR_25_mode_PhenomPv2_inc_0.0_M90/lalinferencenest/IMRPhenomDthreePointFivePN/1167559679.0-0/H1L1/L1/1Dsamps/e_rad_samps.pdf
/home/c1572221/public_html/LVC/GW150914_like/GW150914_like_SNR_25_mode_PhenomPv2_inc_0.0_M90/lalinferencenest/IMRPhenomDthreePointFivePN/1167559679.0-0/H1L1/L1/1Dsamps/l1_cplx_snr_arg_samps.pdf
/home/c1572221/public_html/LVC/GW150914_like/GW150914_like_SNR_25_mode_PhenomPv2_inc_0.0_M90/lalinferencenest/IMRPhenomDthreePointFivePN/1167559679.0-0/H1L1/L1/1Dsamps/q_samps.pdf
/home/c1572221/public_html/LVC/GW150914_like/GW150914_like_SNR_25_mode_PhenomPv2_inc_0.0_M90/lalinferencenest/IMRPhenomDthreePointFivePN/1167559679.0-0/H1L1/L1/1Dsamps/distance_acf.png
/home/c1572221/public_html/LVC/GW150914_like/GW150914_like_SNR_25_mode_PhenomPv2_inc_0.0_M90/lalinferencenest/IMRPhenomDthreePointFivePN/1167559679.0-0/H1L1/L1/1Dsamps/af_acf.png
/home/c1572221/public_html/LVC/GW150914_like/GW150914_like_SNR_25_mode_PhenomPv2_inc_0.0_M90/lalinferencenest/IMRPhenomDthreePointFivePN/1167559679.0-0/H1L1/L1/1Dsamps/l_peak_samps.png
/home/c1572221/public_html/LVC/GW150914_like/GW150914_like_SNR_25_mode_PhenomPv2_inc_0.0_M90/lalinferencenest/IMRPhenomDthreePointFivePN/1167559679.0-0/H1L1/L1/1Dsamps/psi_acf.png
/home/c1572221/public_html/LVC/GW150914_like/GW150914_like_SNR_25_mode_PhenomPv2_inc_0.0_M90/lalinferencenest/IMRPhenomDthreePointFivePN/1167559679.0-0/H1L1/L1/1Dsamps/phase_acf.png
/home/c1572221/public_html/LVC/GW150914_like/GW150914_like_SNR_25_mode_PhenomPv2_inc_0.0_M90/lalinferencenest/IMRPhenomDthreePointFivePN/1167559679.0-0/H1L1/L1/1Dsamps/h1_end_time_samps.pdf
/home/c1572221/public_html/LVC/GW150914_like/GW150914_like_SNR_25_mode_PhenomPv2_inc_0.0_M90/lalinferencenest/IMRPhenomDthreePointFivePN/1167559679.0-0/H1L1/L1/1Dsamps/h1_end_time_acf.pdf
/home/c1572221/public_html/LVC/GW150914_like/GW150914_like_SNR_25_mode_PhenomPv2_inc_0.0_M90/lalinferencenest/IMRPhenomDthreePointFivePN/1167559679.0-0/H1L1/L1/1Dsamps/chi_eff_samps.png
/home/c1572221/public_html/LVC/GW150914_like/GW150914_like_SNR_25_mode_PhenomPv2_inc_0.0_M90/lalinferencenest/IMRPhenomDthreePointFivePN/1167559679.0-0/H1L1/L1/1Dsamps/l1_end_time_samps.pdf
/home/c1572221/public_html/LVC/GW150914_like/GW150914_like_SNR_25_mode_PhenomPv2_inc_0.0_M90/lalinferencenest/IMRPhenomDthreePointFivePN/1167559679.0-0/H1L1/L1/1Dsamps/phase_acf.pdf
/home/c1572221/public_html/LVC/GW150914_like/GW150914_like_SNR_25_mode_PhenomPv2_inc_0.0_M90/lalinferencenest/IMRPhenomDthreePointFivePN/1167559679.0-0/H1L1/L1/1Dsamps/psi_samps.png
/home/c1572221/public_html/LVC/GW150914_like/GW150914_like_SNR_25_mode_PhenomPv2_inc_0.0_M90/lalinferencenest/IMRPhenomDthreePointFivePN/1167559679.0-0/H1L1/L1/1Dsamps/optimal_snr_samps.png
/home/c1572221/public_html/LVC/GW150914_like/GW150914_like_SNR_25_mode_PhenomPv2_inc_0.0_M90/lalinferencenest/IMRPhenomDthreePointFivePN/1167559679.0-0/H1L1/L1/1Dsamps/chi_eff_samps.pdf
/home/c1572221/public_html/LVC/GW150914_like/GW150914_like_SNR_25_mode_PhenomPv2_inc_0.0_M90/lalinferencenest/IMRPhenomDthreePointFivePN/1167559679.0-0/H1L1/L1/1Dsamps/mf_acf.pdf
/home/c1572221/public_html/LVC/GW150914_like/GW150914_like_SNR_25_mode_PhenomPv2_inc_0.0_M90/lalinferencenest/IMRPhenomDthreePointFivePN/1167559679.0-0/H1L1/L1/1Dsamps/m1_source_acf.png
/home/c1572221/public_html/LVC/GW150914_like/GW150914_like_SNR_25_mode_PhenomPv2_inc_0.0_M90/lalinferencenest/IMRPhenomDthreePointFivePN/1167559679.0-0/H1L1/L1/1Dsamps/a1_samps.png
/home/c1572221/public_html/LVC/GW150914_like/GW150914_like_SNR_25_mode_PhenomPv2_inc_0.0_M90/lalinferencenest/IMRPhenomDthreePointFivePN/1167559679.0-0/H1L1/L1/1Dsamps/l1v1_delay_acf.pdf
/home/c1572221/public_html/LVC/GW150914_like/GW150914_like_SNR_25_mode_PhenomPv2_inc_0.0_M90/lalinferencenest/IMRPhenomDthreePointFivePN/1167559679.0-0/H1L1/L1/1Dsamps/l_peak_samps.pdf
/home/c1572221/public_html/LVC/GW150914_like/GW150914_like_SNR_25_mode_PhenomPv2_inc_0.0_M90/lalinferencenest/IMRPhenomDthreePointFivePN/1167559679.0-0/H1L1/L1/1Dsamps/a1z_acf.png
/home/c1572221/public_html/LVC/GW150914_like/GW150914_like_SNR_25_mode_PhenomPv2_inc_0.0_M90/lalinferencenest/IMRPhenomDthreePointFivePN/1167559679.0-0/H1L1/L1/1Dsamps/a1_acf.png
/home/c1572221/public_html/LVC/GW150914_like/GW150914_like_SNR_25_mode_PhenomPv2_inc_0.0_M90/lalinferencenest/IMRPhenomDthreePointFivePN/1167559679.0-0/H1L1/L1/1Dsamps/mtotal_source_acf.pdf
/home/c1572221/public_html/LVC/GW150914_like/GW150914_like_SNR_25_mode_PhenomPv2_inc_0.0_M90/lalinferencenest/IMRPhenomDthreePointFivePN/1167559679.0-0/H1L1/L1/1Dsamps/a2_acf.pdf
/home/c1572221/public_html/LVC/GW150914_like/GW150914_like_SNR_25_mode_PhenomPv2_inc_0.0_M90/lalinferencenest/IMRPhenomDthreePointFivePN/1167559679.0-0/H1L1/L1/1Dsamps/m1_source_samps.pdf
/home/c1572221/public_html/LVC/GW150914_like/GW150914_like_SNR_25_mode_PhenomPv2_inc_0.0_M90/lalinferencenest/IMRPhenomDthreePointFivePN/1167559679.0-0/H1L1/L1/1Dsamps/l1_cplx_snr_arg_samps.png
/home/c1572221/public_html/LVC/GW150914_like/GW150914_like_SNR_25_mode_PhenomPv2_inc_0.0_M90/lalinferencenest/IMRPhenomDthreePointFivePN/1167559679.0-0/H1L1/L1/1Dsamps/a2_samps.pdf
/home/c1572221/public_html/LVC/GW150914_like/GW150914_like_SNR_25_mode_PhenomPv2_inc_0.0_M90/lalinferencenest/IMRPhenomDthreePointFivePN/1167559679.0-0/H1L1/L1/1Dsamps/l1v1_delay_samps.png
/home/c1572221/public_html/LVC/GW150914_like/GW150914_like_SNR_25_mode_PhenomPv2_inc_0.0_M90/lalinferencenest/IMRPhenomDthreePointFivePN/1167559679.0-0/H1L1/L1/1Dsamps/redshift_samps.png
/home/c1572221/public_html/LVC/GW150914_like/GW150914_like_SNR_25_mode_PhenomPv2_inc_0.0_M90/lalinferencenest/IMRPhenomDthreePointFivePN/1167559679.0-0/H1L1/L1/1Dsamps/distance_samps.png
/home/c1572221/public_html/LVC/GW150914_like/GW150914_like_SNR_25_mode_PhenomPv2_inc_0.0_M90/lalinferencenest/IMRPhenomDthreePointFivePN/1167559679.0-0/H1L1/L1/1Dsamps/mtotal_source_samps.pdf
/home/c1572221/public_html/LVC/GW150914_like/GW150914_like_SNR_25_mode_PhenomPv2_inc_0.0_M90/lalinferencenest/IMRPhenomDthreePointFivePN/1167559679.0-0/H1L1/L1/1Dsamps/redshift_samps.pdf
/home/c1572221/public_html/LVC/GW150914_like/GW150914_like_SNR_25_mode_PhenomPv2_inc_0.0_M90/lalinferencenest/IMRPhenomDthreePointFivePN/1167559679.0-0/H1L1/L1/1Dsamps/v1_end_time_samps.pdf
/home/c1572221/public_html/LVC/GW150914_like/GW150914_like_SNR_25_mode_PhenomPv2_inc_0.0_M90/lalinferencenest/IMRPhenomDthreePointFivePN/1167559679.0-0/H1L1/L1/1Dsamps/matched_filter_snr_acf.png
/home/c1572221/public_html/LVC/GW150914_like/GW150914_like_SNR_25_mode_PhenomPv2_inc_0.0_M90/lalinferencenest/IMRPhenomDthreePointFivePN/1167559679.0-0/H1L1/L1/1Dsamps/mtotal_acf.pdf
/home/c1572221/public_html/LVC/GW150914_like/GW150914_like_SNR_25_mode_PhenomPv2_inc_0.0_M90/lalinferencenest/IMRPhenomDthreePointFivePN/1167559679.0-0/H1L1/L1/1Dsamps/deltalogll1_samps.png
/home/c1572221/public_html/LVC/GW150914_like/GW150914_like_SNR_25_mode_PhenomPv2_inc_0.0_M90/lalinferencenest/IMRPhenomDthreePointFivePN/1167559679.0-0/H1L1/L1/1Dsamps/h1v1_delay_acf.png
/home/c1572221/public_html/LVC/GW150914_like/GW150914_like_SNR_25_mode_PhenomPv2_inc_0.0_M90/lalinferencenest/IMRPhenomDthreePointFivePN/1167559679.0-0/H1L1/L1/1Dsamps/q_acf.pdf
/home/c1572221/public_html/LVC/GW150914_like/GW150914_like_SNR_25_mode_PhenomPv2_inc_0.0_M90/lalinferencenest/IMRPhenomDthreePointFivePN/1167559679.0-0/H1L1/L1/1Dsamps/h1v1_delay_acf.pdf
/home/c1572221/public_html/LVC/GW150914_like/GW150914_like_SNR_25_mode_PhenomPv2_inc_0.0_M90/lalinferencenest/IMRPhenomDthreePointFivePN/1167559679.0-0/H1L1/L1/1Dsamps/l1v1_delay_acf.png
/home/c1572221/public_html/LVC/GW150914_like/GW150914_like_SNR_25_mode_PhenomPv2_inc_0.0_M90/lalinferencenest/IMRPhenomDthreePointFivePN/1167559679.0-0/H1L1/L1/1Dsamps/a2z_samps.pdf
/home/c1572221/public_html/LVC/GW150914_like/GW150914_like_SNR_25_mode_PhenomPv2_inc_0.0_M90/lalinferencenest/IMRPhenomDthreePointFivePN/1167559679.0-0/H1L1/L1/1Dsamps/m2_source_acf.png
/home/c1572221/public_html/LVC/GW150914_like/GW150914_like_SNR_25_mode_PhenomPv2_inc_0.0_M90/lalinferencenest/IMRPhenomDthreePointFivePN/1167559679.0-0/H1L1/L1/1Dsamps/eta_acf.png
/home/c1572221/public_html/LVC/GW150914_like/GW150914_like_SNR_25_mode_PhenomPv2_inc_0.0_M90/lalinferencenest/IMRPhenomDthreePointFivePN/1167559679.0-0/H1L1/L1/1Dsamps/mf_samps.pdf
/home/c1572221/public_html/LVC/GW150914_like/GW150914_like_SNR_25_mode_PhenomPv2_inc_0.0_M90/lalinferencenest/IMRPhenomDthreePointFivePN/1167559679.0-0/H1L1/L1/1Dsamps/af_acf.pdf
/home/c1572221/public_html/LVC/GW150914_like/GW150914_like_SNR_25_mode_PhenomPv2_inc_0.0_M90/lalinferencenest/IMRPhenomDthreePointFivePN/1167559679.0-0/H1L1/L1/1Dsamps/l1_end_time_acf.png
/home/c1572221/public_html/LVC/GW150914_like/GW150914_like_SNR_25_mode_PhenomPv2_inc_0.0_M90/lalinferencenest/IMRPhenomDthreePointFivePN/1167559679.0-0/H1L1/L1/1Dsamps/m2_samps.png
/home/c1572221/public_html/LVC/GW150914_like/GW150914_like_SNR_25_mode_PhenomPv2_inc_0.0_M90/lalinferencenest/IMRPhenomDthreePointFivePN/1167559679.0-0/H1L1/L1/1Dsamps/phase_samps.pdf
/home/c1572221/public_html/LVC/GW150914_like/GW150914_like_SNR_25_mode_PhenomPv2_inc_0.0_M90/lalinferencenest/IMRPhenomDthreePointFivePN/1167559679.0-0/H1L1/L1/1Dsamps/e_rad_samps.png
/home/c1572221/public_html/LVC/GW150914_like/GW150914_like_SNR_25_mode_PhenomPv2_inc_0.0_M90/lalinferencenest/IMRPhenomDthreePointFivePN/1167559679.0-0/H1L1/L1/1Dsamps/q_samps.png
/home/c1572221/public_html/LVC/GW150914_like/GW150914_like_SNR_25_mode_PhenomPv2_inc_0.0_M90/lalinferencenest/IMRPhenomDthreePointFivePN/1167559679.0-0/H1L1/L1/1Dsamps/m2_source_acf.pdf
/home/c1572221/public_html/LVC/GW150914_like/GW150914_like_SNR_25_mode_PhenomPv2_inc_0.0_M90/lalinferencenest/IMRPhenomDthreePointFivePN/1167559679.0-0/H1L1/L1/1Dsamps/mtotal_source_samps.png
/home/c1572221/public_html/LVC/GW150914_like/GW150914_like_SNR_25_mode_PhenomPv2_inc_0.0_M90/lalinferencenest/IMRPhenomDthreePointFivePN/1167559679.0-0/H1L1/L1/1Dsamps/ra_acf.pdf
/home/c1572221/public_html/LVC/GW150914_like/GW150914_like_SNR_25_mode_PhenomPv2_inc_0.0_M90/lalinferencenest/IMRPhenomDthreePointFivePN/1167559679.0-0/H1L1/L1/1Dsamps/dec_samps.pdf
/home/c1572221/public_html/LVC/GW150914_like/GW150914_like_SNR_25_mode_PhenomPv2_inc_0.0_M90/lalinferencenest/IMRPhenomDthreePointFivePN/1167559679.0-0/H1L1/L1/1Dsamps/m2_samps.pdf
/home/c1572221/public_html/LVC/GW150914_like/GW150914_like_SNR_25_mode_PhenomPv2_inc_0.0_M90/lalinferencenest/IMRPhenomDthreePointFivePN/1167559679.0-0/H1L1/L1/1Dsamps/m1_source_acf.pdf
/home/c1572221/public_html/LVC/GW150914_like/GW150914_like_SNR_25_mode_PhenomPv2_inc_0.0_M90/lalinferencenest/IMRPhenomDthreePointFivePN/1167559679.0-0/H1L1/L1/1Dsamps/a2z_samps.png
/home/c1572221/public_html/LVC/GW150914_like/GW150914_like_SNR_25_mode_PhenomPv2_inc_0.0_M90/lalinferencenest/IMRPhenomDthreePointFivePN/1167559679.0-0/H1L1/L1/1Dsamps/l1_end_time_samps.png
/home/c1572221/public_html/LVC/GW150914_like/GW150914_like_SNR_25_mode_PhenomPv2_inc_0.0_M90/lalinferencenest/IMRPhenomDthreePointFivePN/1167559679.0-0/H1L1/L1/1Dsamps/a1z_acf.pdf
/home/c1572221/public_html/LVC/GW150914_like/GW150914_like_SNR_25_mode_PhenomPv2_inc_0.0_M90/lalinferencenest/IMRPhenomDthreePointFivePN/1167559679.0-0/H1L1/L1/1Dsamps/a2z_acf.png
/home/c1572221/public_html/LVC/GW150914_like/GW150914_like_SNR_25_mode_PhenomPv2_inc_0.0_M90/lalinferencenest/IMRPhenomDthreePointFivePN/1167559679.0-0/H1L1/L1/1Dsamps/matched_filter_snr_samps.png
/home/c1572221/public_html/LVC/GW150914_like/GW150914_like_SNR_25_mode_PhenomPv2_inc_0.0_M90/lalinferencenest/IMRPhenomDthreePointFivePN/1167559679.0-0/H1L1/L1/1Dsamps/deltalogll1_samps.pdf
/home/c1572221/public_html/LVC/GW150914_like/GW150914_like_SNR_25_mode_PhenomPv2_inc_0.0_M90/lalinferencenest/IMRPhenomDthreePointFivePN/1167559679.0-0/H1L1/L1/1Dsamps/h1l1_delay_samps.png
/home/c1572221/public_html/LVC/GW150914_like/GW150914_like_SNR_25_mode_PhenomPv2_inc_0.0_M90/lalinferencenest/IMRPhenomDthreePointFivePN/1167559679.0-0/H1L1/L1/1Dsamps/mf_samps.png
/home/c1572221/public_html/LVC/GW150914_like/GW150914_like_SNR_25_mode_PhenomPv2_inc_0.0_M90/lalinferencenest/IMRPhenomDthreePointFivePN/1167559679.0-0/H1L1/L1/1Dsamps/psi_samps.pdf
/home/c1572221/public_html/LVC/GW150914_like/GW150914_like_SNR_25_mode_PhenomPv2_inc_0.0_M90/lalinferencenest/IMRPhenomDthreePointFivePN/1167559679.0-0/H1L1/L1/1Dsamps/redshift_acf.pdf
/home/c1572221/public_html/LVC/GW150914_like/GW150914_like_SNR_25_mode_PhenomPv2_inc_0.0_M90/lalinferencenest/IMRPhenomDthreePointFivePN/1167559679.0-0/H1L1/L1/1Dsamps/m2_acf.pdf
/home/c1572221/public_html/LVC/GW150914_like/GW150914_like_SNR_25_mode_PhenomPv2_inc_0.0_M90/lalinferencenest/IMRPhenomDthreePointFivePN/1167559679.0-0/H1L1/L1/1Dsamps/l1_cplx_snr_amp_samps.png
/home/c1572221/public_html/LVC/GW150914_like/GW150914_like_SNR_25_mode_PhenomPv2_inc_0.0_M90/lalinferencenest/IMRPhenomDthreePointFivePN/1167559679.0-0/H1L1/L1/1Dsamps/q_acf.png
/home/c1572221/public_html/LVC/GW150914_like/GW150914_like_SNR_25_mode_PhenomPv2_inc_0.0_M90/lalinferencenest/IMRPhenomDthreePointFivePN/1167559679.0-0/H1L1/L1/1Dsamps/l1v1_delay_samps.pdf
/home/c1572221/public_html/LVC/GW150914_like/GW150914_like_SNR_25_mode_PhenomPv2_inc_0.0_M90/lalinferencenest/IMRPhenomDthreePointFivePN/1167559679.0-0/H1L1/L1/1Dsamps/h1_end_time_samps.png
/home/c1572221/public_html/LVC/GW150914_like/GW150914_like_SNR_25_mode_PhenomPv2_inc_0.0_M90/lalinferencenest/IMRPhenomDthreePointFivePN/1167559679.0-0/H1L1/L1/1Dsamps/logl_acf.pdf
/home/c1572221/public_html/LVC/GW150914_like/GW150914_like_SNR_25_mode_PhenomPv2_inc_0.0_M90/lalinferencenest/IMRPhenomDthreePointFivePN/1167559679.0-0/H1L1/L1/1Dsamps/matched_filter_snr_samps.pdf
/home/c1572221/public_html/LVC/GW150914_like/GW150914_like_SNR_25_mode_PhenomPv2_inc_0.0_M90/lalinferencenest/IMRPhenomDthreePointFivePN/1167559679.0-0/H1L1/L1/1Dsamps/e_rad_acf.png
/home/c1572221/public_html/LVC/GW150914_like/GW150914_like_SNR_25_mode_PhenomPv2_inc_0.0_M90/lalinferencenest/IMRPhenomDthreePointFivePN/1167559679.0-0/H1L1/L1/1Dsamps/matched_filter_snr_acf.pdf
/home/c1572221/public_html/LVC/GW150914_like/GW150914_like_SNR_25_mode_PhenomPv2_inc_0.0_M90/lalinferencenest/IMRPhenomDthreePointFivePN/1167559679.0-0/H1L1/L1/1Dsamps/mf_source_samps.pdf
/home/c1572221/public_html/LVC/GW150914_like/GW150914_like_SNR_25_mode_PhenomPv2_inc_0.0_M90/lalinferencenest/IMRPhenomDthreePointFivePN/1167559679.0-0/H1L1/L1/1Dsamps/time_samps.png
/home/c1572221/public_html/LVC/GW150914_like/GW150914_like_SNR_25_mode_PhenomPv2_inc_0.0_M90/lalinferencenest/IMRPhenomDthreePointFivePN/1167559679.0-0/H1L1/L1/1Dsamps/m2_acf.png
/home/c1572221/public_html/LVC/GW150914_like/GW150914_like_SNR_25_mode_PhenomPv2_inc_0.0_M90/lalinferencenest/IMRPhenomDthreePointFivePN/1167559679.0-0/H1L1/L1/1Dsamps/optimal_snr_acf.pdf
/home/c1572221/public_html/LVC/GW150914_like/GW150914_like_SNR_25_mode_PhenomPv2_inc_0.0_M90/lalinferencenest/IMRPhenomDthreePointFivePN/1167559679.0-0/H1L1/L1/1Dsamps/l1_cplx_snr_amp_acf.pdf
/home/c1572221/public_html/LVC/GW150914_like/GW150914_like_SNR_25_mode_PhenomPv2_inc_0.0_M90/lalinferencenest/IMRPhenomDthreePointFivePN/1167559679.0-0/H1L1/L1/1Dsamps/h1l1_delay_acf.pdf
/home/c1572221/public_html/LVC/GW150914_like/GW150914_like_SNR_25_mode_PhenomPv2_inc_0.0_M90/lalinferencenest/IMRPhenomDthreePointFivePN/1167559679.0-0/H1L1/L1/1Dsamps/l1_cplx_snr_amp_samps.pdf
/home/c1572221/public_html/LVC/GW150914_like/GW150914_like_SNR_25_mode_PhenomPv2_inc_0.0_M90/lalinferencenest/IMRPhenomDthreePointFivePN/1167559679.0-0/H1L1/L1/1Dsamps/v1_end_time_samps.png
/home/c1572221/public_html/LVC/GW150914_like/GW150914_like_SNR_25_mode_PhenomPv2_inc_0.0_M90/lalinferencenest/IMRPhenomDthreePointFivePN/1167559679.0-0/H1L1/L1/1Dsamps/a1_acf.pdf
/home/c1572221/public_html/LVC/GW150914_like/GW150914_like_SNR_25_mode_PhenomPv2_inc_0.0_M90/lalinferencenest/IMRPhenomDthreePointFivePN/1167559679.0-0/H1L1/L1/1Dsamps/redshift_acf.png
/home/c1572221/public_html/LVC/GW150914_like/GW150914_like_SNR_25_mode_PhenomPv2_inc_0.0_M90/lalinferencenest/IMRPhenomDthreePointFivePN/1167559679.0-0/H1L1/L1/1Dsamps/costheta_jn_acf.pdf
/home/c1572221/public_html/LVC/GW150914_like/GW150914_like_SNR_25_mode_PhenomPv2_inc_0.0_M90/lalinferencenest/IMRPhenomDthreePointFivePN/1167559679.0-0/H1L1/L1/1Dsamps/e_rad_acf.pdf
/home/c1572221/public_html/LVC/GW150914_like/GW150914_like_SNR_25_mode_PhenomPv2_inc_0.0_M90/lalinferencenest/IMRPhenomDthreePointFivePN/1167559679.0-0/H1L1/L1/1Dsamps/logprior_samps.pdf
/home/c1572221/public_html/LVC/GW150914_like/GW150914_like_SNR_25_mode_PhenomPv2_inc_0.0_M90/lalinferencenest/IMRPhenomDthreePointFivePN/1167559679.0-0/H1L1/L1/1Dsamps/m1_acf.pdf
/home/c1572221/public_html/LVC/GW150914_like/GW150914_like_SNR_25_mode_PhenomPv2_inc_0.0_M90/lalinferencenest/IMRPhenomDthreePointFivePN/1167559679.0-0/H1L1/L1/1Dsamps/phase_samps.png
/home/c1572221/public_html/LVC/GW150914_like/GW150914_like_SNR_25_mode_PhenomPv2_inc_0.0_M90/lalinferencenest/IMRPhenomDthreePointFivePN/1167559679.0-0/H1L1/L1/1Dsamps/deltalogll1_acf.pdf
/home/c1572221/public_html/LVC/GW150914_like/GW150914_like_SNR_25_mode_PhenomPv2_inc_0.0_M90/lalinferencenest/IMRPhenomDthreePointFivePN/1167559679.0-0/H1L1/L1/1Dsamps/costheta_jn_samps.png
/home/c1572221/public_html/LVC/GW150914_like/GW150914_like_SNR_25_mode_PhenomPv2_inc_0.0_M90/lalinferencenest/IMRPhenomDthreePointFivePN/1167559679.0-0/H1L1/L1/1Dsamps/logprior_acf.png
/home/c1572221/public_html/LVC/GW150914_like/GW150914_like_SNR_25_mode_PhenomPv2_inc_0.0_M90/lalinferencenest/IMRPhenomDthreePointFivePN/1167559679.0-0/H1L1/L1/1Dsamps/h1v1_delay_samps.pdf
/home/c1572221/public_html/LVC/GW150914_like/GW150914_like_SNR_25_mode_PhenomPv2_inc_0.0_M90/lalinferencenest/IMRPhenomDthreePointFivePN/1167559679.0-0/H1L1/L1/1Dsamps/af_samps.pdf
/home/c1572221/public_html/LVC/GW150914_like/GW150914_like_SNR_25_mode_PhenomPv2_inc_0.0_M90/lalinferencenest/IMRPhenomDthreePointFivePN/1167559679.0-0/H1L1/L1/1Dsamps/a1_samps.pdf
/home/c1572221/public_html/LVC/GW150914_like/GW150914_like_SNR_25_mode_PhenomPv2_inc_0.0_M90/lalinferencenest/IMRPhenomDthreePointFivePN/1167559679.0-0/H1L1/L1/1Dsamps/costheta_jn_acf.png
/home/c1572221/public_html/LVC/GW150914_like/GW150914_like_SNR_25_mode_PhenomPv2_inc_0.0_M90/lalinferencenest/IMRPhenomDthreePointFivePN/1167559679.0-0/H1L1/L1/1Dsamps/mf_source_acf.pdf
/home/c1572221/public_html/LVC/GW150914_like/GW150914_like_SNR_25_mode_PhenomPv2_inc_0.0_M90/lalinferencenest/IMRPhenomDthreePointFivePN/1167559679.0-0/H1L1/L1/1Dsamps/theta_jn_samps.png
/home/c1572221/public_html/LVC/GW150914_like/GW150914_like_SNR_25_mode_PhenomPv2_inc_0.0_M90/lalinferencenest/IMRPhenomDthreePointFivePN/1167559679.0-0/H1L1/L1/1Dsamps/af_samps.png
/home/c1572221/public_html/LVC/GW150914_like/GW150914_like_SNR_25_mode_PhenomPv2_inc_0.0_M90/lalinferencenest/IMRPhenomDthreePointFivePN/1167559679.0-0/H1L1/L1/1Dsamps/l1_optimal_snr_samps.png
/home/c1572221/public_html/LVC/GW150914_like/GW150914_like_SNR_25_mode_PhenomPv2_inc_0.0_M90/lalinferencenest/IMRPhenomDthreePointFivePN/1167559679.0-0/H1L1/L1/1Dsamps/dec_acf.png
/home/c1572221/public_html/LVC/GW150914_like/GW150914_like_SNR_25_mode_PhenomPv2_inc_0.0_M90/lalinferencenest/IMRPhenomDthreePointFivePN/1167559679.0-0/H1L1/L1/1Dsamps/ra_acf.png
/home/c1572221/public_html/LVC/GW150914_like/GW150914_like_SNR_25_mode_PhenomPv2_inc_0.0_M90/lalinferencenest/IMRPhenomDthreePointFivePN/1167559679.0-0/H1L1/L1/1Dsamps/deltalogl_acf.png
/home/c1572221/public_html/LVC/GW150914_like/GW150914_like_SNR_25_mode_PhenomPv2_inc_0.0_M90/lalinferencenest/IMRPhenomDthreePointFivePN/1167559679.0-0/H1L1/L1/1Dsamps/chi_eff_acf.png
/home/c1572221/public_html/LVC/GW150914_like/GW150914_like_SNR_25_mode_PhenomPv2_inc_0.0_M90/lalinferencenest/IMRPhenomDthreePointFivePN/1167559679.0-0/H1L1/L1/1Dsamps/time_acf.png
/home/c1572221/public_html/LVC/GW150914_like/GW150914_like_SNR_25_mode_PhenomPv2_inc_0.0_M90/lalinferencenest/IMRPhenomDthreePointFivePN/1167559679.0-0/H1L1/L1/1Dsamps/deltalogl_acf.pdf
/home/c1572221/public_html/LVC/GW150914_like/GW150914_like_SNR_25_mode_PhenomPv2_inc_0.0_M90/lalinferencenest/IMRPhenomDthreePointFivePN/1167559679.0-0/H1L1/L1/1Dsamps/mtotal_source_acf.png
/home/c1572221/public_html/LVC/GW150914_like/GW150914_like_SNR_25_mode_PhenomPv2_inc_0.0_M90/lalinferencenest/IMRPhenomDthreePointFivePN/1167559679.0-0/H1L1/L1/1Dsamps/dec_samps.png
/home/c1572221/public_html/LVC/GW150914_like/GW150914_like_SNR_25_mode_PhenomPv2_inc_0.0_M90/lalinferencenest/IMRPhenomDthreePointFivePN/1167559679.0-0/H1L1/L1/1Dsamps/m1_samps.pdf
/home/c1572221/public_html/LVC/GW150914_like/GW150914_like_SNR_25_mode_PhenomPv2_inc_0.0_M90/lalinferencenest/IMRPhenomDthreePointFivePN/1167559679.0-0/H1L1/L1/1Dsamps/deltalogll1_acf.png
/home/c1572221/public_html/LVC/GW150914_like/GW150914_like_SNR_25_mode_PhenomPv2_inc_0.0_M90/lalinferencenest/IMRPhenomDthreePointFivePN/1167559679.0-0/H1L1/L1/1Dsamps/h1l1_delay_samps.pdf
/home/c1572221/public_html/LVC/GW150914_like/GW150914_like_SNR_25_mode_PhenomPv2_inc_0.0_M90/lalinferencenest/IMRPhenomDthreePointFivePN/1167559679.0-0/H1L1/L1/1Dsamps/l_peak_acf.png
/home/c1572221/public_html/LVC/GW150914_like/GW150914_like_SNR_25_mode_PhenomPv2_inc_0.0_M90/lalinferencenest/IMRPhenomDthreePointFivePN/1167559679.0-0/H1L1/L1/1Dsamps/logl_acf.png
/home/c1572221/public_html/LVC/GW150914_like/GW150914_like_SNR_25_mode_PhenomPv2_inc_0.0_M90/lalinferencenest/IMRPhenomDthreePointFivePN/1167559679.0-0/H1L1/L1/1Dsamps/ra_samps.png
/home/c1572221/public_html/LVC/GW150914_like/GW150914_like_SNR_25_mode_PhenomPv2_inc_0.0_M90/lalinferencenest/IMRPhenomDthreePointFivePN/1167559679.0-0/H1L1/L1/1Dsamps/deltalogl_samps.pdf
/home/c1572221/public_html/LVC/GW150914_like/GW150914_like_SNR_25_mode_PhenomPv2_inc_0.0_M90/lalinferencenest/IMRPhenomDthreePointFivePN/1167559679.0-0/H1L1/L1/1Dsamps/distance_acf.pdf
/home/c1572221/public_html/LVC/GW150914_like/GW150914_like_SNR_25_mode_PhenomPv2_inc_0.0_M90/lalinferencenest/IMRPhenomDthreePointFivePN/1167559679.0-0/H1L1/L1/1Dsamps/mc_source_acf.pdf
/home/c1572221/public_html/LVC/GW150914_like/GW150914_like_SNR_25_mode_PhenomPv2_inc_0.0_M90/lalinferencenest/IMRPhenomDthreePointFivePN/1167559679.0-0/H1L1/L1/1Dsamps/mc_source_acf.png
/home/c1572221/public_html/LVC/GW150914_like/GW150914_like_SNR_25_mode_PhenomPv2_inc_0.0_M90/lalinferencenest/IMRPhenomDthreePointFivePN/1167559679.0-0/H1L1/L1/1Dsamps/eta_samps.pdf
/home/c1572221/public_html/LVC/GW150914_like/GW150914_like_SNR_25_mode_PhenomPv2_inc_0.0_M90/lalinferencenest/IMRPhenomDthreePointFivePN/1167559679.0-0/H1L1/L1/1Dsamps/a2_samps.png
/home/c1572221/public_html/LVC/GW150914_like/GW150914_like_SNR_25_mode_PhenomPv2_inc_0.0_M90/lalinferencenest/IMRPhenomDthreePointFivePN/1167559679.0-0/H1L1/L1/1Dsamps/dec_acf.pdf
/home/c1572221/public_html/LVC/GW150914_like/GW150914_like_SNR_25_mode_PhenomPv2_inc_0.0_M90/lalinferencenest/IMRPhenomDthreePointFivePN/1167559679.0-0/H1L1/L1/1Dsamps/eta_acf.pdf
/home/c1572221/public_html/LVC/GW150914_like/GW150914_like_SNR_25_mode_PhenomPv2_inc_0.0_M90/lalinferencenest/IMRPhenomDthreePointFivePN/1167559679.0-0/H1L1/L1/1Dsamps/a2_acf.png
/home/c1572221/public_html/LVC/GW150914_like/GW150914_like_SNR_25_mode_PhenomPv2_inc_0.0_M90/lalinferencenest/IMRPhenomDthreePointFivePN/1167559679.0-0/H1L1/L1/dic.dat
/home/c1572221/public_html/LVC/GW150914_like/GW150914_like_SNR_25_mode_PhenomPv2_inc_0.0_M90/lalinferencenest/IMRPhenomDthreePointFivePN/1167559679.0-0/H1L1/L1/1Dpdf/
/home/c1572221/public_html/LVC/GW150914_like/GW150914_like_SNR_25_mode_PhenomPv2_inc_0.0_M90/lalinferencenest/IMRPhenomDthreePointFivePN/1167559679.0-0/H1L1/L1/1Dpdf/e_rad.pdf
/home/c1572221/public_html/LVC/GW150914_like/GW150914_like_SNR_25_mode_PhenomPv2_inc_0.0_M90/lalinferencenest/IMRPhenomDthreePointFivePN/1167559679.0-0/H1L1/L1/1Dpdf/ra.png
/home/c1572221/public_html/LVC/GW150914_like/GW150914_like_SNR_25_mode_PhenomPv2_inc_0.0_M90/lalinferencenest/IMRPhenomDthreePointFivePN/1167559679.0-0/H1L1/L1/1Dpdf/m2_source.png
/home/c1572221/public_html/LVC/GW150914_like/GW150914_like_SNR_25_mode_PhenomPv2_inc_0.0_M90/lalinferencenest/IMRPhenomDthreePointFivePN/1167559679.0-0/H1L1/L1/1Dpdf/logprior.png
/home/c1572221/public_html/LVC/GW150914_like/GW150914_like_SNR_25_mode_PhenomPv2_inc_0.0_M90/lalinferencenest/IMRPhenomDthreePointFivePN/1167559679.0-0/H1L1/L1/1Dpdf/theta_jn.pdf
/home/c1572221/public_html/LVC/GW150914_like/GW150914_like_SNR_25_mode_PhenomPv2_inc_0.0_M90/lalinferencenest/IMRPhenomDthreePointFivePN/1167559679.0-0/H1L1/L1/1Dpdf/phase.png
/home/c1572221/public_html/LVC/GW150914_like/GW150914_like_SNR_25_mode_PhenomPv2_inc_0.0_M90/lalinferencenest/IMRPhenomDthreePointFivePN/1167559679.0-0/H1L1/L1/1Dpdf/h1_end_time.pdf
/home/c1572221/public_html/LVC/GW150914_like/GW150914_like_SNR_25_mode_PhenomPv2_inc_0.0_M90/lalinferencenest/IMRPhenomDthreePointFivePN/1167559679.0-0/H1L1/L1/1Dpdf/logprior.pdf
/home/c1572221/public_html/LVC/GW150914_like/GW150914_like_SNR_25_mode_PhenomPv2_inc_0.0_M90/lalinferencenest/IMRPhenomDthreePointFivePN/1167559679.0-0/H1L1/L1/1Dpdf/dec.pdf
/home/c1572221/public_html/LVC/GW150914_like/GW150914_like_SNR_25_mode_PhenomPv2_inc_0.0_M90/lalinferencenest/IMRPhenomDthreePointFivePN/1167559679.0-0/H1L1/L1/1Dpdf/mtotal.pdf
/home/c1572221/public_html/LVC/GW150914_like/GW150914_like_SNR_25_mode_PhenomPv2_inc_0.0_M90/lalinferencenest/IMRPhenomDthreePointFivePN/1167559679.0-0/H1L1/L1/1Dpdf/af.pdf
/home/c1572221/public_html/LVC/GW150914_like/GW150914_like_SNR_25_mode_PhenomPv2_inc_0.0_M90/lalinferencenest/IMRPhenomDthreePointFivePN/1167559679.0-0/H1L1/L1/1Dpdf/q.pdf
/home/c1572221/public_html/LVC/GW150914_like/GW150914_like_SNR_25_mode_PhenomPv2_inc_0.0_M90/lalinferencenest/IMRPhenomDthreePointFivePN/1167559679.0-0/H1L1/L1/1Dpdf/m1.pdf
/home/c1572221/public_html/LVC/GW150914_like/GW150914_like_SNR_25_mode_PhenomPv2_inc_0.0_M90/lalinferencenest/IMRPhenomDthreePointFivePN/1167559679.0-0/H1L1/L1/1Dpdf/deltalogl.pdf
/home/c1572221/public_html/LVC/GW150914_like/GW150914_like_SNR_25_mode_PhenomPv2_inc_0.0_M90/lalinferencenest/IMRPhenomDthreePointFivePN/1167559679.0-0/H1L1/L1/1Dpdf/a1.png
/home/c1572221/public_html/LVC/GW150914_like/GW150914_like_SNR_25_mode_PhenomPv2_inc_0.0_M90/lalinferencenest/IMRPhenomDthreePointFivePN/1167559679.0-0/H1L1/L1/1Dpdf/a1.pdf
/home/c1572221/public_html/LVC/GW150914_like/GW150914_like_SNR_25_mode_PhenomPv2_inc_0.0_M90/lalinferencenest/IMRPhenomDthreePointFivePN/1167559679.0-0/H1L1/L1/1Dpdf/psi.pdf
/home/c1572221/public_html/LVC/GW150914_like/GW150914_like_SNR_25_mode_PhenomPv2_inc_0.0_M90/lalinferencenest/IMRPhenomDthreePointFivePN/1167559679.0-0/H1L1/L1/1Dpdf/time.pdf
/home/c1572221/public_html/LVC/GW150914_like/GW150914_like_SNR_25_mode_PhenomPv2_inc_0.0_M90/lalinferencenest/IMRPhenomDthreePointFivePN/1167559679.0-0/H1L1/L1/1Dpdf/h1_end_time.png
/home/c1572221/public_html/LVC/GW150914_like/GW150914_like_SNR_25_mode_PhenomPv2_inc_0.0_M90/lalinferencenest/IMRPhenomDthreePointFivePN/1167559679.0-0/H1L1/L1/1Dpdf/v1_end_time.png
/home/c1572221/public_html/LVC/GW150914_like/GW150914_like_SNR_25_mode_PhenomPv2_inc_0.0_M90/lalinferencenest/IMRPhenomDthreePointFivePN/1167559679.0-0/H1L1/L1/1Dpdf/redshift.png
/home/c1572221/public_html/LVC/GW150914_like/GW150914_like_SNR_25_mode_PhenomPv2_inc_0.0_M90/lalinferencenest/IMRPhenomDthreePointFivePN/1167559679.0-0/H1L1/L1/1Dpdf/mf.png
/home/c1572221/public_html/LVC/GW150914_like/GW150914_like_SNR_25_mode_PhenomPv2_inc_0.0_M90/lalinferencenest/IMRPhenomDthreePointFivePN/1167559679.0-0/H1L1/L1/1Dpdf/distance.pdf
/home/c1572221/public_html/LVC/GW150914_like/GW150914_like_SNR_25_mode_PhenomPv2_inc_0.0_M90/lalinferencenest/IMRPhenomDthreePointFivePN/1167559679.0-0/H1L1/L1/1Dpdf/logl.png
/home/c1572221/public_html/LVC/GW150914_like/GW150914_like_SNR_25_mode_PhenomPv2_inc_0.0_M90/lalinferencenest/IMRPhenomDthreePointFivePN/1167559679.0-0/H1L1/L1/1Dpdf/a1z.png
/home/c1572221/public_html/LVC/GW150914_like/GW150914_like_SNR_25_mode_PhenomPv2_inc_0.0_M90/lalinferencenest/IMRPhenomDthreePointFivePN/1167559679.0-0/H1L1/L1/1Dpdf/mtotal.png
/home/c1572221/public_html/LVC/GW150914_like/GW150914_like_SNR_25_mode_PhenomPv2_inc_0.0_M90/lalinferencenest/IMRPhenomDthreePointFivePN/1167559679.0-0/H1L1/L1/1Dpdf/l1_end_time.png
/home/c1572221/public_html/LVC/GW150914_like/GW150914_like_SNR_25_mode_PhenomPv2_inc_0.0_M90/lalinferencenest/IMRPhenomDthreePointFivePN/1167559679.0-0/H1L1/L1/1Dpdf/costheta_jn.pdf
/home/c1572221/public_html/LVC/GW150914_like/GW150914_like_SNR_25_mode_PhenomPv2_inc_0.0_M90/lalinferencenest/IMRPhenomDthreePointFivePN/1167559679.0-0/H1L1/L1/1Dpdf/h1v1_delay.pdf
/home/c1572221/public_html/LVC/GW150914_like/GW150914_like_SNR_25_mode_PhenomPv2_inc_0.0_M90/lalinferencenest/IMRPhenomDthreePointFivePN/1167559679.0-0/H1L1/L1/1Dpdf/m1_source.png
/home/c1572221/public_html/LVC/GW150914_like/GW150914_like_SNR_25_mode_PhenomPv2_inc_0.0_M90/lalinferencenest/IMRPhenomDthreePointFivePN/1167559679.0-0/H1L1/L1/1Dpdf/a2z.pdf
/home/c1572221/public_html/LVC/GW150914_like/GW150914_like_SNR_25_mode_PhenomPv2_inc_0.0_M90/lalinferencenest/IMRPhenomDthreePointFivePN/1167559679.0-0/H1L1/L1/1Dpdf/chi_eff.pdf
/home/c1572221/public_html/LVC/GW150914_like/GW150914_like_SNR_25_mode_PhenomPv2_inc_0.0_M90/lalinferencenest/IMRPhenomDthreePointFivePN/1167559679.0-0/H1L1/L1/1Dpdf/optimal_snr.png
/home/c1572221/public_html/LVC/GW150914_like/GW150914_like_SNR_25_mode_PhenomPv2_inc_0.0_M90/lalinferencenest/IMRPhenomDthreePointFivePN/1167559679.0-0/H1L1/L1/1Dpdf/m1_source.pdf
/home/c1572221/public_html/LVC/GW150914_like/GW150914_like_SNR_25_mode_PhenomPv2_inc_0.0_M90/lalinferencenest/IMRPhenomDthreePointFivePN/1167559679.0-0/H1L1/L1/1Dpdf/mf.pdf
/home/c1572221/public_html/LVC/GW150914_like/GW150914_like_SNR_25_mode_PhenomPv2_inc_0.0_M90/lalinferencenest/IMRPhenomDthreePointFivePN/1167559679.0-0/H1L1/L1/1Dpdf/costheta_jn.png
/home/c1572221/public_html/LVC/GW150914_like/GW150914_like_SNR_25_mode_PhenomPv2_inc_0.0_M90/lalinferencenest/IMRPhenomDthreePointFivePN/1167559679.0-0/H1L1/L1/1Dpdf/matched_filter_snr.png
/home/c1572221/public_html/LVC/GW150914_like/GW150914_like_SNR_25_mode_PhenomPv2_inc_0.0_M90/lalinferencenest/IMRPhenomDthreePointFivePN/1167559679.0-0/H1L1/L1/1Dpdf/time.png
/home/c1572221/public_html/LVC/GW150914_like/GW150914_like_SNR_25_mode_PhenomPv2_inc_0.0_M90/lalinferencenest/IMRPhenomDthreePointFivePN/1167559679.0-0/H1L1/L1/1Dpdf/m2.png
/home/c1572221/public_html/LVC/GW150914_like/GW150914_like_SNR_25_mode_PhenomPv2_inc_0.0_M90/lalinferencenest/IMRPhenomDthreePointFivePN/1167559679.0-0/H1L1/L1/1Dpdf/eta.pdf
/home/c1572221/public_html/LVC/GW150914_like/GW150914_like_SNR_25_mode_PhenomPv2_inc_0.0_M90/lalinferencenest/IMRPhenomDthreePointFivePN/1167559679.0-0/H1L1/L1/1Dpdf/theta_jn.png
/home/c1572221/public_html/LVC/GW150914_like/GW150914_like_SNR_25_mode_PhenomPv2_inc_0.0_M90/lalinferencenest/IMRPhenomDthreePointFivePN/1167559679.0-0/H1L1/L1/1Dpdf/af.png
/home/c1572221/public_html/LVC/GW150914_like/GW150914_like_SNR_25_mode_PhenomPv2_inc_0.0_M90/lalinferencenest/IMRPhenomDthreePointFivePN/1167559679.0-0/H1L1/L1/1Dpdf/l1_cplx_snr_amp.png
/home/c1572221/public_html/LVC/GW150914_like/GW150914_like_SNR_25_mode_PhenomPv2_inc_0.0_M90/lalinferencenest/IMRPhenomDthreePointFivePN/1167559679.0-0/H1L1/L1/1Dpdf/l1v1_delay.pdf
/home/c1572221/public_html/LVC/GW150914_like/GW150914_like_SNR_25_mode_PhenomPv2_inc_0.0_M90/lalinferencenest/IMRPhenomDthreePointFivePN/1167559679.0-0/H1L1/L1/1Dpdf/l1_end_time.pdf
/home/c1572221/public_html/LVC/GW150914_like/GW150914_like_SNR_25_mode_PhenomPv2_inc_0.0_M90/lalinferencenest/IMRPhenomDthreePointFivePN/1167559679.0-0/H1L1/L1/1Dpdf/e_rad.png
/home/c1572221/public_html/LVC/GW150914_like/GW150914_like_SNR_25_mode_PhenomPv2_inc_0.0_M90/lalinferencenest/IMRPhenomDthreePointFivePN/1167559679.0-0/H1L1/L1/1Dpdf/chi_eff.png
/home/c1572221/public_html/LVC/GW150914_like/GW150914_like_SNR_25_mode_PhenomPv2_inc_0.0_M90/lalinferencenest/IMRPhenomDthreePointFivePN/1167559679.0-0/H1L1/L1/1Dpdf/ra.pdf
/home/c1572221/public_html/LVC/GW150914_like/GW150914_like_SNR_25_mode_PhenomPv2_inc_0.0_M90/lalinferencenest/IMRPhenomDthreePointFivePN/1167559679.0-0/H1L1/L1/1Dpdf/l1_optimal_snr.png
/home/c1572221/public_html/LVC/GW150914_like/GW150914_like_SNR_25_mode_PhenomPv2_inc_0.0_M90/lalinferencenest/IMRPhenomDthreePointFivePN/1167559679.0-0/H1L1/L1/1Dpdf/a2.png
/home/c1572221/public_html/LVC/GW150914_like/GW150914_like_SNR_25_mode_PhenomPv2_inc_0.0_M90/lalinferencenest/IMRPhenomDthreePointFivePN/1167559679.0-0/H1L1/L1/1Dpdf/psi.png
/home/c1572221/public_html/LVC/GW150914_like/GW150914_like_SNR_25_mode_PhenomPv2_inc_0.0_M90/lalinferencenest/IMRPhenomDthreePointFivePN/1167559679.0-0/H1L1/L1/1Dpdf/distance.png
/home/c1572221/public_html/LVC/GW150914_like/GW150914_like_SNR_25_mode_PhenomPv2_inc_0.0_M90/lalinferencenest/IMRPhenomDthreePointFivePN/1167559679.0-0/H1L1/L1/1Dpdf/a2.pdf
/home/c1572221/public_html/LVC/GW150914_like/GW150914_like_SNR_25_mode_PhenomPv2_inc_0.0_M90/lalinferencenest/IMRPhenomDthreePointFivePN/1167559679.0-0/H1L1/L1/1Dpdf/v1_end_time.pdf
/home/c1572221/public_html/LVC/GW150914_like/GW150914_like_SNR_25_mode_PhenomPv2_inc_0.0_M90/lalinferencenest/IMRPhenomDthreePointFivePN/1167559679.0-0/H1L1/L1/1Dpdf/m1.png
/home/c1572221/public_html/LVC/GW150914_like/GW150914_like_SNR_25_mode_PhenomPv2_inc_0.0_M90/lalinferencenest/IMRPhenomDthreePointFivePN/1167559679.0-0/H1L1/L1/1Dpdf/h1l1_delay.pdf
/home/c1572221/public_html/LVC/GW150914_like/GW150914_like_SNR_25_mode_PhenomPv2_inc_0.0_M90/lalinferencenest/IMRPhenomDthreePointFivePN/1167559679.0-0/H1L1/L1/1Dpdf/mc_source.pdf
/home/c1572221/public_html/LVC/GW150914_like/GW150914_like_SNR_25_mode_PhenomPv2_inc_0.0_M90/lalinferencenest/IMRPhenomDthreePointFivePN/1167559679.0-0/H1L1/L1/1Dpdf/mf_source.pdf
/home/c1572221/public_html/LVC/GW150914_like/GW150914_like_SNR_25_mode_PhenomPv2_inc_0.0_M90/lalinferencenest/IMRPhenomDthreePointFivePN/1167559679.0-0/H1L1/L1/1Dpdf/deltalogll1.png
/home/c1572221/public_html/LVC/GW150914_like/GW150914_like_SNR_25_mode_PhenomPv2_inc_0.0_M90/lalinferencenest/IMRPhenomDthreePointFivePN/1167559679.0-0/H1L1/L1/1Dpdf/phase.pdf
/home/c1572221/public_html/LVC/GW150914_like/GW150914_like_SNR_25_mode_PhenomPv2_inc_0.0_M90/lalinferencenest/IMRPhenomDthreePointFivePN/1167559679.0-0/H1L1/L1/1Dpdf/mc.pdf
/home/c1572221/public_html/LVC/GW150914_like/GW150914_like_SNR_25_mode_PhenomPv2_inc_0.0_M90/lalinferencenest/IMRPhenomDthreePointFivePN/1167559679.0-0/H1L1/L1/1Dpdf/mc_source.png
/home/c1572221/public_html/LVC/GW150914_like/GW150914_like_SNR_25_mode_PhenomPv2_inc_0.0_M90/lalinferencenest/IMRPhenomDthreePointFivePN/1167559679.0-0/H1L1/L1/1Dpdf/m2_source.pdf
/home/c1572221/public_html/LVC/GW150914_like/GW150914_like_SNR_25_mode_PhenomPv2_inc_0.0_M90/lalinferencenest/IMRPhenomDthreePointFivePN/1167559679.0-0/H1L1/L1/1Dpdf/l1_cplx_snr_arg.pdf
/home/c1572221/public_html/LVC/GW150914_like/GW150914_like_SNR_25_mode_PhenomPv2_inc_0.0_M90/lalinferencenest/IMRPhenomDthreePointFivePN/1167559679.0-0/H1L1/L1/1Dpdf/logl.pdf
/home/c1572221/public_html/LVC/GW150914_like/GW150914_like_SNR_25_mode_PhenomPv2_inc_0.0_M90/lalinferencenest/IMRPhenomDthreePointFivePN/1167559679.0-0/H1L1/L1/1Dpdf/redshift.pdf
/home/c1572221/public_html/LVC/GW150914_like/GW150914_like_SNR_25_mode_PhenomPv2_inc_0.0_M90/lalinferencenest/IMRPhenomDthreePointFivePN/1167559679.0-0/H1L1/L1/1Dpdf/mtotal_source.png
/home/c1572221/public_html/LVC/GW150914_like/GW150914_like_SNR_25_mode_PhenomPv2_inc_0.0_M90/lalinferencenest/IMRPhenomDthreePointFivePN/1167559679.0-0/H1L1/L1/1Dpdf/l_peak.pdf
/home/c1572221/public_html/LVC/GW150914_like/GW150914_like_SNR_25_mode_PhenomPv2_inc_0.0_M90/lalinferencenest/IMRPhenomDthreePointFivePN/1167559679.0-0/H1L1/L1/1Dpdf/a1z.pdf
/home/c1572221/public_html/LVC/GW150914_like/GW150914_like_SNR_25_mode_PhenomPv2_inc_0.0_M90/lalinferencenest/IMRPhenomDthreePointFivePN/1167559679.0-0/H1L1/L1/1Dpdf/mc.png
/home/c1572221/public_html/LVC/GW150914_like/GW150914_like_SNR_25_mode_PhenomPv2_inc_0.0_M90/lalinferencenest/IMRPhenomDthreePointFivePN/1167559679.0-0/H1L1/L1/1Dpdf/l1_optimal_snr.pdf
/home/c1572221/public_html/LVC/GW150914_like/GW150914_like_SNR_25_mode_PhenomPv2_inc_0.0_M90/lalinferencenest/IMRPhenomDthreePointFivePN/1167559679.0-0/H1L1/L1/1Dpdf/eta.png
/home/c1572221/public_html/LVC/GW150914_like/GW150914_like_SNR_25_mode_PhenomPv2_inc_0.0_M90/lalinferencenest/IMRPhenomDthreePointFivePN/1167559679.0-0/H1L1/L1/1Dpdf/m2.pdf
/home/c1572221/public_html/LVC/GW150914_like/GW150914_like_SNR_25_mode_PhenomPv2_inc_0.0_M90/lalinferencenest/IMRPhenomDthreePointFivePN/1167559679.0-0/H1L1/L1/1Dpdf/mtotal_source.pdf
/home/c1572221/public_html/LVC/GW150914_like/GW150914_like_SNR_25_mode_PhenomPv2_inc_0.0_M90/lalinferencenest/IMRPhenomDthreePointFivePN/1167559679.0-0/H1L1/L1/1Dpdf/l1_cplx_snr_arg.png
/home/c1572221/public_html/LVC/GW150914_like/GW150914_like_SNR_25_mode_PhenomPv2_inc_0.0_M90/lalinferencenest/IMRPhenomDthreePointFivePN/1167559679.0-0/H1L1/L1/1Dpdf/optimal_snr.pdf
/home/c1572221/public_html/LVC/GW150914_like/GW150914_like_SNR_25_mode_PhenomPv2_inc_0.0_M90/lalinferencenest/IMRPhenomDthreePointFivePN/1167559679.0-0/H1L1/L1/1Dpdf/h1v1_delay.png
/home/c1572221/public_html/LVC/GW150914_like/GW150914_like_SNR_25_mode_PhenomPv2_inc_0.0_M90/lalinferencenest/IMRPhenomDthreePointFivePN/1167559679.0-0/H1L1/L1/1Dpdf/l1v1_delay.png
/home/c1572221/public_html/LVC/GW150914_like/GW150914_like_SNR_25_mode_PhenomPv2_inc_0.0_M90/lalinferencenest/IMRPhenomDthreePointFivePN/1167559679.0-0/H1L1/L1/1Dpdf/h1l1_delay.png
/home/c1572221/public_html/LVC/GW150914_like/GW150914_like_SNR_25_mode_PhenomPv2_inc_0.0_M90/lalinferencenest/IMRPhenomDthreePointFivePN/1167559679.0-0/H1L1/L1/1Dpdf/a2z.png
/home/c1572221/public_html/LVC/GW150914_like/GW150914_like_SNR_25_mode_PhenomPv2_inc_0.0_M90/lalinferencenest/IMRPhenomDthreePointFivePN/1167559679.0-0/H1L1/L1/1Dpdf/matched_filter_snr.pdf
/home/c1572221/public_html/LVC/GW150914_like/GW150914_like_SNR_25_mode_PhenomPv2_inc_0.0_M90/lalinferencenest/IMRPhenomDthreePointFivePN/1167559679.0-0/H1L1/L1/1Dpdf/mf_source.png
/home/c1572221/public_html/LVC/GW150914_like/GW150914_like_SNR_25_mode_PhenomPv2_inc_0.0_M90/lalinferencenest/IMRPhenomDthreePointFivePN/1167559679.0-0/H1L1/L1/1Dpdf/dec.png
/home/c1572221/public_html/LVC/GW150914_like/GW150914_like_SNR_25_mode_PhenomPv2_inc_0.0_M90/lalinferencenest/IMRPhenomDthreePointFivePN/1167559679.0-0/H1L1/L1/1Dpdf/q.png
/home/c1572221/public_html/LVC/GW150914_like/GW150914_like_SNR_25_mode_PhenomPv2_inc_0.0_M90/lalinferencenest/IMRPhenomDthreePointFivePN/1167559679.0-0/H1L1/L1/1Dpdf/deltalogl.png
/home/c1572221/public_html/LVC/GW150914_like/GW150914_like_SNR_25_mode_PhenomPv2_inc_0.0_M90/lalinferencenest/IMRPhenomDthreePointFivePN/1167559679.0-0/H1L1/L1/1Dpdf/l_peak.png
/home/c1572221/public_html/LVC/GW150914_like/GW150914_like_SNR_25_mode_PhenomPv2_inc_0.0_M90/lalinferencenest/IMRPhenomDthreePointFivePN/1167559679.0-0/H1L1/L1/1Dpdf/l1_cplx_snr_amp.pdf
/home/c1572221/public_html/LVC/GW150914_like/GW150914_like_SNR_25_mode_PhenomPv2_inc_0.0_M90/lalinferencenest/IMRPhenomDthreePointFivePN/1167559679.0-0/H1L1/L1/1Dpdf/deltalogll1.pdf
/home/c1572221/public_html/LVC/GW150914_like/GW150914_like_SNR_25_mode_PhenomPv2_inc_0.0_M90/lalinferencenest/IMRPhenomDthreePointFivePN/1167559679.0-0/H1L1/L1/summary_statistics.dat
/home/c1572221/public_html/LVC/GW150914_like/GW150914_like_SNR_25_mode_PhenomPv2_inc_0.0_M90/lalinferencenest/IMRPhenomDthreePointFivePN/1167559679.0-0/H1L1/L1/PSDs/
/home/c1572221/public_html/LVC/GW150914_like/GW150914_like_SNR_25_mode_PhenomPv2_inc_0.0_M90/lalinferencenest/IMRPhenomDthreePointFivePN/1167559679.0-0/H1L1/L1/PSDs/PSD.png
/home/c1572221/public_html/LVC/GW150914_like/GW150914_like_SNR_25_mode_PhenomPv2_inc_0.0_M90/lalinferencenest/IMRPhenomDthreePointFivePN/1167559679.0-0/H1L1/L1/posplots.html
/home/c1572221/public_html/LVC/GW150914_like/GW150914_like_SNR_25_mode_PhenomPv2_inc_0.0_M90/lalinferencenest/IMRPhenomDthreePointFivePN/1167559679.0-0/H1L1/L1/corner/
/home/c1572221/public_html/LVC/GW150914_like/GW150914_like_SNR_25_mode_PhenomPv2_inc_0.0_M90/lalinferencenest/IMRPhenomDthreePointFivePN/1167559679.0-0/H1L1/L1/skymap.png
/home/c1572221/public_html/LVC/GW150914_like/GW150914_like_SNR_25_mode_PhenomPv2_inc_0.0_M90/lalinferencenest/IMRPhenomDthreePointFivePN/1167559679.0-0/H1L1/L1/confidence_levels.txt
/home/c1572221/public_html/LVC/GW150914_like/GW150914_like_SNR_25_mode_PhenomPv2_inc_0.0_M90/lalinferencenest/IMRPhenomDthreePointFivePN/1167559679.0-0/H1L1/L1/Waveform/
/home/c1572221/public_html/LVC/GW150914_like/GW150914_like_SNR_25_mode_PhenomPv2_inc_0.0_M90/lalinferencenest/IMRPhenomDthreePointFivePN/1167559679.0-0/H1L1/L1/Waveform/WF_DetFrame.png
/home/c1572221/public_html/LVC/GW150914_like/GW150914_like_SNR_25_mode_PhenomPv2_inc_0.0_M90/lalinferencenest/IMRPhenomDthreePointFivePN/1167559679.0-0/H1L1/L1/posterior_samples.dat
acosing costheta_jn
exponentiating logdistance
Read columns ['L1_cplx_snr_amp', 'L1_cplx_snr_arg', 'L1_optimal_snr', 'a1', 'a2', 'mc', 'dec', 'deltalogL', 'deltaloglL1', 'logL', 'logPrior', 'logw', 'matched_filter_snr', 'optimal_snr', 'phase', 'psi', 'q', 'ra', 'time', 'signalModelFlag', 'flow', 'f_ref', 'LAL_APPROXIMANT', 'LAL_AMPORDER', 'LAL_PNORDER', 'psdScaleFlag', 'theta_jn', 'distance']
No snr file provided or wrong path to snr file

Warning: Cannot find spin parameters.  Skipping spin angle calculations.
Using non-precessing fit formula [Healy at al (2014)] for final mass and spin (on masses and projected spin components).
Taking cos of theta_jn ...
Number of posterior samples: 8500
Means:
{'logw': -24.168469449709871, 'redshift': 0.070310978601294802, 'v1_end_time': 1167559678.9883018, 'f_ref': 100.0, 'psdscaleflag': 0.0, 'l1_optimal_snr': 17.023915565496935, 'psi': 1.517143533129572, 'lal_approximant': 58.0, 'signalmodelflag': 1.0, 'logl': -19.795123243270204, 'deltalogll1': 148.26744013037157, 'v1h1_delay': -0.0011521803351009594, 'mc_source': 22.153099349787841, 'deltalogl': 148.26744013037157, 'af': 0.44478565469081116, 'l1v1_delay': 0.0020637113907757926, 'h1_end_time': 1167559678.9871492, 'l1h1_delay': 0.00091153105567483338, 'm1': 107.72470155419225, 'ra': 3.5274108494596592, 'l1_end_time': 1167559678.9862378, 'm2': 8.9021695411720625, 'l_peak': 0.30797840249737118, 'lal_pnorder': 7.0, 'm2_source': 8.31696449495902, 'v1l1_delay': -0.0020637113907757926, 'mtotal': 116.62687109536432, 'costheta_jn': 0.054745754697074669, 'a2z': 0.11122543015323957, 'a1': 0.27711399152445987, 'a2': 0.48655530575706274, 'optimal_snr': 17.023915565496935, 'phase': 3.1982796317058688, 'a1z': 0.27698504816994862, 'm1_source': 100.69884542136643, 'distance': 328.30023351910199, 'mf': 115.70192093914389, 'mc': 23.706163196942995, 'l1_cplx_snr_amp': 17.278892387555633, 'h1v1_delay': 0.0011521803351009594, 'logprior': 23.129608921530476, 'theta_jn': 1.5059602104034928, 'flow': 20.0, 'l1_cplx_snr_arg': 0.00047771064577863045, 'h1l1_delay': -0.00091153105567483338, 'matched_filter_snr': 17.249926056427377, 'q': 0.083168369060816108, 'mtotal_source': 109.01580991632545, 'mf_source': 108.15180496647578, 'eta': 0.070723816394560518, 'e_rad': 0.864004949849693, 'time': 1167559678.9889648, 'lal_amporder': -1.0, 'dec': 0.026121198716594986, 'chi_eff': 0.26473129497251963}
Median:
{'logw': -24.135237781982678, 'redshift': 0.069786522746172336, 'v1_end_time': 1167559678.9880114, 'f_ref': 100.0, 'psdscaleflag': 0.0, 'l1_optimal_snr': 17.029246853424645, 'psi': 1.4674908706242404, 'lal_approximant': 58.0, 'signalmodelflag': 1.0, 'logl': -19.456676581211649, 'deltalogll1': 148.60588679243011, 'v1h1_delay': -0.0019086599349975586, 'mc_source': 22.040333858084843, 'deltalogl': 148.60588679243011, 'af': 0.44707481676304139, 'l1v1_delay': 0.0037624835968017578, 'h1_end_time': 1167559678.9857488, 'l1h1_delay': 0.00085413455963134766, 'm1': 108.34192121486146, 'ra': 3.2362083459570168, 'l1_end_time': 1167559678.9849722, 'm2': 8.7003352178885081, 'l_peak': 0.28907115673345857, 'lal_pnorder': 7.0, 'm2_source': 8.1481765077049584, 'v1l1_delay': -0.0037624835968017578, 'mtotal': 117.19792149637448, 'costheta_jn': 0.25490556097675571, 'a2z': 0.16515859793409282, 'a1': 0.28311111298237424, 'a2': 0.47673974687873188, 'optimal_snr': 17.029246853424645, 'phase': 3.2650910757691336, 'a1z': 0.28311111298237424, 'm1_source': 101.24935024573048, 'distance': 324.26698588421948, 'mf': 116.27515377615336, 'mc': 23.551258738577161, 'l1_cplx_snr_amp': 17.299838844158824, 'h1v1_delay': 0.0019086599349975586, 'logprior': 23.321852784376421, 'theta_jn': 1.313046277823926, 'flow': 20.0, 'l1_cplx_snr_arg': -0.00030097481928405539, 'h1l1_delay': -0.00085413455963134766, 'matched_filter_snr': 17.270868974650934, 'q': 0.08059650237102034, 'mtotal_source': 109.45839141837607, 'mf_source': 108.60140697031827, 'eta': 0.069022244887746206, 'e_rad': 0.8383285059597938, 'time': 1167559678.9893799, 'lal_amporder': -1.0, 'dec': 0.071533817007671668, 'chi_eff': 0.27145116877770048}
maxL:
{'logw': -26.30302991464173, 'redshift': 0.048265623597783344, 'v1_end_time': 1167559678.9524796, 'f_ref': 100.0, 'psdscaleflag': 0.0, 'l1_optimal_snr': 17.833263226237982, 'psi': 2.546855308305874, 'lal_approximant': 58.0, 'signalmodelflag': 1.0, 'logl': -16.241425611092826, 'deltalogll1': 151.82113776254897, 'v1h1_delay': 0.011977434158325195, 'mc_source': 21.471517294066377, 'deltalogl': 151.82113776254897, 'af': 0.37996827041355224, 'l1v1_delay': -0.0055227279663085938, 'h1_end_time': 1167559678.964457, 'l1h1_delay': 0.0064547061920166016, 'm1': 109.60825982165822, 'ra': 4.010661478001837, 'l1_end_time': 1167559678.9580023, 'm2': 8.0208132981881075, 'l_peak': 0.23711758528052504, 'lal_pnorder': 7.0, 'm2_source': 7.651508470400505, 'v1l1_delay': 0.0055227279663085938, 'mtotal': 117.62907311984632, 'costheta_jn': -0.75198187167120123, 'a2z': 0.9949440855474303, 'a1': 0.21291474277284636, 'a2': 0.9949440855474303, 'optimal_snr': 17.833263226237982, 'phase': 2.6014233259307482, 'a1z': 0.21291474277284636, 'm1_source': 104.56153226266113, 'distance': 220.88641564382749, 'mf': 116.86216629366332, 'mc': 22.507853465855082, 'l1_cplx_snr_amp': 17.431539816469218, 'h1v1_delay': -0.011977434158325195, 'logprior': 22.403093217350843, 'theta_jn': 2.4218598259585802, 'flow': 20.0, 'l1_cplx_snr_arg': -0.013292223345915634, 'h1l1_delay': -0.0064547061920166016, 'matched_filter_snr': 17.42999990901167, 'q': 0.073177088216149405, 'mtotal_source': 112.21304073306163, 'mf_source': 111.48144483893044, 'eta': 0.063537824427959647, 'e_rad': 0.73159589413118908, 'time': 1167559678.9692631, 'lal_amporder': -1.0, 'dec': 0.36933546095407205, 'chi_eff': 0.26623924143406547}
Unable to compute KL divergence
Sigma is 30.000000 arcmin (0.008727 rad) 
-> fwhm is 70.644601 arcmin
Sigma is 0.000000 arcmin (0.000000 rad) 
-> fwhm is 0.000000 arcmin
WARNING: phi_orb not found in posterior files. Defaulting to 0.0 which is probably *not* what you want

Using greedy 1-d binning credible regions

Generating 1D plot for e_rad.
Generating 1D plot for l_peak.
Using greedy 1-d binning credible regions

Generating 1D plot for m1.
Generating 1D plot for m2.
Generating 1D plot for mc.
Generating 1D plot for eta.
Generating 1D plot for q.
Generating 1D plot for mtotal.
Generating 1D plot for mf.
Using greedy 1-d binning credible regions

Generating 1D plot for optimal_snr.
Generating 1D plot for matched_filter_snr.
Generating 1D plot for l1_optimal_snr.
Generating 1D plot for l1_cplx_snr_amp.
Generating 1D plot for l1_cplx_snr_arg.
Generating 1D plot for logprior.
Generating 1D plot for logl.
Generating 1D plot for deltalogl.
Generating 1D plot for deltalogll1.
Using greedy 1-d binning credible regions

Generating 1D plot for time.
Generating 1D plot for l1_end_time.
Generating 1D plot for h1_end_time.
Generating 1D plot for v1_end_time.
Generating 1D plot for h1l1_delay.
Generating 1D plot for h1v1_delay.
Generating 1D plot for l1v1_delay.
Using greedy 1-d binning credible regions

Generating 1D plot for m1_source.
Generating 1D plot for m2_source.
Generating 1D plot for mtotal_source.
Generating 1D plot for mc_source.
Generating 1D plot for redshift.
Generating 1D plot for mf_source.
Using greedy 1-d binning credible regions

Generating 1D plot for distance.
Generating 1D plot for psi.
Generating 1D plot for ra.
Generating 1D plot for dec.
Generating 1D plot for phase.
Using greedy 1-d binning credible regions

Generating 1D plot for a1.
Generating 1D plot for a2.
Generating 1D plot for costheta_jn.
Generating 1D plot for theta_jn.
Generating 1D plot for af.
Generating 1D plot for chi_eff.
Generating 1D plot for a1z.
Generating 1D plot for a2z.
Using greedy 1-d binning credible regions

Cannot load corner module. Try running
	$ pip install corner
Cannot load corner module. Try running
	$ pip install corner
Cannot load corner module. Try running
	$ pip install corner
