/home/c1572221/public_html/LVC/make-zero-noise/BAM_q8a0_SNR_25_mode_HM_inc_0.0_M72_IMRPhenomD/lalinferencenest/IMRPhenomDthreePointFivePN/1167559679.0-0/H1L1/H1/
/home/c1572221/public_html/LVC/make-zero-noise/BAM_q8a0_SNR_25_mode_HM_inc_0.0_M72_IMRPhenomD/lalinferencenest/IMRPhenomDthreePointFivePN/1167559679.0-0/H1L1/H1/2Dbins/
/home/c1572221/public_html/LVC/make-zero-noise/BAM_q8a0_SNR_25_mode_HM_inc_0.0_M72_IMRPhenomD/lalinferencenest/IMRPhenomDthreePointFivePN/1167559679.0-0/H1L1/H1/2Dkde/
/home/c1572221/public_html/LVC/make-zero-noise/BAM_q8a0_SNR_25_mode_HM_inc_0.0_M72_IMRPhenomD/lalinferencenest/IMRPhenomDthreePointFivePN/1167559679.0-0/H1L1/H1/greedy2Dbins/
/home/c1572221/public_html/LVC/make-zero-noise/BAM_q8a0_SNR_25_mode_HM_inc_0.0_M72_IMRPhenomD/lalinferencenest/IMRPhenomDthreePointFivePN/1167559679.0-0/H1L1/H1/1Dsamps/
/home/c1572221/public_html/LVC/make-zero-noise/BAM_q8a0_SNR_25_mode_HM_inc_0.0_M72_IMRPhenomD/lalinferencenest/IMRPhenomDthreePointFivePN/1167559679.0-0/H1L1/H1/1Dsamps/h1v1_delay_samps.png
/home/c1572221/public_html/LVC/make-zero-noise/BAM_q8a0_SNR_25_mode_HM_inc_0.0_M72_IMRPhenomD/lalinferencenest/IMRPhenomDthreePointFivePN/1167559679.0-0/H1L1/H1/1Dsamps/ra_samps.pdf
/home/c1572221/public_html/LVC/make-zero-noise/BAM_q8a0_SNR_25_mode_HM_inc_0.0_M72_IMRPhenomD/lalinferencenest/IMRPhenomDthreePointFivePN/1167559679.0-0/H1L1/H1/1Dsamps/deltalogl_samps.png
/home/c1572221/public_html/LVC/make-zero-noise/BAM_q8a0_SNR_25_mode_HM_inc_0.0_M72_IMRPhenomD/lalinferencenest/IMRPhenomDthreePointFivePN/1167559679.0-0/H1L1/H1/1Dsamps/m2_source_samps.pdf
/home/c1572221/public_html/LVC/make-zero-noise/BAM_q8a0_SNR_25_mode_HM_inc_0.0_M72_IMRPhenomD/lalinferencenest/IMRPhenomDthreePointFivePN/1167559679.0-0/H1L1/H1/1Dsamps/h1_optimal_snr_samps.png
/home/c1572221/public_html/LVC/make-zero-noise/BAM_q8a0_SNR_25_mode_HM_inc_0.0_M72_IMRPhenomD/lalinferencenest/IMRPhenomDthreePointFivePN/1167559679.0-0/H1L1/H1/1Dsamps/logprior_samps.png
/home/c1572221/public_html/LVC/make-zero-noise/BAM_q8a0_SNR_25_mode_HM_inc_0.0_M72_IMRPhenomD/lalinferencenest/IMRPhenomDthreePointFivePN/1167559679.0-0/H1L1/H1/1Dsamps/m1_samps.png
/home/c1572221/public_html/LVC/make-zero-noise/BAM_q8a0_SNR_25_mode_HM_inc_0.0_M72_IMRPhenomD/lalinferencenest/IMRPhenomDthreePointFivePN/1167559679.0-0/H1L1/H1/1Dsamps/mtotal_acf.png
/home/c1572221/public_html/LVC/make-zero-noise/BAM_q8a0_SNR_25_mode_HM_inc_0.0_M72_IMRPhenomD/lalinferencenest/IMRPhenomDthreePointFivePN/1167559679.0-0/H1L1/H1/1Dsamps/mc_samps.png
/home/c1572221/public_html/LVC/make-zero-noise/BAM_q8a0_SNR_25_mode_HM_inc_0.0_M72_IMRPhenomD/lalinferencenest/IMRPhenomDthreePointFivePN/1167559679.0-0/H1L1/H1/1Dsamps/l_peak_acf.pdf
/home/c1572221/public_html/LVC/make-zero-noise/BAM_q8a0_SNR_25_mode_HM_inc_0.0_M72_IMRPhenomD/lalinferencenest/IMRPhenomDthreePointFivePN/1167559679.0-0/H1L1/H1/1Dsamps/distance_samps.pdf
/home/c1572221/public_html/LVC/make-zero-noise/BAM_q8a0_SNR_25_mode_HM_inc_0.0_M72_IMRPhenomD/lalinferencenest/IMRPhenomDthreePointFivePN/1167559679.0-0/H1L1/H1/1Dsamps/logl_samps.pdf
/home/c1572221/public_html/LVC/make-zero-noise/BAM_q8a0_SNR_25_mode_HM_inc_0.0_M72_IMRPhenomD/lalinferencenest/IMRPhenomDthreePointFivePN/1167559679.0-0/H1L1/H1/1Dsamps/theta_jn_acf.pdf
/home/c1572221/public_html/LVC/make-zero-noise/BAM_q8a0_SNR_25_mode_HM_inc_0.0_M72_IMRPhenomD/lalinferencenest/IMRPhenomDthreePointFivePN/1167559679.0-0/H1L1/H1/1Dsamps/optimal_snr_acf.png
/home/c1572221/public_html/LVC/make-zero-noise/BAM_q8a0_SNR_25_mode_HM_inc_0.0_M72_IMRPhenomD/lalinferencenest/IMRPhenomDthreePointFivePN/1167559679.0-0/H1L1/H1/1Dsamps/m1_source_samps.png
/home/c1572221/public_html/LVC/make-zero-noise/BAM_q8a0_SNR_25_mode_HM_inc_0.0_M72_IMRPhenomD/lalinferencenest/IMRPhenomDthreePointFivePN/1167559679.0-0/H1L1/H1/1Dsamps/theta_jn_samps.pdf
/home/c1572221/public_html/LVC/make-zero-noise/BAM_q8a0_SNR_25_mode_HM_inc_0.0_M72_IMRPhenomD/lalinferencenest/IMRPhenomDthreePointFivePN/1167559679.0-0/H1L1/H1/1Dsamps/mf_source_acf.png
/home/c1572221/public_html/LVC/make-zero-noise/BAM_q8a0_SNR_25_mode_HM_inc_0.0_M72_IMRPhenomD/lalinferencenest/IMRPhenomDthreePointFivePN/1167559679.0-0/H1L1/H1/1Dsamps/time_acf.pdf
/home/c1572221/public_html/LVC/make-zero-noise/BAM_q8a0_SNR_25_mode_HM_inc_0.0_M72_IMRPhenomD/lalinferencenest/IMRPhenomDthreePointFivePN/1167559679.0-0/H1L1/H1/1Dsamps/mtotal_samps.pdf
/home/c1572221/public_html/LVC/make-zero-noise/BAM_q8a0_SNR_25_mode_HM_inc_0.0_M72_IMRPhenomD/lalinferencenest/IMRPhenomDthreePointFivePN/1167559679.0-0/H1L1/H1/1Dsamps/mc_acf.png
/home/c1572221/public_html/LVC/make-zero-noise/BAM_q8a0_SNR_25_mode_HM_inc_0.0_M72_IMRPhenomD/lalinferencenest/IMRPhenomDthreePointFivePN/1167559679.0-0/H1L1/H1/1Dsamps/chi_eff_acf.pdf
/home/c1572221/public_html/LVC/make-zero-noise/BAM_q8a0_SNR_25_mode_HM_inc_0.0_M72_IMRPhenomD/lalinferencenest/IMRPhenomDthreePointFivePN/1167559679.0-0/H1L1/H1/1Dsamps/h1l1_delay_acf.png
/home/c1572221/public_html/LVC/make-zero-noise/BAM_q8a0_SNR_25_mode_HM_inc_0.0_M72_IMRPhenomD/lalinferencenest/IMRPhenomDthreePointFivePN/1167559679.0-0/H1L1/H1/1Dsamps/mc_acf.pdf
/home/c1572221/public_html/LVC/make-zero-noise/BAM_q8a0_SNR_25_mode_HM_inc_0.0_M72_IMRPhenomD/lalinferencenest/IMRPhenomDthreePointFivePN/1167559679.0-0/H1L1/H1/1Dsamps/mf_acf.png
/home/c1572221/public_html/LVC/make-zero-noise/BAM_q8a0_SNR_25_mode_HM_inc_0.0_M72_IMRPhenomD/lalinferencenest/IMRPhenomDthreePointFivePN/1167559679.0-0/H1L1/H1/1Dsamps/m1_acf.png
/home/c1572221/public_html/LVC/make-zero-noise/BAM_q8a0_SNR_25_mode_HM_inc_0.0_M72_IMRPhenomD/lalinferencenest/IMRPhenomDthreePointFivePN/1167559679.0-0/H1L1/H1/1Dsamps/mtotal_samps.png
/home/c1572221/public_html/LVC/make-zero-noise/BAM_q8a0_SNR_25_mode_HM_inc_0.0_M72_IMRPhenomD/lalinferencenest/IMRPhenomDthreePointFivePN/1167559679.0-0/H1L1/H1/1Dsamps/l1_end_time_acf.pdf
/home/c1572221/public_html/LVC/make-zero-noise/BAM_q8a0_SNR_25_mode_HM_inc_0.0_M72_IMRPhenomD/lalinferencenest/IMRPhenomDthreePointFivePN/1167559679.0-0/H1L1/H1/1Dsamps/h1_end_time_acf.png
/home/c1572221/public_html/LVC/make-zero-noise/BAM_q8a0_SNR_25_mode_HM_inc_0.0_M72_IMRPhenomD/lalinferencenest/IMRPhenomDthreePointFivePN/1167559679.0-0/H1L1/H1/1Dsamps/v1_end_time_acf.pdf
/home/c1572221/public_html/LVC/make-zero-noise/BAM_q8a0_SNR_25_mode_HM_inc_0.0_M72_IMRPhenomD/lalinferencenest/IMRPhenomDthreePointFivePN/1167559679.0-0/H1L1/H1/1Dsamps/a1z_samps.pdf
/home/c1572221/public_html/LVC/make-zero-noise/BAM_q8a0_SNR_25_mode_HM_inc_0.0_M72_IMRPhenomD/lalinferencenest/IMRPhenomDthreePointFivePN/1167559679.0-0/H1L1/H1/1Dsamps/logprior_acf.pdf
/home/c1572221/public_html/LVC/make-zero-noise/BAM_q8a0_SNR_25_mode_HM_inc_0.0_M72_IMRPhenomD/lalinferencenest/IMRPhenomDthreePointFivePN/1167559679.0-0/H1L1/H1/1Dsamps/m2_source_samps.png
/home/c1572221/public_html/LVC/make-zero-noise/BAM_q8a0_SNR_25_mode_HM_inc_0.0_M72_IMRPhenomD/lalinferencenest/IMRPhenomDthreePointFivePN/1167559679.0-0/H1L1/H1/1Dsamps/time_samps.pdf
/home/c1572221/public_html/LVC/make-zero-noise/BAM_q8a0_SNR_25_mode_HM_inc_0.0_M72_IMRPhenomD/lalinferencenest/IMRPhenomDthreePointFivePN/1167559679.0-0/H1L1/H1/1Dsamps/eta_samps.png
/home/c1572221/public_html/LVC/make-zero-noise/BAM_q8a0_SNR_25_mode_HM_inc_0.0_M72_IMRPhenomD/lalinferencenest/IMRPhenomDthreePointFivePN/1167559679.0-0/H1L1/H1/1Dsamps/mc_source_samps.png
/home/c1572221/public_html/LVC/make-zero-noise/BAM_q8a0_SNR_25_mode_HM_inc_0.0_M72_IMRPhenomD/lalinferencenest/IMRPhenomDthreePointFivePN/1167559679.0-0/H1L1/H1/1Dsamps/logl_samps.png
/home/c1572221/public_html/LVC/make-zero-noise/BAM_q8a0_SNR_25_mode_HM_inc_0.0_M72_IMRPhenomD/lalinferencenest/IMRPhenomDthreePointFivePN/1167559679.0-0/H1L1/H1/1Dsamps/optimal_snr_samps.pdf
/home/c1572221/public_html/LVC/make-zero-noise/BAM_q8a0_SNR_25_mode_HM_inc_0.0_M72_IMRPhenomD/lalinferencenest/IMRPhenomDthreePointFivePN/1167559679.0-0/H1L1/H1/1Dsamps/psi_acf.pdf
/home/c1572221/public_html/LVC/make-zero-noise/BAM_q8a0_SNR_25_mode_HM_inc_0.0_M72_IMRPhenomD/lalinferencenest/IMRPhenomDthreePointFivePN/1167559679.0-0/H1L1/H1/1Dsamps/mf_source_samps.png
/home/c1572221/public_html/LVC/make-zero-noise/BAM_q8a0_SNR_25_mode_HM_inc_0.0_M72_IMRPhenomD/lalinferencenest/IMRPhenomDthreePointFivePN/1167559679.0-0/H1L1/H1/1Dsamps/a1z_samps.png
/home/c1572221/public_html/LVC/make-zero-noise/BAM_q8a0_SNR_25_mode_HM_inc_0.0_M72_IMRPhenomD/lalinferencenest/IMRPhenomDthreePointFivePN/1167559679.0-0/H1L1/H1/1Dsamps/theta_jn_acf.png
/home/c1572221/public_html/LVC/make-zero-noise/BAM_q8a0_SNR_25_mode_HM_inc_0.0_M72_IMRPhenomD/lalinferencenest/IMRPhenomDthreePointFivePN/1167559679.0-0/H1L1/H1/1Dsamps/deltaloglh1_samps.pdf
/home/c1572221/public_html/LVC/make-zero-noise/BAM_q8a0_SNR_25_mode_HM_inc_0.0_M72_IMRPhenomD/lalinferencenest/IMRPhenomDthreePointFivePN/1167559679.0-0/H1L1/H1/1Dsamps/a2z_acf.pdf
/home/c1572221/public_html/LVC/make-zero-noise/BAM_q8a0_SNR_25_mode_HM_inc_0.0_M72_IMRPhenomD/lalinferencenest/IMRPhenomDthreePointFivePN/1167559679.0-0/H1L1/H1/1Dsamps/mc_source_samps.pdf
/home/c1572221/public_html/LVC/make-zero-noise/BAM_q8a0_SNR_25_mode_HM_inc_0.0_M72_IMRPhenomD/lalinferencenest/IMRPhenomDthreePointFivePN/1167559679.0-0/H1L1/H1/1Dsamps/h1_optimal_snr_acf.pdf
/home/c1572221/public_html/LVC/make-zero-noise/BAM_q8a0_SNR_25_mode_HM_inc_0.0_M72_IMRPhenomD/lalinferencenest/IMRPhenomDthreePointFivePN/1167559679.0-0/H1L1/H1/1Dsamps/mc_samps.pdf
/home/c1572221/public_html/LVC/make-zero-noise/BAM_q8a0_SNR_25_mode_HM_inc_0.0_M72_IMRPhenomD/lalinferencenest/IMRPhenomDthreePointFivePN/1167559679.0-0/H1L1/H1/1Dsamps/h1_optimal_snr_samps.pdf
/home/c1572221/public_html/LVC/make-zero-noise/BAM_q8a0_SNR_25_mode_HM_inc_0.0_M72_IMRPhenomD/lalinferencenest/IMRPhenomDthreePointFivePN/1167559679.0-0/H1L1/H1/1Dsamps/v1_end_time_acf.png
/home/c1572221/public_html/LVC/make-zero-noise/BAM_q8a0_SNR_25_mode_HM_inc_0.0_M72_IMRPhenomD/lalinferencenest/IMRPhenomDthreePointFivePN/1167559679.0-0/H1L1/H1/1Dsamps/costheta_jn_samps.pdf
/home/c1572221/public_html/LVC/make-zero-noise/BAM_q8a0_SNR_25_mode_HM_inc_0.0_M72_IMRPhenomD/lalinferencenest/IMRPhenomDthreePointFivePN/1167559679.0-0/H1L1/H1/1Dsamps/h1_cplx_snr_amp_samps.png
/home/c1572221/public_html/LVC/make-zero-noise/BAM_q8a0_SNR_25_mode_HM_inc_0.0_M72_IMRPhenomD/lalinferencenest/IMRPhenomDthreePointFivePN/1167559679.0-0/H1L1/H1/1Dsamps/e_rad_samps.pdf
/home/c1572221/public_html/LVC/make-zero-noise/BAM_q8a0_SNR_25_mode_HM_inc_0.0_M72_IMRPhenomD/lalinferencenest/IMRPhenomDthreePointFivePN/1167559679.0-0/H1L1/H1/1Dsamps/h1_optimal_snr_acf.png
/home/c1572221/public_html/LVC/make-zero-noise/BAM_q8a0_SNR_25_mode_HM_inc_0.0_M72_IMRPhenomD/lalinferencenest/IMRPhenomDthreePointFivePN/1167559679.0-0/H1L1/H1/1Dsamps/q_samps.pdf
/home/c1572221/public_html/LVC/make-zero-noise/BAM_q8a0_SNR_25_mode_HM_inc_0.0_M72_IMRPhenomD/lalinferencenest/IMRPhenomDthreePointFivePN/1167559679.0-0/H1L1/H1/1Dsamps/distance_acf.png
/home/c1572221/public_html/LVC/make-zero-noise/BAM_q8a0_SNR_25_mode_HM_inc_0.0_M72_IMRPhenomD/lalinferencenest/IMRPhenomDthreePointFivePN/1167559679.0-0/H1L1/H1/1Dsamps/af_acf.png
/home/c1572221/public_html/LVC/make-zero-noise/BAM_q8a0_SNR_25_mode_HM_inc_0.0_M72_IMRPhenomD/lalinferencenest/IMRPhenomDthreePointFivePN/1167559679.0-0/H1L1/H1/1Dsamps/l_peak_samps.png
/home/c1572221/public_html/LVC/make-zero-noise/BAM_q8a0_SNR_25_mode_HM_inc_0.0_M72_IMRPhenomD/lalinferencenest/IMRPhenomDthreePointFivePN/1167559679.0-0/H1L1/H1/1Dsamps/psi_acf.png
/home/c1572221/public_html/LVC/make-zero-noise/BAM_q8a0_SNR_25_mode_HM_inc_0.0_M72_IMRPhenomD/lalinferencenest/IMRPhenomDthreePointFivePN/1167559679.0-0/H1L1/H1/1Dsamps/phase_acf.png
/home/c1572221/public_html/LVC/make-zero-noise/BAM_q8a0_SNR_25_mode_HM_inc_0.0_M72_IMRPhenomD/lalinferencenest/IMRPhenomDthreePointFivePN/1167559679.0-0/H1L1/H1/1Dsamps/h1_end_time_samps.pdf
/home/c1572221/public_html/LVC/make-zero-noise/BAM_q8a0_SNR_25_mode_HM_inc_0.0_M72_IMRPhenomD/lalinferencenest/IMRPhenomDthreePointFivePN/1167559679.0-0/H1L1/H1/1Dsamps/h1_cplx_snr_arg_acf.png
/home/c1572221/public_html/LVC/make-zero-noise/BAM_q8a0_SNR_25_mode_HM_inc_0.0_M72_IMRPhenomD/lalinferencenest/IMRPhenomDthreePointFivePN/1167559679.0-0/H1L1/H1/1Dsamps/h1_end_time_acf.pdf
/home/c1572221/public_html/LVC/make-zero-noise/BAM_q8a0_SNR_25_mode_HM_inc_0.0_M72_IMRPhenomD/lalinferencenest/IMRPhenomDthreePointFivePN/1167559679.0-0/H1L1/H1/1Dsamps/chi_eff_samps.png
/home/c1572221/public_html/LVC/make-zero-noise/BAM_q8a0_SNR_25_mode_HM_inc_0.0_M72_IMRPhenomD/lalinferencenest/IMRPhenomDthreePointFivePN/1167559679.0-0/H1L1/H1/1Dsamps/deltaloglh1_acf.pdf
/home/c1572221/public_html/LVC/make-zero-noise/BAM_q8a0_SNR_25_mode_HM_inc_0.0_M72_IMRPhenomD/lalinferencenest/IMRPhenomDthreePointFivePN/1167559679.0-0/H1L1/H1/1Dsamps/l1_end_time_samps.pdf
/home/c1572221/public_html/LVC/make-zero-noise/BAM_q8a0_SNR_25_mode_HM_inc_0.0_M72_IMRPhenomD/lalinferencenest/IMRPhenomDthreePointFivePN/1167559679.0-0/H1L1/H1/1Dsamps/phase_acf.pdf
/home/c1572221/public_html/LVC/make-zero-noise/BAM_q8a0_SNR_25_mode_HM_inc_0.0_M72_IMRPhenomD/lalinferencenest/IMRPhenomDthreePointFivePN/1167559679.0-0/H1L1/H1/1Dsamps/psi_samps.png
/home/c1572221/public_html/LVC/make-zero-noise/BAM_q8a0_SNR_25_mode_HM_inc_0.0_M72_IMRPhenomD/lalinferencenest/IMRPhenomDthreePointFivePN/1167559679.0-0/H1L1/H1/1Dsamps/optimal_snr_samps.png
/home/c1572221/public_html/LVC/make-zero-noise/BAM_q8a0_SNR_25_mode_HM_inc_0.0_M72_IMRPhenomD/lalinferencenest/IMRPhenomDthreePointFivePN/1167559679.0-0/H1L1/H1/1Dsamps/chi_eff_samps.pdf
/home/c1572221/public_html/LVC/make-zero-noise/BAM_q8a0_SNR_25_mode_HM_inc_0.0_M72_IMRPhenomD/lalinferencenest/IMRPhenomDthreePointFivePN/1167559679.0-0/H1L1/H1/1Dsamps/mf_acf.pdf
/home/c1572221/public_html/LVC/make-zero-noise/BAM_q8a0_SNR_25_mode_HM_inc_0.0_M72_IMRPhenomD/lalinferencenest/IMRPhenomDthreePointFivePN/1167559679.0-0/H1L1/H1/1Dsamps/m1_source_acf.png
/home/c1572221/public_html/LVC/make-zero-noise/BAM_q8a0_SNR_25_mode_HM_inc_0.0_M72_IMRPhenomD/lalinferencenest/IMRPhenomDthreePointFivePN/1167559679.0-0/H1L1/H1/1Dsamps/a1_samps.png
/home/c1572221/public_html/LVC/make-zero-noise/BAM_q8a0_SNR_25_mode_HM_inc_0.0_M72_IMRPhenomD/lalinferencenest/IMRPhenomDthreePointFivePN/1167559679.0-0/H1L1/H1/1Dsamps/l1v1_delay_acf.pdf
/home/c1572221/public_html/LVC/make-zero-noise/BAM_q8a0_SNR_25_mode_HM_inc_0.0_M72_IMRPhenomD/lalinferencenest/IMRPhenomDthreePointFivePN/1167559679.0-0/H1L1/H1/1Dsamps/l_peak_samps.pdf
/home/c1572221/public_html/LVC/make-zero-noise/BAM_q8a0_SNR_25_mode_HM_inc_0.0_M72_IMRPhenomD/lalinferencenest/IMRPhenomDthreePointFivePN/1167559679.0-0/H1L1/H1/1Dsamps/a1z_acf.png
/home/c1572221/public_html/LVC/make-zero-noise/BAM_q8a0_SNR_25_mode_HM_inc_0.0_M72_IMRPhenomD/lalinferencenest/IMRPhenomDthreePointFivePN/1167559679.0-0/H1L1/H1/1Dsamps/a1_acf.png
/home/c1572221/public_html/LVC/make-zero-noise/BAM_q8a0_SNR_25_mode_HM_inc_0.0_M72_IMRPhenomD/lalinferencenest/IMRPhenomDthreePointFivePN/1167559679.0-0/H1L1/H1/1Dsamps/mtotal_source_acf.pdf
/home/c1572221/public_html/LVC/make-zero-noise/BAM_q8a0_SNR_25_mode_HM_inc_0.0_M72_IMRPhenomD/lalinferencenest/IMRPhenomDthreePointFivePN/1167559679.0-0/H1L1/H1/1Dsamps/a2_acf.pdf
/home/c1572221/public_html/LVC/make-zero-noise/BAM_q8a0_SNR_25_mode_HM_inc_0.0_M72_IMRPhenomD/lalinferencenest/IMRPhenomDthreePointFivePN/1167559679.0-0/H1L1/H1/1Dsamps/m1_source_samps.pdf
/home/c1572221/public_html/LVC/make-zero-noise/BAM_q8a0_SNR_25_mode_HM_inc_0.0_M72_IMRPhenomD/lalinferencenest/IMRPhenomDthreePointFivePN/1167559679.0-0/H1L1/H1/1Dsamps/a2_samps.pdf
/home/c1572221/public_html/LVC/make-zero-noise/BAM_q8a0_SNR_25_mode_HM_inc_0.0_M72_IMRPhenomD/lalinferencenest/IMRPhenomDthreePointFivePN/1167559679.0-0/H1L1/H1/1Dsamps/l1v1_delay_samps.png
/home/c1572221/public_html/LVC/make-zero-noise/BAM_q8a0_SNR_25_mode_HM_inc_0.0_M72_IMRPhenomD/lalinferencenest/IMRPhenomDthreePointFivePN/1167559679.0-0/H1L1/H1/1Dsamps/redshift_samps.png
/home/c1572221/public_html/LVC/make-zero-noise/BAM_q8a0_SNR_25_mode_HM_inc_0.0_M72_IMRPhenomD/lalinferencenest/IMRPhenomDthreePointFivePN/1167559679.0-0/H1L1/H1/1Dsamps/distance_samps.png
/home/c1572221/public_html/LVC/make-zero-noise/BAM_q8a0_SNR_25_mode_HM_inc_0.0_M72_IMRPhenomD/lalinferencenest/IMRPhenomDthreePointFivePN/1167559679.0-0/H1L1/H1/1Dsamps/mtotal_source_samps.pdf
/home/c1572221/public_html/LVC/make-zero-noise/BAM_q8a0_SNR_25_mode_HM_inc_0.0_M72_IMRPhenomD/lalinferencenest/IMRPhenomDthreePointFivePN/1167559679.0-0/H1L1/H1/1Dsamps/redshift_samps.pdf
/home/c1572221/public_html/LVC/make-zero-noise/BAM_q8a0_SNR_25_mode_HM_inc_0.0_M72_IMRPhenomD/lalinferencenest/IMRPhenomDthreePointFivePN/1167559679.0-0/H1L1/H1/1Dsamps/v1_end_time_samps.pdf
/home/c1572221/public_html/LVC/make-zero-noise/BAM_q8a0_SNR_25_mode_HM_inc_0.0_M72_IMRPhenomD/lalinferencenest/IMRPhenomDthreePointFivePN/1167559679.0-0/H1L1/H1/1Dsamps/deltaloglh1_acf.png
/home/c1572221/public_html/LVC/make-zero-noise/BAM_q8a0_SNR_25_mode_HM_inc_0.0_M72_IMRPhenomD/lalinferencenest/IMRPhenomDthreePointFivePN/1167559679.0-0/H1L1/H1/1Dsamps/h1_cplx_snr_arg_samps.pdf
/home/c1572221/public_html/LVC/make-zero-noise/BAM_q8a0_SNR_25_mode_HM_inc_0.0_M72_IMRPhenomD/lalinferencenest/IMRPhenomDthreePointFivePN/1167559679.0-0/H1L1/H1/1Dsamps/matched_filter_snr_acf.png
/home/c1572221/public_html/LVC/make-zero-noise/BAM_q8a0_SNR_25_mode_HM_inc_0.0_M72_IMRPhenomD/lalinferencenest/IMRPhenomDthreePointFivePN/1167559679.0-0/H1L1/H1/1Dsamps/mtotal_acf.pdf
/home/c1572221/public_html/LVC/make-zero-noise/BAM_q8a0_SNR_25_mode_HM_inc_0.0_M72_IMRPhenomD/lalinferencenest/IMRPhenomDthreePointFivePN/1167559679.0-0/H1L1/H1/1Dsamps/h1_cplx_snr_amp_acf.pdf
/home/c1572221/public_html/LVC/make-zero-noise/BAM_q8a0_SNR_25_mode_HM_inc_0.0_M72_IMRPhenomD/lalinferencenest/IMRPhenomDthreePointFivePN/1167559679.0-0/H1L1/H1/1Dsamps/h1v1_delay_acf.png
/home/c1572221/public_html/LVC/make-zero-noise/BAM_q8a0_SNR_25_mode_HM_inc_0.0_M72_IMRPhenomD/lalinferencenest/IMRPhenomDthreePointFivePN/1167559679.0-0/H1L1/H1/1Dsamps/q_acf.pdf
/home/c1572221/public_html/LVC/make-zero-noise/BAM_q8a0_SNR_25_mode_HM_inc_0.0_M72_IMRPhenomD/lalinferencenest/IMRPhenomDthreePointFivePN/1167559679.0-0/H1L1/H1/1Dsamps/h1v1_delay_acf.pdf
/home/c1572221/public_html/LVC/make-zero-noise/BAM_q8a0_SNR_25_mode_HM_inc_0.0_M72_IMRPhenomD/lalinferencenest/IMRPhenomDthreePointFivePN/1167559679.0-0/H1L1/H1/1Dsamps/l1v1_delay_acf.png
/home/c1572221/public_html/LVC/make-zero-noise/BAM_q8a0_SNR_25_mode_HM_inc_0.0_M72_IMRPhenomD/lalinferencenest/IMRPhenomDthreePointFivePN/1167559679.0-0/H1L1/H1/1Dsamps/a2z_samps.pdf
/home/c1572221/public_html/LVC/make-zero-noise/BAM_q8a0_SNR_25_mode_HM_inc_0.0_M72_IMRPhenomD/lalinferencenest/IMRPhenomDthreePointFivePN/1167559679.0-0/H1L1/H1/1Dsamps/m2_source_acf.png
/home/c1572221/public_html/LVC/make-zero-noise/BAM_q8a0_SNR_25_mode_HM_inc_0.0_M72_IMRPhenomD/lalinferencenest/IMRPhenomDthreePointFivePN/1167559679.0-0/H1L1/H1/1Dsamps/eta_acf.png
/home/c1572221/public_html/LVC/make-zero-noise/BAM_q8a0_SNR_25_mode_HM_inc_0.0_M72_IMRPhenomD/lalinferencenest/IMRPhenomDthreePointFivePN/1167559679.0-0/H1L1/H1/1Dsamps/mf_samps.pdf
/home/c1572221/public_html/LVC/make-zero-noise/BAM_q8a0_SNR_25_mode_HM_inc_0.0_M72_IMRPhenomD/lalinferencenest/IMRPhenomDthreePointFivePN/1167559679.0-0/H1L1/H1/1Dsamps/af_acf.pdf
/home/c1572221/public_html/LVC/make-zero-noise/BAM_q8a0_SNR_25_mode_HM_inc_0.0_M72_IMRPhenomD/lalinferencenest/IMRPhenomDthreePointFivePN/1167559679.0-0/H1L1/H1/1Dsamps/l1_end_time_acf.png
/home/c1572221/public_html/LVC/make-zero-noise/BAM_q8a0_SNR_25_mode_HM_inc_0.0_M72_IMRPhenomD/lalinferencenest/IMRPhenomDthreePointFivePN/1167559679.0-0/H1L1/H1/1Dsamps/m2_samps.png
/home/c1572221/public_html/LVC/make-zero-noise/BAM_q8a0_SNR_25_mode_HM_inc_0.0_M72_IMRPhenomD/lalinferencenest/IMRPhenomDthreePointFivePN/1167559679.0-0/H1L1/H1/1Dsamps/phase_samps.pdf
/home/c1572221/public_html/LVC/make-zero-noise/BAM_q8a0_SNR_25_mode_HM_inc_0.0_M72_IMRPhenomD/lalinferencenest/IMRPhenomDthreePointFivePN/1167559679.0-0/H1L1/H1/1Dsamps/e_rad_samps.png
/home/c1572221/public_html/LVC/make-zero-noise/BAM_q8a0_SNR_25_mode_HM_inc_0.0_M72_IMRPhenomD/lalinferencenest/IMRPhenomDthreePointFivePN/1167559679.0-0/H1L1/H1/1Dsamps/q_samps.png
/home/c1572221/public_html/LVC/make-zero-noise/BAM_q8a0_SNR_25_mode_HM_inc_0.0_M72_IMRPhenomD/lalinferencenest/IMRPhenomDthreePointFivePN/1167559679.0-0/H1L1/H1/1Dsamps/m2_source_acf.pdf
/home/c1572221/public_html/LVC/make-zero-noise/BAM_q8a0_SNR_25_mode_HM_inc_0.0_M72_IMRPhenomD/lalinferencenest/IMRPhenomDthreePointFivePN/1167559679.0-0/H1L1/H1/1Dsamps/mtotal_source_samps.png
/home/c1572221/public_html/LVC/make-zero-noise/BAM_q8a0_SNR_25_mode_HM_inc_0.0_M72_IMRPhenomD/lalinferencenest/IMRPhenomDthreePointFivePN/1167559679.0-0/H1L1/H1/1Dsamps/ra_acf.pdf
/home/c1572221/public_html/LVC/make-zero-noise/BAM_q8a0_SNR_25_mode_HM_inc_0.0_M72_IMRPhenomD/lalinferencenest/IMRPhenomDthreePointFivePN/1167559679.0-0/H1L1/H1/1Dsamps/dec_samps.pdf
/home/c1572221/public_html/LVC/make-zero-noise/BAM_q8a0_SNR_25_mode_HM_inc_0.0_M72_IMRPhenomD/lalinferencenest/IMRPhenomDthreePointFivePN/1167559679.0-0/H1L1/H1/1Dsamps/m2_samps.pdf
/home/c1572221/public_html/LVC/make-zero-noise/BAM_q8a0_SNR_25_mode_HM_inc_0.0_M72_IMRPhenomD/lalinferencenest/IMRPhenomDthreePointFivePN/1167559679.0-0/H1L1/H1/1Dsamps/m1_source_acf.pdf
/home/c1572221/public_html/LVC/make-zero-noise/BAM_q8a0_SNR_25_mode_HM_inc_0.0_M72_IMRPhenomD/lalinferencenest/IMRPhenomDthreePointFivePN/1167559679.0-0/H1L1/H1/1Dsamps/a2z_samps.png
/home/c1572221/public_html/LVC/make-zero-noise/BAM_q8a0_SNR_25_mode_HM_inc_0.0_M72_IMRPhenomD/lalinferencenest/IMRPhenomDthreePointFivePN/1167559679.0-0/H1L1/H1/1Dsamps/l1_end_time_samps.png
/home/c1572221/public_html/LVC/make-zero-noise/BAM_q8a0_SNR_25_mode_HM_inc_0.0_M72_IMRPhenomD/lalinferencenest/IMRPhenomDthreePointFivePN/1167559679.0-0/H1L1/H1/1Dsamps/a1z_acf.pdf
/home/c1572221/public_html/LVC/make-zero-noise/BAM_q8a0_SNR_25_mode_HM_inc_0.0_M72_IMRPhenomD/lalinferencenest/IMRPhenomDthreePointFivePN/1167559679.0-0/H1L1/H1/1Dsamps/a2z_acf.png
/home/c1572221/public_html/LVC/make-zero-noise/BAM_q8a0_SNR_25_mode_HM_inc_0.0_M72_IMRPhenomD/lalinferencenest/IMRPhenomDthreePointFivePN/1167559679.0-0/H1L1/H1/1Dsamps/matched_filter_snr_samps.png
/home/c1572221/public_html/LVC/make-zero-noise/BAM_q8a0_SNR_25_mode_HM_inc_0.0_M72_IMRPhenomD/lalinferencenest/IMRPhenomDthreePointFivePN/1167559679.0-0/H1L1/H1/1Dsamps/h1l1_delay_samps.png
/home/c1572221/public_html/LVC/make-zero-noise/BAM_q8a0_SNR_25_mode_HM_inc_0.0_M72_IMRPhenomD/lalinferencenest/IMRPhenomDthreePointFivePN/1167559679.0-0/H1L1/H1/1Dsamps/mf_samps.png
/home/c1572221/public_html/LVC/make-zero-noise/BAM_q8a0_SNR_25_mode_HM_inc_0.0_M72_IMRPhenomD/lalinferencenest/IMRPhenomDthreePointFivePN/1167559679.0-0/H1L1/H1/1Dsamps/psi_samps.pdf
/home/c1572221/public_html/LVC/make-zero-noise/BAM_q8a0_SNR_25_mode_HM_inc_0.0_M72_IMRPhenomD/lalinferencenest/IMRPhenomDthreePointFivePN/1167559679.0-0/H1L1/H1/1Dsamps/redshift_acf.pdf
/home/c1572221/public_html/LVC/make-zero-noise/BAM_q8a0_SNR_25_mode_HM_inc_0.0_M72_IMRPhenomD/lalinferencenest/IMRPhenomDthreePointFivePN/1167559679.0-0/H1L1/H1/1Dsamps/m2_acf.pdf
/home/c1572221/public_html/LVC/make-zero-noise/BAM_q8a0_SNR_25_mode_HM_inc_0.0_M72_IMRPhenomD/lalinferencenest/IMRPhenomDthreePointFivePN/1167559679.0-0/H1L1/H1/1Dsamps/h1_cplx_snr_amp_samps.pdf
/home/c1572221/public_html/LVC/make-zero-noise/BAM_q8a0_SNR_25_mode_HM_inc_0.0_M72_IMRPhenomD/lalinferencenest/IMRPhenomDthreePointFivePN/1167559679.0-0/H1L1/H1/1Dsamps/q_acf.png
/home/c1572221/public_html/LVC/make-zero-noise/BAM_q8a0_SNR_25_mode_HM_inc_0.0_M72_IMRPhenomD/lalinferencenest/IMRPhenomDthreePointFivePN/1167559679.0-0/H1L1/H1/1Dsamps/l1v1_delay_samps.pdf
/home/c1572221/public_html/LVC/make-zero-noise/BAM_q8a0_SNR_25_mode_HM_inc_0.0_M72_IMRPhenomD/lalinferencenest/IMRPhenomDthreePointFivePN/1167559679.0-0/H1L1/H1/1Dsamps/deltaloglh1_samps.png
/home/c1572221/public_html/LVC/make-zero-noise/BAM_q8a0_SNR_25_mode_HM_inc_0.0_M72_IMRPhenomD/lalinferencenest/IMRPhenomDthreePointFivePN/1167559679.0-0/H1L1/H1/1Dsamps/h1_end_time_samps.png
/home/c1572221/public_html/LVC/make-zero-noise/BAM_q8a0_SNR_25_mode_HM_inc_0.0_M72_IMRPhenomD/lalinferencenest/IMRPhenomDthreePointFivePN/1167559679.0-0/H1L1/H1/1Dsamps/logl_acf.pdf
/home/c1572221/public_html/LVC/make-zero-noise/BAM_q8a0_SNR_25_mode_HM_inc_0.0_M72_IMRPhenomD/lalinferencenest/IMRPhenomDthreePointFivePN/1167559679.0-0/H1L1/H1/1Dsamps/matched_filter_snr_samps.pdf
/home/c1572221/public_html/LVC/make-zero-noise/BAM_q8a0_SNR_25_mode_HM_inc_0.0_M72_IMRPhenomD/lalinferencenest/IMRPhenomDthreePointFivePN/1167559679.0-0/H1L1/H1/1Dsamps/e_rad_acf.png
/home/c1572221/public_html/LVC/make-zero-noise/BAM_q8a0_SNR_25_mode_HM_inc_0.0_M72_IMRPhenomD/lalinferencenest/IMRPhenomDthreePointFivePN/1167559679.0-0/H1L1/H1/1Dsamps/matched_filter_snr_acf.pdf
/home/c1572221/public_html/LVC/make-zero-noise/BAM_q8a0_SNR_25_mode_HM_inc_0.0_M72_IMRPhenomD/lalinferencenest/IMRPhenomDthreePointFivePN/1167559679.0-0/H1L1/H1/1Dsamps/mf_source_samps.pdf
/home/c1572221/public_html/LVC/make-zero-noise/BAM_q8a0_SNR_25_mode_HM_inc_0.0_M72_IMRPhenomD/lalinferencenest/IMRPhenomDthreePointFivePN/1167559679.0-0/H1L1/H1/1Dsamps/time_samps.png
/home/c1572221/public_html/LVC/make-zero-noise/BAM_q8a0_SNR_25_mode_HM_inc_0.0_M72_IMRPhenomD/lalinferencenest/IMRPhenomDthreePointFivePN/1167559679.0-0/H1L1/H1/1Dsamps/m2_acf.png
/home/c1572221/public_html/LVC/make-zero-noise/BAM_q8a0_SNR_25_mode_HM_inc_0.0_M72_IMRPhenomD/lalinferencenest/IMRPhenomDthreePointFivePN/1167559679.0-0/H1L1/H1/1Dsamps/optimal_snr_acf.pdf
/home/c1572221/public_html/LVC/make-zero-noise/BAM_q8a0_SNR_25_mode_HM_inc_0.0_M72_IMRPhenomD/lalinferencenest/IMRPhenomDthreePointFivePN/1167559679.0-0/H1L1/H1/1Dsamps/h1_cplx_snr_amp_acf.png
/home/c1572221/public_html/LVC/make-zero-noise/BAM_q8a0_SNR_25_mode_HM_inc_0.0_M72_IMRPhenomD/lalinferencenest/IMRPhenomDthreePointFivePN/1167559679.0-0/H1L1/H1/1Dsamps/h1l1_delay_acf.pdf
/home/c1572221/public_html/LVC/make-zero-noise/BAM_q8a0_SNR_25_mode_HM_inc_0.0_M72_IMRPhenomD/lalinferencenest/IMRPhenomDthreePointFivePN/1167559679.0-0/H1L1/H1/1Dsamps/v1_end_time_samps.png
/home/c1572221/public_html/LVC/make-zero-noise/BAM_q8a0_SNR_25_mode_HM_inc_0.0_M72_IMRPhenomD/lalinferencenest/IMRPhenomDthreePointFivePN/1167559679.0-0/H1L1/H1/1Dsamps/a1_acf.pdf
/home/c1572221/public_html/LVC/make-zero-noise/BAM_q8a0_SNR_25_mode_HM_inc_0.0_M72_IMRPhenomD/lalinferencenest/IMRPhenomDthreePointFivePN/1167559679.0-0/H1L1/H1/1Dsamps/redshift_acf.png
/home/c1572221/public_html/LVC/make-zero-noise/BAM_q8a0_SNR_25_mode_HM_inc_0.0_M72_IMRPhenomD/lalinferencenest/IMRPhenomDthreePointFivePN/1167559679.0-0/H1L1/H1/1Dsamps/costheta_jn_acf.pdf
/home/c1572221/public_html/LVC/make-zero-noise/BAM_q8a0_SNR_25_mode_HM_inc_0.0_M72_IMRPhenomD/lalinferencenest/IMRPhenomDthreePointFivePN/1167559679.0-0/H1L1/H1/1Dsamps/e_rad_acf.pdf
/home/c1572221/public_html/LVC/make-zero-noise/BAM_q8a0_SNR_25_mode_HM_inc_0.0_M72_IMRPhenomD/lalinferencenest/IMRPhenomDthreePointFivePN/1167559679.0-0/H1L1/H1/1Dsamps/logprior_samps.pdf
/home/c1572221/public_html/LVC/make-zero-noise/BAM_q8a0_SNR_25_mode_HM_inc_0.0_M72_IMRPhenomD/lalinferencenest/IMRPhenomDthreePointFivePN/1167559679.0-0/H1L1/H1/1Dsamps/m1_acf.pdf
/home/c1572221/public_html/LVC/make-zero-noise/BAM_q8a0_SNR_25_mode_HM_inc_0.0_M72_IMRPhenomD/lalinferencenest/IMRPhenomDthreePointFivePN/1167559679.0-0/H1L1/H1/1Dsamps/phase_samps.png
/home/c1572221/public_html/LVC/make-zero-noise/BAM_q8a0_SNR_25_mode_HM_inc_0.0_M72_IMRPhenomD/lalinferencenest/IMRPhenomDthreePointFivePN/1167559679.0-0/H1L1/H1/1Dsamps/costheta_jn_samps.png
/home/c1572221/public_html/LVC/make-zero-noise/BAM_q8a0_SNR_25_mode_HM_inc_0.0_M72_IMRPhenomD/lalinferencenest/IMRPhenomDthreePointFivePN/1167559679.0-0/H1L1/H1/1Dsamps/logprior_acf.png
/home/c1572221/public_html/LVC/make-zero-noise/BAM_q8a0_SNR_25_mode_HM_inc_0.0_M72_IMRPhenomD/lalinferencenest/IMRPhenomDthreePointFivePN/1167559679.0-0/H1L1/H1/1Dsamps/h1v1_delay_samps.pdf
/home/c1572221/public_html/LVC/make-zero-noise/BAM_q8a0_SNR_25_mode_HM_inc_0.0_M72_IMRPhenomD/lalinferencenest/IMRPhenomDthreePointFivePN/1167559679.0-0/H1L1/H1/1Dsamps/af_samps.pdf
/home/c1572221/public_html/LVC/make-zero-noise/BAM_q8a0_SNR_25_mode_HM_inc_0.0_M72_IMRPhenomD/lalinferencenest/IMRPhenomDthreePointFivePN/1167559679.0-0/H1L1/H1/1Dsamps/a1_samps.pdf
/home/c1572221/public_html/LVC/make-zero-noise/BAM_q8a0_SNR_25_mode_HM_inc_0.0_M72_IMRPhenomD/lalinferencenest/IMRPhenomDthreePointFivePN/1167559679.0-0/H1L1/H1/1Dsamps/costheta_jn_acf.png
/home/c1572221/public_html/LVC/make-zero-noise/BAM_q8a0_SNR_25_mode_HM_inc_0.0_M72_IMRPhenomD/lalinferencenest/IMRPhenomDthreePointFivePN/1167559679.0-0/H1L1/H1/1Dsamps/mf_source_acf.pdf
/home/c1572221/public_html/LVC/make-zero-noise/BAM_q8a0_SNR_25_mode_HM_inc_0.0_M72_IMRPhenomD/lalinferencenest/IMRPhenomDthreePointFivePN/1167559679.0-0/H1L1/H1/1Dsamps/theta_jn_samps.png
/home/c1572221/public_html/LVC/make-zero-noise/BAM_q8a0_SNR_25_mode_HM_inc_0.0_M72_IMRPhenomD/lalinferencenest/IMRPhenomDthreePointFivePN/1167559679.0-0/H1L1/H1/1Dsamps/af_samps.png
/home/c1572221/public_html/LVC/make-zero-noise/BAM_q8a0_SNR_25_mode_HM_inc_0.0_M72_IMRPhenomD/lalinferencenest/IMRPhenomDthreePointFivePN/1167559679.0-0/H1L1/H1/1Dsamps/dec_acf.png
/home/c1572221/public_html/LVC/make-zero-noise/BAM_q8a0_SNR_25_mode_HM_inc_0.0_M72_IMRPhenomD/lalinferencenest/IMRPhenomDthreePointFivePN/1167559679.0-0/H1L1/H1/1Dsamps/ra_acf.png
/home/c1572221/public_html/LVC/make-zero-noise/BAM_q8a0_SNR_25_mode_HM_inc_0.0_M72_IMRPhenomD/lalinferencenest/IMRPhenomDthreePointFivePN/1167559679.0-0/H1L1/H1/1Dsamps/deltalogl_acf.png
/home/c1572221/public_html/LVC/make-zero-noise/BAM_q8a0_SNR_25_mode_HM_inc_0.0_M72_IMRPhenomD/lalinferencenest/IMRPhenomDthreePointFivePN/1167559679.0-0/H1L1/H1/1Dsamps/chi_eff_acf.png
/home/c1572221/public_html/LVC/make-zero-noise/BAM_q8a0_SNR_25_mode_HM_inc_0.0_M72_IMRPhenomD/lalinferencenest/IMRPhenomDthreePointFivePN/1167559679.0-0/H1L1/H1/1Dsamps/time_acf.png
/home/c1572221/public_html/LVC/make-zero-noise/BAM_q8a0_SNR_25_mode_HM_inc_0.0_M72_IMRPhenomD/lalinferencenest/IMRPhenomDthreePointFivePN/1167559679.0-0/H1L1/H1/1Dsamps/deltalogl_acf.pdf
/home/c1572221/public_html/LVC/make-zero-noise/BAM_q8a0_SNR_25_mode_HM_inc_0.0_M72_IMRPhenomD/lalinferencenest/IMRPhenomDthreePointFivePN/1167559679.0-0/H1L1/H1/1Dsamps/mtotal_source_acf.png
/home/c1572221/public_html/LVC/make-zero-noise/BAM_q8a0_SNR_25_mode_HM_inc_0.0_M72_IMRPhenomD/lalinferencenest/IMRPhenomDthreePointFivePN/1167559679.0-0/H1L1/H1/1Dsamps/dec_samps.png
/home/c1572221/public_html/LVC/make-zero-noise/BAM_q8a0_SNR_25_mode_HM_inc_0.0_M72_IMRPhenomD/lalinferencenest/IMRPhenomDthreePointFivePN/1167559679.0-0/H1L1/H1/1Dsamps/m1_samps.pdf
/home/c1572221/public_html/LVC/make-zero-noise/BAM_q8a0_SNR_25_mode_HM_inc_0.0_M72_IMRPhenomD/lalinferencenest/IMRPhenomDthreePointFivePN/1167559679.0-0/H1L1/H1/1Dsamps/h1_cplx_snr_arg_samps.png
/home/c1572221/public_html/LVC/make-zero-noise/BAM_q8a0_SNR_25_mode_HM_inc_0.0_M72_IMRPhenomD/lalinferencenest/IMRPhenomDthreePointFivePN/1167559679.0-0/H1L1/H1/1Dsamps/h1l1_delay_samps.pdf
/home/c1572221/public_html/LVC/make-zero-noise/BAM_q8a0_SNR_25_mode_HM_inc_0.0_M72_IMRPhenomD/lalinferencenest/IMRPhenomDthreePointFivePN/1167559679.0-0/H1L1/H1/1Dsamps/l_peak_acf.png
/home/c1572221/public_html/LVC/make-zero-noise/BAM_q8a0_SNR_25_mode_HM_inc_0.0_M72_IMRPhenomD/lalinferencenest/IMRPhenomDthreePointFivePN/1167559679.0-0/H1L1/H1/1Dsamps/logl_acf.png
/home/c1572221/public_html/LVC/make-zero-noise/BAM_q8a0_SNR_25_mode_HM_inc_0.0_M72_IMRPhenomD/lalinferencenest/IMRPhenomDthreePointFivePN/1167559679.0-0/H1L1/H1/1Dsamps/ra_samps.png
/home/c1572221/public_html/LVC/make-zero-noise/BAM_q8a0_SNR_25_mode_HM_inc_0.0_M72_IMRPhenomD/lalinferencenest/IMRPhenomDthreePointFivePN/1167559679.0-0/H1L1/H1/1Dsamps/deltalogl_samps.pdf
/home/c1572221/public_html/LVC/make-zero-noise/BAM_q8a0_SNR_25_mode_HM_inc_0.0_M72_IMRPhenomD/lalinferencenest/IMRPhenomDthreePointFivePN/1167559679.0-0/H1L1/H1/1Dsamps/distance_acf.pdf
/home/c1572221/public_html/LVC/make-zero-noise/BAM_q8a0_SNR_25_mode_HM_inc_0.0_M72_IMRPhenomD/lalinferencenest/IMRPhenomDthreePointFivePN/1167559679.0-0/H1L1/H1/1Dsamps/h1_cplx_snr_arg_acf.pdf
/home/c1572221/public_html/LVC/make-zero-noise/BAM_q8a0_SNR_25_mode_HM_inc_0.0_M72_IMRPhenomD/lalinferencenest/IMRPhenomDthreePointFivePN/1167559679.0-0/H1L1/H1/1Dsamps/mc_source_acf.pdf
/home/c1572221/public_html/LVC/make-zero-noise/BAM_q8a0_SNR_25_mode_HM_inc_0.0_M72_IMRPhenomD/lalinferencenest/IMRPhenomDthreePointFivePN/1167559679.0-0/H1L1/H1/1Dsamps/mc_source_acf.png
/home/c1572221/public_html/LVC/make-zero-noise/BAM_q8a0_SNR_25_mode_HM_inc_0.0_M72_IMRPhenomD/lalinferencenest/IMRPhenomDthreePointFivePN/1167559679.0-0/H1L1/H1/1Dsamps/eta_samps.pdf
/home/c1572221/public_html/LVC/make-zero-noise/BAM_q8a0_SNR_25_mode_HM_inc_0.0_M72_IMRPhenomD/lalinferencenest/IMRPhenomDthreePointFivePN/1167559679.0-0/H1L1/H1/1Dsamps/a2_samps.png
/home/c1572221/public_html/LVC/make-zero-noise/BAM_q8a0_SNR_25_mode_HM_inc_0.0_M72_IMRPhenomD/lalinferencenest/IMRPhenomDthreePointFivePN/1167559679.0-0/H1L1/H1/1Dsamps/dec_acf.pdf
/home/c1572221/public_html/LVC/make-zero-noise/BAM_q8a0_SNR_25_mode_HM_inc_0.0_M72_IMRPhenomD/lalinferencenest/IMRPhenomDthreePointFivePN/1167559679.0-0/H1L1/H1/1Dsamps/eta_acf.pdf
/home/c1572221/public_html/LVC/make-zero-noise/BAM_q8a0_SNR_25_mode_HM_inc_0.0_M72_IMRPhenomD/lalinferencenest/IMRPhenomDthreePointFivePN/1167559679.0-0/H1L1/H1/1Dsamps/a2_acf.png
/home/c1572221/public_html/LVC/make-zero-noise/BAM_q8a0_SNR_25_mode_HM_inc_0.0_M72_IMRPhenomD/lalinferencenest/IMRPhenomDthreePointFivePN/1167559679.0-0/H1L1/H1/dic.dat
/home/c1572221/public_html/LVC/make-zero-noise/BAM_q8a0_SNR_25_mode_HM_inc_0.0_M72_IMRPhenomD/lalinferencenest/IMRPhenomDthreePointFivePN/1167559679.0-0/H1L1/H1/1Dpdf/
/home/c1572221/public_html/LVC/make-zero-noise/BAM_q8a0_SNR_25_mode_HM_inc_0.0_M72_IMRPhenomD/lalinferencenest/IMRPhenomDthreePointFivePN/1167559679.0-0/H1L1/H1/1Dpdf/e_rad.pdf
/home/c1572221/public_html/LVC/make-zero-noise/BAM_q8a0_SNR_25_mode_HM_inc_0.0_M72_IMRPhenomD/lalinferencenest/IMRPhenomDthreePointFivePN/1167559679.0-0/H1L1/H1/1Dpdf/ra.png
/home/c1572221/public_html/LVC/make-zero-noise/BAM_q8a0_SNR_25_mode_HM_inc_0.0_M72_IMRPhenomD/lalinferencenest/IMRPhenomDthreePointFivePN/1167559679.0-0/H1L1/H1/1Dpdf/m2_source.png
/home/c1572221/public_html/LVC/make-zero-noise/BAM_q8a0_SNR_25_mode_HM_inc_0.0_M72_IMRPhenomD/lalinferencenest/IMRPhenomDthreePointFivePN/1167559679.0-0/H1L1/H1/1Dpdf/logprior.png
/home/c1572221/public_html/LVC/make-zero-noise/BAM_q8a0_SNR_25_mode_HM_inc_0.0_M72_IMRPhenomD/lalinferencenest/IMRPhenomDthreePointFivePN/1167559679.0-0/H1L1/H1/1Dpdf/theta_jn.pdf
/home/c1572221/public_html/LVC/make-zero-noise/BAM_q8a0_SNR_25_mode_HM_inc_0.0_M72_IMRPhenomD/lalinferencenest/IMRPhenomDthreePointFivePN/1167559679.0-0/H1L1/H1/1Dpdf/phase.png
/home/c1572221/public_html/LVC/make-zero-noise/BAM_q8a0_SNR_25_mode_HM_inc_0.0_M72_IMRPhenomD/lalinferencenest/IMRPhenomDthreePointFivePN/1167559679.0-0/H1L1/H1/1Dpdf/h1_end_time.pdf
/home/c1572221/public_html/LVC/make-zero-noise/BAM_q8a0_SNR_25_mode_HM_inc_0.0_M72_IMRPhenomD/lalinferencenest/IMRPhenomDthreePointFivePN/1167559679.0-0/H1L1/H1/1Dpdf/logprior.pdf
/home/c1572221/public_html/LVC/make-zero-noise/BAM_q8a0_SNR_25_mode_HM_inc_0.0_M72_IMRPhenomD/lalinferencenest/IMRPhenomDthreePointFivePN/1167559679.0-0/H1L1/H1/1Dpdf/dec.pdf
/home/c1572221/public_html/LVC/make-zero-noise/BAM_q8a0_SNR_25_mode_HM_inc_0.0_M72_IMRPhenomD/lalinferencenest/IMRPhenomDthreePointFivePN/1167559679.0-0/H1L1/H1/1Dpdf/mtotal.pdf
/home/c1572221/public_html/LVC/make-zero-noise/BAM_q8a0_SNR_25_mode_HM_inc_0.0_M72_IMRPhenomD/lalinferencenest/IMRPhenomDthreePointFivePN/1167559679.0-0/H1L1/H1/1Dpdf/h1_cplx_snr_arg.pdf
/home/c1572221/public_html/LVC/make-zero-noise/BAM_q8a0_SNR_25_mode_HM_inc_0.0_M72_IMRPhenomD/lalinferencenest/IMRPhenomDthreePointFivePN/1167559679.0-0/H1L1/H1/1Dpdf/af.pdf
/home/c1572221/public_html/LVC/make-zero-noise/BAM_q8a0_SNR_25_mode_HM_inc_0.0_M72_IMRPhenomD/lalinferencenest/IMRPhenomDthreePointFivePN/1167559679.0-0/H1L1/H1/1Dpdf/q.pdf
/home/c1572221/public_html/LVC/make-zero-noise/BAM_q8a0_SNR_25_mode_HM_inc_0.0_M72_IMRPhenomD/lalinferencenest/IMRPhenomDthreePointFivePN/1167559679.0-0/H1L1/H1/1Dpdf/m1.pdf
/home/c1572221/public_html/LVC/make-zero-noise/BAM_q8a0_SNR_25_mode_HM_inc_0.0_M72_IMRPhenomD/lalinferencenest/IMRPhenomDthreePointFivePN/1167559679.0-0/H1L1/H1/1Dpdf/deltalogl.pdf
/home/c1572221/public_html/LVC/make-zero-noise/BAM_q8a0_SNR_25_mode_HM_inc_0.0_M72_IMRPhenomD/lalinferencenest/IMRPhenomDthreePointFivePN/1167559679.0-0/H1L1/H1/1Dpdf/a1.png
/home/c1572221/public_html/LVC/make-zero-noise/BAM_q8a0_SNR_25_mode_HM_inc_0.0_M72_IMRPhenomD/lalinferencenest/IMRPhenomDthreePointFivePN/1167559679.0-0/H1L1/H1/1Dpdf/a1.pdf
/home/c1572221/public_html/LVC/make-zero-noise/BAM_q8a0_SNR_25_mode_HM_inc_0.0_M72_IMRPhenomD/lalinferencenest/IMRPhenomDthreePointFivePN/1167559679.0-0/H1L1/H1/1Dpdf/psi.pdf
/home/c1572221/public_html/LVC/make-zero-noise/BAM_q8a0_SNR_25_mode_HM_inc_0.0_M72_IMRPhenomD/lalinferencenest/IMRPhenomDthreePointFivePN/1167559679.0-0/H1L1/H1/1Dpdf/time.pdf
/home/c1572221/public_html/LVC/make-zero-noise/BAM_q8a0_SNR_25_mode_HM_inc_0.0_M72_IMRPhenomD/lalinferencenest/IMRPhenomDthreePointFivePN/1167559679.0-0/H1L1/H1/1Dpdf/h1_end_time.png
/home/c1572221/public_html/LVC/make-zero-noise/BAM_q8a0_SNR_25_mode_HM_inc_0.0_M72_IMRPhenomD/lalinferencenest/IMRPhenomDthreePointFivePN/1167559679.0-0/H1L1/H1/1Dpdf/v1_end_time.png
/home/c1572221/public_html/LVC/make-zero-noise/BAM_q8a0_SNR_25_mode_HM_inc_0.0_M72_IMRPhenomD/lalinferencenest/IMRPhenomDthreePointFivePN/1167559679.0-0/H1L1/H1/1Dpdf/redshift.png
/home/c1572221/public_html/LVC/make-zero-noise/BAM_q8a0_SNR_25_mode_HM_inc_0.0_M72_IMRPhenomD/lalinferencenest/IMRPhenomDthreePointFivePN/1167559679.0-0/H1L1/H1/1Dpdf/h1_cplx_snr_amp.png
/home/c1572221/public_html/LVC/make-zero-noise/BAM_q8a0_SNR_25_mode_HM_inc_0.0_M72_IMRPhenomD/lalinferencenest/IMRPhenomDthreePointFivePN/1167559679.0-0/H1L1/H1/1Dpdf/mf.png
/home/c1572221/public_html/LVC/make-zero-noise/BAM_q8a0_SNR_25_mode_HM_inc_0.0_M72_IMRPhenomD/lalinferencenest/IMRPhenomDthreePointFivePN/1167559679.0-0/H1L1/H1/1Dpdf/distance.pdf
/home/c1572221/public_html/LVC/make-zero-noise/BAM_q8a0_SNR_25_mode_HM_inc_0.0_M72_IMRPhenomD/lalinferencenest/IMRPhenomDthreePointFivePN/1167559679.0-0/H1L1/H1/1Dpdf/logl.png
/home/c1572221/public_html/LVC/make-zero-noise/BAM_q8a0_SNR_25_mode_HM_inc_0.0_M72_IMRPhenomD/lalinferencenest/IMRPhenomDthreePointFivePN/1167559679.0-0/H1L1/H1/1Dpdf/a1z.png
/home/c1572221/public_html/LVC/make-zero-noise/BAM_q8a0_SNR_25_mode_HM_inc_0.0_M72_IMRPhenomD/lalinferencenest/IMRPhenomDthreePointFivePN/1167559679.0-0/H1L1/H1/1Dpdf/mtotal.png
/home/c1572221/public_html/LVC/make-zero-noise/BAM_q8a0_SNR_25_mode_HM_inc_0.0_M72_IMRPhenomD/lalinferencenest/IMRPhenomDthreePointFivePN/1167559679.0-0/H1L1/H1/1Dpdf/l1_end_time.png
/home/c1572221/public_html/LVC/make-zero-noise/BAM_q8a0_SNR_25_mode_HM_inc_0.0_M72_IMRPhenomD/lalinferencenest/IMRPhenomDthreePointFivePN/1167559679.0-0/H1L1/H1/1Dpdf/costheta_jn.pdf
/home/c1572221/public_html/LVC/make-zero-noise/BAM_q8a0_SNR_25_mode_HM_inc_0.0_M72_IMRPhenomD/lalinferencenest/IMRPhenomDthreePointFivePN/1167559679.0-0/H1L1/H1/1Dpdf/h1v1_delay.pdf
/home/c1572221/public_html/LVC/make-zero-noise/BAM_q8a0_SNR_25_mode_HM_inc_0.0_M72_IMRPhenomD/lalinferencenest/IMRPhenomDthreePointFivePN/1167559679.0-0/H1L1/H1/1Dpdf/h1_cplx_snr_arg.png
/home/c1572221/public_html/LVC/make-zero-noise/BAM_q8a0_SNR_25_mode_HM_inc_0.0_M72_IMRPhenomD/lalinferencenest/IMRPhenomDthreePointFivePN/1167559679.0-0/H1L1/H1/1Dpdf/m1_source.png
/home/c1572221/public_html/LVC/make-zero-noise/BAM_q8a0_SNR_25_mode_HM_inc_0.0_M72_IMRPhenomD/lalinferencenest/IMRPhenomDthreePointFivePN/1167559679.0-0/H1L1/H1/1Dpdf/a2z.pdf
/home/c1572221/public_html/LVC/make-zero-noise/BAM_q8a0_SNR_25_mode_HM_inc_0.0_M72_IMRPhenomD/lalinferencenest/IMRPhenomDthreePointFivePN/1167559679.0-0/H1L1/H1/1Dpdf/chi_eff.pdf
/home/c1572221/public_html/LVC/make-zero-noise/BAM_q8a0_SNR_25_mode_HM_inc_0.0_M72_IMRPhenomD/lalinferencenest/IMRPhenomDthreePointFivePN/1167559679.0-0/H1L1/H1/1Dpdf/deltaloglh1.png
/home/c1572221/public_html/LVC/make-zero-noise/BAM_q8a0_SNR_25_mode_HM_inc_0.0_M72_IMRPhenomD/lalinferencenest/IMRPhenomDthreePointFivePN/1167559679.0-0/H1L1/H1/1Dpdf/optimal_snr.png
/home/c1572221/public_html/LVC/make-zero-noise/BAM_q8a0_SNR_25_mode_HM_inc_0.0_M72_IMRPhenomD/lalinferencenest/IMRPhenomDthreePointFivePN/1167559679.0-0/H1L1/H1/1Dpdf/m1_source.pdf
/home/c1572221/public_html/LVC/make-zero-noise/BAM_q8a0_SNR_25_mode_HM_inc_0.0_M72_IMRPhenomD/lalinferencenest/IMRPhenomDthreePointFivePN/1167559679.0-0/H1L1/H1/1Dpdf/mf.pdf
/home/c1572221/public_html/LVC/make-zero-noise/BAM_q8a0_SNR_25_mode_HM_inc_0.0_M72_IMRPhenomD/lalinferencenest/IMRPhenomDthreePointFivePN/1167559679.0-0/H1L1/H1/1Dpdf/costheta_jn.png
/home/c1572221/public_html/LVC/make-zero-noise/BAM_q8a0_SNR_25_mode_HM_inc_0.0_M72_IMRPhenomD/lalinferencenest/IMRPhenomDthreePointFivePN/1167559679.0-0/H1L1/H1/1Dpdf/matched_filter_snr.png
/home/c1572221/public_html/LVC/make-zero-noise/BAM_q8a0_SNR_25_mode_HM_inc_0.0_M72_IMRPhenomD/lalinferencenest/IMRPhenomDthreePointFivePN/1167559679.0-0/H1L1/H1/1Dpdf/time.png
/home/c1572221/public_html/LVC/make-zero-noise/BAM_q8a0_SNR_25_mode_HM_inc_0.0_M72_IMRPhenomD/lalinferencenest/IMRPhenomDthreePointFivePN/1167559679.0-0/H1L1/H1/1Dpdf/m2.png
/home/c1572221/public_html/LVC/make-zero-noise/BAM_q8a0_SNR_25_mode_HM_inc_0.0_M72_IMRPhenomD/lalinferencenest/IMRPhenomDthreePointFivePN/1167559679.0-0/H1L1/H1/1Dpdf/eta.pdf
/home/c1572221/public_html/LVC/make-zero-noise/BAM_q8a0_SNR_25_mode_HM_inc_0.0_M72_IMRPhenomD/lalinferencenest/IMRPhenomDthreePointFivePN/1167559679.0-0/H1L1/H1/1Dpdf/theta_jn.png
/home/c1572221/public_html/LVC/make-zero-noise/BAM_q8a0_SNR_25_mode_HM_inc_0.0_M72_IMRPhenomD/lalinferencenest/IMRPhenomDthreePointFivePN/1167559679.0-0/H1L1/H1/1Dpdf/af.png
/home/c1572221/public_html/LVC/make-zero-noise/BAM_q8a0_SNR_25_mode_HM_inc_0.0_M72_IMRPhenomD/lalinferencenest/IMRPhenomDthreePointFivePN/1167559679.0-0/H1L1/H1/1Dpdf/l1v1_delay.pdf
/home/c1572221/public_html/LVC/make-zero-noise/BAM_q8a0_SNR_25_mode_HM_inc_0.0_M72_IMRPhenomD/lalinferencenest/IMRPhenomDthreePointFivePN/1167559679.0-0/H1L1/H1/1Dpdf/l1_end_time.pdf
/home/c1572221/public_html/LVC/make-zero-noise/BAM_q8a0_SNR_25_mode_HM_inc_0.0_M72_IMRPhenomD/lalinferencenest/IMRPhenomDthreePointFivePN/1167559679.0-0/H1L1/H1/1Dpdf/e_rad.png
/home/c1572221/public_html/LVC/make-zero-noise/BAM_q8a0_SNR_25_mode_HM_inc_0.0_M72_IMRPhenomD/lalinferencenest/IMRPhenomDthreePointFivePN/1167559679.0-0/H1L1/H1/1Dpdf/h1_cplx_snr_amp.pdf
/home/c1572221/public_html/LVC/make-zero-noise/BAM_q8a0_SNR_25_mode_HM_inc_0.0_M72_IMRPhenomD/lalinferencenest/IMRPhenomDthreePointFivePN/1167559679.0-0/H1L1/H1/1Dpdf/chi_eff.png
/home/c1572221/public_html/LVC/make-zero-noise/BAM_q8a0_SNR_25_mode_HM_inc_0.0_M72_IMRPhenomD/lalinferencenest/IMRPhenomDthreePointFivePN/1167559679.0-0/H1L1/H1/1Dpdf/ra.pdf
/home/c1572221/public_html/LVC/make-zero-noise/BAM_q8a0_SNR_25_mode_HM_inc_0.0_M72_IMRPhenomD/lalinferencenest/IMRPhenomDthreePointFivePN/1167559679.0-0/H1L1/H1/1Dpdf/h1_optimal_snr.png
/home/c1572221/public_html/LVC/make-zero-noise/BAM_q8a0_SNR_25_mode_HM_inc_0.0_M72_IMRPhenomD/lalinferencenest/IMRPhenomDthreePointFivePN/1167559679.0-0/H1L1/H1/1Dpdf/a2.png
/home/c1572221/public_html/LVC/make-zero-noise/BAM_q8a0_SNR_25_mode_HM_inc_0.0_M72_IMRPhenomD/lalinferencenest/IMRPhenomDthreePointFivePN/1167559679.0-0/H1L1/H1/1Dpdf/psi.png
/home/c1572221/public_html/LVC/make-zero-noise/BAM_q8a0_SNR_25_mode_HM_inc_0.0_M72_IMRPhenomD/lalinferencenest/IMRPhenomDthreePointFivePN/1167559679.0-0/H1L1/H1/1Dpdf/distance.png
/home/c1572221/public_html/LVC/make-zero-noise/BAM_q8a0_SNR_25_mode_HM_inc_0.0_M72_IMRPhenomD/lalinferencenest/IMRPhenomDthreePointFivePN/1167559679.0-0/H1L1/H1/1Dpdf/a2.pdf
/home/c1572221/public_html/LVC/make-zero-noise/BAM_q8a0_SNR_25_mode_HM_inc_0.0_M72_IMRPhenomD/lalinferencenest/IMRPhenomDthreePointFivePN/1167559679.0-0/H1L1/H1/1Dpdf/v1_end_time.pdf
/home/c1572221/public_html/LVC/make-zero-noise/BAM_q8a0_SNR_25_mode_HM_inc_0.0_M72_IMRPhenomD/lalinferencenest/IMRPhenomDthreePointFivePN/1167559679.0-0/H1L1/H1/1Dpdf/m1.png
/home/c1572221/public_html/LVC/make-zero-noise/BAM_q8a0_SNR_25_mode_HM_inc_0.0_M72_IMRPhenomD/lalinferencenest/IMRPhenomDthreePointFivePN/1167559679.0-0/H1L1/H1/1Dpdf/h1l1_delay.pdf
/home/c1572221/public_html/LVC/make-zero-noise/BAM_q8a0_SNR_25_mode_HM_inc_0.0_M72_IMRPhenomD/lalinferencenest/IMRPhenomDthreePointFivePN/1167559679.0-0/H1L1/H1/1Dpdf/mc_source.pdf
/home/c1572221/public_html/LVC/make-zero-noise/BAM_q8a0_SNR_25_mode_HM_inc_0.0_M72_IMRPhenomD/lalinferencenest/IMRPhenomDthreePointFivePN/1167559679.0-0/H1L1/H1/1Dpdf/mf_source.pdf
/home/c1572221/public_html/LVC/make-zero-noise/BAM_q8a0_SNR_25_mode_HM_inc_0.0_M72_IMRPhenomD/lalinferencenest/IMRPhenomDthreePointFivePN/1167559679.0-0/H1L1/H1/1Dpdf/phase.pdf
/home/c1572221/public_html/LVC/make-zero-noise/BAM_q8a0_SNR_25_mode_HM_inc_0.0_M72_IMRPhenomD/lalinferencenest/IMRPhenomDthreePointFivePN/1167559679.0-0/H1L1/H1/1Dpdf/mc.pdf
/home/c1572221/public_html/LVC/make-zero-noise/BAM_q8a0_SNR_25_mode_HM_inc_0.0_M72_IMRPhenomD/lalinferencenest/IMRPhenomDthreePointFivePN/1167559679.0-0/H1L1/H1/1Dpdf/mc_source.png
/home/c1572221/public_html/LVC/make-zero-noise/BAM_q8a0_SNR_25_mode_HM_inc_0.0_M72_IMRPhenomD/lalinferencenest/IMRPhenomDthreePointFivePN/1167559679.0-0/H1L1/H1/1Dpdf/m2_source.pdf
/home/c1572221/public_html/LVC/make-zero-noise/BAM_q8a0_SNR_25_mode_HM_inc_0.0_M72_IMRPhenomD/lalinferencenest/IMRPhenomDthreePointFivePN/1167559679.0-0/H1L1/H1/1Dpdf/logl.pdf
/home/c1572221/public_html/LVC/make-zero-noise/BAM_q8a0_SNR_25_mode_HM_inc_0.0_M72_IMRPhenomD/lalinferencenest/IMRPhenomDthreePointFivePN/1167559679.0-0/H1L1/H1/1Dpdf/redshift.pdf
/home/c1572221/public_html/LVC/make-zero-noise/BAM_q8a0_SNR_25_mode_HM_inc_0.0_M72_IMRPhenomD/lalinferencenest/IMRPhenomDthreePointFivePN/1167559679.0-0/H1L1/H1/1Dpdf/mtotal_source.png
/home/c1572221/public_html/LVC/make-zero-noise/BAM_q8a0_SNR_25_mode_HM_inc_0.0_M72_IMRPhenomD/lalinferencenest/IMRPhenomDthreePointFivePN/1167559679.0-0/H1L1/H1/1Dpdf/l_peak.pdf
/home/c1572221/public_html/LVC/make-zero-noise/BAM_q8a0_SNR_25_mode_HM_inc_0.0_M72_IMRPhenomD/lalinferencenest/IMRPhenomDthreePointFivePN/1167559679.0-0/H1L1/H1/1Dpdf/a1z.pdf
/home/c1572221/public_html/LVC/make-zero-noise/BAM_q8a0_SNR_25_mode_HM_inc_0.0_M72_IMRPhenomD/lalinferencenest/IMRPhenomDthreePointFivePN/1167559679.0-0/H1L1/H1/1Dpdf/mc.png
/home/c1572221/public_html/LVC/make-zero-noise/BAM_q8a0_SNR_25_mode_HM_inc_0.0_M72_IMRPhenomD/lalinferencenest/IMRPhenomDthreePointFivePN/1167559679.0-0/H1L1/H1/1Dpdf/eta.png
/home/c1572221/public_html/LVC/make-zero-noise/BAM_q8a0_SNR_25_mode_HM_inc_0.0_M72_IMRPhenomD/lalinferencenest/IMRPhenomDthreePointFivePN/1167559679.0-0/H1L1/H1/1Dpdf/m2.pdf
/home/c1572221/public_html/LVC/make-zero-noise/BAM_q8a0_SNR_25_mode_HM_inc_0.0_M72_IMRPhenomD/lalinferencenest/IMRPhenomDthreePointFivePN/1167559679.0-0/H1L1/H1/1Dpdf/mtotal_source.pdf
/home/c1572221/public_html/LVC/make-zero-noise/BAM_q8a0_SNR_25_mode_HM_inc_0.0_M72_IMRPhenomD/lalinferencenest/IMRPhenomDthreePointFivePN/1167559679.0-0/H1L1/H1/1Dpdf/optimal_snr.pdf
/home/c1572221/public_html/LVC/make-zero-noise/BAM_q8a0_SNR_25_mode_HM_inc_0.0_M72_IMRPhenomD/lalinferencenest/IMRPhenomDthreePointFivePN/1167559679.0-0/H1L1/H1/1Dpdf/h1v1_delay.png
/home/c1572221/public_html/LVC/make-zero-noise/BAM_q8a0_SNR_25_mode_HM_inc_0.0_M72_IMRPhenomD/lalinferencenest/IMRPhenomDthreePointFivePN/1167559679.0-0/H1L1/H1/1Dpdf/l1v1_delay.png
/home/c1572221/public_html/LVC/make-zero-noise/BAM_q8a0_SNR_25_mode_HM_inc_0.0_M72_IMRPhenomD/lalinferencenest/IMRPhenomDthreePointFivePN/1167559679.0-0/H1L1/H1/1Dpdf/h1l1_delay.png
/home/c1572221/public_html/LVC/make-zero-noise/BAM_q8a0_SNR_25_mode_HM_inc_0.0_M72_IMRPhenomD/lalinferencenest/IMRPhenomDthreePointFivePN/1167559679.0-0/H1L1/H1/1Dpdf/a2z.png
/home/c1572221/public_html/LVC/make-zero-noise/BAM_q8a0_SNR_25_mode_HM_inc_0.0_M72_IMRPhenomD/lalinferencenest/IMRPhenomDthreePointFivePN/1167559679.0-0/H1L1/H1/1Dpdf/matched_filter_snr.pdf
/home/c1572221/public_html/LVC/make-zero-noise/BAM_q8a0_SNR_25_mode_HM_inc_0.0_M72_IMRPhenomD/lalinferencenest/IMRPhenomDthreePointFivePN/1167559679.0-0/H1L1/H1/1Dpdf/deltaloglh1.pdf
/home/c1572221/public_html/LVC/make-zero-noise/BAM_q8a0_SNR_25_mode_HM_inc_0.0_M72_IMRPhenomD/lalinferencenest/IMRPhenomDthreePointFivePN/1167559679.0-0/H1L1/H1/1Dpdf/mf_source.png
/home/c1572221/public_html/LVC/make-zero-noise/BAM_q8a0_SNR_25_mode_HM_inc_0.0_M72_IMRPhenomD/lalinferencenest/IMRPhenomDthreePointFivePN/1167559679.0-0/H1L1/H1/1Dpdf/dec.png
/home/c1572221/public_html/LVC/make-zero-noise/BAM_q8a0_SNR_25_mode_HM_inc_0.0_M72_IMRPhenomD/lalinferencenest/IMRPhenomDthreePointFivePN/1167559679.0-0/H1L1/H1/1Dpdf/q.png
/home/c1572221/public_html/LVC/make-zero-noise/BAM_q8a0_SNR_25_mode_HM_inc_0.0_M72_IMRPhenomD/lalinferencenest/IMRPhenomDthreePointFivePN/1167559679.0-0/H1L1/H1/1Dpdf/deltalogl.png
/home/c1572221/public_html/LVC/make-zero-noise/BAM_q8a0_SNR_25_mode_HM_inc_0.0_M72_IMRPhenomD/lalinferencenest/IMRPhenomDthreePointFivePN/1167559679.0-0/H1L1/H1/1Dpdf/l_peak.png
/home/c1572221/public_html/LVC/make-zero-noise/BAM_q8a0_SNR_25_mode_HM_inc_0.0_M72_IMRPhenomD/lalinferencenest/IMRPhenomDthreePointFivePN/1167559679.0-0/H1L1/H1/1Dpdf/h1_optimal_snr.pdf
/home/c1572221/public_html/LVC/make-zero-noise/BAM_q8a0_SNR_25_mode_HM_inc_0.0_M72_IMRPhenomD/lalinferencenest/IMRPhenomDthreePointFivePN/1167559679.0-0/H1L1/H1/summary_statistics.dat
/home/c1572221/public_html/LVC/make-zero-noise/BAM_q8a0_SNR_25_mode_HM_inc_0.0_M72_IMRPhenomD/lalinferencenest/IMRPhenomDthreePointFivePN/1167559679.0-0/H1L1/H1/PSDs/
/home/c1572221/public_html/LVC/make-zero-noise/BAM_q8a0_SNR_25_mode_HM_inc_0.0_M72_IMRPhenomD/lalinferencenest/IMRPhenomDthreePointFivePN/1167559679.0-0/H1L1/H1/PSDs/PSD.png
/home/c1572221/public_html/LVC/make-zero-noise/BAM_q8a0_SNR_25_mode_HM_inc_0.0_M72_IMRPhenomD/lalinferencenest/IMRPhenomDthreePointFivePN/1167559679.0-0/H1L1/H1/posplots.html
/home/c1572221/public_html/LVC/make-zero-noise/BAM_q8a0_SNR_25_mode_HM_inc_0.0_M72_IMRPhenomD/lalinferencenest/IMRPhenomDthreePointFivePN/1167559679.0-0/H1L1/H1/corner/
/home/c1572221/public_html/LVC/make-zero-noise/BAM_q8a0_SNR_25_mode_HM_inc_0.0_M72_IMRPhenomD/lalinferencenest/IMRPhenomDthreePointFivePN/1167559679.0-0/H1L1/H1/skymap.png
/home/c1572221/public_html/LVC/make-zero-noise/BAM_q8a0_SNR_25_mode_HM_inc_0.0_M72_IMRPhenomD/lalinferencenest/IMRPhenomDthreePointFivePN/1167559679.0-0/H1L1/H1/confidence_levels.txt
/home/c1572221/public_html/LVC/make-zero-noise/BAM_q8a0_SNR_25_mode_HM_inc_0.0_M72_IMRPhenomD/lalinferencenest/IMRPhenomDthreePointFivePN/1167559679.0-0/H1L1/H1/Waveform/
/home/c1572221/public_html/LVC/make-zero-noise/BAM_q8a0_SNR_25_mode_HM_inc_0.0_M72_IMRPhenomD/lalinferencenest/IMRPhenomDthreePointFivePN/1167559679.0-0/H1L1/H1/Waveform/WF_DetFrame.png
/home/c1572221/public_html/LVC/make-zero-noise/BAM_q8a0_SNR_25_mode_HM_inc_0.0_M72_IMRPhenomD/lalinferencenest/IMRPhenomDthreePointFivePN/1167559679.0-0/H1L1/H1/posterior_samples.dat
acosing costheta_jn
exponentiating logdistance
Read columns ['H1_cplx_snr_amp', 'H1_cplx_snr_arg', 'H1_optimal_snr', 'a1', 'a2', 'mc', 'dec', 'deltalogL', 'deltaloglH1', 'logL', 'logPrior', 'logw', 'matched_filter_snr', 'optimal_snr', 'phase', 'psi', 'q', 'ra', 'time', 'signalModelFlag', 'flow', 'f_ref', 'LAL_APPROXIMANT', 'LAL_AMPORDER', 'LAL_PNORDER', 'psdScaleFlag', 'theta_jn', 'distance']
No snr file provided or wrong path to snr file

Warning: Cannot find spin parameters.  Skipping spin angle calculations.
Using non-precessing fit formula [Healy at al (2014)] for final mass and spin (on masses and projected spin components).
Taking cos of theta_jn ...
Number of posterior samples: 9231
Means:
{'logw': -26.565950763857032, 'redshift': 0.049176064378415339, 'v1_end_time': 1167559678.9856524, 'f_ref': 100.0, 'psdscaleflag': 0.0, 'psi': 1.3875912829034758, 'lal_approximant': 58.0, 'signalmodelflag': 1.0, 'logl': -30.254340579324253, 'h1_cplx_snr_arg': -0.00021473711654807493, 'deltaloglh1': 129.40682461800097, 'v1h1_delay': 0.0017097104785114595, 'mc_source': 12.374226175092765, 'deltalogl': 129.40682461800097, 'h1_cplx_snr_amp': 16.15334301978946, 'l1v1_delay': -0.0017401312273381112, 'h1_end_time': 1167559678.9873619, 'l1h1_delay': -3.042074882665185e-05, 'm1': 34.889625698588439, 'ra': 3.4472654283738442, 'l1_end_time': 1167559678.9873927, 'm2': 7.3452656322935201, 'l_peak': 1.1601644463765117, 'lal_pnorder': 7.0, 'm2_source': 6.9985364938090839, 'v1l1_delay': 0.0017401312273381112, 'mtotal': 42.234891330881958, 'costheta_jn': 0.081104399501710014, 'a2z': -0.23962441081695457, 'a1': 0.1989839064988885, 'a2': 0.48362798276433044, 'af': 0.4564786512459495, 'optimal_snr': 15.848629911014235, 'phase': 3.2506061319076314, 'a1z': 0.027462060908144424, 'm1_source': 33.263484360118547, 'distance': 225.95300204875758, 'mf': 41.428756998492986, 'mc': 12.983608036755401, 'theta_jn': 1.4706831133857534, 'h1v1_delay': -0.0017097104785114595, 'logprior': 20.228573824613601, 'flow': 20.0, 'h1l1_delay': 3.042074882665185e-05, 'matched_filter_snr': 16.121671759857641, 'q': 0.22385351328763145, 'mtotal_source': 40.262020853927623, 'mf_source': 39.494179304631828, 'eta': 0.14429293835601362, 'e_rad': 0.76784154929579307, 'h1_optimal_snr': 15.848629911014235, 'time': 1167559678.98722, 'lal_amporder': -1.0, 'dec': 0.063642159763623543, 'chi_eff': -0.0052672415497027865}
Median:
{'logw': -26.548409260523066, 'redshift': 0.049085030826386308, 'v1_end_time': 1167559678.9850903, 'f_ref': 100.0, 'psdscaleflag': 0.0, 'psi': 1.2952101866659742, 'lal_approximant': 58.0, 'signalmodelflag': 1.0, 'logl': -29.881924486369538, 'h1_cplx_snr_arg': -0.00072939476647289943, 'deltaloglh1': 129.77924071095563, 'v1h1_delay': 0.0013868808746337891, 'mc_source': 12.334257933380702, 'deltalogl': 129.77924071095563, 'h1_cplx_snr_amp': 16.17723944514055, 'l1v1_delay': -0.0032160282135009766, 'h1_end_time': 1167559678.9875903, 'l1h1_delay': 4.8398971557617188e-05, 'm1': 35.047770780097615, 'ra': 3.1608800640607266, 'l1_end_time': 1167559678.9869888, 'm2': 7.130763883928986, 'l_peak': 1.0731689993779445, 'lal_pnorder': 7.0, 'm2_source': 6.8062707767058228, 'v1l1_delay': 0.0032160282135009766, 'mtotal': 42.169225655082201, 'costheta_jn': 0.35889441870323041, 'a2z': -0.31382993992265229, 'a1': 0.16929439317852943, 'a2': 0.48131542630186452, 'af': 0.46204328587738208, 'optimal_snr': 15.843430372593463, 'phase': 3.3749902146127808, 'a1z': 0.068219455058154355, 'm1_source': 33.445629035642263, 'distance': 224.7683962648693, 'mf': 41.400899100443866, 'mc': 12.937083569070019, 'theta_jn': 1.2037131979936184, 'h1v1_delay': -0.0013868808746337891, 'logprior': 20.364951777919668, 'flow': 20.0, 'h1l1_delay': -4.8398971557617188e-05, 'matched_filter_snr': 16.145008943679262, 'q': 0.20302434507250644, 'mtotal_source': 40.255893762597623, 'mf_source': 39.486449907225911, 'eta': 0.14028113985442778, 'e_rad': 0.74637291084062696, 'h1_optimal_snr': 15.843430372593463, 'time': 1167559678.9849019, 'lal_amporder': -1.0, 'dec': 0.0079920740490951516, 'chi_eff': 0.01391889045347197}
maxL:
{'logw': -30.905314058526979, 'redshift': 0.041206818768625426, 'v1_end_time': 1167559678.9712069, 'f_ref': 100.0, 'psdscaleflag': 0.0, 'psi': 0.29631146866286923, 'lal_approximant': 58.0, 'signalmodelflag': 1.0, 'logl': -26.713098698216363, 'h1_cplx_snr_arg': -0.0056106111529122668, 'deltaloglh1': 132.94806649910882, 'v1h1_delay': 0.022785186767578125, 'mc_source': 12.342543208262875, 'deltalogl': 132.94806649910882, 'h1_cplx_snr_amp': 16.306664227455059, 'l1v1_delay': -0.015627861022949219, 'h1_end_time': 1167559678.9939921, 'l1h1_delay': 0.0071573257446289062, 'm1': 36.250840228434875, 'ra': 4.4982199835018735, 'l1_end_time': 1167559678.9868348, 'm2': 6.8177030863917452, 'l_peak': 1.0768362851571245, 'lal_pnorder': 7.0, 'm2_source': 6.5478855530879496, 'v1l1_delay': 0.015627861022949219, 'mtotal': 43.06854331482662, 'costheta_jn': -0.99009650127500493, 'a2z': -0.92207002574401609, 'a1': 0.17391123472197476, 'a2': 0.92207002574401609, 'af': 0.49358180751981606, 'optimal_snr': 16.253541398731468, 'phase': 4.7328315893205062, 'a1z': 0.17391123472197476, 'm1_source': 34.816176358993339, 'distance': 187.62469658392087, 'mf': 42.284325187458634, 'mc': 12.851140149389691, 'theta_jn': 3.0007389097213886, 'h1v1_delay': -0.022785186767578125, 'logprior': 20.327469015499776, 'flow': 20.0, 'h1l1_delay': -0.0071573257446289062, 'matched_filter_snr': 16.306407569733171, 'q': 0.18807020867461144, 'mtotal_source': 41.364061912081283, 'mf_source': 40.61088001466014, 'eta': 0.13324035913234841, 'e_rad': 0.75318189742114328, 'h1_optimal_snr': 16.253541398731468, 'time': 1167559678.9851992, 'lal_amporder': -1.0, 'dec': -0.081863765337430006, 'chi_eff': 0.00041860536865757924}
Unable to compute KL divergence
Sigma is 30.000000 arcmin (0.008727 rad) 
-> fwhm is 70.644601 arcmin
Sigma is 0.000000 arcmin (0.000000 rad) 
-> fwhm is 0.000000 arcmin
WARNING: phi_orb not found in posterior files. Defaulting to 0.0 which is probably *not* what you want

Using greedy 1-d binning credible regions

Generating 1D plot for e_rad.
Generating 1D plot for l_peak.
Using greedy 1-d binning credible regions

Generating 1D plot for m1.
Generating 1D plot for m2.
Generating 1D plot for mc.
Generating 1D plot for eta.
Generating 1D plot for q.
Generating 1D plot for mtotal.
Generating 1D plot for mf.
Using greedy 1-d binning credible regions

Generating 1D plot for optimal_snr.
Generating 1D plot for matched_filter_snr.
Generating 1D plot for h1_optimal_snr.
Generating 1D plot for h1_cplx_snr_amp.
Generating 1D plot for h1_cplx_snr_arg.
Generating 1D plot for logprior.
Generating 1D plot for logl.
Generating 1D plot for deltalogl.
Generating 1D plot for deltaloglh1.
Using greedy 1-d binning credible regions

Generating 1D plot for time.
Generating 1D plot for l1_end_time.
Generating 1D plot for h1_end_time.
Generating 1D plot for v1_end_time.
Generating 1D plot for h1l1_delay.
Generating 1D plot for h1v1_delay.
Generating 1D plot for l1v1_delay.
Using greedy 1-d binning credible regions

Generating 1D plot for m1_source.
Generating 1D plot for m2_source.
Generating 1D plot for mtotal_source.
Generating 1D plot for mc_source.
Generating 1D plot for redshift.
Generating 1D plot for mf_source.
Using greedy 1-d binning credible regions

Generating 1D plot for distance.
Generating 1D plot for psi.
Generating 1D plot for ra.
Generating 1D plot for dec.
Generating 1D plot for phase.
Using greedy 1-d binning credible regions

Generating 1D plot for a1.
Generating 1D plot for a2.
Generating 1D plot for costheta_jn.
Generating 1D plot for theta_jn.
Generating 1D plot for af.
Generating 1D plot for chi_eff.
Generating 1D plot for a1z.
Generating 1D plot for a2z.
Using greedy 1-d binning credible regions

Cannot load corner module. Try running
	$ pip install corner
Cannot load corner module. Try running
	$ pip install corner
Cannot load corner module. Try running
	$ pip install corner
