/home/c1572221/public_html/LVC/make-zero-noise/BAM_q8a0_SNR_25_mode_HM_inc_0.0_M72_IMRPhenomD/lalinferencenest/IMRPhenomDthreePointFivePN/1167559679.0-0/H1L1/L1/
/home/c1572221/public_html/LVC/make-zero-noise/BAM_q8a0_SNR_25_mode_HM_inc_0.0_M72_IMRPhenomD/lalinferencenest/IMRPhenomDthreePointFivePN/1167559679.0-0/H1L1/L1/2Dbins/
/home/c1572221/public_html/LVC/make-zero-noise/BAM_q8a0_SNR_25_mode_HM_inc_0.0_M72_IMRPhenomD/lalinferencenest/IMRPhenomDthreePointFivePN/1167559679.0-0/H1L1/L1/2Dkde/
/home/c1572221/public_html/LVC/make-zero-noise/BAM_q8a0_SNR_25_mode_HM_inc_0.0_M72_IMRPhenomD/lalinferencenest/IMRPhenomDthreePointFivePN/1167559679.0-0/H1L1/L1/greedy2Dbins/
/home/c1572221/public_html/LVC/make-zero-noise/BAM_q8a0_SNR_25_mode_HM_inc_0.0_M72_IMRPhenomD/lalinferencenest/IMRPhenomDthreePointFivePN/1167559679.0-0/H1L1/L1/1Dsamps/
/home/c1572221/public_html/LVC/make-zero-noise/BAM_q8a0_SNR_25_mode_HM_inc_0.0_M72_IMRPhenomD/lalinferencenest/IMRPhenomDthreePointFivePN/1167559679.0-0/H1L1/L1/1Dsamps/h1v1_delay_samps.png
/home/c1572221/public_html/LVC/make-zero-noise/BAM_q8a0_SNR_25_mode_HM_inc_0.0_M72_IMRPhenomD/lalinferencenest/IMRPhenomDthreePointFivePN/1167559679.0-0/H1L1/L1/1Dsamps/ra_samps.pdf
/home/c1572221/public_html/LVC/make-zero-noise/BAM_q8a0_SNR_25_mode_HM_inc_0.0_M72_IMRPhenomD/lalinferencenest/IMRPhenomDthreePointFivePN/1167559679.0-0/H1L1/L1/1Dsamps/deltalogl_samps.png
/home/c1572221/public_html/LVC/make-zero-noise/BAM_q8a0_SNR_25_mode_HM_inc_0.0_M72_IMRPhenomD/lalinferencenest/IMRPhenomDthreePointFivePN/1167559679.0-0/H1L1/L1/1Dsamps/m2_source_samps.pdf
/home/c1572221/public_html/LVC/make-zero-noise/BAM_q8a0_SNR_25_mode_HM_inc_0.0_M72_IMRPhenomD/lalinferencenest/IMRPhenomDthreePointFivePN/1167559679.0-0/H1L1/L1/1Dsamps/logprior_samps.png
/home/c1572221/public_html/LVC/make-zero-noise/BAM_q8a0_SNR_25_mode_HM_inc_0.0_M72_IMRPhenomD/lalinferencenest/IMRPhenomDthreePointFivePN/1167559679.0-0/H1L1/L1/1Dsamps/m1_samps.png
/home/c1572221/public_html/LVC/make-zero-noise/BAM_q8a0_SNR_25_mode_HM_inc_0.0_M72_IMRPhenomD/lalinferencenest/IMRPhenomDthreePointFivePN/1167559679.0-0/H1L1/L1/1Dsamps/mtotal_acf.png
/home/c1572221/public_html/LVC/make-zero-noise/BAM_q8a0_SNR_25_mode_HM_inc_0.0_M72_IMRPhenomD/lalinferencenest/IMRPhenomDthreePointFivePN/1167559679.0-0/H1L1/L1/1Dsamps/mc_samps.png
/home/c1572221/public_html/LVC/make-zero-noise/BAM_q8a0_SNR_25_mode_HM_inc_0.0_M72_IMRPhenomD/lalinferencenest/IMRPhenomDthreePointFivePN/1167559679.0-0/H1L1/L1/1Dsamps/l_peak_acf.pdf
/home/c1572221/public_html/LVC/make-zero-noise/BAM_q8a0_SNR_25_mode_HM_inc_0.0_M72_IMRPhenomD/lalinferencenest/IMRPhenomDthreePointFivePN/1167559679.0-0/H1L1/L1/1Dsamps/l1_cplx_snr_amp_acf.png
/home/c1572221/public_html/LVC/make-zero-noise/BAM_q8a0_SNR_25_mode_HM_inc_0.0_M72_IMRPhenomD/lalinferencenest/IMRPhenomDthreePointFivePN/1167559679.0-0/H1L1/L1/1Dsamps/distance_samps.pdf
/home/c1572221/public_html/LVC/make-zero-noise/BAM_q8a0_SNR_25_mode_HM_inc_0.0_M72_IMRPhenomD/lalinferencenest/IMRPhenomDthreePointFivePN/1167559679.0-0/H1L1/L1/1Dsamps/logl_samps.pdf
/home/c1572221/public_html/LVC/make-zero-noise/BAM_q8a0_SNR_25_mode_HM_inc_0.0_M72_IMRPhenomD/lalinferencenest/IMRPhenomDthreePointFivePN/1167559679.0-0/H1L1/L1/1Dsamps/theta_jn_acf.pdf
/home/c1572221/public_html/LVC/make-zero-noise/BAM_q8a0_SNR_25_mode_HM_inc_0.0_M72_IMRPhenomD/lalinferencenest/IMRPhenomDthreePointFivePN/1167559679.0-0/H1L1/L1/1Dsamps/l1_cplx_snr_arg_acf.png
/home/c1572221/public_html/LVC/make-zero-noise/BAM_q8a0_SNR_25_mode_HM_inc_0.0_M72_IMRPhenomD/lalinferencenest/IMRPhenomDthreePointFivePN/1167559679.0-0/H1L1/L1/1Dsamps/optimal_snr_acf.png
/home/c1572221/public_html/LVC/make-zero-noise/BAM_q8a0_SNR_25_mode_HM_inc_0.0_M72_IMRPhenomD/lalinferencenest/IMRPhenomDthreePointFivePN/1167559679.0-0/H1L1/L1/1Dsamps/m1_source_samps.png
/home/c1572221/public_html/LVC/make-zero-noise/BAM_q8a0_SNR_25_mode_HM_inc_0.0_M72_IMRPhenomD/lalinferencenest/IMRPhenomDthreePointFivePN/1167559679.0-0/H1L1/L1/1Dsamps/theta_jn_samps.pdf
/home/c1572221/public_html/LVC/make-zero-noise/BAM_q8a0_SNR_25_mode_HM_inc_0.0_M72_IMRPhenomD/lalinferencenest/IMRPhenomDthreePointFivePN/1167559679.0-0/H1L1/L1/1Dsamps/mf_source_acf.png
/home/c1572221/public_html/LVC/make-zero-noise/BAM_q8a0_SNR_25_mode_HM_inc_0.0_M72_IMRPhenomD/lalinferencenest/IMRPhenomDthreePointFivePN/1167559679.0-0/H1L1/L1/1Dsamps/time_acf.pdf
/home/c1572221/public_html/LVC/make-zero-noise/BAM_q8a0_SNR_25_mode_HM_inc_0.0_M72_IMRPhenomD/lalinferencenest/IMRPhenomDthreePointFivePN/1167559679.0-0/H1L1/L1/1Dsamps/mtotal_samps.pdf
/home/c1572221/public_html/LVC/make-zero-noise/BAM_q8a0_SNR_25_mode_HM_inc_0.0_M72_IMRPhenomD/lalinferencenest/IMRPhenomDthreePointFivePN/1167559679.0-0/H1L1/L1/1Dsamps/mc_acf.png
/home/c1572221/public_html/LVC/make-zero-noise/BAM_q8a0_SNR_25_mode_HM_inc_0.0_M72_IMRPhenomD/lalinferencenest/IMRPhenomDthreePointFivePN/1167559679.0-0/H1L1/L1/1Dsamps/chi_eff_acf.pdf
/home/c1572221/public_html/LVC/make-zero-noise/BAM_q8a0_SNR_25_mode_HM_inc_0.0_M72_IMRPhenomD/lalinferencenest/IMRPhenomDthreePointFivePN/1167559679.0-0/H1L1/L1/1Dsamps/h1l1_delay_acf.png
/home/c1572221/public_html/LVC/make-zero-noise/BAM_q8a0_SNR_25_mode_HM_inc_0.0_M72_IMRPhenomD/lalinferencenest/IMRPhenomDthreePointFivePN/1167559679.0-0/H1L1/L1/1Dsamps/mc_acf.pdf
/home/c1572221/public_html/LVC/make-zero-noise/BAM_q8a0_SNR_25_mode_HM_inc_0.0_M72_IMRPhenomD/lalinferencenest/IMRPhenomDthreePointFivePN/1167559679.0-0/H1L1/L1/1Dsamps/mf_acf.png
/home/c1572221/public_html/LVC/make-zero-noise/BAM_q8a0_SNR_25_mode_HM_inc_0.0_M72_IMRPhenomD/lalinferencenest/IMRPhenomDthreePointFivePN/1167559679.0-0/H1L1/L1/1Dsamps/m1_acf.png
/home/c1572221/public_html/LVC/make-zero-noise/BAM_q8a0_SNR_25_mode_HM_inc_0.0_M72_IMRPhenomD/lalinferencenest/IMRPhenomDthreePointFivePN/1167559679.0-0/H1L1/L1/1Dsamps/mtotal_samps.png
/home/c1572221/public_html/LVC/make-zero-noise/BAM_q8a0_SNR_25_mode_HM_inc_0.0_M72_IMRPhenomD/lalinferencenest/IMRPhenomDthreePointFivePN/1167559679.0-0/H1L1/L1/1Dsamps/l1_end_time_acf.pdf
/home/c1572221/public_html/LVC/make-zero-noise/BAM_q8a0_SNR_25_mode_HM_inc_0.0_M72_IMRPhenomD/lalinferencenest/IMRPhenomDthreePointFivePN/1167559679.0-0/H1L1/L1/1Dsamps/h1_end_time_acf.png
/home/c1572221/public_html/LVC/make-zero-noise/BAM_q8a0_SNR_25_mode_HM_inc_0.0_M72_IMRPhenomD/lalinferencenest/IMRPhenomDthreePointFivePN/1167559679.0-0/H1L1/L1/1Dsamps/v1_end_time_acf.pdf
/home/c1572221/public_html/LVC/make-zero-noise/BAM_q8a0_SNR_25_mode_HM_inc_0.0_M72_IMRPhenomD/lalinferencenest/IMRPhenomDthreePointFivePN/1167559679.0-0/H1L1/L1/1Dsamps/a1z_samps.pdf
/home/c1572221/public_html/LVC/make-zero-noise/BAM_q8a0_SNR_25_mode_HM_inc_0.0_M72_IMRPhenomD/lalinferencenest/IMRPhenomDthreePointFivePN/1167559679.0-0/H1L1/L1/1Dsamps/l1_optimal_snr_samps.pdf
/home/c1572221/public_html/LVC/make-zero-noise/BAM_q8a0_SNR_25_mode_HM_inc_0.0_M72_IMRPhenomD/lalinferencenest/IMRPhenomDthreePointFivePN/1167559679.0-0/H1L1/L1/1Dsamps/logprior_acf.pdf
/home/c1572221/public_html/LVC/make-zero-noise/BAM_q8a0_SNR_25_mode_HM_inc_0.0_M72_IMRPhenomD/lalinferencenest/IMRPhenomDthreePointFivePN/1167559679.0-0/H1L1/L1/1Dsamps/l1_optimal_snr_acf.png
/home/c1572221/public_html/LVC/make-zero-noise/BAM_q8a0_SNR_25_mode_HM_inc_0.0_M72_IMRPhenomD/lalinferencenest/IMRPhenomDthreePointFivePN/1167559679.0-0/H1L1/L1/1Dsamps/m2_source_samps.png
/home/c1572221/public_html/LVC/make-zero-noise/BAM_q8a0_SNR_25_mode_HM_inc_0.0_M72_IMRPhenomD/lalinferencenest/IMRPhenomDthreePointFivePN/1167559679.0-0/H1L1/L1/1Dsamps/l1_cplx_snr_arg_acf.pdf
/home/c1572221/public_html/LVC/make-zero-noise/BAM_q8a0_SNR_25_mode_HM_inc_0.0_M72_IMRPhenomD/lalinferencenest/IMRPhenomDthreePointFivePN/1167559679.0-0/H1L1/L1/1Dsamps/time_samps.pdf
/home/c1572221/public_html/LVC/make-zero-noise/BAM_q8a0_SNR_25_mode_HM_inc_0.0_M72_IMRPhenomD/lalinferencenest/IMRPhenomDthreePointFivePN/1167559679.0-0/H1L1/L1/1Dsamps/eta_samps.png
/home/c1572221/public_html/LVC/make-zero-noise/BAM_q8a0_SNR_25_mode_HM_inc_0.0_M72_IMRPhenomD/lalinferencenest/IMRPhenomDthreePointFivePN/1167559679.0-0/H1L1/L1/1Dsamps/mc_source_samps.png
/home/c1572221/public_html/LVC/make-zero-noise/BAM_q8a0_SNR_25_mode_HM_inc_0.0_M72_IMRPhenomD/lalinferencenest/IMRPhenomDthreePointFivePN/1167559679.0-0/H1L1/L1/1Dsamps/logl_samps.png
/home/c1572221/public_html/LVC/make-zero-noise/BAM_q8a0_SNR_25_mode_HM_inc_0.0_M72_IMRPhenomD/lalinferencenest/IMRPhenomDthreePointFivePN/1167559679.0-0/H1L1/L1/1Dsamps/optimal_snr_samps.pdf
/home/c1572221/public_html/LVC/make-zero-noise/BAM_q8a0_SNR_25_mode_HM_inc_0.0_M72_IMRPhenomD/lalinferencenest/IMRPhenomDthreePointFivePN/1167559679.0-0/H1L1/L1/1Dsamps/psi_acf.pdf
/home/c1572221/public_html/LVC/make-zero-noise/BAM_q8a0_SNR_25_mode_HM_inc_0.0_M72_IMRPhenomD/lalinferencenest/IMRPhenomDthreePointFivePN/1167559679.0-0/H1L1/L1/1Dsamps/mf_source_samps.png
/home/c1572221/public_html/LVC/make-zero-noise/BAM_q8a0_SNR_25_mode_HM_inc_0.0_M72_IMRPhenomD/lalinferencenest/IMRPhenomDthreePointFivePN/1167559679.0-0/H1L1/L1/1Dsamps/a1z_samps.png
/home/c1572221/public_html/LVC/make-zero-noise/BAM_q8a0_SNR_25_mode_HM_inc_0.0_M72_IMRPhenomD/lalinferencenest/IMRPhenomDthreePointFivePN/1167559679.0-0/H1L1/L1/1Dsamps/theta_jn_acf.png
/home/c1572221/public_html/LVC/make-zero-noise/BAM_q8a0_SNR_25_mode_HM_inc_0.0_M72_IMRPhenomD/lalinferencenest/IMRPhenomDthreePointFivePN/1167559679.0-0/H1L1/L1/1Dsamps/l1_optimal_snr_acf.pdf
/home/c1572221/public_html/LVC/make-zero-noise/BAM_q8a0_SNR_25_mode_HM_inc_0.0_M72_IMRPhenomD/lalinferencenest/IMRPhenomDthreePointFivePN/1167559679.0-0/H1L1/L1/1Dsamps/a2z_acf.pdf
/home/c1572221/public_html/LVC/make-zero-noise/BAM_q8a0_SNR_25_mode_HM_inc_0.0_M72_IMRPhenomD/lalinferencenest/IMRPhenomDthreePointFivePN/1167559679.0-0/H1L1/L1/1Dsamps/mc_source_samps.pdf
/home/c1572221/public_html/LVC/make-zero-noise/BAM_q8a0_SNR_25_mode_HM_inc_0.0_M72_IMRPhenomD/lalinferencenest/IMRPhenomDthreePointFivePN/1167559679.0-0/H1L1/L1/1Dsamps/mc_samps.pdf
/home/c1572221/public_html/LVC/make-zero-noise/BAM_q8a0_SNR_25_mode_HM_inc_0.0_M72_IMRPhenomD/lalinferencenest/IMRPhenomDthreePointFivePN/1167559679.0-0/H1L1/L1/1Dsamps/v1_end_time_acf.png
/home/c1572221/public_html/LVC/make-zero-noise/BAM_q8a0_SNR_25_mode_HM_inc_0.0_M72_IMRPhenomD/lalinferencenest/IMRPhenomDthreePointFivePN/1167559679.0-0/H1L1/L1/1Dsamps/costheta_jn_samps.pdf
/home/c1572221/public_html/LVC/make-zero-noise/BAM_q8a0_SNR_25_mode_HM_inc_0.0_M72_IMRPhenomD/lalinferencenest/IMRPhenomDthreePointFivePN/1167559679.0-0/H1L1/L1/1Dsamps/e_rad_samps.pdf
/home/c1572221/public_html/LVC/make-zero-noise/BAM_q8a0_SNR_25_mode_HM_inc_0.0_M72_IMRPhenomD/lalinferencenest/IMRPhenomDthreePointFivePN/1167559679.0-0/H1L1/L1/1Dsamps/l1_cplx_snr_arg_samps.pdf
/home/c1572221/public_html/LVC/make-zero-noise/BAM_q8a0_SNR_25_mode_HM_inc_0.0_M72_IMRPhenomD/lalinferencenest/IMRPhenomDthreePointFivePN/1167559679.0-0/H1L1/L1/1Dsamps/q_samps.pdf
/home/c1572221/public_html/LVC/make-zero-noise/BAM_q8a0_SNR_25_mode_HM_inc_0.0_M72_IMRPhenomD/lalinferencenest/IMRPhenomDthreePointFivePN/1167559679.0-0/H1L1/L1/1Dsamps/distance_acf.png
/home/c1572221/public_html/LVC/make-zero-noise/BAM_q8a0_SNR_25_mode_HM_inc_0.0_M72_IMRPhenomD/lalinferencenest/IMRPhenomDthreePointFivePN/1167559679.0-0/H1L1/L1/1Dsamps/af_acf.png
/home/c1572221/public_html/LVC/make-zero-noise/BAM_q8a0_SNR_25_mode_HM_inc_0.0_M72_IMRPhenomD/lalinferencenest/IMRPhenomDthreePointFivePN/1167559679.0-0/H1L1/L1/1Dsamps/l_peak_samps.png
/home/c1572221/public_html/LVC/make-zero-noise/BAM_q8a0_SNR_25_mode_HM_inc_0.0_M72_IMRPhenomD/lalinferencenest/IMRPhenomDthreePointFivePN/1167559679.0-0/H1L1/L1/1Dsamps/psi_acf.png
/home/c1572221/public_html/LVC/make-zero-noise/BAM_q8a0_SNR_25_mode_HM_inc_0.0_M72_IMRPhenomD/lalinferencenest/IMRPhenomDthreePointFivePN/1167559679.0-0/H1L1/L1/1Dsamps/phase_acf.png
/home/c1572221/public_html/LVC/make-zero-noise/BAM_q8a0_SNR_25_mode_HM_inc_0.0_M72_IMRPhenomD/lalinferencenest/IMRPhenomDthreePointFivePN/1167559679.0-0/H1L1/L1/1Dsamps/h1_end_time_samps.pdf
/home/c1572221/public_html/LVC/make-zero-noise/BAM_q8a0_SNR_25_mode_HM_inc_0.0_M72_IMRPhenomD/lalinferencenest/IMRPhenomDthreePointFivePN/1167559679.0-0/H1L1/L1/1Dsamps/h1_end_time_acf.pdf
/home/c1572221/public_html/LVC/make-zero-noise/BAM_q8a0_SNR_25_mode_HM_inc_0.0_M72_IMRPhenomD/lalinferencenest/IMRPhenomDthreePointFivePN/1167559679.0-0/H1L1/L1/1Dsamps/chi_eff_samps.png
/home/c1572221/public_html/LVC/make-zero-noise/BAM_q8a0_SNR_25_mode_HM_inc_0.0_M72_IMRPhenomD/lalinferencenest/IMRPhenomDthreePointFivePN/1167559679.0-0/H1L1/L1/1Dsamps/l1_end_time_samps.pdf
/home/c1572221/public_html/LVC/make-zero-noise/BAM_q8a0_SNR_25_mode_HM_inc_0.0_M72_IMRPhenomD/lalinferencenest/IMRPhenomDthreePointFivePN/1167559679.0-0/H1L1/L1/1Dsamps/phase_acf.pdf
/home/c1572221/public_html/LVC/make-zero-noise/BAM_q8a0_SNR_25_mode_HM_inc_0.0_M72_IMRPhenomD/lalinferencenest/IMRPhenomDthreePointFivePN/1167559679.0-0/H1L1/L1/1Dsamps/psi_samps.png
/home/c1572221/public_html/LVC/make-zero-noise/BAM_q8a0_SNR_25_mode_HM_inc_0.0_M72_IMRPhenomD/lalinferencenest/IMRPhenomDthreePointFivePN/1167559679.0-0/H1L1/L1/1Dsamps/optimal_snr_samps.png
/home/c1572221/public_html/LVC/make-zero-noise/BAM_q8a0_SNR_25_mode_HM_inc_0.0_M72_IMRPhenomD/lalinferencenest/IMRPhenomDthreePointFivePN/1167559679.0-0/H1L1/L1/1Dsamps/chi_eff_samps.pdf
/home/c1572221/public_html/LVC/make-zero-noise/BAM_q8a0_SNR_25_mode_HM_inc_0.0_M72_IMRPhenomD/lalinferencenest/IMRPhenomDthreePointFivePN/1167559679.0-0/H1L1/L1/1Dsamps/mf_acf.pdf
/home/c1572221/public_html/LVC/make-zero-noise/BAM_q8a0_SNR_25_mode_HM_inc_0.0_M72_IMRPhenomD/lalinferencenest/IMRPhenomDthreePointFivePN/1167559679.0-0/H1L1/L1/1Dsamps/m1_source_acf.png
/home/c1572221/public_html/LVC/make-zero-noise/BAM_q8a0_SNR_25_mode_HM_inc_0.0_M72_IMRPhenomD/lalinferencenest/IMRPhenomDthreePointFivePN/1167559679.0-0/H1L1/L1/1Dsamps/a1_samps.png
/home/c1572221/public_html/LVC/make-zero-noise/BAM_q8a0_SNR_25_mode_HM_inc_0.0_M72_IMRPhenomD/lalinferencenest/IMRPhenomDthreePointFivePN/1167559679.0-0/H1L1/L1/1Dsamps/l1v1_delay_acf.pdf
/home/c1572221/public_html/LVC/make-zero-noise/BAM_q8a0_SNR_25_mode_HM_inc_0.0_M72_IMRPhenomD/lalinferencenest/IMRPhenomDthreePointFivePN/1167559679.0-0/H1L1/L1/1Dsamps/l_peak_samps.pdf
/home/c1572221/public_html/LVC/make-zero-noise/BAM_q8a0_SNR_25_mode_HM_inc_0.0_M72_IMRPhenomD/lalinferencenest/IMRPhenomDthreePointFivePN/1167559679.0-0/H1L1/L1/1Dsamps/a1z_acf.png
/home/c1572221/public_html/LVC/make-zero-noise/BAM_q8a0_SNR_25_mode_HM_inc_0.0_M72_IMRPhenomD/lalinferencenest/IMRPhenomDthreePointFivePN/1167559679.0-0/H1L1/L1/1Dsamps/a1_acf.png
/home/c1572221/public_html/LVC/make-zero-noise/BAM_q8a0_SNR_25_mode_HM_inc_0.0_M72_IMRPhenomD/lalinferencenest/IMRPhenomDthreePointFivePN/1167559679.0-0/H1L1/L1/1Dsamps/mtotal_source_acf.pdf
/home/c1572221/public_html/LVC/make-zero-noise/BAM_q8a0_SNR_25_mode_HM_inc_0.0_M72_IMRPhenomD/lalinferencenest/IMRPhenomDthreePointFivePN/1167559679.0-0/H1L1/L1/1Dsamps/a2_acf.pdf
/home/c1572221/public_html/LVC/make-zero-noise/BAM_q8a0_SNR_25_mode_HM_inc_0.0_M72_IMRPhenomD/lalinferencenest/IMRPhenomDthreePointFivePN/1167559679.0-0/H1L1/L1/1Dsamps/m1_source_samps.pdf
/home/c1572221/public_html/LVC/make-zero-noise/BAM_q8a0_SNR_25_mode_HM_inc_0.0_M72_IMRPhenomD/lalinferencenest/IMRPhenomDthreePointFivePN/1167559679.0-0/H1L1/L1/1Dsamps/l1_cplx_snr_arg_samps.png
/home/c1572221/public_html/LVC/make-zero-noise/BAM_q8a0_SNR_25_mode_HM_inc_0.0_M72_IMRPhenomD/lalinferencenest/IMRPhenomDthreePointFivePN/1167559679.0-0/H1L1/L1/1Dsamps/a2_samps.pdf
/home/c1572221/public_html/LVC/make-zero-noise/BAM_q8a0_SNR_25_mode_HM_inc_0.0_M72_IMRPhenomD/lalinferencenest/IMRPhenomDthreePointFivePN/1167559679.0-0/H1L1/L1/1Dsamps/l1v1_delay_samps.png
/home/c1572221/public_html/LVC/make-zero-noise/BAM_q8a0_SNR_25_mode_HM_inc_0.0_M72_IMRPhenomD/lalinferencenest/IMRPhenomDthreePointFivePN/1167559679.0-0/H1L1/L1/1Dsamps/redshift_samps.png
/home/c1572221/public_html/LVC/make-zero-noise/BAM_q8a0_SNR_25_mode_HM_inc_0.0_M72_IMRPhenomD/lalinferencenest/IMRPhenomDthreePointFivePN/1167559679.0-0/H1L1/L1/1Dsamps/distance_samps.png
/home/c1572221/public_html/LVC/make-zero-noise/BAM_q8a0_SNR_25_mode_HM_inc_0.0_M72_IMRPhenomD/lalinferencenest/IMRPhenomDthreePointFivePN/1167559679.0-0/H1L1/L1/1Dsamps/mtotal_source_samps.pdf
/home/c1572221/public_html/LVC/make-zero-noise/BAM_q8a0_SNR_25_mode_HM_inc_0.0_M72_IMRPhenomD/lalinferencenest/IMRPhenomDthreePointFivePN/1167559679.0-0/H1L1/L1/1Dsamps/redshift_samps.pdf
/home/c1572221/public_html/LVC/make-zero-noise/BAM_q8a0_SNR_25_mode_HM_inc_0.0_M72_IMRPhenomD/lalinferencenest/IMRPhenomDthreePointFivePN/1167559679.0-0/H1L1/L1/1Dsamps/v1_end_time_samps.pdf
/home/c1572221/public_html/LVC/make-zero-noise/BAM_q8a0_SNR_25_mode_HM_inc_0.0_M72_IMRPhenomD/lalinferencenest/IMRPhenomDthreePointFivePN/1167559679.0-0/H1L1/L1/1Dsamps/matched_filter_snr_acf.png
/home/c1572221/public_html/LVC/make-zero-noise/BAM_q8a0_SNR_25_mode_HM_inc_0.0_M72_IMRPhenomD/lalinferencenest/IMRPhenomDthreePointFivePN/1167559679.0-0/H1L1/L1/1Dsamps/mtotal_acf.pdf
/home/c1572221/public_html/LVC/make-zero-noise/BAM_q8a0_SNR_25_mode_HM_inc_0.0_M72_IMRPhenomD/lalinferencenest/IMRPhenomDthreePointFivePN/1167559679.0-0/H1L1/L1/1Dsamps/deltalogll1_samps.png
/home/c1572221/public_html/LVC/make-zero-noise/BAM_q8a0_SNR_25_mode_HM_inc_0.0_M72_IMRPhenomD/lalinferencenest/IMRPhenomDthreePointFivePN/1167559679.0-0/H1L1/L1/1Dsamps/h1v1_delay_acf.png
/home/c1572221/public_html/LVC/make-zero-noise/BAM_q8a0_SNR_25_mode_HM_inc_0.0_M72_IMRPhenomD/lalinferencenest/IMRPhenomDthreePointFivePN/1167559679.0-0/H1L1/L1/1Dsamps/q_acf.pdf
/home/c1572221/public_html/LVC/make-zero-noise/BAM_q8a0_SNR_25_mode_HM_inc_0.0_M72_IMRPhenomD/lalinferencenest/IMRPhenomDthreePointFivePN/1167559679.0-0/H1L1/L1/1Dsamps/h1v1_delay_acf.pdf
/home/c1572221/public_html/LVC/make-zero-noise/BAM_q8a0_SNR_25_mode_HM_inc_0.0_M72_IMRPhenomD/lalinferencenest/IMRPhenomDthreePointFivePN/1167559679.0-0/H1L1/L1/1Dsamps/l1v1_delay_acf.png
/home/c1572221/public_html/LVC/make-zero-noise/BAM_q8a0_SNR_25_mode_HM_inc_0.0_M72_IMRPhenomD/lalinferencenest/IMRPhenomDthreePointFivePN/1167559679.0-0/H1L1/L1/1Dsamps/a2z_samps.pdf
/home/c1572221/public_html/LVC/make-zero-noise/BAM_q8a0_SNR_25_mode_HM_inc_0.0_M72_IMRPhenomD/lalinferencenest/IMRPhenomDthreePointFivePN/1167559679.0-0/H1L1/L1/1Dsamps/m2_source_acf.png
/home/c1572221/public_html/LVC/make-zero-noise/BAM_q8a0_SNR_25_mode_HM_inc_0.0_M72_IMRPhenomD/lalinferencenest/IMRPhenomDthreePointFivePN/1167559679.0-0/H1L1/L1/1Dsamps/eta_acf.png
/home/c1572221/public_html/LVC/make-zero-noise/BAM_q8a0_SNR_25_mode_HM_inc_0.0_M72_IMRPhenomD/lalinferencenest/IMRPhenomDthreePointFivePN/1167559679.0-0/H1L1/L1/1Dsamps/mf_samps.pdf
/home/c1572221/public_html/LVC/make-zero-noise/BAM_q8a0_SNR_25_mode_HM_inc_0.0_M72_IMRPhenomD/lalinferencenest/IMRPhenomDthreePointFivePN/1167559679.0-0/H1L1/L1/1Dsamps/af_acf.pdf
/home/c1572221/public_html/LVC/make-zero-noise/BAM_q8a0_SNR_25_mode_HM_inc_0.0_M72_IMRPhenomD/lalinferencenest/IMRPhenomDthreePointFivePN/1167559679.0-0/H1L1/L1/1Dsamps/l1_end_time_acf.png
/home/c1572221/public_html/LVC/make-zero-noise/BAM_q8a0_SNR_25_mode_HM_inc_0.0_M72_IMRPhenomD/lalinferencenest/IMRPhenomDthreePointFivePN/1167559679.0-0/H1L1/L1/1Dsamps/m2_samps.png
/home/c1572221/public_html/LVC/make-zero-noise/BAM_q8a0_SNR_25_mode_HM_inc_0.0_M72_IMRPhenomD/lalinferencenest/IMRPhenomDthreePointFivePN/1167559679.0-0/H1L1/L1/1Dsamps/phase_samps.pdf
/home/c1572221/public_html/LVC/make-zero-noise/BAM_q8a0_SNR_25_mode_HM_inc_0.0_M72_IMRPhenomD/lalinferencenest/IMRPhenomDthreePointFivePN/1167559679.0-0/H1L1/L1/1Dsamps/e_rad_samps.png
/home/c1572221/public_html/LVC/make-zero-noise/BAM_q8a0_SNR_25_mode_HM_inc_0.0_M72_IMRPhenomD/lalinferencenest/IMRPhenomDthreePointFivePN/1167559679.0-0/H1L1/L1/1Dsamps/q_samps.png
/home/c1572221/public_html/LVC/make-zero-noise/BAM_q8a0_SNR_25_mode_HM_inc_0.0_M72_IMRPhenomD/lalinferencenest/IMRPhenomDthreePointFivePN/1167559679.0-0/H1L1/L1/1Dsamps/m2_source_acf.pdf
/home/c1572221/public_html/LVC/make-zero-noise/BAM_q8a0_SNR_25_mode_HM_inc_0.0_M72_IMRPhenomD/lalinferencenest/IMRPhenomDthreePointFivePN/1167559679.0-0/H1L1/L1/1Dsamps/mtotal_source_samps.png
/home/c1572221/public_html/LVC/make-zero-noise/BAM_q8a0_SNR_25_mode_HM_inc_0.0_M72_IMRPhenomD/lalinferencenest/IMRPhenomDthreePointFivePN/1167559679.0-0/H1L1/L1/1Dsamps/ra_acf.pdf
/home/c1572221/public_html/LVC/make-zero-noise/BAM_q8a0_SNR_25_mode_HM_inc_0.0_M72_IMRPhenomD/lalinferencenest/IMRPhenomDthreePointFivePN/1167559679.0-0/H1L1/L1/1Dsamps/dec_samps.pdf
/home/c1572221/public_html/LVC/make-zero-noise/BAM_q8a0_SNR_25_mode_HM_inc_0.0_M72_IMRPhenomD/lalinferencenest/IMRPhenomDthreePointFivePN/1167559679.0-0/H1L1/L1/1Dsamps/m2_samps.pdf
/home/c1572221/public_html/LVC/make-zero-noise/BAM_q8a0_SNR_25_mode_HM_inc_0.0_M72_IMRPhenomD/lalinferencenest/IMRPhenomDthreePointFivePN/1167559679.0-0/H1L1/L1/1Dsamps/m1_source_acf.pdf
/home/c1572221/public_html/LVC/make-zero-noise/BAM_q8a0_SNR_25_mode_HM_inc_0.0_M72_IMRPhenomD/lalinferencenest/IMRPhenomDthreePointFivePN/1167559679.0-0/H1L1/L1/1Dsamps/a2z_samps.png
/home/c1572221/public_html/LVC/make-zero-noise/BAM_q8a0_SNR_25_mode_HM_inc_0.0_M72_IMRPhenomD/lalinferencenest/IMRPhenomDthreePointFivePN/1167559679.0-0/H1L1/L1/1Dsamps/l1_end_time_samps.png
/home/c1572221/public_html/LVC/make-zero-noise/BAM_q8a0_SNR_25_mode_HM_inc_0.0_M72_IMRPhenomD/lalinferencenest/IMRPhenomDthreePointFivePN/1167559679.0-0/H1L1/L1/1Dsamps/a1z_acf.pdf
/home/c1572221/public_html/LVC/make-zero-noise/BAM_q8a0_SNR_25_mode_HM_inc_0.0_M72_IMRPhenomD/lalinferencenest/IMRPhenomDthreePointFivePN/1167559679.0-0/H1L1/L1/1Dsamps/a2z_acf.png
/home/c1572221/public_html/LVC/make-zero-noise/BAM_q8a0_SNR_25_mode_HM_inc_0.0_M72_IMRPhenomD/lalinferencenest/IMRPhenomDthreePointFivePN/1167559679.0-0/H1L1/L1/1Dsamps/matched_filter_snr_samps.png
/home/c1572221/public_html/LVC/make-zero-noise/BAM_q8a0_SNR_25_mode_HM_inc_0.0_M72_IMRPhenomD/lalinferencenest/IMRPhenomDthreePointFivePN/1167559679.0-0/H1L1/L1/1Dsamps/deltalogll1_samps.pdf
/home/c1572221/public_html/LVC/make-zero-noise/BAM_q8a0_SNR_25_mode_HM_inc_0.0_M72_IMRPhenomD/lalinferencenest/IMRPhenomDthreePointFivePN/1167559679.0-0/H1L1/L1/1Dsamps/h1l1_delay_samps.png
/home/c1572221/public_html/LVC/make-zero-noise/BAM_q8a0_SNR_25_mode_HM_inc_0.0_M72_IMRPhenomD/lalinferencenest/IMRPhenomDthreePointFivePN/1167559679.0-0/H1L1/L1/1Dsamps/mf_samps.png
/home/c1572221/public_html/LVC/make-zero-noise/BAM_q8a0_SNR_25_mode_HM_inc_0.0_M72_IMRPhenomD/lalinferencenest/IMRPhenomDthreePointFivePN/1167559679.0-0/H1L1/L1/1Dsamps/psi_samps.pdf
/home/c1572221/public_html/LVC/make-zero-noise/BAM_q8a0_SNR_25_mode_HM_inc_0.0_M72_IMRPhenomD/lalinferencenest/IMRPhenomDthreePointFivePN/1167559679.0-0/H1L1/L1/1Dsamps/redshift_acf.pdf
/home/c1572221/public_html/LVC/make-zero-noise/BAM_q8a0_SNR_25_mode_HM_inc_0.0_M72_IMRPhenomD/lalinferencenest/IMRPhenomDthreePointFivePN/1167559679.0-0/H1L1/L1/1Dsamps/m2_acf.pdf
/home/c1572221/public_html/LVC/make-zero-noise/BAM_q8a0_SNR_25_mode_HM_inc_0.0_M72_IMRPhenomD/lalinferencenest/IMRPhenomDthreePointFivePN/1167559679.0-0/H1L1/L1/1Dsamps/l1_cplx_snr_amp_samps.png
/home/c1572221/public_html/LVC/make-zero-noise/BAM_q8a0_SNR_25_mode_HM_inc_0.0_M72_IMRPhenomD/lalinferencenest/IMRPhenomDthreePointFivePN/1167559679.0-0/H1L1/L1/1Dsamps/q_acf.png
/home/c1572221/public_html/LVC/make-zero-noise/BAM_q8a0_SNR_25_mode_HM_inc_0.0_M72_IMRPhenomD/lalinferencenest/IMRPhenomDthreePointFivePN/1167559679.0-0/H1L1/L1/1Dsamps/l1v1_delay_samps.pdf
/home/c1572221/public_html/LVC/make-zero-noise/BAM_q8a0_SNR_25_mode_HM_inc_0.0_M72_IMRPhenomD/lalinferencenest/IMRPhenomDthreePointFivePN/1167559679.0-0/H1L1/L1/1Dsamps/h1_end_time_samps.png
/home/c1572221/public_html/LVC/make-zero-noise/BAM_q8a0_SNR_25_mode_HM_inc_0.0_M72_IMRPhenomD/lalinferencenest/IMRPhenomDthreePointFivePN/1167559679.0-0/H1L1/L1/1Dsamps/logl_acf.pdf
/home/c1572221/public_html/LVC/make-zero-noise/BAM_q8a0_SNR_25_mode_HM_inc_0.0_M72_IMRPhenomD/lalinferencenest/IMRPhenomDthreePointFivePN/1167559679.0-0/H1L1/L1/1Dsamps/matched_filter_snr_samps.pdf
/home/c1572221/public_html/LVC/make-zero-noise/BAM_q8a0_SNR_25_mode_HM_inc_0.0_M72_IMRPhenomD/lalinferencenest/IMRPhenomDthreePointFivePN/1167559679.0-0/H1L1/L1/1Dsamps/e_rad_acf.png
/home/c1572221/public_html/LVC/make-zero-noise/BAM_q8a0_SNR_25_mode_HM_inc_0.0_M72_IMRPhenomD/lalinferencenest/IMRPhenomDthreePointFivePN/1167559679.0-0/H1L1/L1/1Dsamps/matched_filter_snr_acf.pdf
/home/c1572221/public_html/LVC/make-zero-noise/BAM_q8a0_SNR_25_mode_HM_inc_0.0_M72_IMRPhenomD/lalinferencenest/IMRPhenomDthreePointFivePN/1167559679.0-0/H1L1/L1/1Dsamps/mf_source_samps.pdf
/home/c1572221/public_html/LVC/make-zero-noise/BAM_q8a0_SNR_25_mode_HM_inc_0.0_M72_IMRPhenomD/lalinferencenest/IMRPhenomDthreePointFivePN/1167559679.0-0/H1L1/L1/1Dsamps/time_samps.png
/home/c1572221/public_html/LVC/make-zero-noise/BAM_q8a0_SNR_25_mode_HM_inc_0.0_M72_IMRPhenomD/lalinferencenest/IMRPhenomDthreePointFivePN/1167559679.0-0/H1L1/L1/1Dsamps/m2_acf.png
/home/c1572221/public_html/LVC/make-zero-noise/BAM_q8a0_SNR_25_mode_HM_inc_0.0_M72_IMRPhenomD/lalinferencenest/IMRPhenomDthreePointFivePN/1167559679.0-0/H1L1/L1/1Dsamps/optimal_snr_acf.pdf
/home/c1572221/public_html/LVC/make-zero-noise/BAM_q8a0_SNR_25_mode_HM_inc_0.0_M72_IMRPhenomD/lalinferencenest/IMRPhenomDthreePointFivePN/1167559679.0-0/H1L1/L1/1Dsamps/l1_cplx_snr_amp_acf.pdf
/home/c1572221/public_html/LVC/make-zero-noise/BAM_q8a0_SNR_25_mode_HM_inc_0.0_M72_IMRPhenomD/lalinferencenest/IMRPhenomDthreePointFivePN/1167559679.0-0/H1L1/L1/1Dsamps/h1l1_delay_acf.pdf
/home/c1572221/public_html/LVC/make-zero-noise/BAM_q8a0_SNR_25_mode_HM_inc_0.0_M72_IMRPhenomD/lalinferencenest/IMRPhenomDthreePointFivePN/1167559679.0-0/H1L1/L1/1Dsamps/l1_cplx_snr_amp_samps.pdf
/home/c1572221/public_html/LVC/make-zero-noise/BAM_q8a0_SNR_25_mode_HM_inc_0.0_M72_IMRPhenomD/lalinferencenest/IMRPhenomDthreePointFivePN/1167559679.0-0/H1L1/L1/1Dsamps/v1_end_time_samps.png
/home/c1572221/public_html/LVC/make-zero-noise/BAM_q8a0_SNR_25_mode_HM_inc_0.0_M72_IMRPhenomD/lalinferencenest/IMRPhenomDthreePointFivePN/1167559679.0-0/H1L1/L1/1Dsamps/a1_acf.pdf
/home/c1572221/public_html/LVC/make-zero-noise/BAM_q8a0_SNR_25_mode_HM_inc_0.0_M72_IMRPhenomD/lalinferencenest/IMRPhenomDthreePointFivePN/1167559679.0-0/H1L1/L1/1Dsamps/redshift_acf.png
/home/c1572221/public_html/LVC/make-zero-noise/BAM_q8a0_SNR_25_mode_HM_inc_0.0_M72_IMRPhenomD/lalinferencenest/IMRPhenomDthreePointFivePN/1167559679.0-0/H1L1/L1/1Dsamps/costheta_jn_acf.pdf
/home/c1572221/public_html/LVC/make-zero-noise/BAM_q8a0_SNR_25_mode_HM_inc_0.0_M72_IMRPhenomD/lalinferencenest/IMRPhenomDthreePointFivePN/1167559679.0-0/H1L1/L1/1Dsamps/e_rad_acf.pdf
/home/c1572221/public_html/LVC/make-zero-noise/BAM_q8a0_SNR_25_mode_HM_inc_0.0_M72_IMRPhenomD/lalinferencenest/IMRPhenomDthreePointFivePN/1167559679.0-0/H1L1/L1/1Dsamps/logprior_samps.pdf
/home/c1572221/public_html/LVC/make-zero-noise/BAM_q8a0_SNR_25_mode_HM_inc_0.0_M72_IMRPhenomD/lalinferencenest/IMRPhenomDthreePointFivePN/1167559679.0-0/H1L1/L1/1Dsamps/m1_acf.pdf
/home/c1572221/public_html/LVC/make-zero-noise/BAM_q8a0_SNR_25_mode_HM_inc_0.0_M72_IMRPhenomD/lalinferencenest/IMRPhenomDthreePointFivePN/1167559679.0-0/H1L1/L1/1Dsamps/phase_samps.png
/home/c1572221/public_html/LVC/make-zero-noise/BAM_q8a0_SNR_25_mode_HM_inc_0.0_M72_IMRPhenomD/lalinferencenest/IMRPhenomDthreePointFivePN/1167559679.0-0/H1L1/L1/1Dsamps/deltalogll1_acf.pdf
/home/c1572221/public_html/LVC/make-zero-noise/BAM_q8a0_SNR_25_mode_HM_inc_0.0_M72_IMRPhenomD/lalinferencenest/IMRPhenomDthreePointFivePN/1167559679.0-0/H1L1/L1/1Dsamps/costheta_jn_samps.png
/home/c1572221/public_html/LVC/make-zero-noise/BAM_q8a0_SNR_25_mode_HM_inc_0.0_M72_IMRPhenomD/lalinferencenest/IMRPhenomDthreePointFivePN/1167559679.0-0/H1L1/L1/1Dsamps/logprior_acf.png
/home/c1572221/public_html/LVC/make-zero-noise/BAM_q8a0_SNR_25_mode_HM_inc_0.0_M72_IMRPhenomD/lalinferencenest/IMRPhenomDthreePointFivePN/1167559679.0-0/H1L1/L1/1Dsamps/h1v1_delay_samps.pdf
/home/c1572221/public_html/LVC/make-zero-noise/BAM_q8a0_SNR_25_mode_HM_inc_0.0_M72_IMRPhenomD/lalinferencenest/IMRPhenomDthreePointFivePN/1167559679.0-0/H1L1/L1/1Dsamps/af_samps.pdf
/home/c1572221/public_html/LVC/make-zero-noise/BAM_q8a0_SNR_25_mode_HM_inc_0.0_M72_IMRPhenomD/lalinferencenest/IMRPhenomDthreePointFivePN/1167559679.0-0/H1L1/L1/1Dsamps/a1_samps.pdf
/home/c1572221/public_html/LVC/make-zero-noise/BAM_q8a0_SNR_25_mode_HM_inc_0.0_M72_IMRPhenomD/lalinferencenest/IMRPhenomDthreePointFivePN/1167559679.0-0/H1L1/L1/1Dsamps/costheta_jn_acf.png
/home/c1572221/public_html/LVC/make-zero-noise/BAM_q8a0_SNR_25_mode_HM_inc_0.0_M72_IMRPhenomD/lalinferencenest/IMRPhenomDthreePointFivePN/1167559679.0-0/H1L1/L1/1Dsamps/mf_source_acf.pdf
/home/c1572221/public_html/LVC/make-zero-noise/BAM_q8a0_SNR_25_mode_HM_inc_0.0_M72_IMRPhenomD/lalinferencenest/IMRPhenomDthreePointFivePN/1167559679.0-0/H1L1/L1/1Dsamps/theta_jn_samps.png
/home/c1572221/public_html/LVC/make-zero-noise/BAM_q8a0_SNR_25_mode_HM_inc_0.0_M72_IMRPhenomD/lalinferencenest/IMRPhenomDthreePointFivePN/1167559679.0-0/H1L1/L1/1Dsamps/af_samps.png
/home/c1572221/public_html/LVC/make-zero-noise/BAM_q8a0_SNR_25_mode_HM_inc_0.0_M72_IMRPhenomD/lalinferencenest/IMRPhenomDthreePointFivePN/1167559679.0-0/H1L1/L1/1Dsamps/l1_optimal_snr_samps.png
/home/c1572221/public_html/LVC/make-zero-noise/BAM_q8a0_SNR_25_mode_HM_inc_0.0_M72_IMRPhenomD/lalinferencenest/IMRPhenomDthreePointFivePN/1167559679.0-0/H1L1/L1/1Dsamps/dec_acf.png
/home/c1572221/public_html/LVC/make-zero-noise/BAM_q8a0_SNR_25_mode_HM_inc_0.0_M72_IMRPhenomD/lalinferencenest/IMRPhenomDthreePointFivePN/1167559679.0-0/H1L1/L1/1Dsamps/ra_acf.png
/home/c1572221/public_html/LVC/make-zero-noise/BAM_q8a0_SNR_25_mode_HM_inc_0.0_M72_IMRPhenomD/lalinferencenest/IMRPhenomDthreePointFivePN/1167559679.0-0/H1L1/L1/1Dsamps/deltalogl_acf.png
/home/c1572221/public_html/LVC/make-zero-noise/BAM_q8a0_SNR_25_mode_HM_inc_0.0_M72_IMRPhenomD/lalinferencenest/IMRPhenomDthreePointFivePN/1167559679.0-0/H1L1/L1/1Dsamps/chi_eff_acf.png
/home/c1572221/public_html/LVC/make-zero-noise/BAM_q8a0_SNR_25_mode_HM_inc_0.0_M72_IMRPhenomD/lalinferencenest/IMRPhenomDthreePointFivePN/1167559679.0-0/H1L1/L1/1Dsamps/time_acf.png
/home/c1572221/public_html/LVC/make-zero-noise/BAM_q8a0_SNR_25_mode_HM_inc_0.0_M72_IMRPhenomD/lalinferencenest/IMRPhenomDthreePointFivePN/1167559679.0-0/H1L1/L1/1Dsamps/deltalogl_acf.pdf
/home/c1572221/public_html/LVC/make-zero-noise/BAM_q8a0_SNR_25_mode_HM_inc_0.0_M72_IMRPhenomD/lalinferencenest/IMRPhenomDthreePointFivePN/1167559679.0-0/H1L1/L1/1Dsamps/mtotal_source_acf.png
/home/c1572221/public_html/LVC/make-zero-noise/BAM_q8a0_SNR_25_mode_HM_inc_0.0_M72_IMRPhenomD/lalinferencenest/IMRPhenomDthreePointFivePN/1167559679.0-0/H1L1/L1/1Dsamps/dec_samps.png
/home/c1572221/public_html/LVC/make-zero-noise/BAM_q8a0_SNR_25_mode_HM_inc_0.0_M72_IMRPhenomD/lalinferencenest/IMRPhenomDthreePointFivePN/1167559679.0-0/H1L1/L1/1Dsamps/m1_samps.pdf
/home/c1572221/public_html/LVC/make-zero-noise/BAM_q8a0_SNR_25_mode_HM_inc_0.0_M72_IMRPhenomD/lalinferencenest/IMRPhenomDthreePointFivePN/1167559679.0-0/H1L1/L1/1Dsamps/deltalogll1_acf.png
/home/c1572221/public_html/LVC/make-zero-noise/BAM_q8a0_SNR_25_mode_HM_inc_0.0_M72_IMRPhenomD/lalinferencenest/IMRPhenomDthreePointFivePN/1167559679.0-0/H1L1/L1/1Dsamps/h1l1_delay_samps.pdf
/home/c1572221/public_html/LVC/make-zero-noise/BAM_q8a0_SNR_25_mode_HM_inc_0.0_M72_IMRPhenomD/lalinferencenest/IMRPhenomDthreePointFivePN/1167559679.0-0/H1L1/L1/1Dsamps/l_peak_acf.png
/home/c1572221/public_html/LVC/make-zero-noise/BAM_q8a0_SNR_25_mode_HM_inc_0.0_M72_IMRPhenomD/lalinferencenest/IMRPhenomDthreePointFivePN/1167559679.0-0/H1L1/L1/1Dsamps/logl_acf.png
/home/c1572221/public_html/LVC/make-zero-noise/BAM_q8a0_SNR_25_mode_HM_inc_0.0_M72_IMRPhenomD/lalinferencenest/IMRPhenomDthreePointFivePN/1167559679.0-0/H1L1/L1/1Dsamps/ra_samps.png
/home/c1572221/public_html/LVC/make-zero-noise/BAM_q8a0_SNR_25_mode_HM_inc_0.0_M72_IMRPhenomD/lalinferencenest/IMRPhenomDthreePointFivePN/1167559679.0-0/H1L1/L1/1Dsamps/deltalogl_samps.pdf
/home/c1572221/public_html/LVC/make-zero-noise/BAM_q8a0_SNR_25_mode_HM_inc_0.0_M72_IMRPhenomD/lalinferencenest/IMRPhenomDthreePointFivePN/1167559679.0-0/H1L1/L1/1Dsamps/distance_acf.pdf
/home/c1572221/public_html/LVC/make-zero-noise/BAM_q8a0_SNR_25_mode_HM_inc_0.0_M72_IMRPhenomD/lalinferencenest/IMRPhenomDthreePointFivePN/1167559679.0-0/H1L1/L1/1Dsamps/mc_source_acf.pdf
/home/c1572221/public_html/LVC/make-zero-noise/BAM_q8a0_SNR_25_mode_HM_inc_0.0_M72_IMRPhenomD/lalinferencenest/IMRPhenomDthreePointFivePN/1167559679.0-0/H1L1/L1/1Dsamps/mc_source_acf.png
/home/c1572221/public_html/LVC/make-zero-noise/BAM_q8a0_SNR_25_mode_HM_inc_0.0_M72_IMRPhenomD/lalinferencenest/IMRPhenomDthreePointFivePN/1167559679.0-0/H1L1/L1/1Dsamps/eta_samps.pdf
/home/c1572221/public_html/LVC/make-zero-noise/BAM_q8a0_SNR_25_mode_HM_inc_0.0_M72_IMRPhenomD/lalinferencenest/IMRPhenomDthreePointFivePN/1167559679.0-0/H1L1/L1/1Dsamps/a2_samps.png
/home/c1572221/public_html/LVC/make-zero-noise/BAM_q8a0_SNR_25_mode_HM_inc_0.0_M72_IMRPhenomD/lalinferencenest/IMRPhenomDthreePointFivePN/1167559679.0-0/H1L1/L1/1Dsamps/dec_acf.pdf
/home/c1572221/public_html/LVC/make-zero-noise/BAM_q8a0_SNR_25_mode_HM_inc_0.0_M72_IMRPhenomD/lalinferencenest/IMRPhenomDthreePointFivePN/1167559679.0-0/H1L1/L1/1Dsamps/eta_acf.pdf
/home/c1572221/public_html/LVC/make-zero-noise/BAM_q8a0_SNR_25_mode_HM_inc_0.0_M72_IMRPhenomD/lalinferencenest/IMRPhenomDthreePointFivePN/1167559679.0-0/H1L1/L1/1Dsamps/a2_acf.png
/home/c1572221/public_html/LVC/make-zero-noise/BAM_q8a0_SNR_25_mode_HM_inc_0.0_M72_IMRPhenomD/lalinferencenest/IMRPhenomDthreePointFivePN/1167559679.0-0/H1L1/L1/dic.dat
/home/c1572221/public_html/LVC/make-zero-noise/BAM_q8a0_SNR_25_mode_HM_inc_0.0_M72_IMRPhenomD/lalinferencenest/IMRPhenomDthreePointFivePN/1167559679.0-0/H1L1/L1/1Dpdf/
/home/c1572221/public_html/LVC/make-zero-noise/BAM_q8a0_SNR_25_mode_HM_inc_0.0_M72_IMRPhenomD/lalinferencenest/IMRPhenomDthreePointFivePN/1167559679.0-0/H1L1/L1/1Dpdf/e_rad.pdf
/home/c1572221/public_html/LVC/make-zero-noise/BAM_q8a0_SNR_25_mode_HM_inc_0.0_M72_IMRPhenomD/lalinferencenest/IMRPhenomDthreePointFivePN/1167559679.0-0/H1L1/L1/1Dpdf/ra.png
/home/c1572221/public_html/LVC/make-zero-noise/BAM_q8a0_SNR_25_mode_HM_inc_0.0_M72_IMRPhenomD/lalinferencenest/IMRPhenomDthreePointFivePN/1167559679.0-0/H1L1/L1/1Dpdf/m2_source.png
/home/c1572221/public_html/LVC/make-zero-noise/BAM_q8a0_SNR_25_mode_HM_inc_0.0_M72_IMRPhenomD/lalinferencenest/IMRPhenomDthreePointFivePN/1167559679.0-0/H1L1/L1/1Dpdf/logprior.png
/home/c1572221/public_html/LVC/make-zero-noise/BAM_q8a0_SNR_25_mode_HM_inc_0.0_M72_IMRPhenomD/lalinferencenest/IMRPhenomDthreePointFivePN/1167559679.0-0/H1L1/L1/1Dpdf/theta_jn.pdf
/home/c1572221/public_html/LVC/make-zero-noise/BAM_q8a0_SNR_25_mode_HM_inc_0.0_M72_IMRPhenomD/lalinferencenest/IMRPhenomDthreePointFivePN/1167559679.0-0/H1L1/L1/1Dpdf/phase.png
/home/c1572221/public_html/LVC/make-zero-noise/BAM_q8a0_SNR_25_mode_HM_inc_0.0_M72_IMRPhenomD/lalinferencenest/IMRPhenomDthreePointFivePN/1167559679.0-0/H1L1/L1/1Dpdf/h1_end_time.pdf
/home/c1572221/public_html/LVC/make-zero-noise/BAM_q8a0_SNR_25_mode_HM_inc_0.0_M72_IMRPhenomD/lalinferencenest/IMRPhenomDthreePointFivePN/1167559679.0-0/H1L1/L1/1Dpdf/logprior.pdf
/home/c1572221/public_html/LVC/make-zero-noise/BAM_q8a0_SNR_25_mode_HM_inc_0.0_M72_IMRPhenomD/lalinferencenest/IMRPhenomDthreePointFivePN/1167559679.0-0/H1L1/L1/1Dpdf/dec.pdf
/home/c1572221/public_html/LVC/make-zero-noise/BAM_q8a0_SNR_25_mode_HM_inc_0.0_M72_IMRPhenomD/lalinferencenest/IMRPhenomDthreePointFivePN/1167559679.0-0/H1L1/L1/1Dpdf/mtotal.pdf
/home/c1572221/public_html/LVC/make-zero-noise/BAM_q8a0_SNR_25_mode_HM_inc_0.0_M72_IMRPhenomD/lalinferencenest/IMRPhenomDthreePointFivePN/1167559679.0-0/H1L1/L1/1Dpdf/af.pdf
/home/c1572221/public_html/LVC/make-zero-noise/BAM_q8a0_SNR_25_mode_HM_inc_0.0_M72_IMRPhenomD/lalinferencenest/IMRPhenomDthreePointFivePN/1167559679.0-0/H1L1/L1/1Dpdf/q.pdf
/home/c1572221/public_html/LVC/make-zero-noise/BAM_q8a0_SNR_25_mode_HM_inc_0.0_M72_IMRPhenomD/lalinferencenest/IMRPhenomDthreePointFivePN/1167559679.0-0/H1L1/L1/1Dpdf/m1.pdf
/home/c1572221/public_html/LVC/make-zero-noise/BAM_q8a0_SNR_25_mode_HM_inc_0.0_M72_IMRPhenomD/lalinferencenest/IMRPhenomDthreePointFivePN/1167559679.0-0/H1L1/L1/1Dpdf/deltalogl.pdf
/home/c1572221/public_html/LVC/make-zero-noise/BAM_q8a0_SNR_25_mode_HM_inc_0.0_M72_IMRPhenomD/lalinferencenest/IMRPhenomDthreePointFivePN/1167559679.0-0/H1L1/L1/1Dpdf/a1.png
/home/c1572221/public_html/LVC/make-zero-noise/BAM_q8a0_SNR_25_mode_HM_inc_0.0_M72_IMRPhenomD/lalinferencenest/IMRPhenomDthreePointFivePN/1167559679.0-0/H1L1/L1/1Dpdf/a1.pdf
/home/c1572221/public_html/LVC/make-zero-noise/BAM_q8a0_SNR_25_mode_HM_inc_0.0_M72_IMRPhenomD/lalinferencenest/IMRPhenomDthreePointFivePN/1167559679.0-0/H1L1/L1/1Dpdf/psi.pdf
/home/c1572221/public_html/LVC/make-zero-noise/BAM_q8a0_SNR_25_mode_HM_inc_0.0_M72_IMRPhenomD/lalinferencenest/IMRPhenomDthreePointFivePN/1167559679.0-0/H1L1/L1/1Dpdf/time.pdf
/home/c1572221/public_html/LVC/make-zero-noise/BAM_q8a0_SNR_25_mode_HM_inc_0.0_M72_IMRPhenomD/lalinferencenest/IMRPhenomDthreePointFivePN/1167559679.0-0/H1L1/L1/1Dpdf/h1_end_time.png
/home/c1572221/public_html/LVC/make-zero-noise/BAM_q8a0_SNR_25_mode_HM_inc_0.0_M72_IMRPhenomD/lalinferencenest/IMRPhenomDthreePointFivePN/1167559679.0-0/H1L1/L1/1Dpdf/v1_end_time.png
/home/c1572221/public_html/LVC/make-zero-noise/BAM_q8a0_SNR_25_mode_HM_inc_0.0_M72_IMRPhenomD/lalinferencenest/IMRPhenomDthreePointFivePN/1167559679.0-0/H1L1/L1/1Dpdf/redshift.png
/home/c1572221/public_html/LVC/make-zero-noise/BAM_q8a0_SNR_25_mode_HM_inc_0.0_M72_IMRPhenomD/lalinferencenest/IMRPhenomDthreePointFivePN/1167559679.0-0/H1L1/L1/1Dpdf/mf.png
/home/c1572221/public_html/LVC/make-zero-noise/BAM_q8a0_SNR_25_mode_HM_inc_0.0_M72_IMRPhenomD/lalinferencenest/IMRPhenomDthreePointFivePN/1167559679.0-0/H1L1/L1/1Dpdf/distance.pdf
/home/c1572221/public_html/LVC/make-zero-noise/BAM_q8a0_SNR_25_mode_HM_inc_0.0_M72_IMRPhenomD/lalinferencenest/IMRPhenomDthreePointFivePN/1167559679.0-0/H1L1/L1/1Dpdf/logl.png
/home/c1572221/public_html/LVC/make-zero-noise/BAM_q8a0_SNR_25_mode_HM_inc_0.0_M72_IMRPhenomD/lalinferencenest/IMRPhenomDthreePointFivePN/1167559679.0-0/H1L1/L1/1Dpdf/a1z.png
/home/c1572221/public_html/LVC/make-zero-noise/BAM_q8a0_SNR_25_mode_HM_inc_0.0_M72_IMRPhenomD/lalinferencenest/IMRPhenomDthreePointFivePN/1167559679.0-0/H1L1/L1/1Dpdf/mtotal.png
/home/c1572221/public_html/LVC/make-zero-noise/BAM_q8a0_SNR_25_mode_HM_inc_0.0_M72_IMRPhenomD/lalinferencenest/IMRPhenomDthreePointFivePN/1167559679.0-0/H1L1/L1/1Dpdf/l1_end_time.png
/home/c1572221/public_html/LVC/make-zero-noise/BAM_q8a0_SNR_25_mode_HM_inc_0.0_M72_IMRPhenomD/lalinferencenest/IMRPhenomDthreePointFivePN/1167559679.0-0/H1L1/L1/1Dpdf/costheta_jn.pdf
/home/c1572221/public_html/LVC/make-zero-noise/BAM_q8a0_SNR_25_mode_HM_inc_0.0_M72_IMRPhenomD/lalinferencenest/IMRPhenomDthreePointFivePN/1167559679.0-0/H1L1/L1/1Dpdf/h1v1_delay.pdf
/home/c1572221/public_html/LVC/make-zero-noise/BAM_q8a0_SNR_25_mode_HM_inc_0.0_M72_IMRPhenomD/lalinferencenest/IMRPhenomDthreePointFivePN/1167559679.0-0/H1L1/L1/1Dpdf/m1_source.png
/home/c1572221/public_html/LVC/make-zero-noise/BAM_q8a0_SNR_25_mode_HM_inc_0.0_M72_IMRPhenomD/lalinferencenest/IMRPhenomDthreePointFivePN/1167559679.0-0/H1L1/L1/1Dpdf/a2z.pdf
/home/c1572221/public_html/LVC/make-zero-noise/BAM_q8a0_SNR_25_mode_HM_inc_0.0_M72_IMRPhenomD/lalinferencenest/IMRPhenomDthreePointFivePN/1167559679.0-0/H1L1/L1/1Dpdf/chi_eff.pdf
/home/c1572221/public_html/LVC/make-zero-noise/BAM_q8a0_SNR_25_mode_HM_inc_0.0_M72_IMRPhenomD/lalinferencenest/IMRPhenomDthreePointFivePN/1167559679.0-0/H1L1/L1/1Dpdf/optimal_snr.png
/home/c1572221/public_html/LVC/make-zero-noise/BAM_q8a0_SNR_25_mode_HM_inc_0.0_M72_IMRPhenomD/lalinferencenest/IMRPhenomDthreePointFivePN/1167559679.0-0/H1L1/L1/1Dpdf/m1_source.pdf
/home/c1572221/public_html/LVC/make-zero-noise/BAM_q8a0_SNR_25_mode_HM_inc_0.0_M72_IMRPhenomD/lalinferencenest/IMRPhenomDthreePointFivePN/1167559679.0-0/H1L1/L1/1Dpdf/mf.pdf
/home/c1572221/public_html/LVC/make-zero-noise/BAM_q8a0_SNR_25_mode_HM_inc_0.0_M72_IMRPhenomD/lalinferencenest/IMRPhenomDthreePointFivePN/1167559679.0-0/H1L1/L1/1Dpdf/costheta_jn.png
/home/c1572221/public_html/LVC/make-zero-noise/BAM_q8a0_SNR_25_mode_HM_inc_0.0_M72_IMRPhenomD/lalinferencenest/IMRPhenomDthreePointFivePN/1167559679.0-0/H1L1/L1/1Dpdf/matched_filter_snr.png
/home/c1572221/public_html/LVC/make-zero-noise/BAM_q8a0_SNR_25_mode_HM_inc_0.0_M72_IMRPhenomD/lalinferencenest/IMRPhenomDthreePointFivePN/1167559679.0-0/H1L1/L1/1Dpdf/time.png
/home/c1572221/public_html/LVC/make-zero-noise/BAM_q8a0_SNR_25_mode_HM_inc_0.0_M72_IMRPhenomD/lalinferencenest/IMRPhenomDthreePointFivePN/1167559679.0-0/H1L1/L1/1Dpdf/m2.png
/home/c1572221/public_html/LVC/make-zero-noise/BAM_q8a0_SNR_25_mode_HM_inc_0.0_M72_IMRPhenomD/lalinferencenest/IMRPhenomDthreePointFivePN/1167559679.0-0/H1L1/L1/1Dpdf/eta.pdf
/home/c1572221/public_html/LVC/make-zero-noise/BAM_q8a0_SNR_25_mode_HM_inc_0.0_M72_IMRPhenomD/lalinferencenest/IMRPhenomDthreePointFivePN/1167559679.0-0/H1L1/L1/1Dpdf/theta_jn.png
/home/c1572221/public_html/LVC/make-zero-noise/BAM_q8a0_SNR_25_mode_HM_inc_0.0_M72_IMRPhenomD/lalinferencenest/IMRPhenomDthreePointFivePN/1167559679.0-0/H1L1/L1/1Dpdf/af.png
/home/c1572221/public_html/LVC/make-zero-noise/BAM_q8a0_SNR_25_mode_HM_inc_0.0_M72_IMRPhenomD/lalinferencenest/IMRPhenomDthreePointFivePN/1167559679.0-0/H1L1/L1/1Dpdf/l1_cplx_snr_amp.png
/home/c1572221/public_html/LVC/make-zero-noise/BAM_q8a0_SNR_25_mode_HM_inc_0.0_M72_IMRPhenomD/lalinferencenest/IMRPhenomDthreePointFivePN/1167559679.0-0/H1L1/L1/1Dpdf/l1v1_delay.pdf
/home/c1572221/public_html/LVC/make-zero-noise/BAM_q8a0_SNR_25_mode_HM_inc_0.0_M72_IMRPhenomD/lalinferencenest/IMRPhenomDthreePointFivePN/1167559679.0-0/H1L1/L1/1Dpdf/l1_end_time.pdf
/home/c1572221/public_html/LVC/make-zero-noise/BAM_q8a0_SNR_25_mode_HM_inc_0.0_M72_IMRPhenomD/lalinferencenest/IMRPhenomDthreePointFivePN/1167559679.0-0/H1L1/L1/1Dpdf/e_rad.png
/home/c1572221/public_html/LVC/make-zero-noise/BAM_q8a0_SNR_25_mode_HM_inc_0.0_M72_IMRPhenomD/lalinferencenest/IMRPhenomDthreePointFivePN/1167559679.0-0/H1L1/L1/1Dpdf/chi_eff.png
/home/c1572221/public_html/LVC/make-zero-noise/BAM_q8a0_SNR_25_mode_HM_inc_0.0_M72_IMRPhenomD/lalinferencenest/IMRPhenomDthreePointFivePN/1167559679.0-0/H1L1/L1/1Dpdf/ra.pdf
/home/c1572221/public_html/LVC/make-zero-noise/BAM_q8a0_SNR_25_mode_HM_inc_0.0_M72_IMRPhenomD/lalinferencenest/IMRPhenomDthreePointFivePN/1167559679.0-0/H1L1/L1/1Dpdf/l1_optimal_snr.png
/home/c1572221/public_html/LVC/make-zero-noise/BAM_q8a0_SNR_25_mode_HM_inc_0.0_M72_IMRPhenomD/lalinferencenest/IMRPhenomDthreePointFivePN/1167559679.0-0/H1L1/L1/1Dpdf/a2.png
/home/c1572221/public_html/LVC/make-zero-noise/BAM_q8a0_SNR_25_mode_HM_inc_0.0_M72_IMRPhenomD/lalinferencenest/IMRPhenomDthreePointFivePN/1167559679.0-0/H1L1/L1/1Dpdf/psi.png
/home/c1572221/public_html/LVC/make-zero-noise/BAM_q8a0_SNR_25_mode_HM_inc_0.0_M72_IMRPhenomD/lalinferencenest/IMRPhenomDthreePointFivePN/1167559679.0-0/H1L1/L1/1Dpdf/distance.png
/home/c1572221/public_html/LVC/make-zero-noise/BAM_q8a0_SNR_25_mode_HM_inc_0.0_M72_IMRPhenomD/lalinferencenest/IMRPhenomDthreePointFivePN/1167559679.0-0/H1L1/L1/1Dpdf/a2.pdf
/home/c1572221/public_html/LVC/make-zero-noise/BAM_q8a0_SNR_25_mode_HM_inc_0.0_M72_IMRPhenomD/lalinferencenest/IMRPhenomDthreePointFivePN/1167559679.0-0/H1L1/L1/1Dpdf/v1_end_time.pdf
/home/c1572221/public_html/LVC/make-zero-noise/BAM_q8a0_SNR_25_mode_HM_inc_0.0_M72_IMRPhenomD/lalinferencenest/IMRPhenomDthreePointFivePN/1167559679.0-0/H1L1/L1/1Dpdf/m1.png
/home/c1572221/public_html/LVC/make-zero-noise/BAM_q8a0_SNR_25_mode_HM_inc_0.0_M72_IMRPhenomD/lalinferencenest/IMRPhenomDthreePointFivePN/1167559679.0-0/H1L1/L1/1Dpdf/h1l1_delay.pdf
/home/c1572221/public_html/LVC/make-zero-noise/BAM_q8a0_SNR_25_mode_HM_inc_0.0_M72_IMRPhenomD/lalinferencenest/IMRPhenomDthreePointFivePN/1167559679.0-0/H1L1/L1/1Dpdf/mc_source.pdf
/home/c1572221/public_html/LVC/make-zero-noise/BAM_q8a0_SNR_25_mode_HM_inc_0.0_M72_IMRPhenomD/lalinferencenest/IMRPhenomDthreePointFivePN/1167559679.0-0/H1L1/L1/1Dpdf/mf_source.pdf
/home/c1572221/public_html/LVC/make-zero-noise/BAM_q8a0_SNR_25_mode_HM_inc_0.0_M72_IMRPhenomD/lalinferencenest/IMRPhenomDthreePointFivePN/1167559679.0-0/H1L1/L1/1Dpdf/deltalogll1.png
/home/c1572221/public_html/LVC/make-zero-noise/BAM_q8a0_SNR_25_mode_HM_inc_0.0_M72_IMRPhenomD/lalinferencenest/IMRPhenomDthreePointFivePN/1167559679.0-0/H1L1/L1/1Dpdf/phase.pdf
/home/c1572221/public_html/LVC/make-zero-noise/BAM_q8a0_SNR_25_mode_HM_inc_0.0_M72_IMRPhenomD/lalinferencenest/IMRPhenomDthreePointFivePN/1167559679.0-0/H1L1/L1/1Dpdf/mc.pdf
/home/c1572221/public_html/LVC/make-zero-noise/BAM_q8a0_SNR_25_mode_HM_inc_0.0_M72_IMRPhenomD/lalinferencenest/IMRPhenomDthreePointFivePN/1167559679.0-0/H1L1/L1/1Dpdf/mc_source.png
/home/c1572221/public_html/LVC/make-zero-noise/BAM_q8a0_SNR_25_mode_HM_inc_0.0_M72_IMRPhenomD/lalinferencenest/IMRPhenomDthreePointFivePN/1167559679.0-0/H1L1/L1/1Dpdf/m2_source.pdf
/home/c1572221/public_html/LVC/make-zero-noise/BAM_q8a0_SNR_25_mode_HM_inc_0.0_M72_IMRPhenomD/lalinferencenest/IMRPhenomDthreePointFivePN/1167559679.0-0/H1L1/L1/1Dpdf/l1_cplx_snr_arg.pdf
/home/c1572221/public_html/LVC/make-zero-noise/BAM_q8a0_SNR_25_mode_HM_inc_0.0_M72_IMRPhenomD/lalinferencenest/IMRPhenomDthreePointFivePN/1167559679.0-0/H1L1/L1/1Dpdf/logl.pdf
/home/c1572221/public_html/LVC/make-zero-noise/BAM_q8a0_SNR_25_mode_HM_inc_0.0_M72_IMRPhenomD/lalinferencenest/IMRPhenomDthreePointFivePN/1167559679.0-0/H1L1/L1/1Dpdf/redshift.pdf
/home/c1572221/public_html/LVC/make-zero-noise/BAM_q8a0_SNR_25_mode_HM_inc_0.0_M72_IMRPhenomD/lalinferencenest/IMRPhenomDthreePointFivePN/1167559679.0-0/H1L1/L1/1Dpdf/mtotal_source.png
/home/c1572221/public_html/LVC/make-zero-noise/BAM_q8a0_SNR_25_mode_HM_inc_0.0_M72_IMRPhenomD/lalinferencenest/IMRPhenomDthreePointFivePN/1167559679.0-0/H1L1/L1/1Dpdf/l_peak.pdf
/home/c1572221/public_html/LVC/make-zero-noise/BAM_q8a0_SNR_25_mode_HM_inc_0.0_M72_IMRPhenomD/lalinferencenest/IMRPhenomDthreePointFivePN/1167559679.0-0/H1L1/L1/1Dpdf/a1z.pdf
/home/c1572221/public_html/LVC/make-zero-noise/BAM_q8a0_SNR_25_mode_HM_inc_0.0_M72_IMRPhenomD/lalinferencenest/IMRPhenomDthreePointFivePN/1167559679.0-0/H1L1/L1/1Dpdf/mc.png
/home/c1572221/public_html/LVC/make-zero-noise/BAM_q8a0_SNR_25_mode_HM_inc_0.0_M72_IMRPhenomD/lalinferencenest/IMRPhenomDthreePointFivePN/1167559679.0-0/H1L1/L1/1Dpdf/l1_optimal_snr.pdf
/home/c1572221/public_html/LVC/make-zero-noise/BAM_q8a0_SNR_25_mode_HM_inc_0.0_M72_IMRPhenomD/lalinferencenest/IMRPhenomDthreePointFivePN/1167559679.0-0/H1L1/L1/1Dpdf/eta.png
/home/c1572221/public_html/LVC/make-zero-noise/BAM_q8a0_SNR_25_mode_HM_inc_0.0_M72_IMRPhenomD/lalinferencenest/IMRPhenomDthreePointFivePN/1167559679.0-0/H1L1/L1/1Dpdf/m2.pdf
/home/c1572221/public_html/LVC/make-zero-noise/BAM_q8a0_SNR_25_mode_HM_inc_0.0_M72_IMRPhenomD/lalinferencenest/IMRPhenomDthreePointFivePN/1167559679.0-0/H1L1/L1/1Dpdf/mtotal_source.pdf
/home/c1572221/public_html/LVC/make-zero-noise/BAM_q8a0_SNR_25_mode_HM_inc_0.0_M72_IMRPhenomD/lalinferencenest/IMRPhenomDthreePointFivePN/1167559679.0-0/H1L1/L1/1Dpdf/l1_cplx_snr_arg.png
/home/c1572221/public_html/LVC/make-zero-noise/BAM_q8a0_SNR_25_mode_HM_inc_0.0_M72_IMRPhenomD/lalinferencenest/IMRPhenomDthreePointFivePN/1167559679.0-0/H1L1/L1/1Dpdf/optimal_snr.pdf
/home/c1572221/public_html/LVC/make-zero-noise/BAM_q8a0_SNR_25_mode_HM_inc_0.0_M72_IMRPhenomD/lalinferencenest/IMRPhenomDthreePointFivePN/1167559679.0-0/H1L1/L1/1Dpdf/h1v1_delay.png
/home/c1572221/public_html/LVC/make-zero-noise/BAM_q8a0_SNR_25_mode_HM_inc_0.0_M72_IMRPhenomD/lalinferencenest/IMRPhenomDthreePointFivePN/1167559679.0-0/H1L1/L1/1Dpdf/l1v1_delay.png
/home/c1572221/public_html/LVC/make-zero-noise/BAM_q8a0_SNR_25_mode_HM_inc_0.0_M72_IMRPhenomD/lalinferencenest/IMRPhenomDthreePointFivePN/1167559679.0-0/H1L1/L1/1Dpdf/h1l1_delay.png
/home/c1572221/public_html/LVC/make-zero-noise/BAM_q8a0_SNR_25_mode_HM_inc_0.0_M72_IMRPhenomD/lalinferencenest/IMRPhenomDthreePointFivePN/1167559679.0-0/H1L1/L1/1Dpdf/a2z.png
/home/c1572221/public_html/LVC/make-zero-noise/BAM_q8a0_SNR_25_mode_HM_inc_0.0_M72_IMRPhenomD/lalinferencenest/IMRPhenomDthreePointFivePN/1167559679.0-0/H1L1/L1/1Dpdf/matched_filter_snr.pdf
/home/c1572221/public_html/LVC/make-zero-noise/BAM_q8a0_SNR_25_mode_HM_inc_0.0_M72_IMRPhenomD/lalinferencenest/IMRPhenomDthreePointFivePN/1167559679.0-0/H1L1/L1/1Dpdf/mf_source.png
/home/c1572221/public_html/LVC/make-zero-noise/BAM_q8a0_SNR_25_mode_HM_inc_0.0_M72_IMRPhenomD/lalinferencenest/IMRPhenomDthreePointFivePN/1167559679.0-0/H1L1/L1/1Dpdf/dec.png
/home/c1572221/public_html/LVC/make-zero-noise/BAM_q8a0_SNR_25_mode_HM_inc_0.0_M72_IMRPhenomD/lalinferencenest/IMRPhenomDthreePointFivePN/1167559679.0-0/H1L1/L1/1Dpdf/q.png
/home/c1572221/public_html/LVC/make-zero-noise/BAM_q8a0_SNR_25_mode_HM_inc_0.0_M72_IMRPhenomD/lalinferencenest/IMRPhenomDthreePointFivePN/1167559679.0-0/H1L1/L1/1Dpdf/deltalogl.png
/home/c1572221/public_html/LVC/make-zero-noise/BAM_q8a0_SNR_25_mode_HM_inc_0.0_M72_IMRPhenomD/lalinferencenest/IMRPhenomDthreePointFivePN/1167559679.0-0/H1L1/L1/1Dpdf/l_peak.png
/home/c1572221/public_html/LVC/make-zero-noise/BAM_q8a0_SNR_25_mode_HM_inc_0.0_M72_IMRPhenomD/lalinferencenest/IMRPhenomDthreePointFivePN/1167559679.0-0/H1L1/L1/1Dpdf/l1_cplx_snr_amp.pdf
/home/c1572221/public_html/LVC/make-zero-noise/BAM_q8a0_SNR_25_mode_HM_inc_0.0_M72_IMRPhenomD/lalinferencenest/IMRPhenomDthreePointFivePN/1167559679.0-0/H1L1/L1/1Dpdf/deltalogll1.pdf
/home/c1572221/public_html/LVC/make-zero-noise/BAM_q8a0_SNR_25_mode_HM_inc_0.0_M72_IMRPhenomD/lalinferencenest/IMRPhenomDthreePointFivePN/1167559679.0-0/H1L1/L1/summary_statistics.dat
/home/c1572221/public_html/LVC/make-zero-noise/BAM_q8a0_SNR_25_mode_HM_inc_0.0_M72_IMRPhenomD/lalinferencenest/IMRPhenomDthreePointFivePN/1167559679.0-0/H1L1/L1/PSDs/
/home/c1572221/public_html/LVC/make-zero-noise/BAM_q8a0_SNR_25_mode_HM_inc_0.0_M72_IMRPhenomD/lalinferencenest/IMRPhenomDthreePointFivePN/1167559679.0-0/H1L1/L1/PSDs/PSD.png
/home/c1572221/public_html/LVC/make-zero-noise/BAM_q8a0_SNR_25_mode_HM_inc_0.0_M72_IMRPhenomD/lalinferencenest/IMRPhenomDthreePointFivePN/1167559679.0-0/H1L1/L1/posplots.html
/home/c1572221/public_html/LVC/make-zero-noise/BAM_q8a0_SNR_25_mode_HM_inc_0.0_M72_IMRPhenomD/lalinferencenest/IMRPhenomDthreePointFivePN/1167559679.0-0/H1L1/L1/corner/
/home/c1572221/public_html/LVC/make-zero-noise/BAM_q8a0_SNR_25_mode_HM_inc_0.0_M72_IMRPhenomD/lalinferencenest/IMRPhenomDthreePointFivePN/1167559679.0-0/H1L1/L1/skymap.png
/home/c1572221/public_html/LVC/make-zero-noise/BAM_q8a0_SNR_25_mode_HM_inc_0.0_M72_IMRPhenomD/lalinferencenest/IMRPhenomDthreePointFivePN/1167559679.0-0/H1L1/L1/confidence_levels.txt
/home/c1572221/public_html/LVC/make-zero-noise/BAM_q8a0_SNR_25_mode_HM_inc_0.0_M72_IMRPhenomD/lalinferencenest/IMRPhenomDthreePointFivePN/1167559679.0-0/H1L1/L1/Waveform/
/home/c1572221/public_html/LVC/make-zero-noise/BAM_q8a0_SNR_25_mode_HM_inc_0.0_M72_IMRPhenomD/lalinferencenest/IMRPhenomDthreePointFivePN/1167559679.0-0/H1L1/L1/Waveform/WF_DetFrame.png
/home/c1572221/public_html/LVC/make-zero-noise/BAM_q8a0_SNR_25_mode_HM_inc_0.0_M72_IMRPhenomD/lalinferencenest/IMRPhenomDthreePointFivePN/1167559679.0-0/H1L1/L1/posterior_samples.dat
acosing costheta_jn
exponentiating logdistance
Read columns ['L1_cplx_snr_amp', 'L1_cplx_snr_arg', 'L1_optimal_snr', 'a1', 'a2', 'mc', 'dec', 'deltalogL', 'deltaloglL1', 'logL', 'logPrior', 'logw', 'matched_filter_snr', 'optimal_snr', 'phase', 'psi', 'q', 'ra', 'time', 'signalModelFlag', 'flow', 'f_ref', 'LAL_APPROXIMANT', 'LAL_AMPORDER', 'LAL_PNORDER', 'psdScaleFlag', 'theta_jn', 'distance']
No snr file provided or wrong path to snr file

Warning: Cannot find spin parameters.  Skipping spin angle calculations.
Using non-precessing fit formula [Healy at al (2014)] for final mass and spin (on masses and projected spin components).
Taking cos of theta_jn ...
Number of posterior samples: 5988
Means:
{'logw': -21.158237224084164, 'redshift': 0.10504328416944383, 'v1_end_time': 1167559678.9944522, 'f_ref': 100.0, 'psdscaleflag': 0.0, 'l1_optimal_snr': 12.585934938932919, 'psi': 1.5086869533237071, 'lal_approximant': 58.0, 'signalmodelflag': 1.0, 'logl': -57.916457379486559, 'deltalogll1': 82.703899265809184, 'v1h1_delay': -0.0003876349650467724, 'mc_source': 13.737393874263939, 'deltalogl': 82.703899265809184, 'af': 0.63840158095179478, 'l1v1_delay': 0.00088219775624807147, 'h1_end_time': 1167559678.9940643, 'l1h1_delay': 0.00049456279120129907, 'm1': 29.010603835033219, 'ra': 3.4465816257600501, 'l1_end_time': 1167559678.9935701, 'm2': 11.658281210427791, 'l_peak': 2.5118234261140633, 'lal_pnorder': 7.0, 'm2_source': 10.545347656715077, 'v1l1_delay': -0.00088219775624807147, 'mtotal': 40.668885045461003, 'costheta_jn': -0.010212269901792498, 'a2z': -0.082211662434116442, 'a1': 0.34034786825162899, 'a2': 0.50077845946019839, 'optimal_snr': 12.585934938932919, 'phase': 3.1784536263814864, 'a1z': 0.14027895543049226, 'm1_source': 26.282360959941776, 'distance': 503.22482219721968, 'mf': 39.232150543220307, 'mc': 15.1767554721628, 'l1_cplx_snr_amp': 12.944717911518008, 'h1v1_delay': 0.0003876349650467724, 'logprior': 22.141971317723034, 'theta_jn': 1.5821019493941226, 'flow': 20.0, 'l1_cplx_snr_arg': 0.00052397651128729223, 'h1l1_delay': -0.00049456279120129907, 'matched_filter_snr': 12.904531164427851, 'q': 0.45298366056617678, 'mtotal_source': 36.827708616656849, 'mf_source': 35.529422879623823, 'eta': 0.19907024435184215, 'e_rad': 1.2982857370330285, 'time': 1167559678.9952867, 'lal_amporder': -1.0, 'dec': 0.039379443411756317, 'chi_eff': 0.096974940559167069}
Median:
{'logw': -21.131686892757067, 'redshift': 0.10512793436059689, 'v1_end_time': 1167559678.9951098, 'f_ref': 100.0, 'psdscaleflag': 0.0, 'l1_optimal_snr': 12.580740303370195, 'psi': 1.5083951076404265, 'lal_approximant': 58.0, 'signalmodelflag': 1.0, 'logl': -57.578866050156179, 'deltalogll1': 83.041490595139564, 'v1h1_delay': -0.00069904327392578125, 'mc_source': 13.694113742344612, 'deltalogl': 83.041490595139564, 'af': 0.64239937020547633, 'l1v1_delay': 0.0028423070907592773, 'h1_end_time': 1167559678.9941368, 'l1h1_delay': 0.00061070919036865234, 'm1': 28.66181700359931, 'ra': 3.1985257701963077, 'l1_end_time': 1167559678.9930844, 'm2': 11.141404073269749, 'l_peak': 2.4736328927249653, 'lal_pnorder': 7.0, 'm2_source': 10.093980853990505, 'v1l1_delay': -0.0028423070907592773, 'mtotal': 40.083051924216548, 'costheta_jn': -0.097367986571914783, 'a2z': -0.11566234695937272, 'a1': 0.30979929864253175, 'a2': 0.50607749073468555, 'optimal_snr': 12.580740303370195, 'phase': 3.0953315884792465, 'a1z': 0.20529271776997585, 'm1_source': 25.897962557415717, 'distance': 500.32707833247355, 'mf': 38.571332170630541, 'mc': 15.142240927937811, 'l1_cplx_snr_amp': 12.967994271090358, 'h1v1_delay': 0.00069904327392578125, 'logprior': 22.290242928591276, 'theta_jn': 1.6683188589948468, 'flow': 20.0, 'l1_cplx_snr_arg': 0.001763150898026894, 'h1l1_delay': -0.00061070919036865234, 'matched_filter_snr': 12.929636725385988, 'q': 0.38868914482955663, 'mtotal_source': 36.187070611993363, 'mf_source': 34.79276909405332, 'eta': 0.20155442189011297, 'e_rad': 1.2584476314422908, 'time': 1167559679.0006602, 'lal_amporder': -1.0, 'dec': 0.061106793256522851, 'chi_eff': 0.11968322379804011}
maxL:
{'logw': -25.178938080962027, 'redshift': 0.073717887095938697, 'v1_end_time': 1167559678.9948044, 'f_ref': 100.0, 'psdscaleflag': 0.0, 'l1_optimal_snr': 12.998929565759516, 'psi': 0.029920585859244713, 'lal_approximant': 58.0, 'signalmodelflag': 1.0, 'logl': -54.631255198738607, 'deltalogll1': 85.989101446557129, 'v1h1_delay': -0.0047857761383056641, 'mc_source': 13.890836404221842, 'deltalogl': 85.989101446557129, 'af': 0.65412269458836592, 'l1v1_delay': -0.0048167705535888672, 'h1_end_time': 1167559678.9900186, 'l1h1_delay': -0.0096025466918945312, 'm1': 36.471495338812403, 'ra': 0.54138697658555146, 'l1_end_time': 1167559678.9996212, 'm2': 8.8333539876261309, 'l_peak': 1.6691559370268245, 'lal_pnorder': 7.0, 'm2_source': 8.2268853800298611, 'v1l1_delay': 0.0048167705535888672, 'mtotal': 45.304849326438536, 'costheta_jn': 0.9098161927627425, 'a2z': -0.68315391916532431, 'a1': 0.38469243082493609, 'a2': 0.68315391916532431, 'optimal_snr': 12.998929565759516, 'phase': 2.672638408159655, 'a1z': 0.38469243082493609, 'm1_source': 33.967484175434628, 'distance': 343.46912313635357, 'mf': 44.092304649268691, 'mc': 14.914839513936423, 'l1_cplx_snr_amp': 13.114851095666276, 'h1v1_delay': 0.0047857761383056641, 'logprior': 21.9857853053607, 'theta_jn': 0.42795537697971953, 'flow': 20.0, 'l1_cplx_snr_arg': 0.0067112811833083628, 'h1l1_delay': 0.0096025466918945312, 'matched_filter_snr': 13.114555741835536, 'q': 0.24219884338621595, 'mtotal_source': 42.19436955546449, 'mf_source': 41.065074149527469, 'eta': 0.15696030132555497, 'e_rad': 1.1292954059370217, 'time': 1167559678.9893301, 'lal_amporder': -1.0, 'dec': 0.20998923294508298, 'chi_eff': 0.17648812258648316}
Unable to compute KL divergence
Sigma is 30.000000 arcmin (0.008727 rad) 
-> fwhm is 70.644601 arcmin
Sigma is 0.000000 arcmin (0.000000 rad) 
-> fwhm is 0.000000 arcmin
WARNING: phi_orb not found in posterior files. Defaulting to 0.0 which is probably *not* what you want

Using greedy 1-d binning credible regions

Generating 1D plot for e_rad.
Generating 1D plot for l_peak.
Using greedy 1-d binning credible regions

Generating 1D plot for m1.
Generating 1D plot for m2.
Generating 1D plot for mc.
Generating 1D plot for eta.
Generating 1D plot for q.
Generating 1D plot for mtotal.
Generating 1D plot for mf.
Using greedy 1-d binning credible regions

Generating 1D plot for optimal_snr.
Generating 1D plot for matched_filter_snr.
Generating 1D plot for l1_optimal_snr.
Generating 1D plot for l1_cplx_snr_amp.
Generating 1D plot for l1_cplx_snr_arg.
Generating 1D plot for logprior.
Generating 1D plot for logl.
Generating 1D plot for deltalogl.
Generating 1D plot for deltalogll1.
Using greedy 1-d binning credible regions

Generating 1D plot for time.
Generating 1D plot for l1_end_time.
Generating 1D plot for h1_end_time.
Generating 1D plot for v1_end_time.
Generating 1D plot for h1l1_delay.
Generating 1D plot for h1v1_delay.
Generating 1D plot for l1v1_delay.
Using greedy 1-d binning credible regions

Generating 1D plot for m1_source.
Generating 1D plot for m2_source.
Generating 1D plot for mtotal_source.
Generating 1D plot for mc_source.
Generating 1D plot for redshift.
Generating 1D plot for mf_source.
Using greedy 1-d binning credible regions

Generating 1D plot for distance.
Generating 1D plot for psi.
Generating 1D plot for ra.
Generating 1D plot for dec.
Generating 1D plot for phase.
Using greedy 1-d binning credible regions

Generating 1D plot for a1.
Generating 1D plot for a2.
Generating 1D plot for costheta_jn.
Generating 1D plot for theta_jn.
Generating 1D plot for af.
Generating 1D plot for chi_eff.
Generating 1D plot for a1z.
Generating 1D plot for a2z.
Using greedy 1-d binning credible regions

Cannot load corner module. Try running
	$ pip install corner
Cannot load corner module. Try running
	$ pip install corner
Cannot load corner module. Try running
	$ pip install corner
