07/17/17 12:34:43 ******************************************************
07/17/17 12:34:43 ** condor_scheduniv_exec.7773835.0 (CONDOR_DAGMAN) STARTING UP
07/17/17 12:34:43 ** /usr/bin/condor_dagman
07/17/17 12:34:43 ** SubsystemInfo: name=DAGMAN type=DAGMAN(10) class=DAEMON(1)
07/17/17 12:34:43 ** Configuration: subsystem:DAGMAN local:<NONE> class:DAEMON
07/17/17 12:34:43 ** $CondorVersion: 8.4.9 Sep 29 2016 BuildID: 382747 $
07/17/17 12:34:43 ** $CondorPlatform: x86_64_RedHat6 $
07/17/17 12:34:43 ** PID = 1556674
07/17/17 12:34:43 ** Log last touched time unavailable (No such file or directory)
07/17/17 12:34:43 ******************************************************
07/17/17 12:34:43 Using config source: /etc/condor/condor_config
07/17/17 12:34:43 Using local config sources: 
07/17/17 12:34:43    /etc/condor/config.d/00admin
07/17/17 12:34:43    /etc/condor/config.d/20-limit-post-scripts
07/17/17 12:34:43    /etc/condor/config.d/50-job-router
07/17/17 12:34:43    /etc/condor/config.d/accounting
07/17/17 12:34:43    /etc/condor/config.d/dags
07/17/17 12:34:43    /etc/condor/config.d/logfile_nfs_locking
07/17/17 12:34:43    /etc/condor/condor_config.local
07/17/17 12:34:43 config Macros = 84, Sorted = 84, StringBytes = 2839, TablesBytes = 3104
07/17/17 12:34:43 CLASSAD_CACHING is ENABLED
07/17/17 12:34:43 Daemon Log is logging: D_ALWAYS D_ERROR
07/17/17 12:34:43 DaemonCore: No command port requested.
07/17/17 12:34:43 DAGMAN_USE_STRICT setting: 1
07/17/17 12:34:43 DAGMAN_VERBOSITY setting: 3
07/17/17 12:34:43 DAGMAN_DEBUG_CACHE_SIZE setting: 5242880
07/17/17 12:34:43 DAGMAN_DEBUG_CACHE_ENABLE setting: False
07/17/17 12:34:43 DAGMAN_SUBMIT_DELAY setting: 0
07/17/17 12:34:43 DAGMAN_MAX_SUBMIT_ATTEMPTS setting: 6
07/17/17 12:34:43 DAGMAN_STARTUP_CYCLE_DETECT setting: False
07/17/17 12:34:43 DAGMAN_MAX_SUBMITS_PER_INTERVAL setting: 5
07/17/17 12:34:43 DAGMAN_USER_LOG_SCAN_INTERVAL setting: 5
07/17/17 12:34:43 DAGMAN_DEFAULT_PRIORITY setting: 0
07/17/17 12:34:43 DAGMAN_SUPPRESS_NOTIFICATION setting: True
07/17/17 12:34:43 allow_events (DAGMAN_ALLOW_EVENTS) setting: 114
07/17/17 12:34:43 DAGMAN_RETRY_SUBMIT_FIRST setting: True
07/17/17 12:34:43 DAGMAN_RETRY_NODE_FIRST setting: False
07/17/17 12:34:43 DAGMAN_MAX_JOBS_IDLE setting: 100
07/17/17 12:34:43 DAGMAN_MAX_JOBS_SUBMITTED setting: 3000
07/17/17 12:34:43 DAGMAN_MAX_PRE_SCRIPTS setting: 20
07/17/17 12:34:43 DAGMAN_MAX_POST_SCRIPTS setting: 10
07/17/17 12:34:43 DAGMAN_ALLOW_LOG_ERROR setting: False
07/17/17 12:34:43 DAGMAN_MUNGE_NODE_NAMES setting: True
07/17/17 12:34:43 DAGMAN_PROHIBIT_MULTI_JOBS setting: True
07/17/17 12:34:43 DAGMAN_SUBMIT_DEPTH_FIRST setting: False
07/17/17 12:34:43 DAGMAN_ALWAYS_RUN_POST setting: True
07/17/17 12:34:43 DAGMAN_ABORT_DUPLICATES setting: True
07/17/17 12:34:43 DAGMAN_ABORT_ON_SCARY_SUBMIT setting: True
07/17/17 12:34:43 DAGMAN_PENDING_REPORT_INTERVAL setting: 600
07/17/17 12:34:43 DAGMAN_AUTO_RESCUE setting: True
07/17/17 12:34:43 DAGMAN_MAX_RESCUE_NUM setting: 100
07/17/17 12:34:43 DAGMAN_WRITE_PARTIAL_RESCUE setting: True
07/17/17 12:34:43 DAGMAN_DEFAULT_NODE_LOG setting: @(DAG_DIR)/@(DAG_FILE).nodes.log
07/17/17 12:34:43 DAGMAN_GENERATE_SUBDAG_SUBMITS setting: True
07/17/17 12:34:43 DAGMAN_MAX_JOB_HOLDS setting: 100
07/17/17 12:34:43 DAGMAN_HOLD_CLAIM_TIME setting: 20
07/17/17 12:34:43 ALL_DEBUG setting: 
07/17/17 12:34:43 DAGMAN_DEBUG setting: 
07/17/17 12:34:43 DAGMAN_SUPPRESS_JOB_LOGS setting: False
07/17/17 12:34:43 argv[0] == "condor_scheduniv_exec.7773835.0"
07/17/17 12:34:43 argv[1] == "-Lockfile"
07/17/17 12:34:43 argv[2] == "/home/c1572221/Summer-project/inference-from-frames/GW150914_like_SNR_25_mode_PhenomPv2_inc_0.0_M90/PhenomPM90/multidag.dag.lock"
07/17/17 12:34:43 argv[3] == "-AutoRescue"
07/17/17 12:34:43 argv[4] == "1"
07/17/17 12:34:43 argv[5] == "-DoRescueFrom"
07/17/17 12:34:43 argv[6] == "0"
07/17/17 12:34:43 argv[7] == "-Dag"
07/17/17 12:34:43 argv[8] == "/home/c1572221/Summer-project/inference-from-frames/GW150914_like_SNR_25_mode_PhenomPv2_inc_0.0_M90/PhenomPM90/multidag.dag"
07/17/17 12:34:43 argv[9] == "-Suppress_notification"
07/17/17 12:34:43 argv[10] == "-CsdVersion"
07/17/17 12:34:43 argv[11] == "$CondorVersion: 8.4.9 Sep 29 2016 BuildID: 382747 $"
07/17/17 12:34:43 argv[12] == "-Dagman"
07/17/17 12:34:43 argv[13] == "/usr/bin/condor_dagman"
07/17/17 12:34:43 Warning: failed to get attribute DAGNodeName
07/17/17 12:34:43 DAGMAN_LOG_ON_NFS_IS_ERROR setting: False
07/17/17 12:34:43 Default node log file is: </home/c1572221/Summer-project/inference-from-frames/GW150914_like_SNR_25_mode_PhenomPv2_inc_0.0_M90/PhenomPM90/multidag.dag.nodes.log>
07/17/17 12:34:43 Note:  DAGMAN_MAX_JOBS_IDLE has been changed from the default setting; if your submit files create multiple procs, you should probably set DAGMAN_MAX_SUBMITS_PER_INTERVAL to 1
07/17/17 12:34:43 DAG Lockfile will be written to /home/c1572221/Summer-project/inference-from-frames/GW150914_like_SNR_25_mode_PhenomPv2_inc_0.0_M90/PhenomPM90/multidag.dag.lock
07/17/17 12:34:43 DAG Input file is /home/c1572221/Summer-project/inference-from-frames/GW150914_like_SNR_25_mode_PhenomPv2_inc_0.0_M90/PhenomPM90/multidag.dag
07/17/17 12:34:43 Parsing 1 dagfiles
07/17/17 12:34:43 Parsing /home/c1572221/Summer-project/inference-from-frames/GW150914_like_SNR_25_mode_PhenomPv2_inc_0.0_M90/PhenomPM90/multidag.dag ...
07/17/17 12:34:43 Dag contains 1 total jobs
07/17/17 12:34:43 Sleeping for 3 seconds to ensure ProcessId uniqueness
07/17/17 12:34:46 Bootstrapping...
07/17/17 12:34:46 Number of pre-completed nodes: 0
07/17/17 12:34:46 MultiLogFiles: truncating log file /home/c1572221/Summer-project/inference-from-frames/GW150914_like_SNR_25_mode_PhenomPv2_inc_0.0_M90/PhenomPM90/multidag.dag.nodes.log
07/17/17 12:34:46 DAG status: 0 (DAG_STATUS_OK)
07/17/17 12:34:46 Of 1 nodes total:
07/17/17 12:34:46  Done     Pre   Queued    Post   Ready   Un-Ready   Failed
07/17/17 12:34:46   ===     ===      ===     ===     ===        ===      ===
07/17/17 12:34:46     0       0        0       0       1          0        0
07/17/17 12:34:46 0 job proc(s) currently held
07/17/17 12:34:46 Registering condor_event_timer...
07/17/17 12:34:47 Recursive submit command: <condor_submit_dag -no_submit -update_submit -dagman /usr/bin/condor_dagman -autorescue 1 -suppress_notification /home/c1572221/Summer-project/inference-from-frames/GW150914_like_SNR_25_mode_PhenomPv2_inc_0.0_M90/PhenomPM90/lalinferencenest/IMRPhenomDthreePointFivePN/lalinference_1167559401-1167559697.dag>
07/17/17 12:34:47 Submitting Condor Node a9d6ba690b49a2c573c67d131e20deca job(s)...
07/17/17 12:34:47 Adding a DAGMan workflow log /home/c1572221/Summer-project/inference-from-frames/GW150914_like_SNR_25_mode_PhenomPv2_inc_0.0_M90/PhenomPM90/multidag.dag.nodes.log
07/17/17 12:34:47 Masking the events recorded in the DAGMAN workflow log
07/17/17 12:34:47 Mask for workflow log is 0,1,2,4,5,7,9,10,11,12,13,16,17,24,27
07/17/17 12:34:47 submitting: /usr/bin/condor_submit -a dag_node_name' '=' 'a9d6ba690b49a2c573c67d131e20deca -a +DAGManJobId' '=' '7773835 -a DAGManJobId' '=' '7773835 -a submit_event_notes' '=' 'DAG' 'Node:' 'a9d6ba690b49a2c573c67d131e20deca -a dagman_log' '=' '/home/c1572221/Summer-project/inference-from-frames/GW150914_like_SNR_25_mode_PhenomPv2_inc_0.0_M90/PhenomPM90/multidag.dag.nodes.log -a +DAGManNodesMask' '=' '"0,1,2,4,5,7,9,10,11,12,13,16,17,24,27" -a DAG_STATUS' '=' '0 -a FAILED_COUNT' '=' '0 -a +DAGParentNodeNames' '=' '"" -a notification' '=' 'never /home/c1572221/Summer-project/inference-from-frames/GW150914_like_SNR_25_mode_PhenomPv2_inc_0.0_M90/PhenomPM90/lalinferencenest/IMRPhenomDthreePointFivePN/lalinference_1167559401-1167559697.dag.condor.sub
07/17/17 12:34:47 From submit: Submitting job(s).
07/17/17 12:34:47 From submit: 1 job(s) submitted to cluster 7773836.
07/17/17 12:34:47 	assigned Condor ID (7773836.0.0)
07/17/17 12:34:47 Just submitted 1 job this cycle...
07/17/17 12:34:47 Currently monitoring 1 Condor log file(s)
07/17/17 12:34:47 Reassigning the id of job a9d6ba690b49a2c573c67d131e20deca from (7773836.0.0) to (7773836.0.0)
07/17/17 12:34:47 Event: ULOG_SUBMIT for Condor Node a9d6ba690b49a2c573c67d131e20deca (7773836.0.0)
07/17/17 12:34:47 Number of idle job procs: 1
07/17/17 12:34:47 DAG status: 0 (DAG_STATUS_OK)
07/17/17 12:34:47 Of 1 nodes total:
07/17/17 12:34:47  Done     Pre   Queued    Post   Ready   Un-Ready   Failed
07/17/17 12:34:47   ===     ===      ===     ===     ===        ===      ===
07/17/17 12:34:47     0       0        1       0       0          0        0
07/17/17 12:34:47 0 job proc(s) currently held
07/17/17 12:34:52 Currently monitoring 1 Condor log file(s)
07/17/17 12:34:52 Event: ULOG_EXECUTE for Condor Node a9d6ba690b49a2c573c67d131e20deca (7773836.0.0)
07/17/17 12:34:52 Number of idle job procs: 0
07/17/17 12:44:54 602 seconds since last log event
07/17/17 12:44:54 Pending DAG nodes:
07/17/17 12:44:54   Node a9d6ba690b49a2c573c67d131e20deca, Condor ID 7773836, status STATUS_SUBMITTED
07/17/17 12:54:56 1204 seconds since last log event
07/17/17 12:54:56 Pending DAG nodes:
07/17/17 12:54:56   Node a9d6ba690b49a2c573c67d131e20deca, Condor ID 7773836, status STATUS_SUBMITTED
07/17/17 13:04:56 1804 seconds since last log event
07/17/17 13:04:56 Pending DAG nodes:
07/17/17 13:04:56   Node a9d6ba690b49a2c573c67d131e20deca, Condor ID 7773836, status STATUS_SUBMITTED
07/17/17 13:14:57 2405 seconds since last log event
07/17/17 13:14:57 Pending DAG nodes:
07/17/17 13:14:57   Node a9d6ba690b49a2c573c67d131e20deca, Condor ID 7773836, status STATUS_SUBMITTED
07/17/17 13:24:57 3005 seconds since last log event
07/17/17 13:24:57 Pending DAG nodes:
07/17/17 13:24:57   Node a9d6ba690b49a2c573c67d131e20deca, Condor ID 7773836, status STATUS_SUBMITTED
07/17/17 13:34:58 3606 seconds since last log event
07/17/17 13:34:58 Pending DAG nodes:
07/17/17 13:34:58   Node a9d6ba690b49a2c573c67d131e20deca, Condor ID 7773836, status STATUS_SUBMITTED
07/17/17 13:44:59 4207 seconds since last log event
07/17/17 13:44:59 Pending DAG nodes:
07/17/17 13:44:59   Node a9d6ba690b49a2c573c67d131e20deca, Condor ID 7773836, status STATUS_SUBMITTED
07/17/17 13:55:00 4808 seconds since last log event
07/17/17 13:55:00 Pending DAG nodes:
07/17/17 13:55:00   Node a9d6ba690b49a2c573c67d131e20deca, Condor ID 7773836, status STATUS_SUBMITTED
07/17/17 14:05:03 5411 seconds since last log event
07/17/17 14:05:03 Pending DAG nodes:
07/17/17 14:05:03   Node a9d6ba690b49a2c573c67d131e20deca, Condor ID 7773836, status STATUS_SUBMITTED
07/17/17 14:15:05 6013 seconds since last log event
07/17/17 14:15:05 Pending DAG nodes:
07/17/17 14:15:05   Node a9d6ba690b49a2c573c67d131e20deca, Condor ID 7773836, status STATUS_SUBMITTED
07/17/17 14:25:06 6614 seconds since last log event
07/17/17 14:25:06 Pending DAG nodes:
07/17/17 14:25:06   Node a9d6ba690b49a2c573c67d131e20deca, Condor ID 7773836, status STATUS_SUBMITTED
07/17/17 14:35:07 7215 seconds since last log event
07/17/17 14:35:07 Pending DAG nodes:
07/17/17 14:35:07   Node a9d6ba690b49a2c573c67d131e20deca, Condor ID 7773836, status STATUS_SUBMITTED
07/17/17 14:45:08 7816 seconds since last log event
07/17/17 14:45:08 Pending DAG nodes:
07/17/17 14:45:08   Node a9d6ba690b49a2c573c67d131e20deca, Condor ID 7773836, status STATUS_SUBMITTED
07/17/17 14:55:08 8416 seconds since last log event
07/17/17 14:55:08 Pending DAG nodes:
07/17/17 14:55:08   Node a9d6ba690b49a2c573c67d131e20deca, Condor ID 7773836, status STATUS_SUBMITTED
07/17/17 15:05:08 9016 seconds since last log event
07/17/17 15:05:08 Pending DAG nodes:
07/17/17 15:05:08   Node a9d6ba690b49a2c573c67d131e20deca, Condor ID 7773836, status STATUS_SUBMITTED
07/17/17 15:15:09 9617 seconds since last log event
07/17/17 15:15:09 Pending DAG nodes:
07/17/17 15:15:09   Node a9d6ba690b49a2c573c67d131e20deca, Condor ID 7773836, status STATUS_SUBMITTED
07/17/17 15:25:10 10218 seconds since last log event
07/17/17 15:25:10 Pending DAG nodes:
07/17/17 15:25:10   Node a9d6ba690b49a2c573c67d131e20deca, Condor ID 7773836, status STATUS_SUBMITTED
07/17/17 15:35:10 10818 seconds since last log event
07/17/17 15:35:10 Pending DAG nodes:
07/17/17 15:35:10   Node a9d6ba690b49a2c573c67d131e20deca, Condor ID 7773836, status STATUS_SUBMITTED
07/17/17 15:45:11 11419 seconds since last log event
07/17/17 15:45:11 Pending DAG nodes:
07/17/17 15:45:11   Node a9d6ba690b49a2c573c67d131e20deca, Condor ID 7773836, status STATUS_SUBMITTED
07/17/17 15:55:12 12020 seconds since last log event
07/17/17 15:55:12 Pending DAG nodes:
07/17/17 15:55:12   Node a9d6ba690b49a2c573c67d131e20deca, Condor ID 7773836, status STATUS_SUBMITTED
07/17/17 16:05:13 12621 seconds since last log event
07/17/17 16:05:13 Pending DAG nodes:
07/17/17 16:05:13   Node a9d6ba690b49a2c573c67d131e20deca, Condor ID 7773836, status STATUS_SUBMITTED
07/17/17 16:15:13 13221 seconds since last log event
07/17/17 16:15:13 Pending DAG nodes:
07/17/17 16:15:13   Node a9d6ba690b49a2c573c67d131e20deca, Condor ID 7773836, status STATUS_SUBMITTED
07/17/17 16:25:13 13821 seconds since last log event
07/17/17 16:25:13 Pending DAG nodes:
07/17/17 16:25:13   Node a9d6ba690b49a2c573c67d131e20deca, Condor ID 7773836, status STATUS_SUBMITTED
07/17/17 16:35:14 14422 seconds since last log event
07/17/17 16:35:14 Pending DAG nodes:
07/17/17 16:35:14   Node a9d6ba690b49a2c573c67d131e20deca, Condor ID 7773836, status STATUS_SUBMITTED
07/17/17 16:45:14 15022 seconds since last log event
07/17/17 16:45:14 Pending DAG nodes:
07/17/17 16:45:14   Node a9d6ba690b49a2c573c67d131e20deca, Condor ID 7773836, status STATUS_SUBMITTED
07/17/17 16:55:15 15623 seconds since last log event
07/17/17 16:55:15 Pending DAG nodes:
07/17/17 16:55:15   Node a9d6ba690b49a2c573c67d131e20deca, Condor ID 7773836, status STATUS_SUBMITTED
07/17/17 17:05:15 16223 seconds since last log event
07/17/17 17:05:15 Pending DAG nodes:
07/17/17 17:05:15   Node a9d6ba690b49a2c573c67d131e20deca, Condor ID 7773836, status STATUS_SUBMITTED
07/17/17 17:15:16 16824 seconds since last log event
07/17/17 17:15:16 Pending DAG nodes:
07/17/17 17:15:16   Node a9d6ba690b49a2c573c67d131e20deca, Condor ID 7773836, status STATUS_SUBMITTED
07/17/17 17:25:16 17424 seconds since last log event
07/17/17 17:25:16 Pending DAG nodes:
07/17/17 17:25:16   Node a9d6ba690b49a2c573c67d131e20deca, Condor ID 7773836, status STATUS_SUBMITTED
07/17/17 17:35:16 18024 seconds since last log event
07/17/17 17:35:16 Pending DAG nodes:
07/17/17 17:35:16   Node a9d6ba690b49a2c573c67d131e20deca, Condor ID 7773836, status STATUS_SUBMITTED
07/17/17 17:45:17 18625 seconds since last log event
07/17/17 17:45:17 Pending DAG nodes:
07/17/17 17:45:17   Node a9d6ba690b49a2c573c67d131e20deca, Condor ID 7773836, status STATUS_SUBMITTED
07/17/17 17:55:18 19226 seconds since last log event
07/17/17 17:55:18 Pending DAG nodes:
07/17/17 17:55:18   Node a9d6ba690b49a2c573c67d131e20deca, Condor ID 7773836, status STATUS_SUBMITTED
07/17/17 18:05:19 19827 seconds since last log event
07/17/17 18:05:19 Pending DAG nodes:
07/17/17 18:05:19   Node a9d6ba690b49a2c573c67d131e20deca, Condor ID 7773836, status STATUS_SUBMITTED
07/17/17 18:15:20 20428 seconds since last log event
07/17/17 18:15:20 Pending DAG nodes:
07/17/17 18:15:20   Node a9d6ba690b49a2c573c67d131e20deca, Condor ID 7773836, status STATUS_SUBMITTED
07/17/17 18:25:20 21028 seconds since last log event
07/17/17 18:25:20 Pending DAG nodes:
07/17/17 18:25:20   Node a9d6ba690b49a2c573c67d131e20deca, Condor ID 7773836, status STATUS_SUBMITTED
07/17/17 18:35:21 21629 seconds since last log event
07/17/17 18:35:21 Pending DAG nodes:
07/17/17 18:35:21   Node a9d6ba690b49a2c573c67d131e20deca, Condor ID 7773836, status STATUS_SUBMITTED
07/17/17 18:45:22 22230 seconds since last log event
07/17/17 18:45:22 Pending DAG nodes:
07/17/17 18:45:22   Node a9d6ba690b49a2c573c67d131e20deca, Condor ID 7773836, status STATUS_SUBMITTED
07/17/17 18:55:22 22830 seconds since last log event
07/17/17 18:55:22 Pending DAG nodes:
07/17/17 18:55:22   Node a9d6ba690b49a2c573c67d131e20deca, Condor ID 7773836, status STATUS_SUBMITTED
07/17/17 19:05:23 23431 seconds since last log event
07/17/17 19:05:23 Pending DAG nodes:
07/17/17 19:05:23   Node a9d6ba690b49a2c573c67d131e20deca, Condor ID 7773836, status STATUS_SUBMITTED
07/17/17 19:15:25 24033 seconds since last log event
07/17/17 19:15:25 Pending DAG nodes:
07/17/17 19:15:25   Node a9d6ba690b49a2c573c67d131e20deca, Condor ID 7773836, status STATUS_SUBMITTED
07/17/17 19:25:27 24635 seconds since last log event
07/17/17 19:25:27 Pending DAG nodes:
07/17/17 19:25:27   Node a9d6ba690b49a2c573c67d131e20deca, Condor ID 7773836, status STATUS_SUBMITTED
07/17/17 19:35:27 25235 seconds since last log event
07/17/17 19:35:27 Pending DAG nodes:
07/17/17 19:35:27   Node a9d6ba690b49a2c573c67d131e20deca, Condor ID 7773836, status STATUS_SUBMITTED
07/17/17 19:45:28 25836 seconds since last log event
07/17/17 19:45:28 Pending DAG nodes:
07/17/17 19:45:28   Node a9d6ba690b49a2c573c67d131e20deca, Condor ID 7773836, status STATUS_SUBMITTED
07/17/17 19:55:29 26437 seconds since last log event
07/17/17 19:55:29 Pending DAG nodes:
07/17/17 19:55:29   Node a9d6ba690b49a2c573c67d131e20deca, Condor ID 7773836, status STATUS_SUBMITTED
07/17/17 20:05:30 27038 seconds since last log event
07/17/17 20:05:30 Pending DAG nodes:
07/17/17 20:05:30   Node a9d6ba690b49a2c573c67d131e20deca, Condor ID 7773836, status STATUS_SUBMITTED
07/17/17 20:15:31 27639 seconds since last log event
07/17/17 20:15:31 Pending DAG nodes:
07/17/17 20:15:31   Node a9d6ba690b49a2c573c67d131e20deca, Condor ID 7773836, status STATUS_SUBMITTED
07/17/17 20:25:32 28240 seconds since last log event
07/17/17 20:25:32 Pending DAG nodes:
07/17/17 20:25:32   Node a9d6ba690b49a2c573c67d131e20deca, Condor ID 7773836, status STATUS_SUBMITTED
07/17/17 20:35:35 28843 seconds since last log event
07/17/17 20:35:35 Pending DAG nodes:
07/17/17 20:35:35   Node a9d6ba690b49a2c573c67d131e20deca, Condor ID 7773836, status STATUS_SUBMITTED
07/17/17 20:45:36 29444 seconds since last log event
07/17/17 20:45:36 Pending DAG nodes:
07/17/17 20:45:36   Node a9d6ba690b49a2c573c67d131e20deca, Condor ID 7773836, status STATUS_SUBMITTED
07/17/17 20:55:39 30047 seconds since last log event
07/17/17 20:55:39 Pending DAG nodes:
07/17/17 20:55:39   Node a9d6ba690b49a2c573c67d131e20deca, Condor ID 7773836, status STATUS_SUBMITTED
07/17/17 21:05:42 30650 seconds since last log event
07/17/17 21:05:42 Pending DAG nodes:
07/17/17 21:05:42   Node a9d6ba690b49a2c573c67d131e20deca, Condor ID 7773836, status STATUS_SUBMITTED
07/17/17 21:15:44 31252 seconds since last log event
07/17/17 21:15:44 Pending DAG nodes:
07/17/17 21:15:44   Node a9d6ba690b49a2c573c67d131e20deca, Condor ID 7773836, status STATUS_SUBMITTED
07/17/17 21:25:48 31856 seconds since last log event
07/17/17 21:25:48 Pending DAG nodes:
07/17/17 21:25:48   Node a9d6ba690b49a2c573c67d131e20deca, Condor ID 7773836, status STATUS_SUBMITTED
07/17/17 21:35:50 32458 seconds since last log event
07/17/17 21:35:50 Pending DAG nodes:
07/17/17 21:35:50   Node a9d6ba690b49a2c573c67d131e20deca, Condor ID 7773836, status STATUS_SUBMITTED
07/17/17 21:45:52 33060 seconds since last log event
07/17/17 21:45:52 Pending DAG nodes:
07/17/17 21:45:52   Node a9d6ba690b49a2c573c67d131e20deca, Condor ID 7773836, status STATUS_SUBMITTED
07/17/17 21:55:53 33661 seconds since last log event
07/17/17 21:55:53 Pending DAG nodes:
07/17/17 21:55:53   Node a9d6ba690b49a2c573c67d131e20deca, Condor ID 7773836, status STATUS_SUBMITTED
07/17/17 22:05:54 34262 seconds since last log event
07/17/17 22:05:54 Pending DAG nodes:
07/17/17 22:05:54   Node a9d6ba690b49a2c573c67d131e20deca, Condor ID 7773836, status STATUS_SUBMITTED
07/17/17 22:15:55 34863 seconds since last log event
07/17/17 22:15:55 Pending DAG nodes:
07/17/17 22:15:55   Node a9d6ba690b49a2c573c67d131e20deca, Condor ID 7773836, status STATUS_SUBMITTED
07/17/17 22:25:57 35465 seconds since last log event
07/17/17 22:25:57 Pending DAG nodes:
07/17/17 22:25:57   Node a9d6ba690b49a2c573c67d131e20deca, Condor ID 7773836, status STATUS_SUBMITTED
07/17/17 22:35:59 36067 seconds since last log event
07/17/17 22:35:59 Pending DAG nodes:
07/17/17 22:35:59   Node a9d6ba690b49a2c573c67d131e20deca, Condor ID 7773836, status STATUS_SUBMITTED
07/17/17 22:45:59 36667 seconds since last log event
07/17/17 22:45:59 Pending DAG nodes:
07/17/17 22:45:59   Node a9d6ba690b49a2c573c67d131e20deca, Condor ID 7773836, status STATUS_SUBMITTED
07/17/17 22:56:01 37269 seconds since last log event
07/17/17 22:56:01 Pending DAG nodes:
07/17/17 22:56:01   Node a9d6ba690b49a2c573c67d131e20deca, Condor ID 7773836, status STATUS_SUBMITTED
07/17/17 23:06:02 37870 seconds since last log event
07/17/17 23:06:02 Pending DAG nodes:
07/17/17 23:06:02   Node a9d6ba690b49a2c573c67d131e20deca, Condor ID 7773836, status STATUS_SUBMITTED
07/17/17 23:16:02 38470 seconds since last log event
07/17/17 23:16:02 Pending DAG nodes:
07/17/17 23:16:02   Node a9d6ba690b49a2c573c67d131e20deca, Condor ID 7773836, status STATUS_SUBMITTED
07/17/17 23:26:04 39072 seconds since last log event
07/17/17 23:26:04 Pending DAG nodes:
07/17/17 23:26:04   Node a9d6ba690b49a2c573c67d131e20deca, Condor ID 7773836, status STATUS_SUBMITTED
07/17/17 23:36:04 39672 seconds since last log event
07/17/17 23:36:04 Pending DAG nodes:
07/17/17 23:36:04   Node a9d6ba690b49a2c573c67d131e20deca, Condor ID 7773836, status STATUS_SUBMITTED
07/17/17 23:46:05 40273 seconds since last log event
07/17/17 23:46:05 Pending DAG nodes:
07/17/17 23:46:05   Node a9d6ba690b49a2c573c67d131e20deca, Condor ID 7773836, status STATUS_SUBMITTED
07/17/17 23:56:05 40873 seconds since last log event
07/17/17 23:56:05 Pending DAG nodes:
07/17/17 23:56:05   Node a9d6ba690b49a2c573c67d131e20deca, Condor ID 7773836, status STATUS_SUBMITTED
07/18/17 00:06:06 41474 seconds since last log event
07/18/17 00:06:06 Pending DAG nodes:
07/18/17 00:06:06   Node a9d6ba690b49a2c573c67d131e20deca, Condor ID 7773836, status STATUS_SUBMITTED
07/18/17 00:16:09 42077 seconds since last log event
07/18/17 00:16:09 Pending DAG nodes:
07/18/17 00:16:09   Node a9d6ba690b49a2c573c67d131e20deca, Condor ID 7773836, status STATUS_SUBMITTED
07/18/17 00:26:11 42679 seconds since last log event
07/18/17 00:26:11 Pending DAG nodes:
07/18/17 00:26:11   Node a9d6ba690b49a2c573c67d131e20deca, Condor ID 7773836, status STATUS_SUBMITTED
07/18/17 00:36:11 43279 seconds since last log event
07/18/17 00:36:11 Pending DAG nodes:
07/18/17 00:36:11   Node a9d6ba690b49a2c573c67d131e20deca, Condor ID 7773836, status STATUS_SUBMITTED
07/18/17 00:46:12 43880 seconds since last log event
07/18/17 00:46:12 Pending DAG nodes:
07/18/17 00:46:12   Node a9d6ba690b49a2c573c67d131e20deca, Condor ID 7773836, status STATUS_SUBMITTED
07/18/17 00:56:12 44480 seconds since last log event
07/18/17 00:56:12 Pending DAG nodes:
07/18/17 00:56:12   Node a9d6ba690b49a2c573c67d131e20deca, Condor ID 7773836, status STATUS_SUBMITTED
07/18/17 01:06:13 45081 seconds since last log event
07/18/17 01:06:13 Pending DAG nodes:
07/18/17 01:06:13   Node a9d6ba690b49a2c573c67d131e20deca, Condor ID 7773836, status STATUS_SUBMITTED
07/18/17 01:16:14 45682 seconds since last log event
07/18/17 01:16:14 Pending DAG nodes:
07/18/17 01:16:14   Node a9d6ba690b49a2c573c67d131e20deca, Condor ID 7773836, status STATUS_SUBMITTED
07/18/17 01:26:14 46282 seconds since last log event
07/18/17 01:26:14 Pending DAG nodes:
07/18/17 01:26:14   Node a9d6ba690b49a2c573c67d131e20deca, Condor ID 7773836, status STATUS_SUBMITTED
07/18/17 01:36:14 46882 seconds since last log event
07/18/17 01:36:14 Pending DAG nodes:
07/18/17 01:36:14   Node a9d6ba690b49a2c573c67d131e20deca, Condor ID 7773836, status STATUS_SUBMITTED
07/18/17 01:46:15 47483 seconds since last log event
07/18/17 01:46:15 Pending DAG nodes:
07/18/17 01:46:15   Node a9d6ba690b49a2c573c67d131e20deca, Condor ID 7773836, status STATUS_SUBMITTED
07/18/17 01:56:16 48084 seconds since last log event
07/18/17 01:56:16 Pending DAG nodes:
07/18/17 01:56:16   Node a9d6ba690b49a2c573c67d131e20deca, Condor ID 7773836, status STATUS_SUBMITTED
07/18/17 02:06:16 48684 seconds since last log event
07/18/17 02:06:16 Pending DAG nodes:
07/18/17 02:06:16   Node a9d6ba690b49a2c573c67d131e20deca, Condor ID 7773836, status STATUS_SUBMITTED
07/18/17 02:16:18 49286 seconds since last log event
07/18/17 02:16:18 Pending DAG nodes:
07/18/17 02:16:18   Node a9d6ba690b49a2c573c67d131e20deca, Condor ID 7773836, status STATUS_SUBMITTED
07/18/17 02:26:19 49887 seconds since last log event
07/18/17 02:26:19 Pending DAG nodes:
07/18/17 02:26:19   Node a9d6ba690b49a2c573c67d131e20deca, Condor ID 7773836, status STATUS_SUBMITTED
07/18/17 02:36:19 50487 seconds since last log event
07/18/17 02:36:19 Pending DAG nodes:
07/18/17 02:36:19   Node a9d6ba690b49a2c573c67d131e20deca, Condor ID 7773836, status STATUS_SUBMITTED
07/18/17 02:46:20 51088 seconds since last log event
07/18/17 02:46:20 Pending DAG nodes:
07/18/17 02:46:20   Node a9d6ba690b49a2c573c67d131e20deca, Condor ID 7773836, status STATUS_SUBMITTED
07/18/17 02:56:21 51689 seconds since last log event
07/18/17 02:56:21 Pending DAG nodes:
07/18/17 02:56:21   Node a9d6ba690b49a2c573c67d131e20deca, Condor ID 7773836, status STATUS_SUBMITTED
07/18/17 03:00:51 Currently monitoring 1 Condor log file(s)
07/18/17 03:00:51 Event: ULOG_JOB_TERMINATED for Condor Node a9d6ba690b49a2c573c67d131e20deca (7773836.0.0)
07/18/17 03:00:51 Number of idle job procs: 0
07/18/17 03:00:51 Node a9d6ba690b49a2c573c67d131e20deca job proc (7773836.0.0) failed with status 1.
07/18/17 03:00:51 DAG status: 2 (DAG_STATUS_NODE_FAILED)
07/18/17 03:00:51 Of 1 nodes total:
07/18/17 03:00:51  Done     Pre   Queued    Post   Ready   Un-Ready   Failed
07/18/17 03:00:51   ===     ===      ===     ===     ===        ===      ===
07/18/17 03:00:51     0       0        0       0       0          0        1
07/18/17 03:00:51 0 job proc(s) currently held
07/18/17 03:00:51 ERROR: the following job(s) failed:
07/18/17 03:00:51 ---------------------- Job ----------------------
07/18/17 03:00:51       Node Name: a9d6ba690b49a2c573c67d131e20deca
07/18/17 03:00:51            Noop: false
07/18/17 03:00:51          NodeID: 0
07/18/17 03:00:51     Node Status: STATUS_ERROR    
07/18/17 03:00:51 Node return val: 1
07/18/17 03:00:51           Error: Job proc (7773836.0.0) failed with status 1
07/18/17 03:00:51 Job Submit File: /home/c1572221/Summer-project/inference-from-frames/GW150914_like_SNR_25_mode_PhenomPv2_inc_0.0_M90/PhenomPM90/lalinferencenest/IMRPhenomDthreePointFivePN/lalinference_1167559401-1167559697.dag.condor.sub
07/18/17 03:00:51   Condor Job ID: (7773836.0.0)
07/18/17 03:00:51       Q_PARENTS: <END>
07/18/17 03:00:51       Q_WAITING: <END>
07/18/17 03:00:51      Q_CHILDREN: <END>
07/18/17 03:00:51 ---------------------------------------	<END>
07/18/17 03:00:51 Aborting DAG...
07/18/17 03:00:51 Writing Rescue DAG to /home/c1572221/Summer-project/inference-from-frames/GW150914_like_SNR_25_mode_PhenomPv2_inc_0.0_M90/PhenomPM90/multidag.dag.rescue001...
07/18/17 03:00:54 Removing submitted jobs...
07/18/17 03:00:54 Removing any/all submitted Condor jobs...
07/18/17 03:00:54 Running: /usr/bin/condor_rm -const DAGManJobId' '=?=' '7773835
07/18/17 03:00:54 Note: 0 total job deferrals because of -MaxJobs limit (3000)
07/18/17 03:00:54 Note: 0 total job deferrals because of -MaxIdle limit (100)
07/18/17 03:00:54 Note: 0 total job deferrals because of node category throttles
07/18/17 03:00:54 Note: 0 total PRE script deferrals because of -MaxPre limit (20) or DEFER
07/18/17 03:00:54 Note: 0 total POST script deferrals because of -MaxPost limit (10) or DEFER
07/18/17 03:00:54 DAG status: 2 (DAG_STATUS_NODE_FAILED)
07/18/17 03:00:54 Of 1 nodes total:
07/18/17 03:00:54  Done     Pre   Queued    Post   Ready   Un-Ready   Failed
07/18/17 03:00:54   ===     ===      ===     ===     ===        ===      ===
07/18/17 03:00:54     0       0        0       0       0          0        1
07/18/17 03:00:54 0 job proc(s) currently held
07/18/17 03:00:54 Wrote metrics file /home/c1572221/Summer-project/inference-from-frames/GW150914_like_SNR_25_mode_PhenomPv2_inc_0.0_M90/PhenomPM90/multidag.dag.metrics.
07/18/17 03:00:54 Metrics not sent because of PEGASUS_METRICS or CONDOR_DEVELOPERS setting.
07/18/17 03:00:54 **** condor_scheduniv_exec.7773835.0 (condor_DAGMAN) pid 1556674 EXITING WITH STATUS 1
