/home/c1572221/public_html/LVC/GW150914-like/GW1509_like_SNR_50_mode_PhenomPv2_inc_0.0_M90/lalinferencenest/IMRPhenomDthreePointFivePN/1167559679.0-0/H1L1/L1/
/home/c1572221/public_html/LVC/GW150914-like/GW1509_like_SNR_50_mode_PhenomPv2_inc_0.0_M90/lalinferencenest/IMRPhenomDthreePointFivePN/1167559679.0-0/H1L1/L1/2Dbins/
/home/c1572221/public_html/LVC/GW150914-like/GW1509_like_SNR_50_mode_PhenomPv2_inc_0.0_M90/lalinferencenest/IMRPhenomDthreePointFivePN/1167559679.0-0/H1L1/L1/2Dkde/
/home/c1572221/public_html/LVC/GW150914-like/GW1509_like_SNR_50_mode_PhenomPv2_inc_0.0_M90/lalinferencenest/IMRPhenomDthreePointFivePN/1167559679.0-0/H1L1/L1/greedy2Dbins/
/home/c1572221/public_html/LVC/GW150914-like/GW1509_like_SNR_50_mode_PhenomPv2_inc_0.0_M90/lalinferencenest/IMRPhenomDthreePointFivePN/1167559679.0-0/H1L1/L1/1Dsamps/
/home/c1572221/public_html/LVC/GW150914-like/GW1509_like_SNR_50_mode_PhenomPv2_inc_0.0_M90/lalinferencenest/IMRPhenomDthreePointFivePN/1167559679.0-0/H1L1/L1/1Dsamps/h1v1_delay_samps.png
/home/c1572221/public_html/LVC/GW150914-like/GW1509_like_SNR_50_mode_PhenomPv2_inc_0.0_M90/lalinferencenest/IMRPhenomDthreePointFivePN/1167559679.0-0/H1L1/L1/1Dsamps/ra_samps.pdf
/home/c1572221/public_html/LVC/GW150914-like/GW1509_like_SNR_50_mode_PhenomPv2_inc_0.0_M90/lalinferencenest/IMRPhenomDthreePointFivePN/1167559679.0-0/H1L1/L1/1Dsamps/deltalogl_samps.png
/home/c1572221/public_html/LVC/GW150914-like/GW1509_like_SNR_50_mode_PhenomPv2_inc_0.0_M90/lalinferencenest/IMRPhenomDthreePointFivePN/1167559679.0-0/H1L1/L1/1Dsamps/m2_source_samps.pdf
/home/c1572221/public_html/LVC/GW150914-like/GW1509_like_SNR_50_mode_PhenomPv2_inc_0.0_M90/lalinferencenest/IMRPhenomDthreePointFivePN/1167559679.0-0/H1L1/L1/1Dsamps/logprior_samps.png
/home/c1572221/public_html/LVC/GW150914-like/GW1509_like_SNR_50_mode_PhenomPv2_inc_0.0_M90/lalinferencenest/IMRPhenomDthreePointFivePN/1167559679.0-0/H1L1/L1/1Dsamps/m1_samps.png
/home/c1572221/public_html/LVC/GW150914-like/GW1509_like_SNR_50_mode_PhenomPv2_inc_0.0_M90/lalinferencenest/IMRPhenomDthreePointFivePN/1167559679.0-0/H1L1/L1/1Dsamps/mtotal_acf.png
/home/c1572221/public_html/LVC/GW150914-like/GW1509_like_SNR_50_mode_PhenomPv2_inc_0.0_M90/lalinferencenest/IMRPhenomDthreePointFivePN/1167559679.0-0/H1L1/L1/1Dsamps/mc_samps.png
/home/c1572221/public_html/LVC/GW150914-like/GW1509_like_SNR_50_mode_PhenomPv2_inc_0.0_M90/lalinferencenest/IMRPhenomDthreePointFivePN/1167559679.0-0/H1L1/L1/1Dsamps/l_peak_acf.pdf
/home/c1572221/public_html/LVC/GW150914-like/GW1509_like_SNR_50_mode_PhenomPv2_inc_0.0_M90/lalinferencenest/IMRPhenomDthreePointFivePN/1167559679.0-0/H1L1/L1/1Dsamps/l1_cplx_snr_amp_acf.png
/home/c1572221/public_html/LVC/GW150914-like/GW1509_like_SNR_50_mode_PhenomPv2_inc_0.0_M90/lalinferencenest/IMRPhenomDthreePointFivePN/1167559679.0-0/H1L1/L1/1Dsamps/distance_samps.pdf
/home/c1572221/public_html/LVC/GW150914-like/GW1509_like_SNR_50_mode_PhenomPv2_inc_0.0_M90/lalinferencenest/IMRPhenomDthreePointFivePN/1167559679.0-0/H1L1/L1/1Dsamps/logl_samps.pdf
/home/c1572221/public_html/LVC/GW150914-like/GW1509_like_SNR_50_mode_PhenomPv2_inc_0.0_M90/lalinferencenest/IMRPhenomDthreePointFivePN/1167559679.0-0/H1L1/L1/1Dsamps/theta_jn_acf.pdf
/home/c1572221/public_html/LVC/GW150914-like/GW1509_like_SNR_50_mode_PhenomPv2_inc_0.0_M90/lalinferencenest/IMRPhenomDthreePointFivePN/1167559679.0-0/H1L1/L1/1Dsamps/l1_cplx_snr_arg_acf.png
/home/c1572221/public_html/LVC/GW150914-like/GW1509_like_SNR_50_mode_PhenomPv2_inc_0.0_M90/lalinferencenest/IMRPhenomDthreePointFivePN/1167559679.0-0/H1L1/L1/1Dsamps/optimal_snr_acf.png
/home/c1572221/public_html/LVC/GW150914-like/GW1509_like_SNR_50_mode_PhenomPv2_inc_0.0_M90/lalinferencenest/IMRPhenomDthreePointFivePN/1167559679.0-0/H1L1/L1/1Dsamps/m1_source_samps.png
/home/c1572221/public_html/LVC/GW150914-like/GW1509_like_SNR_50_mode_PhenomPv2_inc_0.0_M90/lalinferencenest/IMRPhenomDthreePointFivePN/1167559679.0-0/H1L1/L1/1Dsamps/theta_jn_samps.pdf
/home/c1572221/public_html/LVC/GW150914-like/GW1509_like_SNR_50_mode_PhenomPv2_inc_0.0_M90/lalinferencenest/IMRPhenomDthreePointFivePN/1167559679.0-0/H1L1/L1/1Dsamps/mf_source_acf.png
/home/c1572221/public_html/LVC/GW150914-like/GW1509_like_SNR_50_mode_PhenomPv2_inc_0.0_M90/lalinferencenest/IMRPhenomDthreePointFivePN/1167559679.0-0/H1L1/L1/1Dsamps/time_acf.pdf
/home/c1572221/public_html/LVC/GW150914-like/GW1509_like_SNR_50_mode_PhenomPv2_inc_0.0_M90/lalinferencenest/IMRPhenomDthreePointFivePN/1167559679.0-0/H1L1/L1/1Dsamps/mtotal_samps.pdf
/home/c1572221/public_html/LVC/GW150914-like/GW1509_like_SNR_50_mode_PhenomPv2_inc_0.0_M90/lalinferencenest/IMRPhenomDthreePointFivePN/1167559679.0-0/H1L1/L1/1Dsamps/mc_acf.png
/home/c1572221/public_html/LVC/GW150914-like/GW1509_like_SNR_50_mode_PhenomPv2_inc_0.0_M90/lalinferencenest/IMRPhenomDthreePointFivePN/1167559679.0-0/H1L1/L1/1Dsamps/chi_eff_acf.pdf
/home/c1572221/public_html/LVC/GW150914-like/GW1509_like_SNR_50_mode_PhenomPv2_inc_0.0_M90/lalinferencenest/IMRPhenomDthreePointFivePN/1167559679.0-0/H1L1/L1/1Dsamps/h1l1_delay_acf.png
/home/c1572221/public_html/LVC/GW150914-like/GW1509_like_SNR_50_mode_PhenomPv2_inc_0.0_M90/lalinferencenest/IMRPhenomDthreePointFivePN/1167559679.0-0/H1L1/L1/1Dsamps/mc_acf.pdf
/home/c1572221/public_html/LVC/GW150914-like/GW1509_like_SNR_50_mode_PhenomPv2_inc_0.0_M90/lalinferencenest/IMRPhenomDthreePointFivePN/1167559679.0-0/H1L1/L1/1Dsamps/mf_acf.png
/home/c1572221/public_html/LVC/GW150914-like/GW1509_like_SNR_50_mode_PhenomPv2_inc_0.0_M90/lalinferencenest/IMRPhenomDthreePointFivePN/1167559679.0-0/H1L1/L1/1Dsamps/m1_acf.png
/home/c1572221/public_html/LVC/GW150914-like/GW1509_like_SNR_50_mode_PhenomPv2_inc_0.0_M90/lalinferencenest/IMRPhenomDthreePointFivePN/1167559679.0-0/H1L1/L1/1Dsamps/mtotal_samps.png
/home/c1572221/public_html/LVC/GW150914-like/GW1509_like_SNR_50_mode_PhenomPv2_inc_0.0_M90/lalinferencenest/IMRPhenomDthreePointFivePN/1167559679.0-0/H1L1/L1/1Dsamps/l1_end_time_acf.pdf
/home/c1572221/public_html/LVC/GW150914-like/GW1509_like_SNR_50_mode_PhenomPv2_inc_0.0_M90/lalinferencenest/IMRPhenomDthreePointFivePN/1167559679.0-0/H1L1/L1/1Dsamps/h1_end_time_acf.png
/home/c1572221/public_html/LVC/GW150914-like/GW1509_like_SNR_50_mode_PhenomPv2_inc_0.0_M90/lalinferencenest/IMRPhenomDthreePointFivePN/1167559679.0-0/H1L1/L1/1Dsamps/v1_end_time_acf.pdf
/home/c1572221/public_html/LVC/GW150914-like/GW1509_like_SNR_50_mode_PhenomPv2_inc_0.0_M90/lalinferencenest/IMRPhenomDthreePointFivePN/1167559679.0-0/H1L1/L1/1Dsamps/a1z_samps.pdf
/home/c1572221/public_html/LVC/GW150914-like/GW1509_like_SNR_50_mode_PhenomPv2_inc_0.0_M90/lalinferencenest/IMRPhenomDthreePointFivePN/1167559679.0-0/H1L1/L1/1Dsamps/l1_optimal_snr_samps.pdf
/home/c1572221/public_html/LVC/GW150914-like/GW1509_like_SNR_50_mode_PhenomPv2_inc_0.0_M90/lalinferencenest/IMRPhenomDthreePointFivePN/1167559679.0-0/H1L1/L1/1Dsamps/logprior_acf.pdf
/home/c1572221/public_html/LVC/GW150914-like/GW1509_like_SNR_50_mode_PhenomPv2_inc_0.0_M90/lalinferencenest/IMRPhenomDthreePointFivePN/1167559679.0-0/H1L1/L1/1Dsamps/l1_optimal_snr_acf.png
/home/c1572221/public_html/LVC/GW150914-like/GW1509_like_SNR_50_mode_PhenomPv2_inc_0.0_M90/lalinferencenest/IMRPhenomDthreePointFivePN/1167559679.0-0/H1L1/L1/1Dsamps/m2_source_samps.png
/home/c1572221/public_html/LVC/GW150914-like/GW1509_like_SNR_50_mode_PhenomPv2_inc_0.0_M90/lalinferencenest/IMRPhenomDthreePointFivePN/1167559679.0-0/H1L1/L1/1Dsamps/l1_cplx_snr_arg_acf.pdf
/home/c1572221/public_html/LVC/GW150914-like/GW1509_like_SNR_50_mode_PhenomPv2_inc_0.0_M90/lalinferencenest/IMRPhenomDthreePointFivePN/1167559679.0-0/H1L1/L1/1Dsamps/time_samps.pdf
/home/c1572221/public_html/LVC/GW150914-like/GW1509_like_SNR_50_mode_PhenomPv2_inc_0.0_M90/lalinferencenest/IMRPhenomDthreePointFivePN/1167559679.0-0/H1L1/L1/1Dsamps/eta_samps.png
/home/c1572221/public_html/LVC/GW150914-like/GW1509_like_SNR_50_mode_PhenomPv2_inc_0.0_M90/lalinferencenest/IMRPhenomDthreePointFivePN/1167559679.0-0/H1L1/L1/1Dsamps/mc_source_samps.png
/home/c1572221/public_html/LVC/GW150914-like/GW1509_like_SNR_50_mode_PhenomPv2_inc_0.0_M90/lalinferencenest/IMRPhenomDthreePointFivePN/1167559679.0-0/H1L1/L1/1Dsamps/logl_samps.png
/home/c1572221/public_html/LVC/GW150914-like/GW1509_like_SNR_50_mode_PhenomPv2_inc_0.0_M90/lalinferencenest/IMRPhenomDthreePointFivePN/1167559679.0-0/H1L1/L1/1Dsamps/optimal_snr_samps.pdf
/home/c1572221/public_html/LVC/GW150914-like/GW1509_like_SNR_50_mode_PhenomPv2_inc_0.0_M90/lalinferencenest/IMRPhenomDthreePointFivePN/1167559679.0-0/H1L1/L1/1Dsamps/psi_acf.pdf
/home/c1572221/public_html/LVC/GW150914-like/GW1509_like_SNR_50_mode_PhenomPv2_inc_0.0_M90/lalinferencenest/IMRPhenomDthreePointFivePN/1167559679.0-0/H1L1/L1/1Dsamps/mf_source_samps.png
/home/c1572221/public_html/LVC/GW150914-like/GW1509_like_SNR_50_mode_PhenomPv2_inc_0.0_M90/lalinferencenest/IMRPhenomDthreePointFivePN/1167559679.0-0/H1L1/L1/1Dsamps/a1z_samps.png
/home/c1572221/public_html/LVC/GW150914-like/GW1509_like_SNR_50_mode_PhenomPv2_inc_0.0_M90/lalinferencenest/IMRPhenomDthreePointFivePN/1167559679.0-0/H1L1/L1/1Dsamps/theta_jn_acf.png
/home/c1572221/public_html/LVC/GW150914-like/GW1509_like_SNR_50_mode_PhenomPv2_inc_0.0_M90/lalinferencenest/IMRPhenomDthreePointFivePN/1167559679.0-0/H1L1/L1/1Dsamps/l1_optimal_snr_acf.pdf
/home/c1572221/public_html/LVC/GW150914-like/GW1509_like_SNR_50_mode_PhenomPv2_inc_0.0_M90/lalinferencenest/IMRPhenomDthreePointFivePN/1167559679.0-0/H1L1/L1/1Dsamps/a2z_acf.pdf
/home/c1572221/public_html/LVC/GW150914-like/GW1509_like_SNR_50_mode_PhenomPv2_inc_0.0_M90/lalinferencenest/IMRPhenomDthreePointFivePN/1167559679.0-0/H1L1/L1/1Dsamps/mc_source_samps.pdf
/home/c1572221/public_html/LVC/GW150914-like/GW1509_like_SNR_50_mode_PhenomPv2_inc_0.0_M90/lalinferencenest/IMRPhenomDthreePointFivePN/1167559679.0-0/H1L1/L1/1Dsamps/mc_samps.pdf
/home/c1572221/public_html/LVC/GW150914-like/GW1509_like_SNR_50_mode_PhenomPv2_inc_0.0_M90/lalinferencenest/IMRPhenomDthreePointFivePN/1167559679.0-0/H1L1/L1/1Dsamps/v1_end_time_acf.png
/home/c1572221/public_html/LVC/GW150914-like/GW1509_like_SNR_50_mode_PhenomPv2_inc_0.0_M90/lalinferencenest/IMRPhenomDthreePointFivePN/1167559679.0-0/H1L1/L1/1Dsamps/costheta_jn_samps.pdf
/home/c1572221/public_html/LVC/GW150914-like/GW1509_like_SNR_50_mode_PhenomPv2_inc_0.0_M90/lalinferencenest/IMRPhenomDthreePointFivePN/1167559679.0-0/H1L1/L1/1Dsamps/e_rad_samps.pdf
/home/c1572221/public_html/LVC/GW150914-like/GW1509_like_SNR_50_mode_PhenomPv2_inc_0.0_M90/lalinferencenest/IMRPhenomDthreePointFivePN/1167559679.0-0/H1L1/L1/1Dsamps/l1_cplx_snr_arg_samps.pdf
/home/c1572221/public_html/LVC/GW150914-like/GW1509_like_SNR_50_mode_PhenomPv2_inc_0.0_M90/lalinferencenest/IMRPhenomDthreePointFivePN/1167559679.0-0/H1L1/L1/1Dsamps/q_samps.pdf
/home/c1572221/public_html/LVC/GW150914-like/GW1509_like_SNR_50_mode_PhenomPv2_inc_0.0_M90/lalinferencenest/IMRPhenomDthreePointFivePN/1167559679.0-0/H1L1/L1/1Dsamps/distance_acf.png
/home/c1572221/public_html/LVC/GW150914-like/GW1509_like_SNR_50_mode_PhenomPv2_inc_0.0_M90/lalinferencenest/IMRPhenomDthreePointFivePN/1167559679.0-0/H1L1/L1/1Dsamps/af_acf.png
/home/c1572221/public_html/LVC/GW150914-like/GW1509_like_SNR_50_mode_PhenomPv2_inc_0.0_M90/lalinferencenest/IMRPhenomDthreePointFivePN/1167559679.0-0/H1L1/L1/1Dsamps/l_peak_samps.png
/home/c1572221/public_html/LVC/GW150914-like/GW1509_like_SNR_50_mode_PhenomPv2_inc_0.0_M90/lalinferencenest/IMRPhenomDthreePointFivePN/1167559679.0-0/H1L1/L1/1Dsamps/psi_acf.png
/home/c1572221/public_html/LVC/GW150914-like/GW1509_like_SNR_50_mode_PhenomPv2_inc_0.0_M90/lalinferencenest/IMRPhenomDthreePointFivePN/1167559679.0-0/H1L1/L1/1Dsamps/phase_acf.png
/home/c1572221/public_html/LVC/GW150914-like/GW1509_like_SNR_50_mode_PhenomPv2_inc_0.0_M90/lalinferencenest/IMRPhenomDthreePointFivePN/1167559679.0-0/H1L1/L1/1Dsamps/h1_end_time_samps.pdf
/home/c1572221/public_html/LVC/GW150914-like/GW1509_like_SNR_50_mode_PhenomPv2_inc_0.0_M90/lalinferencenest/IMRPhenomDthreePointFivePN/1167559679.0-0/H1L1/L1/1Dsamps/h1_end_time_acf.pdf
/home/c1572221/public_html/LVC/GW150914-like/GW1509_like_SNR_50_mode_PhenomPv2_inc_0.0_M90/lalinferencenest/IMRPhenomDthreePointFivePN/1167559679.0-0/H1L1/L1/1Dsamps/chi_eff_samps.png
/home/c1572221/public_html/LVC/GW150914-like/GW1509_like_SNR_50_mode_PhenomPv2_inc_0.0_M90/lalinferencenest/IMRPhenomDthreePointFivePN/1167559679.0-0/H1L1/L1/1Dsamps/l1_end_time_samps.pdf
/home/c1572221/public_html/LVC/GW150914-like/GW1509_like_SNR_50_mode_PhenomPv2_inc_0.0_M90/lalinferencenest/IMRPhenomDthreePointFivePN/1167559679.0-0/H1L1/L1/1Dsamps/phase_acf.pdf
/home/c1572221/public_html/LVC/GW150914-like/GW1509_like_SNR_50_mode_PhenomPv2_inc_0.0_M90/lalinferencenest/IMRPhenomDthreePointFivePN/1167559679.0-0/H1L1/L1/1Dsamps/psi_samps.png
/home/c1572221/public_html/LVC/GW150914-like/GW1509_like_SNR_50_mode_PhenomPv2_inc_0.0_M90/lalinferencenest/IMRPhenomDthreePointFivePN/1167559679.0-0/H1L1/L1/1Dsamps/optimal_snr_samps.png
/home/c1572221/public_html/LVC/GW150914-like/GW1509_like_SNR_50_mode_PhenomPv2_inc_0.0_M90/lalinferencenest/IMRPhenomDthreePointFivePN/1167559679.0-0/H1L1/L1/1Dsamps/chi_eff_samps.pdf
/home/c1572221/public_html/LVC/GW150914-like/GW1509_like_SNR_50_mode_PhenomPv2_inc_0.0_M90/lalinferencenest/IMRPhenomDthreePointFivePN/1167559679.0-0/H1L1/L1/1Dsamps/mf_acf.pdf
/home/c1572221/public_html/LVC/GW150914-like/GW1509_like_SNR_50_mode_PhenomPv2_inc_0.0_M90/lalinferencenest/IMRPhenomDthreePointFivePN/1167559679.0-0/H1L1/L1/1Dsamps/m1_source_acf.png
/home/c1572221/public_html/LVC/GW150914-like/GW1509_like_SNR_50_mode_PhenomPv2_inc_0.0_M90/lalinferencenest/IMRPhenomDthreePointFivePN/1167559679.0-0/H1L1/L1/1Dsamps/a1_samps.png
/home/c1572221/public_html/LVC/GW150914-like/GW1509_like_SNR_50_mode_PhenomPv2_inc_0.0_M90/lalinferencenest/IMRPhenomDthreePointFivePN/1167559679.0-0/H1L1/L1/1Dsamps/l1v1_delay_acf.pdf
/home/c1572221/public_html/LVC/GW150914-like/GW1509_like_SNR_50_mode_PhenomPv2_inc_0.0_M90/lalinferencenest/IMRPhenomDthreePointFivePN/1167559679.0-0/H1L1/L1/1Dsamps/l_peak_samps.pdf
/home/c1572221/public_html/LVC/GW150914-like/GW1509_like_SNR_50_mode_PhenomPv2_inc_0.0_M90/lalinferencenest/IMRPhenomDthreePointFivePN/1167559679.0-0/H1L1/L1/1Dsamps/a1z_acf.png
/home/c1572221/public_html/LVC/GW150914-like/GW1509_like_SNR_50_mode_PhenomPv2_inc_0.0_M90/lalinferencenest/IMRPhenomDthreePointFivePN/1167559679.0-0/H1L1/L1/1Dsamps/a1_acf.png
/home/c1572221/public_html/LVC/GW150914-like/GW1509_like_SNR_50_mode_PhenomPv2_inc_0.0_M90/lalinferencenest/IMRPhenomDthreePointFivePN/1167559679.0-0/H1L1/L1/1Dsamps/mtotal_source_acf.pdf
/home/c1572221/public_html/LVC/GW150914-like/GW1509_like_SNR_50_mode_PhenomPv2_inc_0.0_M90/lalinferencenest/IMRPhenomDthreePointFivePN/1167559679.0-0/H1L1/L1/1Dsamps/a2_acf.pdf
/home/c1572221/public_html/LVC/GW150914-like/GW1509_like_SNR_50_mode_PhenomPv2_inc_0.0_M90/lalinferencenest/IMRPhenomDthreePointFivePN/1167559679.0-0/H1L1/L1/1Dsamps/m1_source_samps.pdf
/home/c1572221/public_html/LVC/GW150914-like/GW1509_like_SNR_50_mode_PhenomPv2_inc_0.0_M90/lalinferencenest/IMRPhenomDthreePointFivePN/1167559679.0-0/H1L1/L1/1Dsamps/l1_cplx_snr_arg_samps.png
/home/c1572221/public_html/LVC/GW150914-like/GW1509_like_SNR_50_mode_PhenomPv2_inc_0.0_M90/lalinferencenest/IMRPhenomDthreePointFivePN/1167559679.0-0/H1L1/L1/1Dsamps/a2_samps.pdf
/home/c1572221/public_html/LVC/GW150914-like/GW1509_like_SNR_50_mode_PhenomPv2_inc_0.0_M90/lalinferencenest/IMRPhenomDthreePointFivePN/1167559679.0-0/H1L1/L1/1Dsamps/l1v1_delay_samps.png
/home/c1572221/public_html/LVC/GW150914-like/GW1509_like_SNR_50_mode_PhenomPv2_inc_0.0_M90/lalinferencenest/IMRPhenomDthreePointFivePN/1167559679.0-0/H1L1/L1/1Dsamps/redshift_samps.png
/home/c1572221/public_html/LVC/GW150914-like/GW1509_like_SNR_50_mode_PhenomPv2_inc_0.0_M90/lalinferencenest/IMRPhenomDthreePointFivePN/1167559679.0-0/H1L1/L1/1Dsamps/distance_samps.png
/home/c1572221/public_html/LVC/GW150914-like/GW1509_like_SNR_50_mode_PhenomPv2_inc_0.0_M90/lalinferencenest/IMRPhenomDthreePointFivePN/1167559679.0-0/H1L1/L1/1Dsamps/mtotal_source_samps.pdf
/home/c1572221/public_html/LVC/GW150914-like/GW1509_like_SNR_50_mode_PhenomPv2_inc_0.0_M90/lalinferencenest/IMRPhenomDthreePointFivePN/1167559679.0-0/H1L1/L1/1Dsamps/redshift_samps.pdf
/home/c1572221/public_html/LVC/GW150914-like/GW1509_like_SNR_50_mode_PhenomPv2_inc_0.0_M90/lalinferencenest/IMRPhenomDthreePointFivePN/1167559679.0-0/H1L1/L1/1Dsamps/v1_end_time_samps.pdf
/home/c1572221/public_html/LVC/GW150914-like/GW1509_like_SNR_50_mode_PhenomPv2_inc_0.0_M90/lalinferencenest/IMRPhenomDthreePointFivePN/1167559679.0-0/H1L1/L1/1Dsamps/matched_filter_snr_acf.png
/home/c1572221/public_html/LVC/GW150914-like/GW1509_like_SNR_50_mode_PhenomPv2_inc_0.0_M90/lalinferencenest/IMRPhenomDthreePointFivePN/1167559679.0-0/H1L1/L1/1Dsamps/mtotal_acf.pdf
/home/c1572221/public_html/LVC/GW150914-like/GW1509_like_SNR_50_mode_PhenomPv2_inc_0.0_M90/lalinferencenest/IMRPhenomDthreePointFivePN/1167559679.0-0/H1L1/L1/1Dsamps/deltalogll1_samps.png
/home/c1572221/public_html/LVC/GW150914-like/GW1509_like_SNR_50_mode_PhenomPv2_inc_0.0_M90/lalinferencenest/IMRPhenomDthreePointFivePN/1167559679.0-0/H1L1/L1/1Dsamps/h1v1_delay_acf.png
/home/c1572221/public_html/LVC/GW150914-like/GW1509_like_SNR_50_mode_PhenomPv2_inc_0.0_M90/lalinferencenest/IMRPhenomDthreePointFivePN/1167559679.0-0/H1L1/L1/1Dsamps/q_acf.pdf
/home/c1572221/public_html/LVC/GW150914-like/GW1509_like_SNR_50_mode_PhenomPv2_inc_0.0_M90/lalinferencenest/IMRPhenomDthreePointFivePN/1167559679.0-0/H1L1/L1/1Dsamps/h1v1_delay_acf.pdf
/home/c1572221/public_html/LVC/GW150914-like/GW1509_like_SNR_50_mode_PhenomPv2_inc_0.0_M90/lalinferencenest/IMRPhenomDthreePointFivePN/1167559679.0-0/H1L1/L1/1Dsamps/l1v1_delay_acf.png
/home/c1572221/public_html/LVC/GW150914-like/GW1509_like_SNR_50_mode_PhenomPv2_inc_0.0_M90/lalinferencenest/IMRPhenomDthreePointFivePN/1167559679.0-0/H1L1/L1/1Dsamps/a2z_samps.pdf
/home/c1572221/public_html/LVC/GW150914-like/GW1509_like_SNR_50_mode_PhenomPv2_inc_0.0_M90/lalinferencenest/IMRPhenomDthreePointFivePN/1167559679.0-0/H1L1/L1/1Dsamps/m2_source_acf.png
/home/c1572221/public_html/LVC/GW150914-like/GW1509_like_SNR_50_mode_PhenomPv2_inc_0.0_M90/lalinferencenest/IMRPhenomDthreePointFivePN/1167559679.0-0/H1L1/L1/1Dsamps/eta_acf.png
/home/c1572221/public_html/LVC/GW150914-like/GW1509_like_SNR_50_mode_PhenomPv2_inc_0.0_M90/lalinferencenest/IMRPhenomDthreePointFivePN/1167559679.0-0/H1L1/L1/1Dsamps/mf_samps.pdf
/home/c1572221/public_html/LVC/GW150914-like/GW1509_like_SNR_50_mode_PhenomPv2_inc_0.0_M90/lalinferencenest/IMRPhenomDthreePointFivePN/1167559679.0-0/H1L1/L1/1Dsamps/af_acf.pdf
/home/c1572221/public_html/LVC/GW150914-like/GW1509_like_SNR_50_mode_PhenomPv2_inc_0.0_M90/lalinferencenest/IMRPhenomDthreePointFivePN/1167559679.0-0/H1L1/L1/1Dsamps/l1_end_time_acf.png
/home/c1572221/public_html/LVC/GW150914-like/GW1509_like_SNR_50_mode_PhenomPv2_inc_0.0_M90/lalinferencenest/IMRPhenomDthreePointFivePN/1167559679.0-0/H1L1/L1/1Dsamps/m2_samps.png
/home/c1572221/public_html/LVC/GW150914-like/GW1509_like_SNR_50_mode_PhenomPv2_inc_0.0_M90/lalinferencenest/IMRPhenomDthreePointFivePN/1167559679.0-0/H1L1/L1/1Dsamps/phase_samps.pdf
/home/c1572221/public_html/LVC/GW150914-like/GW1509_like_SNR_50_mode_PhenomPv2_inc_0.0_M90/lalinferencenest/IMRPhenomDthreePointFivePN/1167559679.0-0/H1L1/L1/1Dsamps/e_rad_samps.png
/home/c1572221/public_html/LVC/GW150914-like/GW1509_like_SNR_50_mode_PhenomPv2_inc_0.0_M90/lalinferencenest/IMRPhenomDthreePointFivePN/1167559679.0-0/H1L1/L1/1Dsamps/q_samps.png
/home/c1572221/public_html/LVC/GW150914-like/GW1509_like_SNR_50_mode_PhenomPv2_inc_0.0_M90/lalinferencenest/IMRPhenomDthreePointFivePN/1167559679.0-0/H1L1/L1/1Dsamps/m2_source_acf.pdf
/home/c1572221/public_html/LVC/GW150914-like/GW1509_like_SNR_50_mode_PhenomPv2_inc_0.0_M90/lalinferencenest/IMRPhenomDthreePointFivePN/1167559679.0-0/H1L1/L1/1Dsamps/mtotal_source_samps.png
/home/c1572221/public_html/LVC/GW150914-like/GW1509_like_SNR_50_mode_PhenomPv2_inc_0.0_M90/lalinferencenest/IMRPhenomDthreePointFivePN/1167559679.0-0/H1L1/L1/1Dsamps/ra_acf.pdf
/home/c1572221/public_html/LVC/GW150914-like/GW1509_like_SNR_50_mode_PhenomPv2_inc_0.0_M90/lalinferencenest/IMRPhenomDthreePointFivePN/1167559679.0-0/H1L1/L1/1Dsamps/dec_samps.pdf
/home/c1572221/public_html/LVC/GW150914-like/GW1509_like_SNR_50_mode_PhenomPv2_inc_0.0_M90/lalinferencenest/IMRPhenomDthreePointFivePN/1167559679.0-0/H1L1/L1/1Dsamps/m2_samps.pdf
/home/c1572221/public_html/LVC/GW150914-like/GW1509_like_SNR_50_mode_PhenomPv2_inc_0.0_M90/lalinferencenest/IMRPhenomDthreePointFivePN/1167559679.0-0/H1L1/L1/1Dsamps/m1_source_acf.pdf
/home/c1572221/public_html/LVC/GW150914-like/GW1509_like_SNR_50_mode_PhenomPv2_inc_0.0_M90/lalinferencenest/IMRPhenomDthreePointFivePN/1167559679.0-0/H1L1/L1/1Dsamps/a2z_samps.png
/home/c1572221/public_html/LVC/GW150914-like/GW1509_like_SNR_50_mode_PhenomPv2_inc_0.0_M90/lalinferencenest/IMRPhenomDthreePointFivePN/1167559679.0-0/H1L1/L1/1Dsamps/l1_end_time_samps.png
/home/c1572221/public_html/LVC/GW150914-like/GW1509_like_SNR_50_mode_PhenomPv2_inc_0.0_M90/lalinferencenest/IMRPhenomDthreePointFivePN/1167559679.0-0/H1L1/L1/1Dsamps/a1z_acf.pdf
/home/c1572221/public_html/LVC/GW150914-like/GW1509_like_SNR_50_mode_PhenomPv2_inc_0.0_M90/lalinferencenest/IMRPhenomDthreePointFivePN/1167559679.0-0/H1L1/L1/1Dsamps/a2z_acf.png
/home/c1572221/public_html/LVC/GW150914-like/GW1509_like_SNR_50_mode_PhenomPv2_inc_0.0_M90/lalinferencenest/IMRPhenomDthreePointFivePN/1167559679.0-0/H1L1/L1/1Dsamps/matched_filter_snr_samps.png
/home/c1572221/public_html/LVC/GW150914-like/GW1509_like_SNR_50_mode_PhenomPv2_inc_0.0_M90/lalinferencenest/IMRPhenomDthreePointFivePN/1167559679.0-0/H1L1/L1/1Dsamps/deltalogll1_samps.pdf
/home/c1572221/public_html/LVC/GW150914-like/GW1509_like_SNR_50_mode_PhenomPv2_inc_0.0_M90/lalinferencenest/IMRPhenomDthreePointFivePN/1167559679.0-0/H1L1/L1/1Dsamps/h1l1_delay_samps.png
/home/c1572221/public_html/LVC/GW150914-like/GW1509_like_SNR_50_mode_PhenomPv2_inc_0.0_M90/lalinferencenest/IMRPhenomDthreePointFivePN/1167559679.0-0/H1L1/L1/1Dsamps/mf_samps.png
/home/c1572221/public_html/LVC/GW150914-like/GW1509_like_SNR_50_mode_PhenomPv2_inc_0.0_M90/lalinferencenest/IMRPhenomDthreePointFivePN/1167559679.0-0/H1L1/L1/1Dsamps/psi_samps.pdf
/home/c1572221/public_html/LVC/GW150914-like/GW1509_like_SNR_50_mode_PhenomPv2_inc_0.0_M90/lalinferencenest/IMRPhenomDthreePointFivePN/1167559679.0-0/H1L1/L1/1Dsamps/redshift_acf.pdf
/home/c1572221/public_html/LVC/GW150914-like/GW1509_like_SNR_50_mode_PhenomPv2_inc_0.0_M90/lalinferencenest/IMRPhenomDthreePointFivePN/1167559679.0-0/H1L1/L1/1Dsamps/m2_acf.pdf
/home/c1572221/public_html/LVC/GW150914-like/GW1509_like_SNR_50_mode_PhenomPv2_inc_0.0_M90/lalinferencenest/IMRPhenomDthreePointFivePN/1167559679.0-0/H1L1/L1/1Dsamps/l1_cplx_snr_amp_samps.png
/home/c1572221/public_html/LVC/GW150914-like/GW1509_like_SNR_50_mode_PhenomPv2_inc_0.0_M90/lalinferencenest/IMRPhenomDthreePointFivePN/1167559679.0-0/H1L1/L1/1Dsamps/q_acf.png
/home/c1572221/public_html/LVC/GW150914-like/GW1509_like_SNR_50_mode_PhenomPv2_inc_0.0_M90/lalinferencenest/IMRPhenomDthreePointFivePN/1167559679.0-0/H1L1/L1/1Dsamps/l1v1_delay_samps.pdf
/home/c1572221/public_html/LVC/GW150914-like/GW1509_like_SNR_50_mode_PhenomPv2_inc_0.0_M90/lalinferencenest/IMRPhenomDthreePointFivePN/1167559679.0-0/H1L1/L1/1Dsamps/h1_end_time_samps.png
/home/c1572221/public_html/LVC/GW150914-like/GW1509_like_SNR_50_mode_PhenomPv2_inc_0.0_M90/lalinferencenest/IMRPhenomDthreePointFivePN/1167559679.0-0/H1L1/L1/1Dsamps/logl_acf.pdf
/home/c1572221/public_html/LVC/GW150914-like/GW1509_like_SNR_50_mode_PhenomPv2_inc_0.0_M90/lalinferencenest/IMRPhenomDthreePointFivePN/1167559679.0-0/H1L1/L1/1Dsamps/matched_filter_snr_samps.pdf
/home/c1572221/public_html/LVC/GW150914-like/GW1509_like_SNR_50_mode_PhenomPv2_inc_0.0_M90/lalinferencenest/IMRPhenomDthreePointFivePN/1167559679.0-0/H1L1/L1/1Dsamps/e_rad_acf.png
/home/c1572221/public_html/LVC/GW150914-like/GW1509_like_SNR_50_mode_PhenomPv2_inc_0.0_M90/lalinferencenest/IMRPhenomDthreePointFivePN/1167559679.0-0/H1L1/L1/1Dsamps/matched_filter_snr_acf.pdf
/home/c1572221/public_html/LVC/GW150914-like/GW1509_like_SNR_50_mode_PhenomPv2_inc_0.0_M90/lalinferencenest/IMRPhenomDthreePointFivePN/1167559679.0-0/H1L1/L1/1Dsamps/mf_source_samps.pdf
/home/c1572221/public_html/LVC/GW150914-like/GW1509_like_SNR_50_mode_PhenomPv2_inc_0.0_M90/lalinferencenest/IMRPhenomDthreePointFivePN/1167559679.0-0/H1L1/L1/1Dsamps/time_samps.png
/home/c1572221/public_html/LVC/GW150914-like/GW1509_like_SNR_50_mode_PhenomPv2_inc_0.0_M90/lalinferencenest/IMRPhenomDthreePointFivePN/1167559679.0-0/H1L1/L1/1Dsamps/m2_acf.png
/home/c1572221/public_html/LVC/GW150914-like/GW1509_like_SNR_50_mode_PhenomPv2_inc_0.0_M90/lalinferencenest/IMRPhenomDthreePointFivePN/1167559679.0-0/H1L1/L1/1Dsamps/optimal_snr_acf.pdf
/home/c1572221/public_html/LVC/GW150914-like/GW1509_like_SNR_50_mode_PhenomPv2_inc_0.0_M90/lalinferencenest/IMRPhenomDthreePointFivePN/1167559679.0-0/H1L1/L1/1Dsamps/l1_cplx_snr_amp_acf.pdf
/home/c1572221/public_html/LVC/GW150914-like/GW1509_like_SNR_50_mode_PhenomPv2_inc_0.0_M90/lalinferencenest/IMRPhenomDthreePointFivePN/1167559679.0-0/H1L1/L1/1Dsamps/h1l1_delay_acf.pdf
/home/c1572221/public_html/LVC/GW150914-like/GW1509_like_SNR_50_mode_PhenomPv2_inc_0.0_M90/lalinferencenest/IMRPhenomDthreePointFivePN/1167559679.0-0/H1L1/L1/1Dsamps/l1_cplx_snr_amp_samps.pdf
/home/c1572221/public_html/LVC/GW150914-like/GW1509_like_SNR_50_mode_PhenomPv2_inc_0.0_M90/lalinferencenest/IMRPhenomDthreePointFivePN/1167559679.0-0/H1L1/L1/1Dsamps/v1_end_time_samps.png
/home/c1572221/public_html/LVC/GW150914-like/GW1509_like_SNR_50_mode_PhenomPv2_inc_0.0_M90/lalinferencenest/IMRPhenomDthreePointFivePN/1167559679.0-0/H1L1/L1/1Dsamps/a1_acf.pdf
/home/c1572221/public_html/LVC/GW150914-like/GW1509_like_SNR_50_mode_PhenomPv2_inc_0.0_M90/lalinferencenest/IMRPhenomDthreePointFivePN/1167559679.0-0/H1L1/L1/1Dsamps/redshift_acf.png
/home/c1572221/public_html/LVC/GW150914-like/GW1509_like_SNR_50_mode_PhenomPv2_inc_0.0_M90/lalinferencenest/IMRPhenomDthreePointFivePN/1167559679.0-0/H1L1/L1/1Dsamps/costheta_jn_acf.pdf
/home/c1572221/public_html/LVC/GW150914-like/GW1509_like_SNR_50_mode_PhenomPv2_inc_0.0_M90/lalinferencenest/IMRPhenomDthreePointFivePN/1167559679.0-0/H1L1/L1/1Dsamps/e_rad_acf.pdf
/home/c1572221/public_html/LVC/GW150914-like/GW1509_like_SNR_50_mode_PhenomPv2_inc_0.0_M90/lalinferencenest/IMRPhenomDthreePointFivePN/1167559679.0-0/H1L1/L1/1Dsamps/logprior_samps.pdf
/home/c1572221/public_html/LVC/GW150914-like/GW1509_like_SNR_50_mode_PhenomPv2_inc_0.0_M90/lalinferencenest/IMRPhenomDthreePointFivePN/1167559679.0-0/H1L1/L1/1Dsamps/m1_acf.pdf
/home/c1572221/public_html/LVC/GW150914-like/GW1509_like_SNR_50_mode_PhenomPv2_inc_0.0_M90/lalinferencenest/IMRPhenomDthreePointFivePN/1167559679.0-0/H1L1/L1/1Dsamps/phase_samps.png
/home/c1572221/public_html/LVC/GW150914-like/GW1509_like_SNR_50_mode_PhenomPv2_inc_0.0_M90/lalinferencenest/IMRPhenomDthreePointFivePN/1167559679.0-0/H1L1/L1/1Dsamps/deltalogll1_acf.pdf
/home/c1572221/public_html/LVC/GW150914-like/GW1509_like_SNR_50_mode_PhenomPv2_inc_0.0_M90/lalinferencenest/IMRPhenomDthreePointFivePN/1167559679.0-0/H1L1/L1/1Dsamps/costheta_jn_samps.png
/home/c1572221/public_html/LVC/GW150914-like/GW1509_like_SNR_50_mode_PhenomPv2_inc_0.0_M90/lalinferencenest/IMRPhenomDthreePointFivePN/1167559679.0-0/H1L1/L1/1Dsamps/logprior_acf.png
/home/c1572221/public_html/LVC/GW150914-like/GW1509_like_SNR_50_mode_PhenomPv2_inc_0.0_M90/lalinferencenest/IMRPhenomDthreePointFivePN/1167559679.0-0/H1L1/L1/1Dsamps/h1v1_delay_samps.pdf
/home/c1572221/public_html/LVC/GW150914-like/GW1509_like_SNR_50_mode_PhenomPv2_inc_0.0_M90/lalinferencenest/IMRPhenomDthreePointFivePN/1167559679.0-0/H1L1/L1/1Dsamps/af_samps.pdf
/home/c1572221/public_html/LVC/GW150914-like/GW1509_like_SNR_50_mode_PhenomPv2_inc_0.0_M90/lalinferencenest/IMRPhenomDthreePointFivePN/1167559679.0-0/H1L1/L1/1Dsamps/a1_samps.pdf
/home/c1572221/public_html/LVC/GW150914-like/GW1509_like_SNR_50_mode_PhenomPv2_inc_0.0_M90/lalinferencenest/IMRPhenomDthreePointFivePN/1167559679.0-0/H1L1/L1/1Dsamps/costheta_jn_acf.png
/home/c1572221/public_html/LVC/GW150914-like/GW1509_like_SNR_50_mode_PhenomPv2_inc_0.0_M90/lalinferencenest/IMRPhenomDthreePointFivePN/1167559679.0-0/H1L1/L1/1Dsamps/mf_source_acf.pdf
/home/c1572221/public_html/LVC/GW150914-like/GW1509_like_SNR_50_mode_PhenomPv2_inc_0.0_M90/lalinferencenest/IMRPhenomDthreePointFivePN/1167559679.0-0/H1L1/L1/1Dsamps/theta_jn_samps.png
/home/c1572221/public_html/LVC/GW150914-like/GW1509_like_SNR_50_mode_PhenomPv2_inc_0.0_M90/lalinferencenest/IMRPhenomDthreePointFivePN/1167559679.0-0/H1L1/L1/1Dsamps/af_samps.png
/home/c1572221/public_html/LVC/GW150914-like/GW1509_like_SNR_50_mode_PhenomPv2_inc_0.0_M90/lalinferencenest/IMRPhenomDthreePointFivePN/1167559679.0-0/H1L1/L1/1Dsamps/l1_optimal_snr_samps.png
/home/c1572221/public_html/LVC/GW150914-like/GW1509_like_SNR_50_mode_PhenomPv2_inc_0.0_M90/lalinferencenest/IMRPhenomDthreePointFivePN/1167559679.0-0/H1L1/L1/1Dsamps/dec_acf.png
/home/c1572221/public_html/LVC/GW150914-like/GW1509_like_SNR_50_mode_PhenomPv2_inc_0.0_M90/lalinferencenest/IMRPhenomDthreePointFivePN/1167559679.0-0/H1L1/L1/1Dsamps/ra_acf.png
/home/c1572221/public_html/LVC/GW150914-like/GW1509_like_SNR_50_mode_PhenomPv2_inc_0.0_M90/lalinferencenest/IMRPhenomDthreePointFivePN/1167559679.0-0/H1L1/L1/1Dsamps/deltalogl_acf.png
/home/c1572221/public_html/LVC/GW150914-like/GW1509_like_SNR_50_mode_PhenomPv2_inc_0.0_M90/lalinferencenest/IMRPhenomDthreePointFivePN/1167559679.0-0/H1L1/L1/1Dsamps/chi_eff_acf.png
/home/c1572221/public_html/LVC/GW150914-like/GW1509_like_SNR_50_mode_PhenomPv2_inc_0.0_M90/lalinferencenest/IMRPhenomDthreePointFivePN/1167559679.0-0/H1L1/L1/1Dsamps/time_acf.png
/home/c1572221/public_html/LVC/GW150914-like/GW1509_like_SNR_50_mode_PhenomPv2_inc_0.0_M90/lalinferencenest/IMRPhenomDthreePointFivePN/1167559679.0-0/H1L1/L1/1Dsamps/deltalogl_acf.pdf
/home/c1572221/public_html/LVC/GW150914-like/GW1509_like_SNR_50_mode_PhenomPv2_inc_0.0_M90/lalinferencenest/IMRPhenomDthreePointFivePN/1167559679.0-0/H1L1/L1/1Dsamps/mtotal_source_acf.png
/home/c1572221/public_html/LVC/GW150914-like/GW1509_like_SNR_50_mode_PhenomPv2_inc_0.0_M90/lalinferencenest/IMRPhenomDthreePointFivePN/1167559679.0-0/H1L1/L1/1Dsamps/dec_samps.png
/home/c1572221/public_html/LVC/GW150914-like/GW1509_like_SNR_50_mode_PhenomPv2_inc_0.0_M90/lalinferencenest/IMRPhenomDthreePointFivePN/1167559679.0-0/H1L1/L1/1Dsamps/m1_samps.pdf
/home/c1572221/public_html/LVC/GW150914-like/GW1509_like_SNR_50_mode_PhenomPv2_inc_0.0_M90/lalinferencenest/IMRPhenomDthreePointFivePN/1167559679.0-0/H1L1/L1/1Dsamps/deltalogll1_acf.png
/home/c1572221/public_html/LVC/GW150914-like/GW1509_like_SNR_50_mode_PhenomPv2_inc_0.0_M90/lalinferencenest/IMRPhenomDthreePointFivePN/1167559679.0-0/H1L1/L1/1Dsamps/h1l1_delay_samps.pdf
/home/c1572221/public_html/LVC/GW150914-like/GW1509_like_SNR_50_mode_PhenomPv2_inc_0.0_M90/lalinferencenest/IMRPhenomDthreePointFivePN/1167559679.0-0/H1L1/L1/1Dsamps/l_peak_acf.png
/home/c1572221/public_html/LVC/GW150914-like/GW1509_like_SNR_50_mode_PhenomPv2_inc_0.0_M90/lalinferencenest/IMRPhenomDthreePointFivePN/1167559679.0-0/H1L1/L1/1Dsamps/logl_acf.png
/home/c1572221/public_html/LVC/GW150914-like/GW1509_like_SNR_50_mode_PhenomPv2_inc_0.0_M90/lalinferencenest/IMRPhenomDthreePointFivePN/1167559679.0-0/H1L1/L1/1Dsamps/ra_samps.png
/home/c1572221/public_html/LVC/GW150914-like/GW1509_like_SNR_50_mode_PhenomPv2_inc_0.0_M90/lalinferencenest/IMRPhenomDthreePointFivePN/1167559679.0-0/H1L1/L1/1Dsamps/deltalogl_samps.pdf
/home/c1572221/public_html/LVC/GW150914-like/GW1509_like_SNR_50_mode_PhenomPv2_inc_0.0_M90/lalinferencenest/IMRPhenomDthreePointFivePN/1167559679.0-0/H1L1/L1/1Dsamps/distance_acf.pdf
/home/c1572221/public_html/LVC/GW150914-like/GW1509_like_SNR_50_mode_PhenomPv2_inc_0.0_M90/lalinferencenest/IMRPhenomDthreePointFivePN/1167559679.0-0/H1L1/L1/1Dsamps/mc_source_acf.pdf
/home/c1572221/public_html/LVC/GW150914-like/GW1509_like_SNR_50_mode_PhenomPv2_inc_0.0_M90/lalinferencenest/IMRPhenomDthreePointFivePN/1167559679.0-0/H1L1/L1/1Dsamps/mc_source_acf.png
/home/c1572221/public_html/LVC/GW150914-like/GW1509_like_SNR_50_mode_PhenomPv2_inc_0.0_M90/lalinferencenest/IMRPhenomDthreePointFivePN/1167559679.0-0/H1L1/L1/1Dsamps/eta_samps.pdf
/home/c1572221/public_html/LVC/GW150914-like/GW1509_like_SNR_50_mode_PhenomPv2_inc_0.0_M90/lalinferencenest/IMRPhenomDthreePointFivePN/1167559679.0-0/H1L1/L1/1Dsamps/a2_samps.png
/home/c1572221/public_html/LVC/GW150914-like/GW1509_like_SNR_50_mode_PhenomPv2_inc_0.0_M90/lalinferencenest/IMRPhenomDthreePointFivePN/1167559679.0-0/H1L1/L1/1Dsamps/dec_acf.pdf
/home/c1572221/public_html/LVC/GW150914-like/GW1509_like_SNR_50_mode_PhenomPv2_inc_0.0_M90/lalinferencenest/IMRPhenomDthreePointFivePN/1167559679.0-0/H1L1/L1/1Dsamps/eta_acf.pdf
/home/c1572221/public_html/LVC/GW150914-like/GW1509_like_SNR_50_mode_PhenomPv2_inc_0.0_M90/lalinferencenest/IMRPhenomDthreePointFivePN/1167559679.0-0/H1L1/L1/1Dsamps/a2_acf.png
/home/c1572221/public_html/LVC/GW150914-like/GW1509_like_SNR_50_mode_PhenomPv2_inc_0.0_M90/lalinferencenest/IMRPhenomDthreePointFivePN/1167559679.0-0/H1L1/L1/dic.dat
/home/c1572221/public_html/LVC/GW150914-like/GW1509_like_SNR_50_mode_PhenomPv2_inc_0.0_M90/lalinferencenest/IMRPhenomDthreePointFivePN/1167559679.0-0/H1L1/L1/1Dpdf/
/home/c1572221/public_html/LVC/GW150914-like/GW1509_like_SNR_50_mode_PhenomPv2_inc_0.0_M90/lalinferencenest/IMRPhenomDthreePointFivePN/1167559679.0-0/H1L1/L1/1Dpdf/e_rad.pdf
/home/c1572221/public_html/LVC/GW150914-like/GW1509_like_SNR_50_mode_PhenomPv2_inc_0.0_M90/lalinferencenest/IMRPhenomDthreePointFivePN/1167559679.0-0/H1L1/L1/1Dpdf/ra.png
/home/c1572221/public_html/LVC/GW150914-like/GW1509_like_SNR_50_mode_PhenomPv2_inc_0.0_M90/lalinferencenest/IMRPhenomDthreePointFivePN/1167559679.0-0/H1L1/L1/1Dpdf/m2_source.png
/home/c1572221/public_html/LVC/GW150914-like/GW1509_like_SNR_50_mode_PhenomPv2_inc_0.0_M90/lalinferencenest/IMRPhenomDthreePointFivePN/1167559679.0-0/H1L1/L1/1Dpdf/logprior.png
/home/c1572221/public_html/LVC/GW150914-like/GW1509_like_SNR_50_mode_PhenomPv2_inc_0.0_M90/lalinferencenest/IMRPhenomDthreePointFivePN/1167559679.0-0/H1L1/L1/1Dpdf/theta_jn.pdf
/home/c1572221/public_html/LVC/GW150914-like/GW1509_like_SNR_50_mode_PhenomPv2_inc_0.0_M90/lalinferencenest/IMRPhenomDthreePointFivePN/1167559679.0-0/H1L1/L1/1Dpdf/phase.png
/home/c1572221/public_html/LVC/GW150914-like/GW1509_like_SNR_50_mode_PhenomPv2_inc_0.0_M90/lalinferencenest/IMRPhenomDthreePointFivePN/1167559679.0-0/H1L1/L1/1Dpdf/h1_end_time.pdf
/home/c1572221/public_html/LVC/GW150914-like/GW1509_like_SNR_50_mode_PhenomPv2_inc_0.0_M90/lalinferencenest/IMRPhenomDthreePointFivePN/1167559679.0-0/H1L1/L1/1Dpdf/logprior.pdf
/home/c1572221/public_html/LVC/GW150914-like/GW1509_like_SNR_50_mode_PhenomPv2_inc_0.0_M90/lalinferencenest/IMRPhenomDthreePointFivePN/1167559679.0-0/H1L1/L1/1Dpdf/dec.pdf
/home/c1572221/public_html/LVC/GW150914-like/GW1509_like_SNR_50_mode_PhenomPv2_inc_0.0_M90/lalinferencenest/IMRPhenomDthreePointFivePN/1167559679.0-0/H1L1/L1/1Dpdf/mtotal.pdf
/home/c1572221/public_html/LVC/GW150914-like/GW1509_like_SNR_50_mode_PhenomPv2_inc_0.0_M90/lalinferencenest/IMRPhenomDthreePointFivePN/1167559679.0-0/H1L1/L1/1Dpdf/af.pdf
/home/c1572221/public_html/LVC/GW150914-like/GW1509_like_SNR_50_mode_PhenomPv2_inc_0.0_M90/lalinferencenest/IMRPhenomDthreePointFivePN/1167559679.0-0/H1L1/L1/1Dpdf/q.pdf
/home/c1572221/public_html/LVC/GW150914-like/GW1509_like_SNR_50_mode_PhenomPv2_inc_0.0_M90/lalinferencenest/IMRPhenomDthreePointFivePN/1167559679.0-0/H1L1/L1/1Dpdf/m1.pdf
/home/c1572221/public_html/LVC/GW150914-like/GW1509_like_SNR_50_mode_PhenomPv2_inc_0.0_M90/lalinferencenest/IMRPhenomDthreePointFivePN/1167559679.0-0/H1L1/L1/1Dpdf/deltalogl.pdf
/home/c1572221/public_html/LVC/GW150914-like/GW1509_like_SNR_50_mode_PhenomPv2_inc_0.0_M90/lalinferencenest/IMRPhenomDthreePointFivePN/1167559679.0-0/H1L1/L1/1Dpdf/a1.png
/home/c1572221/public_html/LVC/GW150914-like/GW1509_like_SNR_50_mode_PhenomPv2_inc_0.0_M90/lalinferencenest/IMRPhenomDthreePointFivePN/1167559679.0-0/H1L1/L1/1Dpdf/a1.pdf
/home/c1572221/public_html/LVC/GW150914-like/GW1509_like_SNR_50_mode_PhenomPv2_inc_0.0_M90/lalinferencenest/IMRPhenomDthreePointFivePN/1167559679.0-0/H1L1/L1/1Dpdf/psi.pdf
/home/c1572221/public_html/LVC/GW150914-like/GW1509_like_SNR_50_mode_PhenomPv2_inc_0.0_M90/lalinferencenest/IMRPhenomDthreePointFivePN/1167559679.0-0/H1L1/L1/1Dpdf/time.pdf
/home/c1572221/public_html/LVC/GW150914-like/GW1509_like_SNR_50_mode_PhenomPv2_inc_0.0_M90/lalinferencenest/IMRPhenomDthreePointFivePN/1167559679.0-0/H1L1/L1/1Dpdf/h1_end_time.png
/home/c1572221/public_html/LVC/GW150914-like/GW1509_like_SNR_50_mode_PhenomPv2_inc_0.0_M90/lalinferencenest/IMRPhenomDthreePointFivePN/1167559679.0-0/H1L1/L1/1Dpdf/v1_end_time.png
/home/c1572221/public_html/LVC/GW150914-like/GW1509_like_SNR_50_mode_PhenomPv2_inc_0.0_M90/lalinferencenest/IMRPhenomDthreePointFivePN/1167559679.0-0/H1L1/L1/1Dpdf/redshift.png
/home/c1572221/public_html/LVC/GW150914-like/GW1509_like_SNR_50_mode_PhenomPv2_inc_0.0_M90/lalinferencenest/IMRPhenomDthreePointFivePN/1167559679.0-0/H1L1/L1/1Dpdf/mf.png
/home/c1572221/public_html/LVC/GW150914-like/GW1509_like_SNR_50_mode_PhenomPv2_inc_0.0_M90/lalinferencenest/IMRPhenomDthreePointFivePN/1167559679.0-0/H1L1/L1/1Dpdf/distance.pdf
/home/c1572221/public_html/LVC/GW150914-like/GW1509_like_SNR_50_mode_PhenomPv2_inc_0.0_M90/lalinferencenest/IMRPhenomDthreePointFivePN/1167559679.0-0/H1L1/L1/1Dpdf/logl.png
/home/c1572221/public_html/LVC/GW150914-like/GW1509_like_SNR_50_mode_PhenomPv2_inc_0.0_M90/lalinferencenest/IMRPhenomDthreePointFivePN/1167559679.0-0/H1L1/L1/1Dpdf/a1z.png
/home/c1572221/public_html/LVC/GW150914-like/GW1509_like_SNR_50_mode_PhenomPv2_inc_0.0_M90/lalinferencenest/IMRPhenomDthreePointFivePN/1167559679.0-0/H1L1/L1/1Dpdf/mtotal.png
/home/c1572221/public_html/LVC/GW150914-like/GW1509_like_SNR_50_mode_PhenomPv2_inc_0.0_M90/lalinferencenest/IMRPhenomDthreePointFivePN/1167559679.0-0/H1L1/L1/1Dpdf/l1_end_time.png
/home/c1572221/public_html/LVC/GW150914-like/GW1509_like_SNR_50_mode_PhenomPv2_inc_0.0_M90/lalinferencenest/IMRPhenomDthreePointFivePN/1167559679.0-0/H1L1/L1/1Dpdf/costheta_jn.pdf
/home/c1572221/public_html/LVC/GW150914-like/GW1509_like_SNR_50_mode_PhenomPv2_inc_0.0_M90/lalinferencenest/IMRPhenomDthreePointFivePN/1167559679.0-0/H1L1/L1/1Dpdf/h1v1_delay.pdf
/home/c1572221/public_html/LVC/GW150914-like/GW1509_like_SNR_50_mode_PhenomPv2_inc_0.0_M90/lalinferencenest/IMRPhenomDthreePointFivePN/1167559679.0-0/H1L1/L1/1Dpdf/m1_source.png
/home/c1572221/public_html/LVC/GW150914-like/GW1509_like_SNR_50_mode_PhenomPv2_inc_0.0_M90/lalinferencenest/IMRPhenomDthreePointFivePN/1167559679.0-0/H1L1/L1/1Dpdf/a2z.pdf
/home/c1572221/public_html/LVC/GW150914-like/GW1509_like_SNR_50_mode_PhenomPv2_inc_0.0_M90/lalinferencenest/IMRPhenomDthreePointFivePN/1167559679.0-0/H1L1/L1/1Dpdf/chi_eff.pdf
/home/c1572221/public_html/LVC/GW150914-like/GW1509_like_SNR_50_mode_PhenomPv2_inc_0.0_M90/lalinferencenest/IMRPhenomDthreePointFivePN/1167559679.0-0/H1L1/L1/1Dpdf/optimal_snr.png
/home/c1572221/public_html/LVC/GW150914-like/GW1509_like_SNR_50_mode_PhenomPv2_inc_0.0_M90/lalinferencenest/IMRPhenomDthreePointFivePN/1167559679.0-0/H1L1/L1/1Dpdf/m1_source.pdf
/home/c1572221/public_html/LVC/GW150914-like/GW1509_like_SNR_50_mode_PhenomPv2_inc_0.0_M90/lalinferencenest/IMRPhenomDthreePointFivePN/1167559679.0-0/H1L1/L1/1Dpdf/mf.pdf
/home/c1572221/public_html/LVC/GW150914-like/GW1509_like_SNR_50_mode_PhenomPv2_inc_0.0_M90/lalinferencenest/IMRPhenomDthreePointFivePN/1167559679.0-0/H1L1/L1/1Dpdf/costheta_jn.png
/home/c1572221/public_html/LVC/GW150914-like/GW1509_like_SNR_50_mode_PhenomPv2_inc_0.0_M90/lalinferencenest/IMRPhenomDthreePointFivePN/1167559679.0-0/H1L1/L1/1Dpdf/matched_filter_snr.png
/home/c1572221/public_html/LVC/GW150914-like/GW1509_like_SNR_50_mode_PhenomPv2_inc_0.0_M90/lalinferencenest/IMRPhenomDthreePointFivePN/1167559679.0-0/H1L1/L1/1Dpdf/time.png
/home/c1572221/public_html/LVC/GW150914-like/GW1509_like_SNR_50_mode_PhenomPv2_inc_0.0_M90/lalinferencenest/IMRPhenomDthreePointFivePN/1167559679.0-0/H1L1/L1/1Dpdf/m2.png
/home/c1572221/public_html/LVC/GW150914-like/GW1509_like_SNR_50_mode_PhenomPv2_inc_0.0_M90/lalinferencenest/IMRPhenomDthreePointFivePN/1167559679.0-0/H1L1/L1/1Dpdf/eta.pdf
/home/c1572221/public_html/LVC/GW150914-like/GW1509_like_SNR_50_mode_PhenomPv2_inc_0.0_M90/lalinferencenest/IMRPhenomDthreePointFivePN/1167559679.0-0/H1L1/L1/1Dpdf/theta_jn.png
/home/c1572221/public_html/LVC/GW150914-like/GW1509_like_SNR_50_mode_PhenomPv2_inc_0.0_M90/lalinferencenest/IMRPhenomDthreePointFivePN/1167559679.0-0/H1L1/L1/1Dpdf/af.png
/home/c1572221/public_html/LVC/GW150914-like/GW1509_like_SNR_50_mode_PhenomPv2_inc_0.0_M90/lalinferencenest/IMRPhenomDthreePointFivePN/1167559679.0-0/H1L1/L1/1Dpdf/l1_cplx_snr_amp.png
/home/c1572221/public_html/LVC/GW150914-like/GW1509_like_SNR_50_mode_PhenomPv2_inc_0.0_M90/lalinferencenest/IMRPhenomDthreePointFivePN/1167559679.0-0/H1L1/L1/1Dpdf/l1v1_delay.pdf
/home/c1572221/public_html/LVC/GW150914-like/GW1509_like_SNR_50_mode_PhenomPv2_inc_0.0_M90/lalinferencenest/IMRPhenomDthreePointFivePN/1167559679.0-0/H1L1/L1/1Dpdf/l1_end_time.pdf
/home/c1572221/public_html/LVC/GW150914-like/GW1509_like_SNR_50_mode_PhenomPv2_inc_0.0_M90/lalinferencenest/IMRPhenomDthreePointFivePN/1167559679.0-0/H1L1/L1/1Dpdf/e_rad.png
/home/c1572221/public_html/LVC/GW150914-like/GW1509_like_SNR_50_mode_PhenomPv2_inc_0.0_M90/lalinferencenest/IMRPhenomDthreePointFivePN/1167559679.0-0/H1L1/L1/1Dpdf/chi_eff.png
/home/c1572221/public_html/LVC/GW150914-like/GW1509_like_SNR_50_mode_PhenomPv2_inc_0.0_M90/lalinferencenest/IMRPhenomDthreePointFivePN/1167559679.0-0/H1L1/L1/1Dpdf/ra.pdf
/home/c1572221/public_html/LVC/GW150914-like/GW1509_like_SNR_50_mode_PhenomPv2_inc_0.0_M90/lalinferencenest/IMRPhenomDthreePointFivePN/1167559679.0-0/H1L1/L1/1Dpdf/l1_optimal_snr.png
/home/c1572221/public_html/LVC/GW150914-like/GW1509_like_SNR_50_mode_PhenomPv2_inc_0.0_M90/lalinferencenest/IMRPhenomDthreePointFivePN/1167559679.0-0/H1L1/L1/1Dpdf/a2.png
/home/c1572221/public_html/LVC/GW150914-like/GW1509_like_SNR_50_mode_PhenomPv2_inc_0.0_M90/lalinferencenest/IMRPhenomDthreePointFivePN/1167559679.0-0/H1L1/L1/1Dpdf/psi.png
/home/c1572221/public_html/LVC/GW150914-like/GW1509_like_SNR_50_mode_PhenomPv2_inc_0.0_M90/lalinferencenest/IMRPhenomDthreePointFivePN/1167559679.0-0/H1L1/L1/1Dpdf/distance.png
/home/c1572221/public_html/LVC/GW150914-like/GW1509_like_SNR_50_mode_PhenomPv2_inc_0.0_M90/lalinferencenest/IMRPhenomDthreePointFivePN/1167559679.0-0/H1L1/L1/1Dpdf/a2.pdf
/home/c1572221/public_html/LVC/GW150914-like/GW1509_like_SNR_50_mode_PhenomPv2_inc_0.0_M90/lalinferencenest/IMRPhenomDthreePointFivePN/1167559679.0-0/H1L1/L1/1Dpdf/v1_end_time.pdf
/home/c1572221/public_html/LVC/GW150914-like/GW1509_like_SNR_50_mode_PhenomPv2_inc_0.0_M90/lalinferencenest/IMRPhenomDthreePointFivePN/1167559679.0-0/H1L1/L1/1Dpdf/m1.png
/home/c1572221/public_html/LVC/GW150914-like/GW1509_like_SNR_50_mode_PhenomPv2_inc_0.0_M90/lalinferencenest/IMRPhenomDthreePointFivePN/1167559679.0-0/H1L1/L1/1Dpdf/h1l1_delay.pdf
/home/c1572221/public_html/LVC/GW150914-like/GW1509_like_SNR_50_mode_PhenomPv2_inc_0.0_M90/lalinferencenest/IMRPhenomDthreePointFivePN/1167559679.0-0/H1L1/L1/1Dpdf/mc_source.pdf
/home/c1572221/public_html/LVC/GW150914-like/GW1509_like_SNR_50_mode_PhenomPv2_inc_0.0_M90/lalinferencenest/IMRPhenomDthreePointFivePN/1167559679.0-0/H1L1/L1/1Dpdf/mf_source.pdf
/home/c1572221/public_html/LVC/GW150914-like/GW1509_like_SNR_50_mode_PhenomPv2_inc_0.0_M90/lalinferencenest/IMRPhenomDthreePointFivePN/1167559679.0-0/H1L1/L1/1Dpdf/deltalogll1.png
/home/c1572221/public_html/LVC/GW150914-like/GW1509_like_SNR_50_mode_PhenomPv2_inc_0.0_M90/lalinferencenest/IMRPhenomDthreePointFivePN/1167559679.0-0/H1L1/L1/1Dpdf/phase.pdf
/home/c1572221/public_html/LVC/GW150914-like/GW1509_like_SNR_50_mode_PhenomPv2_inc_0.0_M90/lalinferencenest/IMRPhenomDthreePointFivePN/1167559679.0-0/H1L1/L1/1Dpdf/mc.pdf
/home/c1572221/public_html/LVC/GW150914-like/GW1509_like_SNR_50_mode_PhenomPv2_inc_0.0_M90/lalinferencenest/IMRPhenomDthreePointFivePN/1167559679.0-0/H1L1/L1/1Dpdf/mc_source.png
/home/c1572221/public_html/LVC/GW150914-like/GW1509_like_SNR_50_mode_PhenomPv2_inc_0.0_M90/lalinferencenest/IMRPhenomDthreePointFivePN/1167559679.0-0/H1L1/L1/1Dpdf/m2_source.pdf
/home/c1572221/public_html/LVC/GW150914-like/GW1509_like_SNR_50_mode_PhenomPv2_inc_0.0_M90/lalinferencenest/IMRPhenomDthreePointFivePN/1167559679.0-0/H1L1/L1/1Dpdf/l1_cplx_snr_arg.pdf
/home/c1572221/public_html/LVC/GW150914-like/GW1509_like_SNR_50_mode_PhenomPv2_inc_0.0_M90/lalinferencenest/IMRPhenomDthreePointFivePN/1167559679.0-0/H1L1/L1/1Dpdf/logl.pdf
/home/c1572221/public_html/LVC/GW150914-like/GW1509_like_SNR_50_mode_PhenomPv2_inc_0.0_M90/lalinferencenest/IMRPhenomDthreePointFivePN/1167559679.0-0/H1L1/L1/1Dpdf/redshift.pdf
/home/c1572221/public_html/LVC/GW150914-like/GW1509_like_SNR_50_mode_PhenomPv2_inc_0.0_M90/lalinferencenest/IMRPhenomDthreePointFivePN/1167559679.0-0/H1L1/L1/1Dpdf/mtotal_source.png
/home/c1572221/public_html/LVC/GW150914-like/GW1509_like_SNR_50_mode_PhenomPv2_inc_0.0_M90/lalinferencenest/IMRPhenomDthreePointFivePN/1167559679.0-0/H1L1/L1/1Dpdf/l_peak.pdf
/home/c1572221/public_html/LVC/GW150914-like/GW1509_like_SNR_50_mode_PhenomPv2_inc_0.0_M90/lalinferencenest/IMRPhenomDthreePointFivePN/1167559679.0-0/H1L1/L1/1Dpdf/a1z.pdf
/home/c1572221/public_html/LVC/GW150914-like/GW1509_like_SNR_50_mode_PhenomPv2_inc_0.0_M90/lalinferencenest/IMRPhenomDthreePointFivePN/1167559679.0-0/H1L1/L1/1Dpdf/mc.png
/home/c1572221/public_html/LVC/GW150914-like/GW1509_like_SNR_50_mode_PhenomPv2_inc_0.0_M90/lalinferencenest/IMRPhenomDthreePointFivePN/1167559679.0-0/H1L1/L1/1Dpdf/l1_optimal_snr.pdf
/home/c1572221/public_html/LVC/GW150914-like/GW1509_like_SNR_50_mode_PhenomPv2_inc_0.0_M90/lalinferencenest/IMRPhenomDthreePointFivePN/1167559679.0-0/H1L1/L1/1Dpdf/eta.png
/home/c1572221/public_html/LVC/GW150914-like/GW1509_like_SNR_50_mode_PhenomPv2_inc_0.0_M90/lalinferencenest/IMRPhenomDthreePointFivePN/1167559679.0-0/H1L1/L1/1Dpdf/m2.pdf
/home/c1572221/public_html/LVC/GW150914-like/GW1509_like_SNR_50_mode_PhenomPv2_inc_0.0_M90/lalinferencenest/IMRPhenomDthreePointFivePN/1167559679.0-0/H1L1/L1/1Dpdf/mtotal_source.pdf
/home/c1572221/public_html/LVC/GW150914-like/GW1509_like_SNR_50_mode_PhenomPv2_inc_0.0_M90/lalinferencenest/IMRPhenomDthreePointFivePN/1167559679.0-0/H1L1/L1/1Dpdf/l1_cplx_snr_arg.png
/home/c1572221/public_html/LVC/GW150914-like/GW1509_like_SNR_50_mode_PhenomPv2_inc_0.0_M90/lalinferencenest/IMRPhenomDthreePointFivePN/1167559679.0-0/H1L1/L1/1Dpdf/optimal_snr.pdf
/home/c1572221/public_html/LVC/GW150914-like/GW1509_like_SNR_50_mode_PhenomPv2_inc_0.0_M90/lalinferencenest/IMRPhenomDthreePointFivePN/1167559679.0-0/H1L1/L1/1Dpdf/h1v1_delay.png
/home/c1572221/public_html/LVC/GW150914-like/GW1509_like_SNR_50_mode_PhenomPv2_inc_0.0_M90/lalinferencenest/IMRPhenomDthreePointFivePN/1167559679.0-0/H1L1/L1/1Dpdf/l1v1_delay.png
/home/c1572221/public_html/LVC/GW150914-like/GW1509_like_SNR_50_mode_PhenomPv2_inc_0.0_M90/lalinferencenest/IMRPhenomDthreePointFivePN/1167559679.0-0/H1L1/L1/1Dpdf/h1l1_delay.png
/home/c1572221/public_html/LVC/GW150914-like/GW1509_like_SNR_50_mode_PhenomPv2_inc_0.0_M90/lalinferencenest/IMRPhenomDthreePointFivePN/1167559679.0-0/H1L1/L1/1Dpdf/a2z.png
/home/c1572221/public_html/LVC/GW150914-like/GW1509_like_SNR_50_mode_PhenomPv2_inc_0.0_M90/lalinferencenest/IMRPhenomDthreePointFivePN/1167559679.0-0/H1L1/L1/1Dpdf/matched_filter_snr.pdf
/home/c1572221/public_html/LVC/GW150914-like/GW1509_like_SNR_50_mode_PhenomPv2_inc_0.0_M90/lalinferencenest/IMRPhenomDthreePointFivePN/1167559679.0-0/H1L1/L1/1Dpdf/mf_source.png
/home/c1572221/public_html/LVC/GW150914-like/GW1509_like_SNR_50_mode_PhenomPv2_inc_0.0_M90/lalinferencenest/IMRPhenomDthreePointFivePN/1167559679.0-0/H1L1/L1/1Dpdf/dec.png
/home/c1572221/public_html/LVC/GW150914-like/GW1509_like_SNR_50_mode_PhenomPv2_inc_0.0_M90/lalinferencenest/IMRPhenomDthreePointFivePN/1167559679.0-0/H1L1/L1/1Dpdf/q.png
/home/c1572221/public_html/LVC/GW150914-like/GW1509_like_SNR_50_mode_PhenomPv2_inc_0.0_M90/lalinferencenest/IMRPhenomDthreePointFivePN/1167559679.0-0/H1L1/L1/1Dpdf/deltalogl.png
/home/c1572221/public_html/LVC/GW150914-like/GW1509_like_SNR_50_mode_PhenomPv2_inc_0.0_M90/lalinferencenest/IMRPhenomDthreePointFivePN/1167559679.0-0/H1L1/L1/1Dpdf/l_peak.png
/home/c1572221/public_html/LVC/GW150914-like/GW1509_like_SNR_50_mode_PhenomPv2_inc_0.0_M90/lalinferencenest/IMRPhenomDthreePointFivePN/1167559679.0-0/H1L1/L1/1Dpdf/l1_cplx_snr_amp.pdf
/home/c1572221/public_html/LVC/GW150914-like/GW1509_like_SNR_50_mode_PhenomPv2_inc_0.0_M90/lalinferencenest/IMRPhenomDthreePointFivePN/1167559679.0-0/H1L1/L1/1Dpdf/deltalogll1.pdf
/home/c1572221/public_html/LVC/GW150914-like/GW1509_like_SNR_50_mode_PhenomPv2_inc_0.0_M90/lalinferencenest/IMRPhenomDthreePointFivePN/1167559679.0-0/H1L1/L1/summary_statistics.dat
/home/c1572221/public_html/LVC/GW150914-like/GW1509_like_SNR_50_mode_PhenomPv2_inc_0.0_M90/lalinferencenest/IMRPhenomDthreePointFivePN/1167559679.0-0/H1L1/L1/PSDs/
/home/c1572221/public_html/LVC/GW150914-like/GW1509_like_SNR_50_mode_PhenomPv2_inc_0.0_M90/lalinferencenest/IMRPhenomDthreePointFivePN/1167559679.0-0/H1L1/L1/PSDs/PSD.png
/home/c1572221/public_html/LVC/GW150914-like/GW1509_like_SNR_50_mode_PhenomPv2_inc_0.0_M90/lalinferencenest/IMRPhenomDthreePointFivePN/1167559679.0-0/H1L1/L1/posplots.html
/home/c1572221/public_html/LVC/GW150914-like/GW1509_like_SNR_50_mode_PhenomPv2_inc_0.0_M90/lalinferencenest/IMRPhenomDthreePointFivePN/1167559679.0-0/H1L1/L1/corner/
/home/c1572221/public_html/LVC/GW150914-like/GW1509_like_SNR_50_mode_PhenomPv2_inc_0.0_M90/lalinferencenest/IMRPhenomDthreePointFivePN/1167559679.0-0/H1L1/L1/skymap.png
/home/c1572221/public_html/LVC/GW150914-like/GW1509_like_SNR_50_mode_PhenomPv2_inc_0.0_M90/lalinferencenest/IMRPhenomDthreePointFivePN/1167559679.0-0/H1L1/L1/confidence_levels.txt
/home/c1572221/public_html/LVC/GW150914-like/GW1509_like_SNR_50_mode_PhenomPv2_inc_0.0_M90/lalinferencenest/IMRPhenomDthreePointFivePN/1167559679.0-0/H1L1/L1/Waveform/
/home/c1572221/public_html/LVC/GW150914-like/GW1509_like_SNR_50_mode_PhenomPv2_inc_0.0_M90/lalinferencenest/IMRPhenomDthreePointFivePN/1167559679.0-0/H1L1/L1/Waveform/WF_DetFrame.png
/home/c1572221/public_html/LVC/GW150914-like/GW1509_like_SNR_50_mode_PhenomPv2_inc_0.0_M90/lalinferencenest/IMRPhenomDthreePointFivePN/1167559679.0-0/H1L1/L1/posterior_samples.dat
acosing costheta_jn
exponentiating logdistance
Read columns ['L1_cplx_snr_amp', 'L1_cplx_snr_arg', 'L1_optimal_snr', 'a1', 'a2', 'mc', 'dec', 'deltalogL', 'deltaloglL1', 'logL', 'logPrior', 'logw', 'matched_filter_snr', 'optimal_snr', 'phase', 'psi', 'q', 'ra', 'time', 'signalModelFlag', 'flow', 'f_ref', 'LAL_APPROXIMANT', 'LAL_AMPORDER', 'LAL_PNORDER', 'psdScaleFlag', 'theta_jn', 'distance']
No snr file provided or wrong path to snr file

Warning: Cannot find spin parameters.  Skipping spin angle calculations.
Using non-precessing fit formula [Healy at al (2014)] for final mass and spin (on masses and projected spin components).
Taking cos of theta_jn ...
Number of posterior samples: 4777
Means:
{'logw': -31.042957940112533, 'redshift': 0.026875042730247767, 'v1_end_time': 1167559678.9771328, 'f_ref': 100.0, 'psdscaleflag': 0.0, 'l1_optimal_snr': 34.805110181654783, 'psi': 1.6460801461925185, 'lal_approximant': 58.0, 'signalmodelflag': 1.0, 'logl': -62.832837304251854, 'deltalogll1': 609.41746889551985, 'v1h1_delay': 0.0010445171852902387, 'mc_source': 19.498976728898363, 'deltalogl': 609.41746889551985, 'af': 0.36236574852019615, 'l1v1_delay': -0.0013929592257941495, 'h1_end_time': 1167559678.9781775, 'l1h1_delay': -0.00034844204050391096, 'm1': 115.87716941352791, 'ra': 3.6686145699571733, 'l1_end_time': 1167559678.9785259, 'm2': 6.3367368048590933, 'l_peak': 0.1421458756496935, 'lal_pnorder': 7.0, 'm2_source': 6.1701260658268486, 'v1l1_delay': 0.0013929592257941495, 'mtotal': 122.21390621838702, 'costheta_jn': -0.017937888582240963, 'a2z': 0.073752225888258902, 'a1': 0.23705549768056322, 'a2': 0.45255167925879175, 'optimal_snr': 34.805110181654783, 'phase': 3.0224646581996835, 'a1z': 0.23705549768056322, 'm1_source': 112.85234198391365, 'distance': 121.31547021994925, 'mf': 121.6328942780957, 'mc': 20.023922484548187, 'l1_cplx_snr_amp': 34.940893377727356, 'h1v1_delay': -0.0010445171852902387, 'logprior': 20.470261943127735, 'theta_jn': 1.5919627780535541, 'flow': 20.0, 'l1_cplx_snr_arg': 0.00055494538725833797, 'h1l1_delay': 0.00034844204050391096, 'matched_filter_snr': 34.926345992658611, 'q': 0.054770622569710187, 'mtotal_source': 119.02246804974051, 'mf_source': 118.45679217681501, 'eta': 0.049182566108014171, 'e_rad': 0.56567587292548793, 'time': 1167559678.978719, 'lal_amporder': -1.0, 'dec': 0.10225841225839687, 'chi_eff': 0.2290309415547982}
Median:
{'logw': -31.031580247270803, 'redshift': 0.026969190527879494, 'v1_end_time': 1167559678.9769356, 'f_ref': 100.0, 'psdscaleflag': 0.0, 'l1_optimal_snr': 34.802310913822097, 'psi': 1.6651891951766726, 'lal_approximant': 58.0, 'signalmodelflag': 1.0, 'logl': -62.503010648608218, 'deltalogll1': 609.74729555116346, 'v1h1_delay': -0.000202178955078125, 'mc_source': 19.443566684284093, 'deltalogl': 609.74729555116346, 'af': 0.36431469611853401, 'l1v1_delay': -0.0013289451599121094, 'h1_end_time': 1167559678.9784617, 'l1h1_delay': -0.00061869621276855469, 'm1': 116.48862653896985, 'ra': 3.2778852185972318, 'l1_end_time': 1167559678.9792762, 'm2': 6.3074626079649772, 'l_peak': 0.13969651218637816, 'lal_pnorder': 7.0, 'm2_source': 6.1374783442910674, 'v1l1_delay': 0.0013289451599121094, 'mtotal': 122.77002524847492, 'costheta_jn': -0.12736923705214331, 'a2z': 0.071025275646566438, 'a1': 0.23945030064093262, 'a2': 0.4582039319584959, 'optimal_snr': 34.802310913822097, 'phase': 2.8131329726649175, 'a1z': 0.23945030064093262, 'm1_source': 113.29596923509862, 'distance': 121.52365914385381, 'mf': 122.18519949873665, 'mc': 19.973800054228636, 'l1_cplx_snr_amp': 34.949985593551723, 'h1v1_delay': 0.000202178955078125, 'logprior': 20.627925346213758, 'theta_jn': 1.698512486048819, 'flow': 20.0, 'l1_cplx_snr_arg': 0.00044069180006743494, 'h1l1_delay': 0.00061869621276855469, 'matched_filter_snr': 34.935067860680896, 'q': 0.05446301198411338, 'mtotal_source': 119.4206322582361, 'mf_source': 118.86912326633987, 'eta': 0.048982275301867502, 'e_rad': 0.56055759498411817, 'time': 1167559678.977659, 'lal_amporder': -1.0, 'dec': 0.036979094942386, 'chi_eff': 0.22891547264262604}
maxL:
{'logw': -36.377722406723215, 'redshift': 0.020014784306490466, 'v1_end_time': 1167559678.942641, 'f_ref': 100.0, 'psdscaleflag': 0.0, 'l1_optimal_snr': 34.952443695425863, 'psi': 1.1905404820102747, 'lal_approximant': 58.0, 'signalmodelflag': 1.0, 'logl': -59.39372480741703, 'deltalogll1': 612.85658139235466, 'v1h1_delay': -0.0012345314025878906, 'mc_source': 18.935526541227468, 'deltalogl': 612.85658139235466, 'af': 0.32934581924120304, 'l1v1_delay': -0.0058245658874511719, 'h1_end_time': 1167559678.9414065, 'l1h1_delay': -0.0070590972900390625, 'm1': 118.4811839274177, 'ra': 0.42957794995305937, 'l1_end_time': 1167559678.9484656, 'm2': 5.857228156195637, 'l_peak': 0.11708425702529952, 'lal_pnorder': 7.0, 'm2_source': 5.7422973140315561, 'v1l1_delay': 0.0058245658874511719, 'mtotal': 124.33841208361333, 'costheta_jn': -0.93071092821587942, 'a2z': 0.96310035427730478, 'a1': 0.2087919625030723, 'a2': 0.96310035427730478, 'optimal_snr': 34.952443695425863, 'phase': 1.1081280225703205, 'a1z': 0.2087919625030723, 'm1_source': 116.15633983969481, 'distance': 89.721690610020218, 'mf': 123.82561614893791, 'mc': 19.314517020679958, 'l1_cplx_snr_amp': 35.010648930878808, 'h1v1_delay': 0.0012345314025878906, 'logprior': 18.910786143836475, 'theta_jn': 2.7671481139246601, 'flow': 20.0, 'l1_cplx_snr_arg': 0.004867098722989226, 'h1l1_delay': 0.0070590972900390625, 'matched_filter_snr': 35.010234254193371, 'q': 0.049435935412190095, 'mtotal_source': 121.89863715372637, 'mf_source': 121.39590332813376, 'eta': 0.044888065890078474, 'e_rad': 0.50273382559261393, 'time': 1167559678.954272, 'lal_amporder': -1.0, 'dec': 1.254564544169378, 'chi_eff': 0.24432528062027351}
Unable to compute KL divergence
Sigma is 30.000000 arcmin (0.008727 rad) 
-> fwhm is 70.644601 arcmin
Sigma is 0.000000 arcmin (0.000000 rad) 
-> fwhm is 0.000000 arcmin
WARNING: phi_orb not found in posterior files. Defaulting to 0.0 which is probably *not* what you want

Using greedy 1-d binning credible regions

Generating 1D plot for e_rad.
Generating 1D plot for l_peak.
Using greedy 1-d binning credible regions

Generating 1D plot for m1.
Generating 1D plot for m2.
Generating 1D plot for mc.
Generating 1D plot for eta.
Generating 1D plot for q.
Generating 1D plot for mtotal.
Generating 1D plot for mf.
Using greedy 1-d binning credible regions

Generating 1D plot for optimal_snr.
Generating 1D plot for matched_filter_snr.
Generating 1D plot for l1_optimal_snr.
Generating 1D plot for l1_cplx_snr_amp.
Generating 1D plot for l1_cplx_snr_arg.
Generating 1D plot for logprior.
Generating 1D plot for logl.
Generating 1D plot for deltalogl.
Generating 1D plot for deltalogll1.
Using greedy 1-d binning credible regions

Generating 1D plot for time.
Generating 1D plot for l1_end_time.
Generating 1D plot for h1_end_time.
Generating 1D plot for v1_end_time.
Generating 1D plot for h1l1_delay.
Generating 1D plot for h1v1_delay.
Generating 1D plot for l1v1_delay.
Using greedy 1-d binning credible regions

Generating 1D plot for m1_source.
Generating 1D plot for m2_source.
Generating 1D plot for mtotal_source.
Generating 1D plot for mc_source.
Generating 1D plot for redshift.
Generating 1D plot for mf_source.
Using greedy 1-d binning credible regions

Generating 1D plot for distance.
Generating 1D plot for psi.
Generating 1D plot for ra.
Generating 1D plot for dec.
Generating 1D plot for phase.
Using greedy 1-d binning credible regions

Generating 1D plot for a1.
Generating 1D plot for a2.
Generating 1D plot for costheta_jn.
Generating 1D plot for theta_jn.
Generating 1D plot for af.
Generating 1D plot for chi_eff.
Generating 1D plot for a1z.
Generating 1D plot for a2z.
Using greedy 1-d binning credible regions

Cannot load corner module. Try running
	$ pip install corner
Cannot load corner module. Try running
	$ pip install corner
Cannot load corner module. Try running
	$ pip install corner
