/home/c1572221/public_html/LVC/GW150914-like/GW1509_like_SNR_50_mode_PhenomPv2_inc_0.0_M90/lalinferencenest/IMRPhenomDthreePointFivePN/1167559679.0-0/H1L1/H1/
/home/c1572221/public_html/LVC/GW150914-like/GW1509_like_SNR_50_mode_PhenomPv2_inc_0.0_M90/lalinferencenest/IMRPhenomDthreePointFivePN/1167559679.0-0/H1L1/H1/2Dbins/
/home/c1572221/public_html/LVC/GW150914-like/GW1509_like_SNR_50_mode_PhenomPv2_inc_0.0_M90/lalinferencenest/IMRPhenomDthreePointFivePN/1167559679.0-0/H1L1/H1/2Dkde/
/home/c1572221/public_html/LVC/GW150914-like/GW1509_like_SNR_50_mode_PhenomPv2_inc_0.0_M90/lalinferencenest/IMRPhenomDthreePointFivePN/1167559679.0-0/H1L1/H1/greedy2Dbins/
/home/c1572221/public_html/LVC/GW150914-like/GW1509_like_SNR_50_mode_PhenomPv2_inc_0.0_M90/lalinferencenest/IMRPhenomDthreePointFivePN/1167559679.0-0/H1L1/H1/1Dsamps/
/home/c1572221/public_html/LVC/GW150914-like/GW1509_like_SNR_50_mode_PhenomPv2_inc_0.0_M90/lalinferencenest/IMRPhenomDthreePointFivePN/1167559679.0-0/H1L1/H1/1Dsamps/h1v1_delay_samps.png
/home/c1572221/public_html/LVC/GW150914-like/GW1509_like_SNR_50_mode_PhenomPv2_inc_0.0_M90/lalinferencenest/IMRPhenomDthreePointFivePN/1167559679.0-0/H1L1/H1/1Dsamps/ra_samps.pdf
/home/c1572221/public_html/LVC/GW150914-like/GW1509_like_SNR_50_mode_PhenomPv2_inc_0.0_M90/lalinferencenest/IMRPhenomDthreePointFivePN/1167559679.0-0/H1L1/H1/1Dsamps/deltalogl_samps.png
/home/c1572221/public_html/LVC/GW150914-like/GW1509_like_SNR_50_mode_PhenomPv2_inc_0.0_M90/lalinferencenest/IMRPhenomDthreePointFivePN/1167559679.0-0/H1L1/H1/1Dsamps/m2_source_samps.pdf
/home/c1572221/public_html/LVC/GW150914-like/GW1509_like_SNR_50_mode_PhenomPv2_inc_0.0_M90/lalinferencenest/IMRPhenomDthreePointFivePN/1167559679.0-0/H1L1/H1/1Dsamps/h1_optimal_snr_samps.png
/home/c1572221/public_html/LVC/GW150914-like/GW1509_like_SNR_50_mode_PhenomPv2_inc_0.0_M90/lalinferencenest/IMRPhenomDthreePointFivePN/1167559679.0-0/H1L1/H1/1Dsamps/logprior_samps.png
/home/c1572221/public_html/LVC/GW150914-like/GW1509_like_SNR_50_mode_PhenomPv2_inc_0.0_M90/lalinferencenest/IMRPhenomDthreePointFivePN/1167559679.0-0/H1L1/H1/1Dsamps/m1_samps.png
/home/c1572221/public_html/LVC/GW150914-like/GW1509_like_SNR_50_mode_PhenomPv2_inc_0.0_M90/lalinferencenest/IMRPhenomDthreePointFivePN/1167559679.0-0/H1L1/H1/1Dsamps/mtotal_acf.png
/home/c1572221/public_html/LVC/GW150914-like/GW1509_like_SNR_50_mode_PhenomPv2_inc_0.0_M90/lalinferencenest/IMRPhenomDthreePointFivePN/1167559679.0-0/H1L1/H1/1Dsamps/mc_samps.png
/home/c1572221/public_html/LVC/GW150914-like/GW1509_like_SNR_50_mode_PhenomPv2_inc_0.0_M90/lalinferencenest/IMRPhenomDthreePointFivePN/1167559679.0-0/H1L1/H1/1Dsamps/l_peak_acf.pdf
/home/c1572221/public_html/LVC/GW150914-like/GW1509_like_SNR_50_mode_PhenomPv2_inc_0.0_M90/lalinferencenest/IMRPhenomDthreePointFivePN/1167559679.0-0/H1L1/H1/1Dsamps/distance_samps.pdf
/home/c1572221/public_html/LVC/GW150914-like/GW1509_like_SNR_50_mode_PhenomPv2_inc_0.0_M90/lalinferencenest/IMRPhenomDthreePointFivePN/1167559679.0-0/H1L1/H1/1Dsamps/logl_samps.pdf
/home/c1572221/public_html/LVC/GW150914-like/GW1509_like_SNR_50_mode_PhenomPv2_inc_0.0_M90/lalinferencenest/IMRPhenomDthreePointFivePN/1167559679.0-0/H1L1/H1/1Dsamps/theta_jn_acf.pdf
/home/c1572221/public_html/LVC/GW150914-like/GW1509_like_SNR_50_mode_PhenomPv2_inc_0.0_M90/lalinferencenest/IMRPhenomDthreePointFivePN/1167559679.0-0/H1L1/H1/1Dsamps/optimal_snr_acf.png
/home/c1572221/public_html/LVC/GW150914-like/GW1509_like_SNR_50_mode_PhenomPv2_inc_0.0_M90/lalinferencenest/IMRPhenomDthreePointFivePN/1167559679.0-0/H1L1/H1/1Dsamps/m1_source_samps.png
/home/c1572221/public_html/LVC/GW150914-like/GW1509_like_SNR_50_mode_PhenomPv2_inc_0.0_M90/lalinferencenest/IMRPhenomDthreePointFivePN/1167559679.0-0/H1L1/H1/1Dsamps/theta_jn_samps.pdf
/home/c1572221/public_html/LVC/GW150914-like/GW1509_like_SNR_50_mode_PhenomPv2_inc_0.0_M90/lalinferencenest/IMRPhenomDthreePointFivePN/1167559679.0-0/H1L1/H1/1Dsamps/mf_source_acf.png
/home/c1572221/public_html/LVC/GW150914-like/GW1509_like_SNR_50_mode_PhenomPv2_inc_0.0_M90/lalinferencenest/IMRPhenomDthreePointFivePN/1167559679.0-0/H1L1/H1/1Dsamps/time_acf.pdf
/home/c1572221/public_html/LVC/GW150914-like/GW1509_like_SNR_50_mode_PhenomPv2_inc_0.0_M90/lalinferencenest/IMRPhenomDthreePointFivePN/1167559679.0-0/H1L1/H1/1Dsamps/mtotal_samps.pdf
/home/c1572221/public_html/LVC/GW150914-like/GW1509_like_SNR_50_mode_PhenomPv2_inc_0.0_M90/lalinferencenest/IMRPhenomDthreePointFivePN/1167559679.0-0/H1L1/H1/1Dsamps/mc_acf.png
/home/c1572221/public_html/LVC/GW150914-like/GW1509_like_SNR_50_mode_PhenomPv2_inc_0.0_M90/lalinferencenest/IMRPhenomDthreePointFivePN/1167559679.0-0/H1L1/H1/1Dsamps/chi_eff_acf.pdf
/home/c1572221/public_html/LVC/GW150914-like/GW1509_like_SNR_50_mode_PhenomPv2_inc_0.0_M90/lalinferencenest/IMRPhenomDthreePointFivePN/1167559679.0-0/H1L1/H1/1Dsamps/h1l1_delay_acf.png
/home/c1572221/public_html/LVC/GW150914-like/GW1509_like_SNR_50_mode_PhenomPv2_inc_0.0_M90/lalinferencenest/IMRPhenomDthreePointFivePN/1167559679.0-0/H1L1/H1/1Dsamps/mc_acf.pdf
/home/c1572221/public_html/LVC/GW150914-like/GW1509_like_SNR_50_mode_PhenomPv2_inc_0.0_M90/lalinferencenest/IMRPhenomDthreePointFivePN/1167559679.0-0/H1L1/H1/1Dsamps/mf_acf.png
/home/c1572221/public_html/LVC/GW150914-like/GW1509_like_SNR_50_mode_PhenomPv2_inc_0.0_M90/lalinferencenest/IMRPhenomDthreePointFivePN/1167559679.0-0/H1L1/H1/1Dsamps/m1_acf.png
/home/c1572221/public_html/LVC/GW150914-like/GW1509_like_SNR_50_mode_PhenomPv2_inc_0.0_M90/lalinferencenest/IMRPhenomDthreePointFivePN/1167559679.0-0/H1L1/H1/1Dsamps/mtotal_samps.png
/home/c1572221/public_html/LVC/GW150914-like/GW1509_like_SNR_50_mode_PhenomPv2_inc_0.0_M90/lalinferencenest/IMRPhenomDthreePointFivePN/1167559679.0-0/H1L1/H1/1Dsamps/l1_end_time_acf.pdf
/home/c1572221/public_html/LVC/GW150914-like/GW1509_like_SNR_50_mode_PhenomPv2_inc_0.0_M90/lalinferencenest/IMRPhenomDthreePointFivePN/1167559679.0-0/H1L1/H1/1Dsamps/h1_end_time_acf.png
/home/c1572221/public_html/LVC/GW150914-like/GW1509_like_SNR_50_mode_PhenomPv2_inc_0.0_M90/lalinferencenest/IMRPhenomDthreePointFivePN/1167559679.0-0/H1L1/H1/1Dsamps/v1_end_time_acf.pdf
/home/c1572221/public_html/LVC/GW150914-like/GW1509_like_SNR_50_mode_PhenomPv2_inc_0.0_M90/lalinferencenest/IMRPhenomDthreePointFivePN/1167559679.0-0/H1L1/H1/1Dsamps/a1z_samps.pdf
/home/c1572221/public_html/LVC/GW150914-like/GW1509_like_SNR_50_mode_PhenomPv2_inc_0.0_M90/lalinferencenest/IMRPhenomDthreePointFivePN/1167559679.0-0/H1L1/H1/1Dsamps/logprior_acf.pdf
/home/c1572221/public_html/LVC/GW150914-like/GW1509_like_SNR_50_mode_PhenomPv2_inc_0.0_M90/lalinferencenest/IMRPhenomDthreePointFivePN/1167559679.0-0/H1L1/H1/1Dsamps/m2_source_samps.png
/home/c1572221/public_html/LVC/GW150914-like/GW1509_like_SNR_50_mode_PhenomPv2_inc_0.0_M90/lalinferencenest/IMRPhenomDthreePointFivePN/1167559679.0-0/H1L1/H1/1Dsamps/time_samps.pdf
/home/c1572221/public_html/LVC/GW150914-like/GW1509_like_SNR_50_mode_PhenomPv2_inc_0.0_M90/lalinferencenest/IMRPhenomDthreePointFivePN/1167559679.0-0/H1L1/H1/1Dsamps/eta_samps.png
/home/c1572221/public_html/LVC/GW150914-like/GW1509_like_SNR_50_mode_PhenomPv2_inc_0.0_M90/lalinferencenest/IMRPhenomDthreePointFivePN/1167559679.0-0/H1L1/H1/1Dsamps/mc_source_samps.png
/home/c1572221/public_html/LVC/GW150914-like/GW1509_like_SNR_50_mode_PhenomPv2_inc_0.0_M90/lalinferencenest/IMRPhenomDthreePointFivePN/1167559679.0-0/H1L1/H1/1Dsamps/logl_samps.png
/home/c1572221/public_html/LVC/GW150914-like/GW1509_like_SNR_50_mode_PhenomPv2_inc_0.0_M90/lalinferencenest/IMRPhenomDthreePointFivePN/1167559679.0-0/H1L1/H1/1Dsamps/optimal_snr_samps.pdf
/home/c1572221/public_html/LVC/GW150914-like/GW1509_like_SNR_50_mode_PhenomPv2_inc_0.0_M90/lalinferencenest/IMRPhenomDthreePointFivePN/1167559679.0-0/H1L1/H1/1Dsamps/psi_acf.pdf
/home/c1572221/public_html/LVC/GW150914-like/GW1509_like_SNR_50_mode_PhenomPv2_inc_0.0_M90/lalinferencenest/IMRPhenomDthreePointFivePN/1167559679.0-0/H1L1/H1/1Dsamps/mf_source_samps.png
/home/c1572221/public_html/LVC/GW150914-like/GW1509_like_SNR_50_mode_PhenomPv2_inc_0.0_M90/lalinferencenest/IMRPhenomDthreePointFivePN/1167559679.0-0/H1L1/H1/1Dsamps/a1z_samps.png
/home/c1572221/public_html/LVC/GW150914-like/GW1509_like_SNR_50_mode_PhenomPv2_inc_0.0_M90/lalinferencenest/IMRPhenomDthreePointFivePN/1167559679.0-0/H1L1/H1/1Dsamps/theta_jn_acf.png
/home/c1572221/public_html/LVC/GW150914-like/GW1509_like_SNR_50_mode_PhenomPv2_inc_0.0_M90/lalinferencenest/IMRPhenomDthreePointFivePN/1167559679.0-0/H1L1/H1/1Dsamps/deltaloglh1_samps.pdf
/home/c1572221/public_html/LVC/GW150914-like/GW1509_like_SNR_50_mode_PhenomPv2_inc_0.0_M90/lalinferencenest/IMRPhenomDthreePointFivePN/1167559679.0-0/H1L1/H1/1Dsamps/a2z_acf.pdf
/home/c1572221/public_html/LVC/GW150914-like/GW1509_like_SNR_50_mode_PhenomPv2_inc_0.0_M90/lalinferencenest/IMRPhenomDthreePointFivePN/1167559679.0-0/H1L1/H1/1Dsamps/mc_source_samps.pdf
/home/c1572221/public_html/LVC/GW150914-like/GW1509_like_SNR_50_mode_PhenomPv2_inc_0.0_M90/lalinferencenest/IMRPhenomDthreePointFivePN/1167559679.0-0/H1L1/H1/1Dsamps/h1_optimal_snr_acf.pdf
/home/c1572221/public_html/LVC/GW150914-like/GW1509_like_SNR_50_mode_PhenomPv2_inc_0.0_M90/lalinferencenest/IMRPhenomDthreePointFivePN/1167559679.0-0/H1L1/H1/1Dsamps/mc_samps.pdf
/home/c1572221/public_html/LVC/GW150914-like/GW1509_like_SNR_50_mode_PhenomPv2_inc_0.0_M90/lalinferencenest/IMRPhenomDthreePointFivePN/1167559679.0-0/H1L1/H1/1Dsamps/h1_optimal_snr_samps.pdf
/home/c1572221/public_html/LVC/GW150914-like/GW1509_like_SNR_50_mode_PhenomPv2_inc_0.0_M90/lalinferencenest/IMRPhenomDthreePointFivePN/1167559679.0-0/H1L1/H1/1Dsamps/v1_end_time_acf.png
/home/c1572221/public_html/LVC/GW150914-like/GW1509_like_SNR_50_mode_PhenomPv2_inc_0.0_M90/lalinferencenest/IMRPhenomDthreePointFivePN/1167559679.0-0/H1L1/H1/1Dsamps/costheta_jn_samps.pdf
/home/c1572221/public_html/LVC/GW150914-like/GW1509_like_SNR_50_mode_PhenomPv2_inc_0.0_M90/lalinferencenest/IMRPhenomDthreePointFivePN/1167559679.0-0/H1L1/H1/1Dsamps/h1_cplx_snr_amp_samps.png
/home/c1572221/public_html/LVC/GW150914-like/GW1509_like_SNR_50_mode_PhenomPv2_inc_0.0_M90/lalinferencenest/IMRPhenomDthreePointFivePN/1167559679.0-0/H1L1/H1/1Dsamps/e_rad_samps.pdf
/home/c1572221/public_html/LVC/GW150914-like/GW1509_like_SNR_50_mode_PhenomPv2_inc_0.0_M90/lalinferencenest/IMRPhenomDthreePointFivePN/1167559679.0-0/H1L1/H1/1Dsamps/h1_optimal_snr_acf.png
/home/c1572221/public_html/LVC/GW150914-like/GW1509_like_SNR_50_mode_PhenomPv2_inc_0.0_M90/lalinferencenest/IMRPhenomDthreePointFivePN/1167559679.0-0/H1L1/H1/1Dsamps/q_samps.pdf
/home/c1572221/public_html/LVC/GW150914-like/GW1509_like_SNR_50_mode_PhenomPv2_inc_0.0_M90/lalinferencenest/IMRPhenomDthreePointFivePN/1167559679.0-0/H1L1/H1/1Dsamps/distance_acf.png
/home/c1572221/public_html/LVC/GW150914-like/GW1509_like_SNR_50_mode_PhenomPv2_inc_0.0_M90/lalinferencenest/IMRPhenomDthreePointFivePN/1167559679.0-0/H1L1/H1/1Dsamps/af_acf.png
/home/c1572221/public_html/LVC/GW150914-like/GW1509_like_SNR_50_mode_PhenomPv2_inc_0.0_M90/lalinferencenest/IMRPhenomDthreePointFivePN/1167559679.0-0/H1L1/H1/1Dsamps/l_peak_samps.png
/home/c1572221/public_html/LVC/GW150914-like/GW1509_like_SNR_50_mode_PhenomPv2_inc_0.0_M90/lalinferencenest/IMRPhenomDthreePointFivePN/1167559679.0-0/H1L1/H1/1Dsamps/psi_acf.png
/home/c1572221/public_html/LVC/GW150914-like/GW1509_like_SNR_50_mode_PhenomPv2_inc_0.0_M90/lalinferencenest/IMRPhenomDthreePointFivePN/1167559679.0-0/H1L1/H1/1Dsamps/phase_acf.png
/home/c1572221/public_html/LVC/GW150914-like/GW1509_like_SNR_50_mode_PhenomPv2_inc_0.0_M90/lalinferencenest/IMRPhenomDthreePointFivePN/1167559679.0-0/H1L1/H1/1Dsamps/h1_end_time_samps.pdf
/home/c1572221/public_html/LVC/GW150914-like/GW1509_like_SNR_50_mode_PhenomPv2_inc_0.0_M90/lalinferencenest/IMRPhenomDthreePointFivePN/1167559679.0-0/H1L1/H1/1Dsamps/h1_cplx_snr_arg_acf.png
/home/c1572221/public_html/LVC/GW150914-like/GW1509_like_SNR_50_mode_PhenomPv2_inc_0.0_M90/lalinferencenest/IMRPhenomDthreePointFivePN/1167559679.0-0/H1L1/H1/1Dsamps/h1_end_time_acf.pdf
/home/c1572221/public_html/LVC/GW150914-like/GW1509_like_SNR_50_mode_PhenomPv2_inc_0.0_M90/lalinferencenest/IMRPhenomDthreePointFivePN/1167559679.0-0/H1L1/H1/1Dsamps/chi_eff_samps.png
/home/c1572221/public_html/LVC/GW150914-like/GW1509_like_SNR_50_mode_PhenomPv2_inc_0.0_M90/lalinferencenest/IMRPhenomDthreePointFivePN/1167559679.0-0/H1L1/H1/1Dsamps/deltaloglh1_acf.pdf
/home/c1572221/public_html/LVC/GW150914-like/GW1509_like_SNR_50_mode_PhenomPv2_inc_0.0_M90/lalinferencenest/IMRPhenomDthreePointFivePN/1167559679.0-0/H1L1/H1/1Dsamps/l1_end_time_samps.pdf
/home/c1572221/public_html/LVC/GW150914-like/GW1509_like_SNR_50_mode_PhenomPv2_inc_0.0_M90/lalinferencenest/IMRPhenomDthreePointFivePN/1167559679.0-0/H1L1/H1/1Dsamps/phase_acf.pdf
/home/c1572221/public_html/LVC/GW150914-like/GW1509_like_SNR_50_mode_PhenomPv2_inc_0.0_M90/lalinferencenest/IMRPhenomDthreePointFivePN/1167559679.0-0/H1L1/H1/1Dsamps/psi_samps.png
/home/c1572221/public_html/LVC/GW150914-like/GW1509_like_SNR_50_mode_PhenomPv2_inc_0.0_M90/lalinferencenest/IMRPhenomDthreePointFivePN/1167559679.0-0/H1L1/H1/1Dsamps/optimal_snr_samps.png
/home/c1572221/public_html/LVC/GW150914-like/GW1509_like_SNR_50_mode_PhenomPv2_inc_0.0_M90/lalinferencenest/IMRPhenomDthreePointFivePN/1167559679.0-0/H1L1/H1/1Dsamps/chi_eff_samps.pdf
/home/c1572221/public_html/LVC/GW150914-like/GW1509_like_SNR_50_mode_PhenomPv2_inc_0.0_M90/lalinferencenest/IMRPhenomDthreePointFivePN/1167559679.0-0/H1L1/H1/1Dsamps/mf_acf.pdf
/home/c1572221/public_html/LVC/GW150914-like/GW1509_like_SNR_50_mode_PhenomPv2_inc_0.0_M90/lalinferencenest/IMRPhenomDthreePointFivePN/1167559679.0-0/H1L1/H1/1Dsamps/m1_source_acf.png
/home/c1572221/public_html/LVC/GW150914-like/GW1509_like_SNR_50_mode_PhenomPv2_inc_0.0_M90/lalinferencenest/IMRPhenomDthreePointFivePN/1167559679.0-0/H1L1/H1/1Dsamps/a1_samps.png
/home/c1572221/public_html/LVC/GW150914-like/GW1509_like_SNR_50_mode_PhenomPv2_inc_0.0_M90/lalinferencenest/IMRPhenomDthreePointFivePN/1167559679.0-0/H1L1/H1/1Dsamps/l1v1_delay_acf.pdf
/home/c1572221/public_html/LVC/GW150914-like/GW1509_like_SNR_50_mode_PhenomPv2_inc_0.0_M90/lalinferencenest/IMRPhenomDthreePointFivePN/1167559679.0-0/H1L1/H1/1Dsamps/l_peak_samps.pdf
/home/c1572221/public_html/LVC/GW150914-like/GW1509_like_SNR_50_mode_PhenomPv2_inc_0.0_M90/lalinferencenest/IMRPhenomDthreePointFivePN/1167559679.0-0/H1L1/H1/1Dsamps/a1z_acf.png
/home/c1572221/public_html/LVC/GW150914-like/GW1509_like_SNR_50_mode_PhenomPv2_inc_0.0_M90/lalinferencenest/IMRPhenomDthreePointFivePN/1167559679.0-0/H1L1/H1/1Dsamps/a1_acf.png
/home/c1572221/public_html/LVC/GW150914-like/GW1509_like_SNR_50_mode_PhenomPv2_inc_0.0_M90/lalinferencenest/IMRPhenomDthreePointFivePN/1167559679.0-0/H1L1/H1/1Dsamps/mtotal_source_acf.pdf
/home/c1572221/public_html/LVC/GW150914-like/GW1509_like_SNR_50_mode_PhenomPv2_inc_0.0_M90/lalinferencenest/IMRPhenomDthreePointFivePN/1167559679.0-0/H1L1/H1/1Dsamps/a2_acf.pdf
/home/c1572221/public_html/LVC/GW150914-like/GW1509_like_SNR_50_mode_PhenomPv2_inc_0.0_M90/lalinferencenest/IMRPhenomDthreePointFivePN/1167559679.0-0/H1L1/H1/1Dsamps/m1_source_samps.pdf
/home/c1572221/public_html/LVC/GW150914-like/GW1509_like_SNR_50_mode_PhenomPv2_inc_0.0_M90/lalinferencenest/IMRPhenomDthreePointFivePN/1167559679.0-0/H1L1/H1/1Dsamps/a2_samps.pdf
/home/c1572221/public_html/LVC/GW150914-like/GW1509_like_SNR_50_mode_PhenomPv2_inc_0.0_M90/lalinferencenest/IMRPhenomDthreePointFivePN/1167559679.0-0/H1L1/H1/1Dsamps/l1v1_delay_samps.png
/home/c1572221/public_html/LVC/GW150914-like/GW1509_like_SNR_50_mode_PhenomPv2_inc_0.0_M90/lalinferencenest/IMRPhenomDthreePointFivePN/1167559679.0-0/H1L1/H1/1Dsamps/redshift_samps.png
/home/c1572221/public_html/LVC/GW150914-like/GW1509_like_SNR_50_mode_PhenomPv2_inc_0.0_M90/lalinferencenest/IMRPhenomDthreePointFivePN/1167559679.0-0/H1L1/H1/1Dsamps/distance_samps.png
/home/c1572221/public_html/LVC/GW150914-like/GW1509_like_SNR_50_mode_PhenomPv2_inc_0.0_M90/lalinferencenest/IMRPhenomDthreePointFivePN/1167559679.0-0/H1L1/H1/1Dsamps/mtotal_source_samps.pdf
/home/c1572221/public_html/LVC/GW150914-like/GW1509_like_SNR_50_mode_PhenomPv2_inc_0.0_M90/lalinferencenest/IMRPhenomDthreePointFivePN/1167559679.0-0/H1L1/H1/1Dsamps/redshift_samps.pdf
/home/c1572221/public_html/LVC/GW150914-like/GW1509_like_SNR_50_mode_PhenomPv2_inc_0.0_M90/lalinferencenest/IMRPhenomDthreePointFivePN/1167559679.0-0/H1L1/H1/1Dsamps/v1_end_time_samps.pdf
/home/c1572221/public_html/LVC/GW150914-like/GW1509_like_SNR_50_mode_PhenomPv2_inc_0.0_M90/lalinferencenest/IMRPhenomDthreePointFivePN/1167559679.0-0/H1L1/H1/1Dsamps/deltaloglh1_acf.png
/home/c1572221/public_html/LVC/GW150914-like/GW1509_like_SNR_50_mode_PhenomPv2_inc_0.0_M90/lalinferencenest/IMRPhenomDthreePointFivePN/1167559679.0-0/H1L1/H1/1Dsamps/h1_cplx_snr_arg_samps.pdf
/home/c1572221/public_html/LVC/GW150914-like/GW1509_like_SNR_50_mode_PhenomPv2_inc_0.0_M90/lalinferencenest/IMRPhenomDthreePointFivePN/1167559679.0-0/H1L1/H1/1Dsamps/matched_filter_snr_acf.png
/home/c1572221/public_html/LVC/GW150914-like/GW1509_like_SNR_50_mode_PhenomPv2_inc_0.0_M90/lalinferencenest/IMRPhenomDthreePointFivePN/1167559679.0-0/H1L1/H1/1Dsamps/mtotal_acf.pdf
/home/c1572221/public_html/LVC/GW150914-like/GW1509_like_SNR_50_mode_PhenomPv2_inc_0.0_M90/lalinferencenest/IMRPhenomDthreePointFivePN/1167559679.0-0/H1L1/H1/1Dsamps/h1_cplx_snr_amp_acf.pdf
/home/c1572221/public_html/LVC/GW150914-like/GW1509_like_SNR_50_mode_PhenomPv2_inc_0.0_M90/lalinferencenest/IMRPhenomDthreePointFivePN/1167559679.0-0/H1L1/H1/1Dsamps/h1v1_delay_acf.png
/home/c1572221/public_html/LVC/GW150914-like/GW1509_like_SNR_50_mode_PhenomPv2_inc_0.0_M90/lalinferencenest/IMRPhenomDthreePointFivePN/1167559679.0-0/H1L1/H1/1Dsamps/q_acf.pdf
/home/c1572221/public_html/LVC/GW150914-like/GW1509_like_SNR_50_mode_PhenomPv2_inc_0.0_M90/lalinferencenest/IMRPhenomDthreePointFivePN/1167559679.0-0/H1L1/H1/1Dsamps/h1v1_delay_acf.pdf
/home/c1572221/public_html/LVC/GW150914-like/GW1509_like_SNR_50_mode_PhenomPv2_inc_0.0_M90/lalinferencenest/IMRPhenomDthreePointFivePN/1167559679.0-0/H1L1/H1/1Dsamps/l1v1_delay_acf.png
/home/c1572221/public_html/LVC/GW150914-like/GW1509_like_SNR_50_mode_PhenomPv2_inc_0.0_M90/lalinferencenest/IMRPhenomDthreePointFivePN/1167559679.0-0/H1L1/H1/1Dsamps/a2z_samps.pdf
/home/c1572221/public_html/LVC/GW150914-like/GW1509_like_SNR_50_mode_PhenomPv2_inc_0.0_M90/lalinferencenest/IMRPhenomDthreePointFivePN/1167559679.0-0/H1L1/H1/1Dsamps/m2_source_acf.png
/home/c1572221/public_html/LVC/GW150914-like/GW1509_like_SNR_50_mode_PhenomPv2_inc_0.0_M90/lalinferencenest/IMRPhenomDthreePointFivePN/1167559679.0-0/H1L1/H1/1Dsamps/eta_acf.png
/home/c1572221/public_html/LVC/GW150914-like/GW1509_like_SNR_50_mode_PhenomPv2_inc_0.0_M90/lalinferencenest/IMRPhenomDthreePointFivePN/1167559679.0-0/H1L1/H1/1Dsamps/mf_samps.pdf
/home/c1572221/public_html/LVC/GW150914-like/GW1509_like_SNR_50_mode_PhenomPv2_inc_0.0_M90/lalinferencenest/IMRPhenomDthreePointFivePN/1167559679.0-0/H1L1/H1/1Dsamps/af_acf.pdf
/home/c1572221/public_html/LVC/GW150914-like/GW1509_like_SNR_50_mode_PhenomPv2_inc_0.0_M90/lalinferencenest/IMRPhenomDthreePointFivePN/1167559679.0-0/H1L1/H1/1Dsamps/l1_end_time_acf.png
/home/c1572221/public_html/LVC/GW150914-like/GW1509_like_SNR_50_mode_PhenomPv2_inc_0.0_M90/lalinferencenest/IMRPhenomDthreePointFivePN/1167559679.0-0/H1L1/H1/1Dsamps/m2_samps.png
/home/c1572221/public_html/LVC/GW150914-like/GW1509_like_SNR_50_mode_PhenomPv2_inc_0.0_M90/lalinferencenest/IMRPhenomDthreePointFivePN/1167559679.0-0/H1L1/H1/1Dsamps/phase_samps.pdf
/home/c1572221/public_html/LVC/GW150914-like/GW1509_like_SNR_50_mode_PhenomPv2_inc_0.0_M90/lalinferencenest/IMRPhenomDthreePointFivePN/1167559679.0-0/H1L1/H1/1Dsamps/e_rad_samps.png
/home/c1572221/public_html/LVC/GW150914-like/GW1509_like_SNR_50_mode_PhenomPv2_inc_0.0_M90/lalinferencenest/IMRPhenomDthreePointFivePN/1167559679.0-0/H1L1/H1/1Dsamps/q_samps.png
/home/c1572221/public_html/LVC/GW150914-like/GW1509_like_SNR_50_mode_PhenomPv2_inc_0.0_M90/lalinferencenest/IMRPhenomDthreePointFivePN/1167559679.0-0/H1L1/H1/1Dsamps/m2_source_acf.pdf
/home/c1572221/public_html/LVC/GW150914-like/GW1509_like_SNR_50_mode_PhenomPv2_inc_0.0_M90/lalinferencenest/IMRPhenomDthreePointFivePN/1167559679.0-0/H1L1/H1/1Dsamps/mtotal_source_samps.png
/home/c1572221/public_html/LVC/GW150914-like/GW1509_like_SNR_50_mode_PhenomPv2_inc_0.0_M90/lalinferencenest/IMRPhenomDthreePointFivePN/1167559679.0-0/H1L1/H1/1Dsamps/ra_acf.pdf
/home/c1572221/public_html/LVC/GW150914-like/GW1509_like_SNR_50_mode_PhenomPv2_inc_0.0_M90/lalinferencenest/IMRPhenomDthreePointFivePN/1167559679.0-0/H1L1/H1/1Dsamps/dec_samps.pdf
/home/c1572221/public_html/LVC/GW150914-like/GW1509_like_SNR_50_mode_PhenomPv2_inc_0.0_M90/lalinferencenest/IMRPhenomDthreePointFivePN/1167559679.0-0/H1L1/H1/1Dsamps/m2_samps.pdf
/home/c1572221/public_html/LVC/GW150914-like/GW1509_like_SNR_50_mode_PhenomPv2_inc_0.0_M90/lalinferencenest/IMRPhenomDthreePointFivePN/1167559679.0-0/H1L1/H1/1Dsamps/m1_source_acf.pdf
/home/c1572221/public_html/LVC/GW150914-like/GW1509_like_SNR_50_mode_PhenomPv2_inc_0.0_M90/lalinferencenest/IMRPhenomDthreePointFivePN/1167559679.0-0/H1L1/H1/1Dsamps/a2z_samps.png
/home/c1572221/public_html/LVC/GW150914-like/GW1509_like_SNR_50_mode_PhenomPv2_inc_0.0_M90/lalinferencenest/IMRPhenomDthreePointFivePN/1167559679.0-0/H1L1/H1/1Dsamps/l1_end_time_samps.png
/home/c1572221/public_html/LVC/GW150914-like/GW1509_like_SNR_50_mode_PhenomPv2_inc_0.0_M90/lalinferencenest/IMRPhenomDthreePointFivePN/1167559679.0-0/H1L1/H1/1Dsamps/a1z_acf.pdf
/home/c1572221/public_html/LVC/GW150914-like/GW1509_like_SNR_50_mode_PhenomPv2_inc_0.0_M90/lalinferencenest/IMRPhenomDthreePointFivePN/1167559679.0-0/H1L1/H1/1Dsamps/a2z_acf.png
/home/c1572221/public_html/LVC/GW150914-like/GW1509_like_SNR_50_mode_PhenomPv2_inc_0.0_M90/lalinferencenest/IMRPhenomDthreePointFivePN/1167559679.0-0/H1L1/H1/1Dsamps/matched_filter_snr_samps.png
/home/c1572221/public_html/LVC/GW150914-like/GW1509_like_SNR_50_mode_PhenomPv2_inc_0.0_M90/lalinferencenest/IMRPhenomDthreePointFivePN/1167559679.0-0/H1L1/H1/1Dsamps/h1l1_delay_samps.png
/home/c1572221/public_html/LVC/GW150914-like/GW1509_like_SNR_50_mode_PhenomPv2_inc_0.0_M90/lalinferencenest/IMRPhenomDthreePointFivePN/1167559679.0-0/H1L1/H1/1Dsamps/mf_samps.png
/home/c1572221/public_html/LVC/GW150914-like/GW1509_like_SNR_50_mode_PhenomPv2_inc_0.0_M90/lalinferencenest/IMRPhenomDthreePointFivePN/1167559679.0-0/H1L1/H1/1Dsamps/psi_samps.pdf
/home/c1572221/public_html/LVC/GW150914-like/GW1509_like_SNR_50_mode_PhenomPv2_inc_0.0_M90/lalinferencenest/IMRPhenomDthreePointFivePN/1167559679.0-0/H1L1/H1/1Dsamps/redshift_acf.pdf
/home/c1572221/public_html/LVC/GW150914-like/GW1509_like_SNR_50_mode_PhenomPv2_inc_0.0_M90/lalinferencenest/IMRPhenomDthreePointFivePN/1167559679.0-0/H1L1/H1/1Dsamps/m2_acf.pdf
/home/c1572221/public_html/LVC/GW150914-like/GW1509_like_SNR_50_mode_PhenomPv2_inc_0.0_M90/lalinferencenest/IMRPhenomDthreePointFivePN/1167559679.0-0/H1L1/H1/1Dsamps/h1_cplx_snr_amp_samps.pdf
/home/c1572221/public_html/LVC/GW150914-like/GW1509_like_SNR_50_mode_PhenomPv2_inc_0.0_M90/lalinferencenest/IMRPhenomDthreePointFivePN/1167559679.0-0/H1L1/H1/1Dsamps/q_acf.png
/home/c1572221/public_html/LVC/GW150914-like/GW1509_like_SNR_50_mode_PhenomPv2_inc_0.0_M90/lalinferencenest/IMRPhenomDthreePointFivePN/1167559679.0-0/H1L1/H1/1Dsamps/l1v1_delay_samps.pdf
/home/c1572221/public_html/LVC/GW150914-like/GW1509_like_SNR_50_mode_PhenomPv2_inc_0.0_M90/lalinferencenest/IMRPhenomDthreePointFivePN/1167559679.0-0/H1L1/H1/1Dsamps/deltaloglh1_samps.png
/home/c1572221/public_html/LVC/GW150914-like/GW1509_like_SNR_50_mode_PhenomPv2_inc_0.0_M90/lalinferencenest/IMRPhenomDthreePointFivePN/1167559679.0-0/H1L1/H1/1Dsamps/h1_end_time_samps.png
/home/c1572221/public_html/LVC/GW150914-like/GW1509_like_SNR_50_mode_PhenomPv2_inc_0.0_M90/lalinferencenest/IMRPhenomDthreePointFivePN/1167559679.0-0/H1L1/H1/1Dsamps/logl_acf.pdf
/home/c1572221/public_html/LVC/GW150914-like/GW1509_like_SNR_50_mode_PhenomPv2_inc_0.0_M90/lalinferencenest/IMRPhenomDthreePointFivePN/1167559679.0-0/H1L1/H1/1Dsamps/matched_filter_snr_samps.pdf
/home/c1572221/public_html/LVC/GW150914-like/GW1509_like_SNR_50_mode_PhenomPv2_inc_0.0_M90/lalinferencenest/IMRPhenomDthreePointFivePN/1167559679.0-0/H1L1/H1/1Dsamps/e_rad_acf.png
/home/c1572221/public_html/LVC/GW150914-like/GW1509_like_SNR_50_mode_PhenomPv2_inc_0.0_M90/lalinferencenest/IMRPhenomDthreePointFivePN/1167559679.0-0/H1L1/H1/1Dsamps/matched_filter_snr_acf.pdf
/home/c1572221/public_html/LVC/GW150914-like/GW1509_like_SNR_50_mode_PhenomPv2_inc_0.0_M90/lalinferencenest/IMRPhenomDthreePointFivePN/1167559679.0-0/H1L1/H1/1Dsamps/mf_source_samps.pdf
/home/c1572221/public_html/LVC/GW150914-like/GW1509_like_SNR_50_mode_PhenomPv2_inc_0.0_M90/lalinferencenest/IMRPhenomDthreePointFivePN/1167559679.0-0/H1L1/H1/1Dsamps/time_samps.png
/home/c1572221/public_html/LVC/GW150914-like/GW1509_like_SNR_50_mode_PhenomPv2_inc_0.0_M90/lalinferencenest/IMRPhenomDthreePointFivePN/1167559679.0-0/H1L1/H1/1Dsamps/m2_acf.png
/home/c1572221/public_html/LVC/GW150914-like/GW1509_like_SNR_50_mode_PhenomPv2_inc_0.0_M90/lalinferencenest/IMRPhenomDthreePointFivePN/1167559679.0-0/H1L1/H1/1Dsamps/optimal_snr_acf.pdf
/home/c1572221/public_html/LVC/GW150914-like/GW1509_like_SNR_50_mode_PhenomPv2_inc_0.0_M90/lalinferencenest/IMRPhenomDthreePointFivePN/1167559679.0-0/H1L1/H1/1Dsamps/h1_cplx_snr_amp_acf.png
/home/c1572221/public_html/LVC/GW150914-like/GW1509_like_SNR_50_mode_PhenomPv2_inc_0.0_M90/lalinferencenest/IMRPhenomDthreePointFivePN/1167559679.0-0/H1L1/H1/1Dsamps/h1l1_delay_acf.pdf
/home/c1572221/public_html/LVC/GW150914-like/GW1509_like_SNR_50_mode_PhenomPv2_inc_0.0_M90/lalinferencenest/IMRPhenomDthreePointFivePN/1167559679.0-0/H1L1/H1/1Dsamps/v1_end_time_samps.png
/home/c1572221/public_html/LVC/GW150914-like/GW1509_like_SNR_50_mode_PhenomPv2_inc_0.0_M90/lalinferencenest/IMRPhenomDthreePointFivePN/1167559679.0-0/H1L1/H1/1Dsamps/a1_acf.pdf
/home/c1572221/public_html/LVC/GW150914-like/GW1509_like_SNR_50_mode_PhenomPv2_inc_0.0_M90/lalinferencenest/IMRPhenomDthreePointFivePN/1167559679.0-0/H1L1/H1/1Dsamps/redshift_acf.png
/home/c1572221/public_html/LVC/GW150914-like/GW1509_like_SNR_50_mode_PhenomPv2_inc_0.0_M90/lalinferencenest/IMRPhenomDthreePointFivePN/1167559679.0-0/H1L1/H1/1Dsamps/costheta_jn_acf.pdf
/home/c1572221/public_html/LVC/GW150914-like/GW1509_like_SNR_50_mode_PhenomPv2_inc_0.0_M90/lalinferencenest/IMRPhenomDthreePointFivePN/1167559679.0-0/H1L1/H1/1Dsamps/e_rad_acf.pdf
/home/c1572221/public_html/LVC/GW150914-like/GW1509_like_SNR_50_mode_PhenomPv2_inc_0.0_M90/lalinferencenest/IMRPhenomDthreePointFivePN/1167559679.0-0/H1L1/H1/1Dsamps/logprior_samps.pdf
/home/c1572221/public_html/LVC/GW150914-like/GW1509_like_SNR_50_mode_PhenomPv2_inc_0.0_M90/lalinferencenest/IMRPhenomDthreePointFivePN/1167559679.0-0/H1L1/H1/1Dsamps/m1_acf.pdf
/home/c1572221/public_html/LVC/GW150914-like/GW1509_like_SNR_50_mode_PhenomPv2_inc_0.0_M90/lalinferencenest/IMRPhenomDthreePointFivePN/1167559679.0-0/H1L1/H1/1Dsamps/phase_samps.png
/home/c1572221/public_html/LVC/GW150914-like/GW1509_like_SNR_50_mode_PhenomPv2_inc_0.0_M90/lalinferencenest/IMRPhenomDthreePointFivePN/1167559679.0-0/H1L1/H1/1Dsamps/costheta_jn_samps.png
/home/c1572221/public_html/LVC/GW150914-like/GW1509_like_SNR_50_mode_PhenomPv2_inc_0.0_M90/lalinferencenest/IMRPhenomDthreePointFivePN/1167559679.0-0/H1L1/H1/1Dsamps/logprior_acf.png
/home/c1572221/public_html/LVC/GW150914-like/GW1509_like_SNR_50_mode_PhenomPv2_inc_0.0_M90/lalinferencenest/IMRPhenomDthreePointFivePN/1167559679.0-0/H1L1/H1/1Dsamps/h1v1_delay_samps.pdf
/home/c1572221/public_html/LVC/GW150914-like/GW1509_like_SNR_50_mode_PhenomPv2_inc_0.0_M90/lalinferencenest/IMRPhenomDthreePointFivePN/1167559679.0-0/H1L1/H1/1Dsamps/af_samps.pdf
/home/c1572221/public_html/LVC/GW150914-like/GW1509_like_SNR_50_mode_PhenomPv2_inc_0.0_M90/lalinferencenest/IMRPhenomDthreePointFivePN/1167559679.0-0/H1L1/H1/1Dsamps/a1_samps.pdf
/home/c1572221/public_html/LVC/GW150914-like/GW1509_like_SNR_50_mode_PhenomPv2_inc_0.0_M90/lalinferencenest/IMRPhenomDthreePointFivePN/1167559679.0-0/H1L1/H1/1Dsamps/costheta_jn_acf.png
/home/c1572221/public_html/LVC/GW150914-like/GW1509_like_SNR_50_mode_PhenomPv2_inc_0.0_M90/lalinferencenest/IMRPhenomDthreePointFivePN/1167559679.0-0/H1L1/H1/1Dsamps/mf_source_acf.pdf
/home/c1572221/public_html/LVC/GW150914-like/GW1509_like_SNR_50_mode_PhenomPv2_inc_0.0_M90/lalinferencenest/IMRPhenomDthreePointFivePN/1167559679.0-0/H1L1/H1/1Dsamps/theta_jn_samps.png
/home/c1572221/public_html/LVC/GW150914-like/GW1509_like_SNR_50_mode_PhenomPv2_inc_0.0_M90/lalinferencenest/IMRPhenomDthreePointFivePN/1167559679.0-0/H1L1/H1/1Dsamps/af_samps.png
/home/c1572221/public_html/LVC/GW150914-like/GW1509_like_SNR_50_mode_PhenomPv2_inc_0.0_M90/lalinferencenest/IMRPhenomDthreePointFivePN/1167559679.0-0/H1L1/H1/1Dsamps/dec_acf.png
/home/c1572221/public_html/LVC/GW150914-like/GW1509_like_SNR_50_mode_PhenomPv2_inc_0.0_M90/lalinferencenest/IMRPhenomDthreePointFivePN/1167559679.0-0/H1L1/H1/1Dsamps/ra_acf.png
/home/c1572221/public_html/LVC/GW150914-like/GW1509_like_SNR_50_mode_PhenomPv2_inc_0.0_M90/lalinferencenest/IMRPhenomDthreePointFivePN/1167559679.0-0/H1L1/H1/1Dsamps/deltalogl_acf.png
/home/c1572221/public_html/LVC/GW150914-like/GW1509_like_SNR_50_mode_PhenomPv2_inc_0.0_M90/lalinferencenest/IMRPhenomDthreePointFivePN/1167559679.0-0/H1L1/H1/1Dsamps/chi_eff_acf.png
/home/c1572221/public_html/LVC/GW150914-like/GW1509_like_SNR_50_mode_PhenomPv2_inc_0.0_M90/lalinferencenest/IMRPhenomDthreePointFivePN/1167559679.0-0/H1L1/H1/1Dsamps/time_acf.png
/home/c1572221/public_html/LVC/GW150914-like/GW1509_like_SNR_50_mode_PhenomPv2_inc_0.0_M90/lalinferencenest/IMRPhenomDthreePointFivePN/1167559679.0-0/H1L1/H1/1Dsamps/deltalogl_acf.pdf
/home/c1572221/public_html/LVC/GW150914-like/GW1509_like_SNR_50_mode_PhenomPv2_inc_0.0_M90/lalinferencenest/IMRPhenomDthreePointFivePN/1167559679.0-0/H1L1/H1/1Dsamps/mtotal_source_acf.png
/home/c1572221/public_html/LVC/GW150914-like/GW1509_like_SNR_50_mode_PhenomPv2_inc_0.0_M90/lalinferencenest/IMRPhenomDthreePointFivePN/1167559679.0-0/H1L1/H1/1Dsamps/dec_samps.png
/home/c1572221/public_html/LVC/GW150914-like/GW1509_like_SNR_50_mode_PhenomPv2_inc_0.0_M90/lalinferencenest/IMRPhenomDthreePointFivePN/1167559679.0-0/H1L1/H1/1Dsamps/m1_samps.pdf
/home/c1572221/public_html/LVC/GW150914-like/GW1509_like_SNR_50_mode_PhenomPv2_inc_0.0_M90/lalinferencenest/IMRPhenomDthreePointFivePN/1167559679.0-0/H1L1/H1/1Dsamps/h1_cplx_snr_arg_samps.png
/home/c1572221/public_html/LVC/GW150914-like/GW1509_like_SNR_50_mode_PhenomPv2_inc_0.0_M90/lalinferencenest/IMRPhenomDthreePointFivePN/1167559679.0-0/H1L1/H1/1Dsamps/h1l1_delay_samps.pdf
/home/c1572221/public_html/LVC/GW150914-like/GW1509_like_SNR_50_mode_PhenomPv2_inc_0.0_M90/lalinferencenest/IMRPhenomDthreePointFivePN/1167559679.0-0/H1L1/H1/1Dsamps/l_peak_acf.png
/home/c1572221/public_html/LVC/GW150914-like/GW1509_like_SNR_50_mode_PhenomPv2_inc_0.0_M90/lalinferencenest/IMRPhenomDthreePointFivePN/1167559679.0-0/H1L1/H1/1Dsamps/logl_acf.png
/home/c1572221/public_html/LVC/GW150914-like/GW1509_like_SNR_50_mode_PhenomPv2_inc_0.0_M90/lalinferencenest/IMRPhenomDthreePointFivePN/1167559679.0-0/H1L1/H1/1Dsamps/ra_samps.png
/home/c1572221/public_html/LVC/GW150914-like/GW1509_like_SNR_50_mode_PhenomPv2_inc_0.0_M90/lalinferencenest/IMRPhenomDthreePointFivePN/1167559679.0-0/H1L1/H1/1Dsamps/deltalogl_samps.pdf
/home/c1572221/public_html/LVC/GW150914-like/GW1509_like_SNR_50_mode_PhenomPv2_inc_0.0_M90/lalinferencenest/IMRPhenomDthreePointFivePN/1167559679.0-0/H1L1/H1/1Dsamps/distance_acf.pdf
/home/c1572221/public_html/LVC/GW150914-like/GW1509_like_SNR_50_mode_PhenomPv2_inc_0.0_M90/lalinferencenest/IMRPhenomDthreePointFivePN/1167559679.0-0/H1L1/H1/1Dsamps/h1_cplx_snr_arg_acf.pdf
/home/c1572221/public_html/LVC/GW150914-like/GW1509_like_SNR_50_mode_PhenomPv2_inc_0.0_M90/lalinferencenest/IMRPhenomDthreePointFivePN/1167559679.0-0/H1L1/H1/1Dsamps/mc_source_acf.pdf
/home/c1572221/public_html/LVC/GW150914-like/GW1509_like_SNR_50_mode_PhenomPv2_inc_0.0_M90/lalinferencenest/IMRPhenomDthreePointFivePN/1167559679.0-0/H1L1/H1/1Dsamps/mc_source_acf.png
/home/c1572221/public_html/LVC/GW150914-like/GW1509_like_SNR_50_mode_PhenomPv2_inc_0.0_M90/lalinferencenest/IMRPhenomDthreePointFivePN/1167559679.0-0/H1L1/H1/1Dsamps/eta_samps.pdf
/home/c1572221/public_html/LVC/GW150914-like/GW1509_like_SNR_50_mode_PhenomPv2_inc_0.0_M90/lalinferencenest/IMRPhenomDthreePointFivePN/1167559679.0-0/H1L1/H1/1Dsamps/a2_samps.png
/home/c1572221/public_html/LVC/GW150914-like/GW1509_like_SNR_50_mode_PhenomPv2_inc_0.0_M90/lalinferencenest/IMRPhenomDthreePointFivePN/1167559679.0-0/H1L1/H1/1Dsamps/dec_acf.pdf
/home/c1572221/public_html/LVC/GW150914-like/GW1509_like_SNR_50_mode_PhenomPv2_inc_0.0_M90/lalinferencenest/IMRPhenomDthreePointFivePN/1167559679.0-0/H1L1/H1/1Dsamps/eta_acf.pdf
/home/c1572221/public_html/LVC/GW150914-like/GW1509_like_SNR_50_mode_PhenomPv2_inc_0.0_M90/lalinferencenest/IMRPhenomDthreePointFivePN/1167559679.0-0/H1L1/H1/1Dsamps/a2_acf.png
/home/c1572221/public_html/LVC/GW150914-like/GW1509_like_SNR_50_mode_PhenomPv2_inc_0.0_M90/lalinferencenest/IMRPhenomDthreePointFivePN/1167559679.0-0/H1L1/H1/dic.dat
/home/c1572221/public_html/LVC/GW150914-like/GW1509_like_SNR_50_mode_PhenomPv2_inc_0.0_M90/lalinferencenest/IMRPhenomDthreePointFivePN/1167559679.0-0/H1L1/H1/1Dpdf/
/home/c1572221/public_html/LVC/GW150914-like/GW1509_like_SNR_50_mode_PhenomPv2_inc_0.0_M90/lalinferencenest/IMRPhenomDthreePointFivePN/1167559679.0-0/H1L1/H1/1Dpdf/e_rad.pdf
/home/c1572221/public_html/LVC/GW150914-like/GW1509_like_SNR_50_mode_PhenomPv2_inc_0.0_M90/lalinferencenest/IMRPhenomDthreePointFivePN/1167559679.0-0/H1L1/H1/1Dpdf/ra.png
/home/c1572221/public_html/LVC/GW150914-like/GW1509_like_SNR_50_mode_PhenomPv2_inc_0.0_M90/lalinferencenest/IMRPhenomDthreePointFivePN/1167559679.0-0/H1L1/H1/1Dpdf/m2_source.png
/home/c1572221/public_html/LVC/GW150914-like/GW1509_like_SNR_50_mode_PhenomPv2_inc_0.0_M90/lalinferencenest/IMRPhenomDthreePointFivePN/1167559679.0-0/H1L1/H1/1Dpdf/logprior.png
/home/c1572221/public_html/LVC/GW150914-like/GW1509_like_SNR_50_mode_PhenomPv2_inc_0.0_M90/lalinferencenest/IMRPhenomDthreePointFivePN/1167559679.0-0/H1L1/H1/1Dpdf/theta_jn.pdf
/home/c1572221/public_html/LVC/GW150914-like/GW1509_like_SNR_50_mode_PhenomPv2_inc_0.0_M90/lalinferencenest/IMRPhenomDthreePointFivePN/1167559679.0-0/H1L1/H1/1Dpdf/phase.png
/home/c1572221/public_html/LVC/GW150914-like/GW1509_like_SNR_50_mode_PhenomPv2_inc_0.0_M90/lalinferencenest/IMRPhenomDthreePointFivePN/1167559679.0-0/H1L1/H1/1Dpdf/h1_end_time.pdf
/home/c1572221/public_html/LVC/GW150914-like/GW1509_like_SNR_50_mode_PhenomPv2_inc_0.0_M90/lalinferencenest/IMRPhenomDthreePointFivePN/1167559679.0-0/H1L1/H1/1Dpdf/logprior.pdf
/home/c1572221/public_html/LVC/GW150914-like/GW1509_like_SNR_50_mode_PhenomPv2_inc_0.0_M90/lalinferencenest/IMRPhenomDthreePointFivePN/1167559679.0-0/H1L1/H1/1Dpdf/dec.pdf
/home/c1572221/public_html/LVC/GW150914-like/GW1509_like_SNR_50_mode_PhenomPv2_inc_0.0_M90/lalinferencenest/IMRPhenomDthreePointFivePN/1167559679.0-0/H1L1/H1/1Dpdf/mtotal.pdf
/home/c1572221/public_html/LVC/GW150914-like/GW1509_like_SNR_50_mode_PhenomPv2_inc_0.0_M90/lalinferencenest/IMRPhenomDthreePointFivePN/1167559679.0-0/H1L1/H1/1Dpdf/h1_cplx_snr_arg.pdf
/home/c1572221/public_html/LVC/GW150914-like/GW1509_like_SNR_50_mode_PhenomPv2_inc_0.0_M90/lalinferencenest/IMRPhenomDthreePointFivePN/1167559679.0-0/H1L1/H1/1Dpdf/af.pdf
/home/c1572221/public_html/LVC/GW150914-like/GW1509_like_SNR_50_mode_PhenomPv2_inc_0.0_M90/lalinferencenest/IMRPhenomDthreePointFivePN/1167559679.0-0/H1L1/H1/1Dpdf/q.pdf
/home/c1572221/public_html/LVC/GW150914-like/GW1509_like_SNR_50_mode_PhenomPv2_inc_0.0_M90/lalinferencenest/IMRPhenomDthreePointFivePN/1167559679.0-0/H1L1/H1/1Dpdf/m1.pdf
/home/c1572221/public_html/LVC/GW150914-like/GW1509_like_SNR_50_mode_PhenomPv2_inc_0.0_M90/lalinferencenest/IMRPhenomDthreePointFivePN/1167559679.0-0/H1L1/H1/1Dpdf/deltalogl.pdf
/home/c1572221/public_html/LVC/GW150914-like/GW1509_like_SNR_50_mode_PhenomPv2_inc_0.0_M90/lalinferencenest/IMRPhenomDthreePointFivePN/1167559679.0-0/H1L1/H1/1Dpdf/a1.png
/home/c1572221/public_html/LVC/GW150914-like/GW1509_like_SNR_50_mode_PhenomPv2_inc_0.0_M90/lalinferencenest/IMRPhenomDthreePointFivePN/1167559679.0-0/H1L1/H1/1Dpdf/a1.pdf
/home/c1572221/public_html/LVC/GW150914-like/GW1509_like_SNR_50_mode_PhenomPv2_inc_0.0_M90/lalinferencenest/IMRPhenomDthreePointFivePN/1167559679.0-0/H1L1/H1/1Dpdf/psi.pdf
/home/c1572221/public_html/LVC/GW150914-like/GW1509_like_SNR_50_mode_PhenomPv2_inc_0.0_M90/lalinferencenest/IMRPhenomDthreePointFivePN/1167559679.0-0/H1L1/H1/1Dpdf/time.pdf
/home/c1572221/public_html/LVC/GW150914-like/GW1509_like_SNR_50_mode_PhenomPv2_inc_0.0_M90/lalinferencenest/IMRPhenomDthreePointFivePN/1167559679.0-0/H1L1/H1/1Dpdf/h1_end_time.png
/home/c1572221/public_html/LVC/GW150914-like/GW1509_like_SNR_50_mode_PhenomPv2_inc_0.0_M90/lalinferencenest/IMRPhenomDthreePointFivePN/1167559679.0-0/H1L1/H1/1Dpdf/v1_end_time.png
/home/c1572221/public_html/LVC/GW150914-like/GW1509_like_SNR_50_mode_PhenomPv2_inc_0.0_M90/lalinferencenest/IMRPhenomDthreePointFivePN/1167559679.0-0/H1L1/H1/1Dpdf/redshift.png
/home/c1572221/public_html/LVC/GW150914-like/GW1509_like_SNR_50_mode_PhenomPv2_inc_0.0_M90/lalinferencenest/IMRPhenomDthreePointFivePN/1167559679.0-0/H1L1/H1/1Dpdf/h1_cplx_snr_amp.png
/home/c1572221/public_html/LVC/GW150914-like/GW1509_like_SNR_50_mode_PhenomPv2_inc_0.0_M90/lalinferencenest/IMRPhenomDthreePointFivePN/1167559679.0-0/H1L1/H1/1Dpdf/mf.png
/home/c1572221/public_html/LVC/GW150914-like/GW1509_like_SNR_50_mode_PhenomPv2_inc_0.0_M90/lalinferencenest/IMRPhenomDthreePointFivePN/1167559679.0-0/H1L1/H1/1Dpdf/distance.pdf
/home/c1572221/public_html/LVC/GW150914-like/GW1509_like_SNR_50_mode_PhenomPv2_inc_0.0_M90/lalinferencenest/IMRPhenomDthreePointFivePN/1167559679.0-0/H1L1/H1/1Dpdf/logl.png
/home/c1572221/public_html/LVC/GW150914-like/GW1509_like_SNR_50_mode_PhenomPv2_inc_0.0_M90/lalinferencenest/IMRPhenomDthreePointFivePN/1167559679.0-0/H1L1/H1/1Dpdf/a1z.png
/home/c1572221/public_html/LVC/GW150914-like/GW1509_like_SNR_50_mode_PhenomPv2_inc_0.0_M90/lalinferencenest/IMRPhenomDthreePointFivePN/1167559679.0-0/H1L1/H1/1Dpdf/mtotal.png
/home/c1572221/public_html/LVC/GW150914-like/GW1509_like_SNR_50_mode_PhenomPv2_inc_0.0_M90/lalinferencenest/IMRPhenomDthreePointFivePN/1167559679.0-0/H1L1/H1/1Dpdf/l1_end_time.png
/home/c1572221/public_html/LVC/GW150914-like/GW1509_like_SNR_50_mode_PhenomPv2_inc_0.0_M90/lalinferencenest/IMRPhenomDthreePointFivePN/1167559679.0-0/H1L1/H1/1Dpdf/costheta_jn.pdf
/home/c1572221/public_html/LVC/GW150914-like/GW1509_like_SNR_50_mode_PhenomPv2_inc_0.0_M90/lalinferencenest/IMRPhenomDthreePointFivePN/1167559679.0-0/H1L1/H1/1Dpdf/h1v1_delay.pdf
/home/c1572221/public_html/LVC/GW150914-like/GW1509_like_SNR_50_mode_PhenomPv2_inc_0.0_M90/lalinferencenest/IMRPhenomDthreePointFivePN/1167559679.0-0/H1L1/H1/1Dpdf/h1_cplx_snr_arg.png
/home/c1572221/public_html/LVC/GW150914-like/GW1509_like_SNR_50_mode_PhenomPv2_inc_0.0_M90/lalinferencenest/IMRPhenomDthreePointFivePN/1167559679.0-0/H1L1/H1/1Dpdf/m1_source.png
/home/c1572221/public_html/LVC/GW150914-like/GW1509_like_SNR_50_mode_PhenomPv2_inc_0.0_M90/lalinferencenest/IMRPhenomDthreePointFivePN/1167559679.0-0/H1L1/H1/1Dpdf/a2z.pdf
/home/c1572221/public_html/LVC/GW150914-like/GW1509_like_SNR_50_mode_PhenomPv2_inc_0.0_M90/lalinferencenest/IMRPhenomDthreePointFivePN/1167559679.0-0/H1L1/H1/1Dpdf/chi_eff.pdf
/home/c1572221/public_html/LVC/GW150914-like/GW1509_like_SNR_50_mode_PhenomPv2_inc_0.0_M90/lalinferencenest/IMRPhenomDthreePointFivePN/1167559679.0-0/H1L1/H1/1Dpdf/deltaloglh1.png
/home/c1572221/public_html/LVC/GW150914-like/GW1509_like_SNR_50_mode_PhenomPv2_inc_0.0_M90/lalinferencenest/IMRPhenomDthreePointFivePN/1167559679.0-0/H1L1/H1/1Dpdf/optimal_snr.png
/home/c1572221/public_html/LVC/GW150914-like/GW1509_like_SNR_50_mode_PhenomPv2_inc_0.0_M90/lalinferencenest/IMRPhenomDthreePointFivePN/1167559679.0-0/H1L1/H1/1Dpdf/m1_source.pdf
/home/c1572221/public_html/LVC/GW150914-like/GW1509_like_SNR_50_mode_PhenomPv2_inc_0.0_M90/lalinferencenest/IMRPhenomDthreePointFivePN/1167559679.0-0/H1L1/H1/1Dpdf/mf.pdf
/home/c1572221/public_html/LVC/GW150914-like/GW1509_like_SNR_50_mode_PhenomPv2_inc_0.0_M90/lalinferencenest/IMRPhenomDthreePointFivePN/1167559679.0-0/H1L1/H1/1Dpdf/costheta_jn.png
/home/c1572221/public_html/LVC/GW150914-like/GW1509_like_SNR_50_mode_PhenomPv2_inc_0.0_M90/lalinferencenest/IMRPhenomDthreePointFivePN/1167559679.0-0/H1L1/H1/1Dpdf/matched_filter_snr.png
/home/c1572221/public_html/LVC/GW150914-like/GW1509_like_SNR_50_mode_PhenomPv2_inc_0.0_M90/lalinferencenest/IMRPhenomDthreePointFivePN/1167559679.0-0/H1L1/H1/1Dpdf/time.png
/home/c1572221/public_html/LVC/GW150914-like/GW1509_like_SNR_50_mode_PhenomPv2_inc_0.0_M90/lalinferencenest/IMRPhenomDthreePointFivePN/1167559679.0-0/H1L1/H1/1Dpdf/m2.png
/home/c1572221/public_html/LVC/GW150914-like/GW1509_like_SNR_50_mode_PhenomPv2_inc_0.0_M90/lalinferencenest/IMRPhenomDthreePointFivePN/1167559679.0-0/H1L1/H1/1Dpdf/eta.pdf
/home/c1572221/public_html/LVC/GW150914-like/GW1509_like_SNR_50_mode_PhenomPv2_inc_0.0_M90/lalinferencenest/IMRPhenomDthreePointFivePN/1167559679.0-0/H1L1/H1/1Dpdf/theta_jn.png
/home/c1572221/public_html/LVC/GW150914-like/GW1509_like_SNR_50_mode_PhenomPv2_inc_0.0_M90/lalinferencenest/IMRPhenomDthreePointFivePN/1167559679.0-0/H1L1/H1/1Dpdf/af.png
/home/c1572221/public_html/LVC/GW150914-like/GW1509_like_SNR_50_mode_PhenomPv2_inc_0.0_M90/lalinferencenest/IMRPhenomDthreePointFivePN/1167559679.0-0/H1L1/H1/1Dpdf/l1v1_delay.pdf
/home/c1572221/public_html/LVC/GW150914-like/GW1509_like_SNR_50_mode_PhenomPv2_inc_0.0_M90/lalinferencenest/IMRPhenomDthreePointFivePN/1167559679.0-0/H1L1/H1/1Dpdf/l1_end_time.pdf
/home/c1572221/public_html/LVC/GW150914-like/GW1509_like_SNR_50_mode_PhenomPv2_inc_0.0_M90/lalinferencenest/IMRPhenomDthreePointFivePN/1167559679.0-0/H1L1/H1/1Dpdf/e_rad.png
/home/c1572221/public_html/LVC/GW150914-like/GW1509_like_SNR_50_mode_PhenomPv2_inc_0.0_M90/lalinferencenest/IMRPhenomDthreePointFivePN/1167559679.0-0/H1L1/H1/1Dpdf/h1_cplx_snr_amp.pdf
/home/c1572221/public_html/LVC/GW150914-like/GW1509_like_SNR_50_mode_PhenomPv2_inc_0.0_M90/lalinferencenest/IMRPhenomDthreePointFivePN/1167559679.0-0/H1L1/H1/1Dpdf/chi_eff.png
/home/c1572221/public_html/LVC/GW150914-like/GW1509_like_SNR_50_mode_PhenomPv2_inc_0.0_M90/lalinferencenest/IMRPhenomDthreePointFivePN/1167559679.0-0/H1L1/H1/1Dpdf/ra.pdf
/home/c1572221/public_html/LVC/GW150914-like/GW1509_like_SNR_50_mode_PhenomPv2_inc_0.0_M90/lalinferencenest/IMRPhenomDthreePointFivePN/1167559679.0-0/H1L1/H1/1Dpdf/h1_optimal_snr.png
/home/c1572221/public_html/LVC/GW150914-like/GW1509_like_SNR_50_mode_PhenomPv2_inc_0.0_M90/lalinferencenest/IMRPhenomDthreePointFivePN/1167559679.0-0/H1L1/H1/1Dpdf/a2.png
/home/c1572221/public_html/LVC/GW150914-like/GW1509_like_SNR_50_mode_PhenomPv2_inc_0.0_M90/lalinferencenest/IMRPhenomDthreePointFivePN/1167559679.0-0/H1L1/H1/1Dpdf/psi.png
/home/c1572221/public_html/LVC/GW150914-like/GW1509_like_SNR_50_mode_PhenomPv2_inc_0.0_M90/lalinferencenest/IMRPhenomDthreePointFivePN/1167559679.0-0/H1L1/H1/1Dpdf/distance.png
/home/c1572221/public_html/LVC/GW150914-like/GW1509_like_SNR_50_mode_PhenomPv2_inc_0.0_M90/lalinferencenest/IMRPhenomDthreePointFivePN/1167559679.0-0/H1L1/H1/1Dpdf/a2.pdf
/home/c1572221/public_html/LVC/GW150914-like/GW1509_like_SNR_50_mode_PhenomPv2_inc_0.0_M90/lalinferencenest/IMRPhenomDthreePointFivePN/1167559679.0-0/H1L1/H1/1Dpdf/v1_end_time.pdf
/home/c1572221/public_html/LVC/GW150914-like/GW1509_like_SNR_50_mode_PhenomPv2_inc_0.0_M90/lalinferencenest/IMRPhenomDthreePointFivePN/1167559679.0-0/H1L1/H1/1Dpdf/m1.png
/home/c1572221/public_html/LVC/GW150914-like/GW1509_like_SNR_50_mode_PhenomPv2_inc_0.0_M90/lalinferencenest/IMRPhenomDthreePointFivePN/1167559679.0-0/H1L1/H1/1Dpdf/h1l1_delay.pdf
/home/c1572221/public_html/LVC/GW150914-like/GW1509_like_SNR_50_mode_PhenomPv2_inc_0.0_M90/lalinferencenest/IMRPhenomDthreePointFivePN/1167559679.0-0/H1L1/H1/1Dpdf/mc_source.pdf
/home/c1572221/public_html/LVC/GW150914-like/GW1509_like_SNR_50_mode_PhenomPv2_inc_0.0_M90/lalinferencenest/IMRPhenomDthreePointFivePN/1167559679.0-0/H1L1/H1/1Dpdf/mf_source.pdf
/home/c1572221/public_html/LVC/GW150914-like/GW1509_like_SNR_50_mode_PhenomPv2_inc_0.0_M90/lalinferencenest/IMRPhenomDthreePointFivePN/1167559679.0-0/H1L1/H1/1Dpdf/phase.pdf
/home/c1572221/public_html/LVC/GW150914-like/GW1509_like_SNR_50_mode_PhenomPv2_inc_0.0_M90/lalinferencenest/IMRPhenomDthreePointFivePN/1167559679.0-0/H1L1/H1/1Dpdf/mc.pdf
/home/c1572221/public_html/LVC/GW150914-like/GW1509_like_SNR_50_mode_PhenomPv2_inc_0.0_M90/lalinferencenest/IMRPhenomDthreePointFivePN/1167559679.0-0/H1L1/H1/1Dpdf/mc_source.png
/home/c1572221/public_html/LVC/GW150914-like/GW1509_like_SNR_50_mode_PhenomPv2_inc_0.0_M90/lalinferencenest/IMRPhenomDthreePointFivePN/1167559679.0-0/H1L1/H1/1Dpdf/m2_source.pdf
/home/c1572221/public_html/LVC/GW150914-like/GW1509_like_SNR_50_mode_PhenomPv2_inc_0.0_M90/lalinferencenest/IMRPhenomDthreePointFivePN/1167559679.0-0/H1L1/H1/1Dpdf/logl.pdf
/home/c1572221/public_html/LVC/GW150914-like/GW1509_like_SNR_50_mode_PhenomPv2_inc_0.0_M90/lalinferencenest/IMRPhenomDthreePointFivePN/1167559679.0-0/H1L1/H1/1Dpdf/redshift.pdf
/home/c1572221/public_html/LVC/GW150914-like/GW1509_like_SNR_50_mode_PhenomPv2_inc_0.0_M90/lalinferencenest/IMRPhenomDthreePointFivePN/1167559679.0-0/H1L1/H1/1Dpdf/mtotal_source.png
/home/c1572221/public_html/LVC/GW150914-like/GW1509_like_SNR_50_mode_PhenomPv2_inc_0.0_M90/lalinferencenest/IMRPhenomDthreePointFivePN/1167559679.0-0/H1L1/H1/1Dpdf/l_peak.pdf
/home/c1572221/public_html/LVC/GW150914-like/GW1509_like_SNR_50_mode_PhenomPv2_inc_0.0_M90/lalinferencenest/IMRPhenomDthreePointFivePN/1167559679.0-0/H1L1/H1/1Dpdf/a1z.pdf
/home/c1572221/public_html/LVC/GW150914-like/GW1509_like_SNR_50_mode_PhenomPv2_inc_0.0_M90/lalinferencenest/IMRPhenomDthreePointFivePN/1167559679.0-0/H1L1/H1/1Dpdf/mc.png
/home/c1572221/public_html/LVC/GW150914-like/GW1509_like_SNR_50_mode_PhenomPv2_inc_0.0_M90/lalinferencenest/IMRPhenomDthreePointFivePN/1167559679.0-0/H1L1/H1/1Dpdf/eta.png
/home/c1572221/public_html/LVC/GW150914-like/GW1509_like_SNR_50_mode_PhenomPv2_inc_0.0_M90/lalinferencenest/IMRPhenomDthreePointFivePN/1167559679.0-0/H1L1/H1/1Dpdf/m2.pdf
/home/c1572221/public_html/LVC/GW150914-like/GW1509_like_SNR_50_mode_PhenomPv2_inc_0.0_M90/lalinferencenest/IMRPhenomDthreePointFivePN/1167559679.0-0/H1L1/H1/1Dpdf/mtotal_source.pdf
/home/c1572221/public_html/LVC/GW150914-like/GW1509_like_SNR_50_mode_PhenomPv2_inc_0.0_M90/lalinferencenest/IMRPhenomDthreePointFivePN/1167559679.0-0/H1L1/H1/1Dpdf/optimal_snr.pdf
/home/c1572221/public_html/LVC/GW150914-like/GW1509_like_SNR_50_mode_PhenomPv2_inc_0.0_M90/lalinferencenest/IMRPhenomDthreePointFivePN/1167559679.0-0/H1L1/H1/1Dpdf/h1v1_delay.png
/home/c1572221/public_html/LVC/GW150914-like/GW1509_like_SNR_50_mode_PhenomPv2_inc_0.0_M90/lalinferencenest/IMRPhenomDthreePointFivePN/1167559679.0-0/H1L1/H1/1Dpdf/l1v1_delay.png
/home/c1572221/public_html/LVC/GW150914-like/GW1509_like_SNR_50_mode_PhenomPv2_inc_0.0_M90/lalinferencenest/IMRPhenomDthreePointFivePN/1167559679.0-0/H1L1/H1/1Dpdf/h1l1_delay.png
/home/c1572221/public_html/LVC/GW150914-like/GW1509_like_SNR_50_mode_PhenomPv2_inc_0.0_M90/lalinferencenest/IMRPhenomDthreePointFivePN/1167559679.0-0/H1L1/H1/1Dpdf/a2z.png
/home/c1572221/public_html/LVC/GW150914-like/GW1509_like_SNR_50_mode_PhenomPv2_inc_0.0_M90/lalinferencenest/IMRPhenomDthreePointFivePN/1167559679.0-0/H1L1/H1/1Dpdf/matched_filter_snr.pdf
/home/c1572221/public_html/LVC/GW150914-like/GW1509_like_SNR_50_mode_PhenomPv2_inc_0.0_M90/lalinferencenest/IMRPhenomDthreePointFivePN/1167559679.0-0/H1L1/H1/1Dpdf/deltaloglh1.pdf
/home/c1572221/public_html/LVC/GW150914-like/GW1509_like_SNR_50_mode_PhenomPv2_inc_0.0_M90/lalinferencenest/IMRPhenomDthreePointFivePN/1167559679.0-0/H1L1/H1/1Dpdf/mf_source.png
/home/c1572221/public_html/LVC/GW150914-like/GW1509_like_SNR_50_mode_PhenomPv2_inc_0.0_M90/lalinferencenest/IMRPhenomDthreePointFivePN/1167559679.0-0/H1L1/H1/1Dpdf/dec.png
/home/c1572221/public_html/LVC/GW150914-like/GW1509_like_SNR_50_mode_PhenomPv2_inc_0.0_M90/lalinferencenest/IMRPhenomDthreePointFivePN/1167559679.0-0/H1L1/H1/1Dpdf/q.png
/home/c1572221/public_html/LVC/GW150914-like/GW1509_like_SNR_50_mode_PhenomPv2_inc_0.0_M90/lalinferencenest/IMRPhenomDthreePointFivePN/1167559679.0-0/H1L1/H1/1Dpdf/deltalogl.png
/home/c1572221/public_html/LVC/GW150914-like/GW1509_like_SNR_50_mode_PhenomPv2_inc_0.0_M90/lalinferencenest/IMRPhenomDthreePointFivePN/1167559679.0-0/H1L1/H1/1Dpdf/l_peak.png
/home/c1572221/public_html/LVC/GW150914-like/GW1509_like_SNR_50_mode_PhenomPv2_inc_0.0_M90/lalinferencenest/IMRPhenomDthreePointFivePN/1167559679.0-0/H1L1/H1/1Dpdf/h1_optimal_snr.pdf
/home/c1572221/public_html/LVC/GW150914-like/GW1509_like_SNR_50_mode_PhenomPv2_inc_0.0_M90/lalinferencenest/IMRPhenomDthreePointFivePN/1167559679.0-0/H1L1/H1/summary_statistics.dat
/home/c1572221/public_html/LVC/GW150914-like/GW1509_like_SNR_50_mode_PhenomPv2_inc_0.0_M90/lalinferencenest/IMRPhenomDthreePointFivePN/1167559679.0-0/H1L1/H1/PSDs/
/home/c1572221/public_html/LVC/GW150914-like/GW1509_like_SNR_50_mode_PhenomPv2_inc_0.0_M90/lalinferencenest/IMRPhenomDthreePointFivePN/1167559679.0-0/H1L1/H1/PSDs/PSD.png
/home/c1572221/public_html/LVC/GW150914-like/GW1509_like_SNR_50_mode_PhenomPv2_inc_0.0_M90/lalinferencenest/IMRPhenomDthreePointFivePN/1167559679.0-0/H1L1/H1/posplots.html
/home/c1572221/public_html/LVC/GW150914-like/GW1509_like_SNR_50_mode_PhenomPv2_inc_0.0_M90/lalinferencenest/IMRPhenomDthreePointFivePN/1167559679.0-0/H1L1/H1/corner/
/home/c1572221/public_html/LVC/GW150914-like/GW1509_like_SNR_50_mode_PhenomPv2_inc_0.0_M90/lalinferencenest/IMRPhenomDthreePointFivePN/1167559679.0-0/H1L1/H1/skymap.png
/home/c1572221/public_html/LVC/GW150914-like/GW1509_like_SNR_50_mode_PhenomPv2_inc_0.0_M90/lalinferencenest/IMRPhenomDthreePointFivePN/1167559679.0-0/H1L1/H1/confidence_levels.txt
/home/c1572221/public_html/LVC/GW150914-like/GW1509_like_SNR_50_mode_PhenomPv2_inc_0.0_M90/lalinferencenest/IMRPhenomDthreePointFivePN/1167559679.0-0/H1L1/H1/Waveform/
/home/c1572221/public_html/LVC/GW150914-like/GW1509_like_SNR_50_mode_PhenomPv2_inc_0.0_M90/lalinferencenest/IMRPhenomDthreePointFivePN/1167559679.0-0/H1L1/H1/Waveform/WF_DetFrame.png
/home/c1572221/public_html/LVC/GW150914-like/GW1509_like_SNR_50_mode_PhenomPv2_inc_0.0_M90/lalinferencenest/IMRPhenomDthreePointFivePN/1167559679.0-0/H1L1/H1/posterior_samples.dat
acosing costheta_jn
exponentiating logdistance
Read columns ['H1_cplx_snr_amp', 'H1_cplx_snr_arg', 'H1_optimal_snr', 'a1', 'a2', 'mc', 'dec', 'deltalogL', 'deltaloglH1', 'logL', 'logPrior', 'logw', 'matched_filter_snr', 'optimal_snr', 'phase', 'psi', 'q', 'ra', 'time', 'signalModelFlag', 'flow', 'f_ref', 'LAL_APPROXIMANT', 'LAL_AMPORDER', 'LAL_PNORDER', 'psdScaleFlag', 'theta_jn', 'distance']
No snr file provided or wrong path to snr file

Warning: Cannot find spin parameters.  Skipping spin angle calculations.
Using non-precessing fit formula [Healy at al (2014)] for final mass and spin (on masses and projected spin components).
Taking cos of theta_jn ...
Number of posterior samples: 2192
Means:
{'logw': -32.918227834083609, 'redshift': 0.024267832646587349, 'v1_end_time': 1167559678.9957261, 'f_ref': 100.0, 'psdscaleflag': 0.0, 'psi': 1.5481872085459014, 'lal_approximant': 58.0, 'signalmodelflag': 1.0, 'logl': -68.912273555737968, 'h1_cplx_snr_arg': -0.00052993790786720662, 'deltaloglh1': 425.20441641955307, 'v1h1_delay': -0.0047931226283094309, 'mc_source': 20.963762825382709, 'deltalogl': 425.20441641955307, 'h1_cplx_snr_amp': 29.196056652263263, 'l1v1_delay': 0.0060005732913957022, 'h1_end_time': 1167559678.9909329, 'l1h1_delay': 0.0012074506630862715, 'm1': 112.42940065812398, 'ra': 3.3865044109065803, 'l1_end_time': 1167559678.9897256, 'm2': 7.3060049686354827, 'l_peak': 0.20381356046315049, 'lal_pnorder': 7.0, 'm2_source': 7.1311370892133885, 'v1l1_delay': -0.0060005732913957022, 'mtotal': 119.73540562675946, 'costheta_jn': 0.6313858938910899, 'a2z': -0.39764852801168832, 'a1': 0.27143425846806019, 'a2': 0.40568213219902433, 'af': 0.40871914860450137, 'optimal_snr': 29.041094504767351, 'phase': 3.1633714545669069, 'a1z': 0.27143425846806019, 'm1_source': 109.7741048348811, 'distance': 109.3081777231311, 'mf': 119.01976810506196, 'mc': 21.474991204078858, 'theta_jn': 0.79720828132828137, 'h1v1_delay': 0.0047931226283094309, 'logprior': 19.933622037573706, 'flow': 20.0, 'h1l1_delay': -0.0012074506630862715, 'matched_filter_snr': 29.178956438277091, 'q': 0.065257085393764444, 'mtotal_source': 116.9052419240945, 'mf_source': 116.20682255976729, 'eta': 0.057373402538776895, 'e_rad': 0.69841936432720475, 'h1_optimal_snr': 29.041094504767351, 'time': 1167559678.9936881, 'lal_amporder': -1.0, 'dec': -0.072369814699230414, 'chi_eff': 0.2312589442935527}
Median:
{'logw': -32.893631054343729, 'redshift': 0.023814603661345898, 'v1_end_time': 1167559678.9975765, 'f_ref': 100.0, 'psdscaleflag': 0.0, 'psi': 1.5289179331908329, 'lal_approximant': 58.0, 'signalmodelflag': 1.0, 'logl': -68.589912173552932, 'h1_cplx_snr_arg': -0.00023243170701517737, 'deltaloglh1': 425.52677780173815, 'v1h1_delay': -0.010773062705993652, 'mc_source': 21.016871663757293, 'deltalogl': 425.52677780173815, 'h1_cplx_snr_amp': 29.20624797072918, 'l1v1_delay': 0.010843515396118164, 'h1_end_time': 1167559678.9910178, 'l1h1_delay': 0.0015623569488525391, 'm1': 112.53924479299995, 'ra': 2.8951678883734964, 'l1_end_time': 1167559678.98998, 'm2': 7.3075146269565483, 'l_peak': 0.20058186146196844, 'lal_pnorder': 7.0, 'm2_source': 7.1245594058485437, 'v1l1_delay': -0.010843515396118164, 'mtotal': 119.96831554922608, 'costheta_jn': 0.78195124989792464, 'a2z': -0.38889573331169941, 'a1': 0.27239556048793223, 'a2': 0.38889573331169941, 'af': 0.409396661394135, 'optimal_snr': 29.037358361704889, 'phase': 3.2541329652822677, 'a1z': 0.27239556048793223, 'm1_source': 109.97156598046091, 'distance': 107.05825306032574, 'mf': 119.21641024850109, 'mc': 21.547242698225425, 'theta_jn': 0.67300618856703964, 'h1v1_delay': 0.010773062705993652, 'logprior': 20.066531312873611, 'flow': 20.0, 'h1l1_delay': -0.0015623569488525391, 'matched_filter_snr': 29.189899245032766, 'q': 0.065010572454538104, 'mtotal_source': 117.13794221344496, 'mf_source': 116.41838708538123, 'eta': 0.057316036666721457, 'e_rad': 0.6964105705058401, 'h1_optimal_snr': 29.037358361704889, 'time': 1167559678.997324, 'lal_amporder': -1.0, 'dec': 0.038428926474872269, 'chi_eff': 0.23174896152309998}
maxL:
{'logw': -37.309769209143433, 'redshift': 0.027630134672289836, 'v1_end_time': 1167559679.0077949, 'f_ref': 100.0, 'psdscaleflag': 0.0, 'psi': 0.74040385912121975, 'lal_approximant': 58.0, 'signalmodelflag': 1.0, 'logl': -65.916832901828272, 'h1_cplx_snr_arg': 0.011130321532972892, 'deltaloglh1': 428.19985707346279, 'v1h1_delay': -0.022955894470214844, 'mc_source': 20.049293239520043, 'deltalogl': 428.19985707346279, 'h1_cplx_snr_amp': 29.269976492008944, 'l1v1_delay': 0.017054080963134766, 'h1_end_time': 1167559678.984839, 'l1h1_delay': -0.0059018135070800781, 'm1': 113.61651700958741, 'ra': 1.7526946421834124, 'l1_end_time': 1167559678.9907408, 'm2': 6.7286495750090873, 'l_peak': 0.16293370187050149, 'lal_pnorder': 7.0, 'm2_source': 6.5477347812059312, 'v1l1_delay': -0.017054080963134766, 'mtotal': 120.3451665845965, 'costheta_jn': 0.89080498940765296, 'a2z': -0.24913901328204008, 'a1': 0.2505424085806372, 'a2': 0.24913901328204008, 'af': 0.38163622714284118, 'optimal_snr': 28.79310694470978, 'phase': 2.2814388064372615, 'a1z': 0.2505424085806372, 'm1_source': 110.56168282357699, 'distance': 124.56276198792879, 'mf': 119.71341139115943, 'mc': 20.603257911812211, 'theta_jn': 0.47168262333966038, 'h1v1_delay': 0.022955894470214844, 'logprior': 20.741772875749717, 'flow': 20.0, 'h1l1_delay': 0.0059018135070800781, 'matched_filter_snr': 29.268163469001795, 'q': 0.059222459481320801, 'mtotal_source': 117.10941760478292, 'mf_source': 116.49464856276904, 'eta': 0.052785188616626788, 'e_rad': 0.61476904201387583, 'h1_optimal_snr': 28.79310694470978, 'time': 1167559679.0030899, 'lal_amporder': -1.0, 'dec': 0.57120270829438757, 'chi_eff': 0.22260459202950217}
Unable to compute KL divergence
Sigma is 30.000000 arcmin (0.008727 rad) 
-> fwhm is 70.644601 arcmin
Sigma is 0.000000 arcmin (0.000000 rad) 
-> fwhm is 0.000000 arcmin
WARNING: phi_orb not found in posterior files. Defaulting to 0.0 which is probably *not* what you want

Using greedy 1-d binning credible regions

Generating 1D plot for e_rad.
Generating 1D plot for l_peak.
Using greedy 1-d binning credible regions

Generating 1D plot for m1.
Generating 1D plot for m2.
Generating 1D plot for mc.
Generating 1D plot for eta.
Generating 1D plot for q.
Generating 1D plot for mtotal.
Generating 1D plot for mf.
Using greedy 1-d binning credible regions

Generating 1D plot for optimal_snr.
Generating 1D plot for matched_filter_snr.
Generating 1D plot for h1_optimal_snr.
Generating 1D plot for h1_cplx_snr_amp.
Generating 1D plot for h1_cplx_snr_arg.
Generating 1D plot for logprior.
Generating 1D plot for logl.
Generating 1D plot for deltalogl.
Generating 1D plot for deltaloglh1.
Using greedy 1-d binning credible regions

Generating 1D plot for time.
Generating 1D plot for l1_end_time.
Generating 1D plot for h1_end_time.
Generating 1D plot for v1_end_time.
Generating 1D plot for h1l1_delay.
Generating 1D plot for h1v1_delay.
Generating 1D plot for l1v1_delay.
Using greedy 1-d binning credible regions

Generating 1D plot for m1_source.
Generating 1D plot for m2_source.
Generating 1D plot for mtotal_source.
Generating 1D plot for mc_source.
Generating 1D plot for redshift.
Generating 1D plot for mf_source.
Using greedy 1-d binning credible regions

Generating 1D plot for distance.
Generating 1D plot for psi.
Generating 1D plot for ra.
Generating 1D plot for dec.
Generating 1D plot for phase.
Using greedy 1-d binning credible regions

Generating 1D plot for a1.
Generating 1D plot for a2.
Generating 1D plot for costheta_jn.
Generating 1D plot for theta_jn.
Generating 1D plot for af.
Generating 1D plot for chi_eff.
Generating 1D plot for a1z.
Generating 1D plot for a2z.
Using greedy 1-d binning credible regions

Cannot load corner module. Try running
	$ pip install corner
Cannot load corner module. Try running
	$ pip install corner
Cannot load corner module. Try running
	$ pip install corner
