000 (7721427.000.000) 07/12 12:06:10 Job submitted from host: <172.21.0.15:36820?addrs=172.21.0.15-36820>
    DAG Node: 2ece205df3f85d7218822fb7d4b715e0
...
000 (7721428.000.000) 07/12 12:06:10 Job submitted from host: <172.21.0.15:36820?addrs=172.21.0.15-36820>
    DAG Node: f6a9420ba5b10df582018047fbc4d1bd
...
001 (7721427.000.000) 07/12 12:06:11 Job executing on host: <172.21.0.15:58796?addrs=172.21.0.15-58796>
...
001 (7721428.000.000) 07/12 12:06:11 Job executing on host: <172.21.0.15:36367?addrs=172.21.0.15-36367>
...
005 (7721427.000.000) 07/12 12:06:12 Job terminated.
	(1) Normal termination (return value 0)
		Usr 0 00:00:00, Sys 0 00:00:00  -  Run Remote Usage
		Usr 0 00:00:00, Sys 0 00:00:00  -  Run Local Usage
		Usr 0 00:00:00, Sys 0 00:00:00  -  Total Remote Usage
		Usr 0 00:00:00, Sys 0 00:00:00  -  Total Local Usage
	0  -  Run Bytes Sent By Job
	0  -  Run Bytes Received By Job
	0  -  Total Bytes Sent By Job
	0  -  Total Bytes Received By Job
...
005 (7721428.000.000) 07/12 12:06:12 Job terminated.
	(1) Normal termination (return value 0)
		Usr 0 00:00:00, Sys 0 00:00:00  -  Run Remote Usage
		Usr 0 00:00:00, Sys 0 00:00:00  -  Run Local Usage
		Usr 0 00:00:00, Sys 0 00:00:00  -  Total Remote Usage
		Usr 0 00:00:00, Sys 0 00:00:00  -  Total Local Usage
	0  -  Run Bytes Sent By Job
	0  -  Run Bytes Received By Job
	0  -  Total Bytes Sent By Job
	0  -  Total Bytes Received By Job
...
000 (7721429.000.000) 07/12 12:06:21 Job submitted from host: <172.21.0.15:36820?addrs=172.21.0.15-36820>
    DAG Node: c890a64f733b6943f8925b783b8074a6
...
000 (7721430.000.000) 07/12 12:06:21 Job submitted from host: <172.21.0.15:36820?addrs=172.21.0.15-36820>
    DAG Node: 3a1f58e018ba554d73ced3178d557508
...
000 (7721431.000.000) 07/12 12:06:21 Job submitted from host: <172.21.0.15:36820?addrs=172.21.0.15-36820>
    DAG Node: 60280819ec92fe38a07bbb39e7a4a8cb
...
000 (7721432.000.000) 07/12 12:06:21 Job submitted from host: <172.21.0.15:36820?addrs=172.21.0.15-36820>
    DAG Node: 6973eff746a680e03f7cadafbaa35cdb
...
000 (7721433.000.000) 07/12 12:06:28 Job submitted from host: <172.21.0.15:36820?addrs=172.21.0.15-36820>
    DAG Node: 63bf4aedc109ad36938f48edd4c445d8
...
000 (7721434.000.000) 07/12 12:06:36 Job submitted from host: <172.21.0.15:36820?addrs=172.21.0.15-36820>
    DAG Node: af9699a1e48388171a46f0d335ebadeb
...
000 (7721435.000.000) 07/12 12:06:37 Job submitted from host: <172.21.0.15:36820?addrs=172.21.0.15-36820>
    DAG Node: 39daeba3050469fc56bb3d6f111bec81
...
000 (7721436.000.000) 07/12 12:06:37 Job submitted from host: <172.21.0.15:36820?addrs=172.21.0.15-36820>
    DAG Node: 54e9735defb0ae3773402b7853dd06d4
...
000 (7721437.000.000) 07/12 12:06:37 Job submitted from host: <172.21.0.15:36820?addrs=172.21.0.15-36820>
    DAG Node: d9f6b36021faf736fa780f8ead2073ac
...
000 (7721438.000.000) 07/12 12:06:37 Job submitted from host: <172.21.0.15:36820?addrs=172.21.0.15-36820>
    DAG Node: a368652d4e2468a130fa57f3e9efc322
...
001 (7721430.000.000) 07/12 12:06:40 Job executing on host: <172.20.1.10:40265?addrs=172.20.1.10-40265>
...
001 (7721429.000.000) 07/12 12:06:40 Job executing on host: <172.20.1.57:44281?addrs=172.20.1.57-44281>
...
001 (7721432.000.000) 07/12 12:06:40 Job executing on host: <172.20.1.29:58996?addrs=172.20.1.29-58996>
...
001 (7721433.000.000) 07/12 12:06:40 Job executing on host: <172.20.1.31:50950?addrs=172.20.1.31-50950>
...
001 (7721434.000.000) 07/12 12:06:40 Job executing on host: <172.20.1.42:52724?addrs=172.20.1.42-52724>
...
001 (7721438.000.000) 07/12 12:06:40 Job executing on host: <172.20.1.54:52970?addrs=172.20.1.54-52970>
...
001 (7721435.000.000) 07/12 12:06:40 Job executing on host: <172.20.1.9:57053?addrs=172.20.1.9-57053>
...
001 (7721437.000.000) 07/12 12:06:40 Job executing on host: <172.20.1.13:51272?addrs=172.20.1.13-51272>
...
001 (7721436.000.000) 07/12 12:06:40 Job executing on host: <172.20.1.47:35354?addrs=172.20.1.47-35354>
...
001 (7721431.000.000) 07/12 12:06:40 Job executing on host: <172.20.1.59:34021?addrs=172.20.1.59-34021>
...
000 (7721439.000.000) 07/12 12:06:43 Job submitted from host: <172.21.0.15:36820?addrs=172.21.0.15-36820>
    DAG Node: 68ff85be4da30ab2150a8155814134d5
...
000 (7721440.000.000) 07/12 12:06:44 Job submitted from host: <172.21.0.15:36820?addrs=172.21.0.15-36820>
    DAG Node: a7009d376bdbd76fc0220e6da523a444
...
006 (7721432.000.000) 07/12 12:06:48 Image size of job updated: 40
	4  -  MemoryUsage of job (MB)
	3516  -  ResidentSetSize of job (KB)
...
006 (7721433.000.000) 07/12 12:06:48 Image size of job updated: 70108
	1  -  MemoryUsage of job (MB)
	552  -  ResidentSetSize of job (KB)
...
006 (7721438.000.000) 07/12 12:06:48 Image size of job updated: 40
	4  -  MemoryUsage of job (MB)
	3516  -  ResidentSetSize of job (KB)
...
006 (7721430.000.000) 07/12 12:06:49 Image size of job updated: 101268
	19  -  MemoryUsage of job (MB)
	18712  -  ResidentSetSize of job (KB)
...
006 (7721429.000.000) 07/12 12:06:49 Image size of job updated: 40
	4  -  MemoryUsage of job (MB)
	3516  -  ResidentSetSize of job (KB)
...
006 (7721434.000.000) 07/12 12:06:49 Image size of job updated: 98676
	16  -  MemoryUsage of job (MB)
	15852  -  ResidentSetSize of job (KB)
...
006 (7721435.000.000) 07/12 12:06:49 Image size of job updated: 72412
	1  -  MemoryUsage of job (MB)
	576  -  ResidentSetSize of job (KB)
...
006 (7721437.000.000) 07/12 12:06:49 Image size of job updated: 98540
	16  -  MemoryUsage of job (MB)
	16060  -  ResidentSetSize of job (KB)
...
006 (7721431.000.000) 07/12 12:06:49 Image size of job updated: 40
	4  -  MemoryUsage of job (MB)
	3516  -  ResidentSetSize of job (KB)
...
006 (7721436.000.000) 07/12 12:06:49 Image size of job updated: 61384
	1  -  MemoryUsage of job (MB)
	524  -  ResidentSetSize of job (KB)
...
001 (7721440.000.000) 07/12 12:07:00 Job executing on host: <172.20.1.10:40265?addrs=172.20.1.10-40265>
...
001 (7721439.000.000) 07/12 12:07:00 Job executing on host: <172.20.1.57:44281?addrs=172.20.1.57-44281>
...
006 (7721440.000.000) 07/12 12:07:09 Image size of job updated: 40
	4  -  MemoryUsage of job (MB)
	3516  -  ResidentSetSize of job (KB)
...
006 (7721439.000.000) 07/12 12:07:09 Image size of job updated: 40
	4  -  MemoryUsage of job (MB)
	3516  -  ResidentSetSize of job (KB)
...
006 (7721433.000.000) 07/12 12:11:48 Image size of job updated: 101760
	18  -  MemoryUsage of job (MB)
	18332  -  ResidentSetSize of job (KB)
...
006 (7721432.000.000) 07/12 12:11:48 Image size of job updated: 234832
	149  -  MemoryUsage of job (MB)
	152392  -  ResidentSetSize of job (KB)
...
006 (7721438.000.000) 07/12 12:11:49 Image size of job updated: 235444
	150  -  MemoryUsage of job (MB)
	152968  -  ResidentSetSize of job (KB)
...
006 (7721431.000.000) 07/12 12:11:50 Image size of job updated: 137552
	54  -  MemoryUsage of job (MB)
	55004  -  ResidentSetSize of job (KB)
...
006 (7721436.000.000) 07/12 12:11:50 Image size of job updated: 101472
	16  -  MemoryUsage of job (MB)
	15376  -  ResidentSetSize of job (KB)
...
006 (7721430.000.000) 07/12 12:11:50 Image size of job updated: 234996
	149  -  MemoryUsage of job (MB)
	152476  -  ResidentSetSize of job (KB)
...
006 (7721429.000.000) 07/12 12:11:50 Image size of job updated: 190628
	106  -  MemoryUsage of job (MB)
	108088  -  ResidentSetSize of job (KB)
...
006 (7721434.000.000) 07/12 12:11:50 Image size of job updated: 101736
	19  -  MemoryUsage of job (MB)
	19080  -  ResidentSetSize of job (KB)
...
006 (7721435.000.000) 07/12 12:11:50 Image size of job updated: 101428
	19  -  MemoryUsage of job (MB)
	18448  -  ResidentSetSize of job (KB)
...
006 (7721437.000.000) 07/12 12:11:50 Image size of job updated: 226108
	139  -  MemoryUsage of job (MB)
	142212  -  ResidentSetSize of job (KB)
...
006 (7721440.000.000) 07/12 12:12:09 Image size of job updated: 234672
	149  -  MemoryUsage of job (MB)
	152216  -  ResidentSetSize of job (KB)
...
006 (7721439.000.000) 07/12 12:12:09 Image size of job updated: 235524
	150  -  MemoryUsage of job (MB)
	153184  -  ResidentSetSize of job (KB)
...
006 (7721433.000.000) 07/12 12:16:48 Image size of job updated: 283548
	197  -  MemoryUsage of job (MB)
	200948  -  ResidentSetSize of job (KB)
...
006 (7721431.000.000) 07/12 12:16:50 Image size of job updated: 234456
	149  -  MemoryUsage of job (MB)
	152048  -  ResidentSetSize of job (KB)
...
006 (7721436.000.000) 07/12 12:16:50 Image size of job updated: 283664
	193  -  MemoryUsage of job (MB)
	197372  -  ResidentSetSize of job (KB)
...
006 (7721429.000.000) 07/12 12:16:51 Image size of job updated: 234156
	149  -  MemoryUsage of job (MB)
	151724  -  ResidentSetSize of job (KB)
...
006 (7721434.000.000) 07/12 12:16:51 Image size of job updated: 283328
	197  -  MemoryUsage of job (MB)
	200764  -  ResidentSetSize of job (KB)
...
006 (7721435.000.000) 07/12 12:16:51 Image size of job updated: 283224
	196  -  MemoryUsage of job (MB)
	200664  -  ResidentSetSize of job (KB)
...
006 (7721437.000.000) 07/12 12:16:51 Image size of job updated: 235608
	149  -  MemoryUsage of job (MB)
	151736  -  ResidentSetSize of job (KB)
...
006 (7721439.000.000) 07/12 12:17:09 Image size of job updated: 235524
	150  -  MemoryUsage of job (MB)
	153188  -  ResidentSetSize of job (KB)
...
006 (7721438.000.000) 07/12 12:26:51 Image size of job updated: 256804
	171  -  MemoryUsage of job (MB)
	174272  -  ResidentSetSize of job (KB)
...
006 (7721429.000.000) 07/12 12:26:51 Image size of job updated: 236468
	151  -  MemoryUsage of job (MB)
	154008  -  ResidentSetSize of job (KB)
...
006 (7721432.000.000) 07/12 12:36:50 Image size of job updated: 247640
	162  -  MemoryUsage of job (MB)
	165260  -  ResidentSetSize of job (KB)
...
006 (7721431.000.000) 07/12 12:36:52 Image size of job updated: 259620
	170  -  MemoryUsage of job (MB)
	173752  -  ResidentSetSize of job (KB)
...
006 (7721430.000.000) 07/12 12:36:52 Image size of job updated: 260348
	174  -  MemoryUsage of job (MB)
	177856  -  ResidentSetSize of job (KB)
...
006 (7721429.000.000) 07/12 12:36:52 Image size of job updated: 259756
	174  -  MemoryUsage of job (MB)
	177316  -  ResidentSetSize of job (KB)
...
006 (7721437.000.000) 07/12 12:36:53 Image size of job updated: 245380
	157  -  MemoryUsage of job (MB)
	160224  -  ResidentSetSize of job (KB)
...
006 (7721439.000.000) 07/12 12:37:11 Image size of job updated: 259492
	174  -  MemoryUsage of job (MB)
	177944  -  ResidentSetSize of job (KB)
...
006 (7721440.000.000) 07/12 12:37:12 Image size of job updated: 240956
	155  -  MemoryUsage of job (MB)
	158488  -  ResidentSetSize of job (KB)
...
006 (7721433.000.000) 07/12 12:41:50 Image size of job updated: 311160
	225  -  MemoryUsage of job (MB)
	229868  -  ResidentSetSize of job (KB)
...
006 (7721432.000.000) 07/12 12:41:51 Image size of job updated: 263684
	179  -  MemoryUsage of job (MB)
	183036  -  ResidentSetSize of job (KB)
...
006 (7721429.000.000) 07/12 12:41:52 Image size of job updated: 259756
	175  -  MemoryUsage of job (MB)
	179076  -  ResidentSetSize of job (KB)
...
006 (7721431.000.000) 07/12 12:41:52 Image size of job updated: 260008
	174  -  MemoryUsage of job (MB)
	177232  -  ResidentSetSize of job (KB)
...
006 (7721430.000.000) 07/12 12:41:52 Image size of job updated: 262832
	178  -  MemoryUsage of job (MB)
	182128  -  ResidentSetSize of job (KB)
...
006 (7721438.000.000) 07/12 12:41:53 Image size of job updated: 261808
	177  -  MemoryUsage of job (MB)
	181112  -  ResidentSetSize of job (KB)
...
006 (7721436.000.000) 07/12 12:41:53 Image size of job updated: 283664
	196  -  MemoryUsage of job (MB)
	200264  -  ResidentSetSize of job (KB)
...
006 (7721435.000.000) 07/12 12:41:53 Image size of job updated: 304304
	219  -  MemoryUsage of job (MB)
	223492  -  ResidentSetSize of job (KB)
...
006 (7721437.000.000) 07/12 12:41:54 Image size of job updated: 261308
	175  -  MemoryUsage of job (MB)
	178744  -  ResidentSetSize of job (KB)
...
006 (7721434.000.000) 07/12 12:41:54 Image size of job updated: 316932
	231  -  MemoryUsage of job (MB)
	236160  -  ResidentSetSize of job (KB)
...
006 (7721439.000.000) 07/12 12:42:11 Image size of job updated: 261288
	177  -  MemoryUsage of job (MB)
	180664  -  ResidentSetSize of job (KB)
...
006 (7721440.000.000) 07/12 12:42:13 Image size of job updated: 244064
	160  -  MemoryUsage of job (MB)
	163360  -  ResidentSetSize of job (KB)
...
006 (7721433.000.000) 07/12 12:46:51 Image size of job updated: 319236
	233  -  MemoryUsage of job (MB)
	237936  -  ResidentSetSize of job (KB)
...
006 (7721432.000.000) 07/12 12:46:52 Image size of job updated: 264528
	180  -  MemoryUsage of job (MB)
	183848  -  ResidentSetSize of job (KB)
...
006 (7721429.000.000) 07/12 12:46:52 Image size of job updated: 263264
	179  -  MemoryUsage of job (MB)
	182588  -  ResidentSetSize of job (KB)
...
006 (7721431.000.000) 07/12 12:46:52 Image size of job updated: 264848
	178  -  MemoryUsage of job (MB)
	181992  -  ResidentSetSize of job (KB)
...
006 (7721438.000.000) 07/12 12:46:53 Image size of job updated: 262304
	178  -  MemoryUsage of job (MB)
	181608  -  ResidentSetSize of job (KB)
...
006 (7721437.000.000) 07/12 12:46:54 Image size of job updated: 262336
	176  -  MemoryUsage of job (MB)
	179736  -  ResidentSetSize of job (KB)
...
006 (7721440.000.000) 07/12 12:47:13 Image size of job updated: 262100
	178  -  MemoryUsage of job (MB)
	181400  -  ResidentSetSize of job (KB)
...
006 (7721429.000.000) 07/12 12:51:52 Image size of job updated: 264368
	180  -  MemoryUsage of job (MB)
	183660  -  ResidentSetSize of job (KB)
...
006 (7721438.000.000) 07/12 12:51:54 Image size of job updated: 265776
	181  -  MemoryUsage of job (MB)
	185004  -  ResidentSetSize of job (KB)
...
006 (7721430.000.000) 07/12 12:51:54 Image size of job updated: 264816
	180  -  MemoryUsage of job (MB)
	184068  -  ResidentSetSize of job (KB)
...
006 (7721439.000.000) 07/12 12:52:12 Image size of job updated: 263640
	179  -  MemoryUsage of job (MB)
	183016  -  ResidentSetSize of job (KB)
...
006 (7721440.000.000) 07/12 12:52:14 Image size of job updated: 263312
	179  -  MemoryUsage of job (MB)
	182616  -  ResidentSetSize of job (KB)
...
006 (7721432.000.000) 07/12 12:56:53 Image size of job updated: 267240
	183  -  MemoryUsage of job (MB)
	186612  -  ResidentSetSize of job (KB)
...
006 (7721429.000.000) 07/12 12:56:53 Image size of job updated: 265384
	181  -  MemoryUsage of job (MB)
	184676  -  ResidentSetSize of job (KB)
...
006 (7721431.000.000) 07/12 12:56:53 Image size of job updated: 264848
	178  -  MemoryUsage of job (MB)
	182068  -  ResidentSetSize of job (KB)
...
006 (7721430.000.000) 07/12 12:56:54 Image size of job updated: 267112
	183  -  MemoryUsage of job (MB)
	186408  -  ResidentSetSize of job (KB)
...
006 (7721436.000.000) 07/12 12:56:54 Image size of job updated: 298800
	211  -  MemoryUsage of job (MB)
	215132  -  ResidentSetSize of job (KB)
...
006 (7721434.000.000) 07/12 12:56:55 Image size of job updated: 322372
	236  -  MemoryUsage of job (MB)
	241496  -  ResidentSetSize of job (KB)
...
006 (7721439.000.000) 07/12 12:57:13 Image size of job updated: 264640
	180  -  MemoryUsage of job (MB)
	184016  -  ResidentSetSize of job (KB)
...
006 (7721440.000.000) 07/12 12:57:15 Image size of job updated: 264300
	180  -  MemoryUsage of job (MB)
	183568  -  ResidentSetSize of job (KB)
...
006 (7721432.000.000) 07/12 13:01:53 Image size of job updated: 267436
	183  -  MemoryUsage of job (MB)
	186836  -  ResidentSetSize of job (KB)
...
006 (7721429.000.000) 07/12 13:01:53 Image size of job updated: 266152
	182  -  MemoryUsage of job (MB)
	185456  -  ResidentSetSize of job (KB)
...
006 (7721431.000.000) 07/12 13:01:53 Image size of job updated: 265868
	179  -  MemoryUsage of job (MB)
	183092  -  ResidentSetSize of job (KB)
...
006 (7721436.000.000) 07/12 13:01:55 Image size of job updated: 331068
	242  -  MemoryUsage of job (MB)
	247160  -  ResidentSetSize of job (KB)
...
006 (7721430.000.000) 07/12 13:01:55 Image size of job updated: 267728
	183  -  MemoryUsage of job (MB)
	186968  -  ResidentSetSize of job (KB)
...
006 (7721437.000.000) 07/12 13:01:56 Image size of job updated: 266296
	180  -  MemoryUsage of job (MB)
	183652  -  ResidentSetSize of job (KB)
...
006 (7721439.000.000) 07/12 13:02:13 Image size of job updated: 265132
	181  -  MemoryUsage of job (MB)
	184512  -  ResidentSetSize of job (KB)
...
006 (7721440.000.000) 07/12 13:02:15 Image size of job updated: 265172
	181  -  MemoryUsage of job (MB)
	184472  -  ResidentSetSize of job (KB)
...
006 (7721432.000.000) 07/12 13:06:53 Image size of job updated: 273684
	189  -  MemoryUsage of job (MB)
	192976  -  ResidentSetSize of job (KB)
...
006 (7721429.000.000) 07/12 13:06:54 Image size of job updated: 268484
	184  -  MemoryUsage of job (MB)
	187716  -  ResidentSetSize of job (KB)
...
006 (7721431.000.000) 07/12 13:06:54 Image size of job updated: 266684
	180  -  MemoryUsage of job (MB)
	183436  -  ResidentSetSize of job (KB)
...
006 (7721430.000.000) 07/12 13:06:56 Image size of job updated: 268224
	184  -  MemoryUsage of job (MB)
	187520  -  ResidentSetSize of job (KB)
...
006 (7721437.000.000) 07/12 13:06:56 Image size of job updated: 266784
	180  -  MemoryUsage of job (MB)
	184220  -  ResidentSetSize of job (KB)
...
006 (7721439.000.000) 07/12 13:07:13 Image size of job updated: 269308
	185  -  MemoryUsage of job (MB)
	188604  -  ResidentSetSize of job (KB)
...
006 (7721440.000.000) 07/12 13:07:16 Image size of job updated: 265640
	181  -  MemoryUsage of job (MB)
	184940  -  ResidentSetSize of job (KB)
...
006 (7721433.000.000) 07/12 13:11:53 Image size of job updated: 329944
	243  -  MemoryUsage of job (MB)
	248644  -  ResidentSetSize of job (KB)
...
006 (7721431.000.000) 07/12 13:11:55 Image size of job updated: 267400
	180  -  MemoryUsage of job (MB)
	184216  -  ResidentSetSize of job (KB)
...
006 (7721438.000.000) 07/12 13:11:55 Image size of job updated: 266336
	182  -  MemoryUsage of job (MB)
	185640  -  ResidentSetSize of job (KB)
...
006 (7721430.000.000) 07/12 13:11:56 Image size of job updated: 269300
	185  -  MemoryUsage of job (MB)
	188552  -  ResidentSetSize of job (KB)
...
006 (7721436.000.000) 07/12 13:11:56 Image size of job updated: 333748
	244  -  MemoryUsage of job (MB)
	248980  -  ResidentSetSize of job (KB)
...
006 (7721437.000.000) 07/12 13:11:57 Image size of job updated: 267788
	181  -  MemoryUsage of job (MB)
	185224  -  ResidentSetSize of job (KB)
...
006 (7721440.000.000) 07/12 13:12:17 Image size of job updated: 266420
	182  -  MemoryUsage of job (MB)
	185724  -  ResidentSetSize of job (KB)
...
005 (7721435.000.000) 07/12 13:15:04 Job terminated.
	(1) Normal termination (return value 1)
		Usr 0 00:59:54, Sys 0 00:00:00  -  Run Remote Usage
		Usr 0 00:00:00, Sys 0 00:00:00  -  Run Local Usage
		Usr 0 00:59:54, Sys 0 00:00:00  -  Total Remote Usage
		Usr 0 00:00:00, Sys 0 00:00:00  -  Total Local Usage
	0  -  Run Bytes Sent By Job
	0  -  Run Bytes Received By Job
	0  -  Total Bytes Sent By Job
	0  -  Total Bytes Received By Job
	Partitionable Resources :    Usage  Request Allocated
	   Cpus                 :                 1         1
	   Disk (KB)            :       40       40    609796
	   Memory (MB)          :      219     2048      2048
...
006 (7721433.000.000) 07/12 13:16:54 Image size of job updated: 332472
	246  -  MemoryUsage of job (MB)
	251096  -  ResidentSetSize of job (KB)
...
006 (7721429.000.000) 07/12 13:16:55 Image size of job updated: 269932
	185  -  MemoryUsage of job (MB)
	189164  -  ResidentSetSize of job (KB)
...
006 (7721431.000.000) 07/12 13:16:55 Image size of job updated: 268616
	182  -  MemoryUsage of job (MB)
	185440  -  ResidentSetSize of job (KB)
...
006 (7721438.000.000) 07/12 13:16:55 Image size of job updated: 267756
	183  -  MemoryUsage of job (MB)
	186984  -  ResidentSetSize of job (KB)
...
006 (7721437.000.000) 07/12 13:16:57 Image size of job updated: 268336
	182  -  MemoryUsage of job (MB)
	185748  -  ResidentSetSize of job (KB)
...
006 (7721434.000.000) 07/12 13:16:57 Image size of job updated: 329464
	243  -  MemoryUsage of job (MB)
	248600  -  ResidentSetSize of job (KB)
...
006 (7721440.000.000) 07/12 13:17:18 Image size of job updated: 267188
	183  -  MemoryUsage of job (MB)
	186488  -  ResidentSetSize of job (KB)
...
006 (7721431.000.000) 07/12 13:21:56 Image size of job updated: 270468
	183  -  MemoryUsage of job (MB)
	187108  -  ResidentSetSize of job (KB)
...
006 (7721438.000.000) 07/12 13:21:56 Image size of job updated: 270836
	186  -  MemoryUsage of job (MB)
	190064  -  ResidentSetSize of job (KB)
...
006 (7721436.000.000) 07/12 13:21:57 Image size of job updated: 336700
	247  -  MemoryUsage of job (MB)
	251964  -  ResidentSetSize of job (KB)
...
006 (7721430.000.000) 07/12 13:21:58 Image size of job updated: 271284
	187  -  MemoryUsage of job (MB)
	190608  -  ResidentSetSize of job (KB)
...
006 (7721437.000.000) 07/12 13:21:58 Image size of job updated: 271340
	184  -  MemoryUsage of job (MB)
	187668  -  ResidentSetSize of job (KB)
...
006 (7721440.000.000) 07/12 13:22:19 Image size of job updated: 267656
	183  -  MemoryUsage of job (MB)
	186488  -  ResidentSetSize of job (KB)
...
006 (7721433.000.000) 07/12 13:26:54 Image size of job updated: 338796
	252  -  MemoryUsage of job (MB)
	257420  -  ResidentSetSize of job (KB)
...
006 (7721429.000.000) 07/12 13:26:56 Image size of job updated: 270428
	186  -  MemoryUsage of job (MB)
	189692  -  ResidentSetSize of job (KB)
...
006 (7721436.000.000) 07/12 13:26:57 Image size of job updated: 340128
	250  -  MemoryUsage of job (MB)
	255360  -  ResidentSetSize of job (KB)
...
006 (7721431.000.000) 07/12 13:26:57 Image size of job updated: 270600
	183  -  MemoryUsage of job (MB)
	187108  -  ResidentSetSize of job (KB)
...
006 (7721430.000.000) 07/12 13:26:58 Image size of job updated: 271948
	187  -  MemoryUsage of job (MB)
	191244  -  ResidentSetSize of job (KB)
...
006 (7721437.000.000) 07/12 13:26:59 Image size of job updated: 271340
	185  -  MemoryUsage of job (MB)
	188692  -  ResidentSetSize of job (KB)
...
006 (7721440.000.000) 07/12 13:27:20 Image size of job updated: 269308
	185  -  MemoryUsage of job (MB)
	188532  -  ResidentSetSize of job (KB)
...
006 (7721432.000.000) 07/12 13:31:56 Image size of job updated: 275220
	190  -  MemoryUsage of job (MB)
	194512  -  ResidentSetSize of job (KB)
...
006 (7721429.000.000) 07/12 13:31:57 Image size of job updated: 271292
	187  -  MemoryUsage of job (MB)
	190596  -  ResidentSetSize of job (KB)
...
006 (7721431.000.000) 07/12 13:31:58 Image size of job updated: 271344
	183  -  MemoryUsage of job (MB)
	187108  -  ResidentSetSize of job (KB)
...
006 (7721430.000.000) 07/12 13:31:58 Image size of job updated: 272260
	188  -  MemoryUsage of job (MB)
	191536  -  ResidentSetSize of job (KB)
...
006 (7721434.000.000) 07/12 13:31:59 Image size of job updated: 333924
	248  -  MemoryUsage of job (MB)
	253124  -  ResidentSetSize of job (KB)
...
006 (7721439.000.000) 07/12 13:32:15 Image size of job updated: 270308
	186  -  MemoryUsage of job (MB)
	189672  -  ResidentSetSize of job (KB)
...
006 (7721440.000.000) 07/12 13:32:20 Image size of job updated: 269308
	185  -  MemoryUsage of job (MB)
	188628  -  ResidentSetSize of job (KB)
...
006 (7721431.000.000) 07/12 13:36:58 Image size of job updated: 271968
	183  -  MemoryUsage of job (MB)
	187108  -  ResidentSetSize of job (KB)
...
006 (7721430.000.000) 07/12 13:36:59 Image size of job updated: 273556
	189  -  MemoryUsage of job (MB)
	192852  -  ResidentSetSize of job (KB)
...
006 (7721434.000.000) 07/12 13:37:00 Image size of job updated: 336720
	250  -  MemoryUsage of job (MB)
	255616  -  ResidentSetSize of job (KB)
...
006 (7721437.000.000) 07/12 13:37:00 Image size of job updated: 274948
	188  -  MemoryUsage of job (MB)
	192304  -  ResidentSetSize of job (KB)
...
006 (7721439.000.000) 07/12 13:37:15 Image size of job updated: 270464
	186  -  MemoryUsage of job (MB)
	189672  -  ResidentSetSize of job (KB)
...
006 (7721440.000.000) 07/12 13:37:20 Image size of job updated: 269988
	185  -  MemoryUsage of job (MB)
	189292  -  ResidentSetSize of job (KB)
...
005 (7721436.000.000) 07/12 13:37:30 Job terminated.
	(1) Normal termination (return value 1)
		Usr 0 01:30:05, Sys 0 00:00:00  -  Run Remote Usage
		Usr 0 00:00:00, Sys 0 00:00:00  -  Run Local Usage
		Usr 0 01:30:05, Sys 0 00:00:00  -  Total Remote Usage
		Usr 0 00:00:00, Sys 0 00:00:00  -  Total Local Usage
	0  -  Run Bytes Sent By Job
	0  -  Run Bytes Received By Job
	0  -  Total Bytes Sent By Job
	0  -  Total Bytes Received By Job
	Partitionable Resources :    Usage  Request Allocated
	   Cpus                 :                 1         1
	   Disk (KB)            :       40       40    609534
	   Memory (MB)          :      250     2048      2048
...
005 (7721434.000.000) 07/12 13:37:49 Job terminated.
	(1) Normal termination (return value 1)
		Usr 0 01:30:39, Sys 0 00:00:00  -  Run Remote Usage
		Usr 0 00:00:00, Sys 0 00:00:00  -  Run Local Usage
		Usr 0 01:30:39, Sys 0 00:00:00  -  Total Remote Usage
		Usr 0 00:00:00, Sys 0 00:00:00  -  Total Local Usage
	0  -  Run Bytes Sent By Job
	0  -  Run Bytes Received By Job
	0  -  Total Bytes Sent By Job
	0  -  Total Bytes Received By Job
	Partitionable Resources :    Usage  Request Allocated
	   Cpus                 :                 1         1
	   Disk (KB)            :       40       40    609599
	   Memory (MB)          :      250     2048      2048
...
005 (7721433.000.000) 07/12 13:37:56 Job terminated.
	(1) Normal termination (return value 1)
		Usr 0 01:30:43, Sys 0 00:00:00  -  Run Remote Usage
		Usr 0 00:00:00, Sys 0 00:00:00  -  Run Local Usage
		Usr 0 01:30:43, Sys 0 00:00:00  -  Total Remote Usage
		Usr 0 00:00:00, Sys 0 00:00:00  -  Total Local Usage
	0  -  Run Bytes Sent By Job
	0  -  Run Bytes Received By Job
	0  -  Total Bytes Sent By Job
	0  -  Total Bytes Received By Job
	Partitionable Resources :    Usage  Request Allocated
	   Cpus                 :                 1         1
	   Disk (KB)            :       40       40    609111
	   Memory (MB)          :      252     2048      2048
...
006 (7721431.000.000) 07/12 13:41:58 Image size of job updated: 272600
	184  -  MemoryUsage of job (MB)
	187944  -  ResidentSetSize of job (KB)
...
006 (7721438.000.000) 07/12 13:41:59 Image size of job updated: 271260
	187  -  MemoryUsage of job (MB)
	190588  -  ResidentSetSize of job (KB)
...
006 (7721430.000.000) 07/12 13:42:00 Image size of job updated: 274580
	190  -  MemoryUsage of job (MB)
	193884  -  ResidentSetSize of job (KB)
...
006 (7721437.000.000) 07/12 13:42:01 Image size of job updated: 275124
	189  -  MemoryUsage of job (MB)
	192532  -  ResidentSetSize of job (KB)
...
006 (7721439.000.000) 07/12 13:42:16 Image size of job updated: 271324
	186  -  MemoryUsage of job (MB)
	190452  -  ResidentSetSize of job (KB)
...
006 (7721440.000.000) 07/12 13:42:21 Image size of job updated: 270656
	186  -  MemoryUsage of job (MB)
	189980  -  ResidentSetSize of job (KB)
...
006 (7721432.000.000) 07/12 13:46:57 Image size of job updated: 276380
	192  -  MemoryUsage of job (MB)
	195776  -  ResidentSetSize of job (KB)
...
006 (7721429.000.000) 07/12 13:46:58 Image size of job updated: 273876
	189  -  MemoryUsage of job (MB)
	192704  -  ResidentSetSize of job (KB)
...
006 (7721431.000.000) 07/12 13:46:59 Image size of job updated: 273440
	185  -  MemoryUsage of job (MB)
	188788  -  ResidentSetSize of job (KB)
...
006 (7721430.000.000) 07/12 13:47:00 Image size of job updated: 275280
	190  -  MemoryUsage of job (MB)
	194508  -  ResidentSetSize of job (KB)
...
006 (7721438.000.000) 07/12 13:47:00 Image size of job updated: 271784
	187  -  MemoryUsage of job (MB)
	191112  -  ResidentSetSize of job (KB)
...
006 (7721439.000.000) 07/12 13:47:16 Image size of job updated: 273856
	189  -  MemoryUsage of job (MB)
	192668  -  ResidentSetSize of job (KB)
...
006 (7721440.000.000) 07/12 13:47:22 Image size of job updated: 273968
	189  -  MemoryUsage of job (MB)
	193216  -  ResidentSetSize of job (KB)
...
006 (7721432.000.000) 07/12 13:51:57 Image size of job updated: 277152
	192  -  MemoryUsage of job (MB)
	195776  -  ResidentSetSize of job (KB)
...
006 (7721429.000.000) 07/12 13:51:58 Image size of job updated: 274628
	189  -  MemoryUsage of job (MB)
	193244  -  ResidentSetSize of job (KB)
...
006 (7721431.000.000) 07/12 13:51:59 Image size of job updated: 274088
	185  -  MemoryUsage of job (MB)
	189324  -  ResidentSetSize of job (KB)
...
006 (7721430.000.000) 07/12 13:52:00 Image size of job updated: 275828
	191  -  MemoryUsage of job (MB)
	195140  -  ResidentSetSize of job (KB)
...
006 (7721438.000.000) 07/12 13:52:01 Image size of job updated: 272344
	188  -  MemoryUsage of job (MB)
	191640  -  ResidentSetSize of job (KB)
...
006 (7721432.000.000) 07/12 13:56:57 Image size of job updated: 278744
	194  -  MemoryUsage of job (MB)
	198060  -  ResidentSetSize of job (KB)
...
006 (7721429.000.000) 07/12 13:56:59 Image size of job updated: 275416
	189  -  MemoryUsage of job (MB)
	193244  -  ResidentSetSize of job (KB)
...
006 (7721430.000.000) 07/12 13:57:00 Image size of job updated: 276532
	192  -  MemoryUsage of job (MB)
	195860  -  ResidentSetSize of job (KB)
...
006 (7721431.000.000) 07/12 13:57:00 Image size of job updated: 274864
	185  -  MemoryUsage of job (MB)
	189324  -  ResidentSetSize of job (KB)
...
006 (7721438.000.000) 07/12 13:57:02 Image size of job updated: 272716
	188  -  MemoryUsage of job (MB)
	191640  -  ResidentSetSize of job (KB)
...
006 (7721439.000.000) 07/12 13:57:17 Image size of job updated: 276572
	191  -  MemoryUsage of job (MB)
	194580  -  ResidentSetSize of job (KB)
...
006 (7721429.000.000) 07/12 14:02:00 Image size of job updated: 275984
	190  -  MemoryUsage of job (MB)
	193988  -  ResidentSetSize of job (KB)
...
006 (7721430.000.000) 07/12 14:02:00 Image size of job updated: 277360
	193  -  MemoryUsage of job (MB)
	196624  -  ResidentSetSize of job (KB)
...
022 (7721431.000.000) 07/12 14:03:00 Job disconnected, attempting to reconnect
    Socket between submit and execute hosts closed unexpectedly
    Trying to reconnect to slot1@24198@raven358.bullx <172.20.1.59:34021?addrs=172.20.1.59-34021>
...
006 (7721429.000.000) 07/12 14:07:00 Image size of job updated: 277500
	191  -  MemoryUsage of job (MB)
	195360  -  ResidentSetSize of job (KB)
...
006 (7721430.000.000) 07/12 14:07:00 Image size of job updated: 281072
	196  -  MemoryUsage of job (MB)
	200320  -  ResidentSetSize of job (KB)
...
006 (7721437.000.000) 07/12 14:07:03 Image size of job updated: 275140
	189  -  MemoryUsage of job (MB)
	192532  -  ResidentSetSize of job (KB)
...
006 (7721432.000.000) 07/12 14:11:59 Image size of job updated: 279060
	194  -  MemoryUsage of job (MB)
	198060  -  ResidentSetSize of job (KB)
...
006 (7721429.000.000) 07/12 14:12:00 Image size of job updated: 278504
	192  -  MemoryUsage of job (MB)
	196396  -  ResidentSetSize of job (KB)
...
006 (7721438.000.000) 07/12 14:12:04 Image size of job updated: 275076
	190  -  MemoryUsage of job (MB)
	194404  -  ResidentSetSize of job (KB)
...
006 (7721439.000.000) 07/12 14:12:19 Image size of job updated: 277108
	191  -  MemoryUsage of job (MB)
	195060  -  ResidentSetSize of job (KB)
...
006 (7721440.000.000) 07/12 14:12:25 Image size of job updated: 275384
	191  -  MemoryUsage of job (MB)
	194632  -  ResidentSetSize of job (KB)
...
006 (7721432.000.000) 07/12 14:16:59 Image size of job updated: 281640
	197  -  MemoryUsage of job (MB)
	200956  -  ResidentSetSize of job (KB)
...
006 (7721429.000.000) 07/12 14:17:01 Image size of job updated: 281448
	195  -  MemoryUsage of job (MB)
	199336  -  ResidentSetSize of job (KB)
...
006 (7721430.000.000) 07/12 14:17:02 Image size of job updated: 282100
	196  -  MemoryUsage of job (MB)
	200320  -  ResidentSetSize of job (KB)
...
006 (7721437.000.000) 07/12 14:17:04 Image size of job updated: 276596
	189  -  MemoryUsage of job (MB)
	192532  -  ResidentSetSize of job (KB)
...
006 (7721438.000.000) 07/12 14:17:05 Image size of job updated: 276216
	190  -  MemoryUsage of job (MB)
	194404  -  ResidentSetSize of job (KB)
...
006 (7721440.000.000) 07/12 14:17:25 Image size of job updated: 278124
	191  -  MemoryUsage of job (MB)
	194632  -  ResidentSetSize of job (KB)
...
006 (7721432.000.000) 07/12 14:22:01 Image size of job updated: 284792
	200  -  MemoryUsage of job (MB)
	204108  -  ResidentSetSize of job (KB)
...
006 (7721430.000.000) 07/12 14:22:02 Image size of job updated: 283172
	197  -  MemoryUsage of job (MB)
	201404  -  ResidentSetSize of job (KB)
...
006 (7721438.000.000) 07/12 14:22:05 Image size of job updated: 277724
	193  -  MemoryUsage of job (MB)
	196976  -  ResidentSetSize of job (KB)
...
006 (7721437.000.000) 07/12 14:22:05 Image size of job updated: 276928
	189  -  MemoryUsage of job (MB)
	192532  -  ResidentSetSize of job (KB)
...
006 (7721439.000.000) 07/12 14:22:20 Image size of job updated: 277140
	191  -  MemoryUsage of job (MB)
	195060  -  ResidentSetSize of job (KB)
...
006 (7721437.000.000) 07/12 14:27:06 Image size of job updated: 277468
	189  -  MemoryUsage of job (MB)
	192532  -  ResidentSetSize of job (KB)
...
006 (7721438.000.000) 07/12 14:27:06 Image size of job updated: 278624
	194  -  MemoryUsage of job (MB)
	197876  -  ResidentSetSize of job (KB)
...
006 (7721437.000.000) 07/12 14:32:07 Image size of job updated: 278128
	189  -  MemoryUsage of job (MB)
	192532  -  ResidentSetSize of job (KB)
...
006 (7721439.000.000) 07/12 14:32:20 Image size of job updated: 277872
	192  -  MemoryUsage of job (MB)
	195736  -  ResidentSetSize of job (KB)
...
006 (7721438.000.000) 07/12 14:37:07 Image size of job updated: 281384
	196  -  MemoryUsage of job (MB)
	200636  -  ResidentSetSize of job (KB)
...
006 (7721439.000.000) 07/12 14:37:21 Image size of job updated: 278536
	192  -  MemoryUsage of job (MB)
	195736  -  ResidentSetSize of job (KB)
...
006 (7721437.000.000) 07/12 14:42:08 Image size of job updated: 280480
	189  -  MemoryUsage of job (MB)
	192532  -  ResidentSetSize of job (KB)
...
006 (7721439.000.000) 07/12 14:42:21 Image size of job updated: 278536
	192  -  MemoryUsage of job (MB)
	196324  -  ResidentSetSize of job (KB)
...
024 (7721431.000.000) 07/12 14:43:00 Job reconnection failed
    Job disconnected too long: JobLeaseDuration (2400 seconds) expired
    Can not reconnect to slot1@24198@raven358.bullx, rescheduling job
...
001 (7721431.000.000) 07/12 14:43:09 Job executing on host: <172.20.1.10:40265?addrs=172.20.1.10-40265>
...
006 (7721439.000.000) 07/12 14:47:22 Image size of job updated: 284652
	192  -  MemoryUsage of job (MB)
	196324  -  ResidentSetSize of job (KB)
...
006 (7721440.000.000) 07/12 14:47:29 Image size of job updated: 278756
	191  -  MemoryUsage of job (MB)
	194632  -  ResidentSetSize of job (KB)
...
006 (7721429.000.000) 07/12 14:52:03 Image size of job updated: 281800
	195  -  MemoryUsage of job (MB)
	199648  -  ResidentSetSize of job (KB)
...
006 (7721437.000.000) 07/12 14:52:10 Image size of job updated: 280636
	189  -  MemoryUsage of job (MB)
	192532  -  ResidentSetSize of job (KB)
...
006 (7721440.000.000) 07/12 14:52:30 Image size of job updated: 279344
	191  -  MemoryUsage of job (MB)
	194632  -  ResidentSetSize of job (KB)
...
006 (7721432.000.000) 07/12 14:57:04 Image size of job updated: 285764
	200  -  MemoryUsage of job (MB)
	204108  -  ResidentSetSize of job (KB)
...
006 (7721429.000.000) 07/12 15:02:05 Image size of job updated: 282564
	195  -  MemoryUsage of job (MB)
	199648  -  ResidentSetSize of job (KB)
...
006 (7721430.000.000) 07/12 15:02:07 Image size of job updated: 283532
	197  -  MemoryUsage of job (MB)
	201404  -  ResidentSetSize of job (KB)
...
006 (7721437.000.000) 07/12 15:02:10 Image size of job updated: 280968
	190  -  MemoryUsage of job (MB)
	194408  -  ResidentSetSize of job (KB)
...
006 (7721431.000.000) 07/12 15:03:20 Image size of job updated: 275092
	196  -  MemoryUsage of job (MB)
	200000  -  ResidentSetSize of job (KB)
...
