/home/c1572221/public_html/LVC/GW150914_like/GW150914_like_SNR_25_mode_PhenomPv2_inc_0.0_M45/lalinferencenest/IMRPhenomDthreePointFivePN/1167559679.0-0/H1L1/L1/
/home/c1572221/public_html/LVC/GW150914_like/GW150914_like_SNR_25_mode_PhenomPv2_inc_0.0_M45/lalinferencenest/IMRPhenomDthreePointFivePN/1167559679.0-0/H1L1/L1/2Dbins/
/home/c1572221/public_html/LVC/GW150914_like/GW150914_like_SNR_25_mode_PhenomPv2_inc_0.0_M45/lalinferencenest/IMRPhenomDthreePointFivePN/1167559679.0-0/H1L1/L1/2Dkde/
/home/c1572221/public_html/LVC/GW150914_like/GW150914_like_SNR_25_mode_PhenomPv2_inc_0.0_M45/lalinferencenest/IMRPhenomDthreePointFivePN/1167559679.0-0/H1L1/L1/greedy2Dbins/
/home/c1572221/public_html/LVC/GW150914_like/GW150914_like_SNR_25_mode_PhenomPv2_inc_0.0_M45/lalinferencenest/IMRPhenomDthreePointFivePN/1167559679.0-0/H1L1/L1/1Dsamps/
/home/c1572221/public_html/LVC/GW150914_like/GW150914_like_SNR_25_mode_PhenomPv2_inc_0.0_M45/lalinferencenest/IMRPhenomDthreePointFivePN/1167559679.0-0/H1L1/L1/1Dsamps/h1v1_delay_samps.png
/home/c1572221/public_html/LVC/GW150914_like/GW150914_like_SNR_25_mode_PhenomPv2_inc_0.0_M45/lalinferencenest/IMRPhenomDthreePointFivePN/1167559679.0-0/H1L1/L1/1Dsamps/ra_samps.pdf
/home/c1572221/public_html/LVC/GW150914_like/GW150914_like_SNR_25_mode_PhenomPv2_inc_0.0_M45/lalinferencenest/IMRPhenomDthreePointFivePN/1167559679.0-0/H1L1/L1/1Dsamps/deltalogl_samps.png
/home/c1572221/public_html/LVC/GW150914_like/GW150914_like_SNR_25_mode_PhenomPv2_inc_0.0_M45/lalinferencenest/IMRPhenomDthreePointFivePN/1167559679.0-0/H1L1/L1/1Dsamps/m2_source_samps.pdf
/home/c1572221/public_html/LVC/GW150914_like/GW150914_like_SNR_25_mode_PhenomPv2_inc_0.0_M45/lalinferencenest/IMRPhenomDthreePointFivePN/1167559679.0-0/H1L1/L1/1Dsamps/logprior_samps.png
/home/c1572221/public_html/LVC/GW150914_like/GW150914_like_SNR_25_mode_PhenomPv2_inc_0.0_M45/lalinferencenest/IMRPhenomDthreePointFivePN/1167559679.0-0/H1L1/L1/1Dsamps/m1_samps.png
/home/c1572221/public_html/LVC/GW150914_like/GW150914_like_SNR_25_mode_PhenomPv2_inc_0.0_M45/lalinferencenest/IMRPhenomDthreePointFivePN/1167559679.0-0/H1L1/L1/1Dsamps/mtotal_acf.png
/home/c1572221/public_html/LVC/GW150914_like/GW150914_like_SNR_25_mode_PhenomPv2_inc_0.0_M45/lalinferencenest/IMRPhenomDthreePointFivePN/1167559679.0-0/H1L1/L1/1Dsamps/mc_samps.png
/home/c1572221/public_html/LVC/GW150914_like/GW150914_like_SNR_25_mode_PhenomPv2_inc_0.0_M45/lalinferencenest/IMRPhenomDthreePointFivePN/1167559679.0-0/H1L1/L1/1Dsamps/l_peak_acf.pdf
/home/c1572221/public_html/LVC/GW150914_like/GW150914_like_SNR_25_mode_PhenomPv2_inc_0.0_M45/lalinferencenest/IMRPhenomDthreePointFivePN/1167559679.0-0/H1L1/L1/1Dsamps/l1_cplx_snr_amp_acf.png
/home/c1572221/public_html/LVC/GW150914_like/GW150914_like_SNR_25_mode_PhenomPv2_inc_0.0_M45/lalinferencenest/IMRPhenomDthreePointFivePN/1167559679.0-0/H1L1/L1/1Dsamps/distance_samps.pdf
/home/c1572221/public_html/LVC/GW150914_like/GW150914_like_SNR_25_mode_PhenomPv2_inc_0.0_M45/lalinferencenest/IMRPhenomDthreePointFivePN/1167559679.0-0/H1L1/L1/1Dsamps/logl_samps.pdf
/home/c1572221/public_html/LVC/GW150914_like/GW150914_like_SNR_25_mode_PhenomPv2_inc_0.0_M45/lalinferencenest/IMRPhenomDthreePointFivePN/1167559679.0-0/H1L1/L1/1Dsamps/theta_jn_acf.pdf
/home/c1572221/public_html/LVC/GW150914_like/GW150914_like_SNR_25_mode_PhenomPv2_inc_0.0_M45/lalinferencenest/IMRPhenomDthreePointFivePN/1167559679.0-0/H1L1/L1/1Dsamps/l1_cplx_snr_arg_acf.png
/home/c1572221/public_html/LVC/GW150914_like/GW150914_like_SNR_25_mode_PhenomPv2_inc_0.0_M45/lalinferencenest/IMRPhenomDthreePointFivePN/1167559679.0-0/H1L1/L1/1Dsamps/optimal_snr_acf.png
/home/c1572221/public_html/LVC/GW150914_like/GW150914_like_SNR_25_mode_PhenomPv2_inc_0.0_M45/lalinferencenest/IMRPhenomDthreePointFivePN/1167559679.0-0/H1L1/L1/1Dsamps/m1_source_samps.png
/home/c1572221/public_html/LVC/GW150914_like/GW150914_like_SNR_25_mode_PhenomPv2_inc_0.0_M45/lalinferencenest/IMRPhenomDthreePointFivePN/1167559679.0-0/H1L1/L1/1Dsamps/theta_jn_samps.pdf
/home/c1572221/public_html/LVC/GW150914_like/GW150914_like_SNR_25_mode_PhenomPv2_inc_0.0_M45/lalinferencenest/IMRPhenomDthreePointFivePN/1167559679.0-0/H1L1/L1/1Dsamps/mf_source_acf.png
/home/c1572221/public_html/LVC/GW150914_like/GW150914_like_SNR_25_mode_PhenomPv2_inc_0.0_M45/lalinferencenest/IMRPhenomDthreePointFivePN/1167559679.0-0/H1L1/L1/1Dsamps/time_acf.pdf
/home/c1572221/public_html/LVC/GW150914_like/GW150914_like_SNR_25_mode_PhenomPv2_inc_0.0_M45/lalinferencenest/IMRPhenomDthreePointFivePN/1167559679.0-0/H1L1/L1/1Dsamps/mtotal_samps.pdf
/home/c1572221/public_html/LVC/GW150914_like/GW150914_like_SNR_25_mode_PhenomPv2_inc_0.0_M45/lalinferencenest/IMRPhenomDthreePointFivePN/1167559679.0-0/H1L1/L1/1Dsamps/mc_acf.png
/home/c1572221/public_html/LVC/GW150914_like/GW150914_like_SNR_25_mode_PhenomPv2_inc_0.0_M45/lalinferencenest/IMRPhenomDthreePointFivePN/1167559679.0-0/H1L1/L1/1Dsamps/chi_eff_acf.pdf
/home/c1572221/public_html/LVC/GW150914_like/GW150914_like_SNR_25_mode_PhenomPv2_inc_0.0_M45/lalinferencenest/IMRPhenomDthreePointFivePN/1167559679.0-0/H1L1/L1/1Dsamps/h1l1_delay_acf.png
/home/c1572221/public_html/LVC/GW150914_like/GW150914_like_SNR_25_mode_PhenomPv2_inc_0.0_M45/lalinferencenest/IMRPhenomDthreePointFivePN/1167559679.0-0/H1L1/L1/1Dsamps/mc_acf.pdf
/home/c1572221/public_html/LVC/GW150914_like/GW150914_like_SNR_25_mode_PhenomPv2_inc_0.0_M45/lalinferencenest/IMRPhenomDthreePointFivePN/1167559679.0-0/H1L1/L1/1Dsamps/mf_acf.png
/home/c1572221/public_html/LVC/GW150914_like/GW150914_like_SNR_25_mode_PhenomPv2_inc_0.0_M45/lalinferencenest/IMRPhenomDthreePointFivePN/1167559679.0-0/H1L1/L1/1Dsamps/m1_acf.png
/home/c1572221/public_html/LVC/GW150914_like/GW150914_like_SNR_25_mode_PhenomPv2_inc_0.0_M45/lalinferencenest/IMRPhenomDthreePointFivePN/1167559679.0-0/H1L1/L1/1Dsamps/mtotal_samps.png
/home/c1572221/public_html/LVC/GW150914_like/GW150914_like_SNR_25_mode_PhenomPv2_inc_0.0_M45/lalinferencenest/IMRPhenomDthreePointFivePN/1167559679.0-0/H1L1/L1/1Dsamps/l1_end_time_acf.pdf
/home/c1572221/public_html/LVC/GW150914_like/GW150914_like_SNR_25_mode_PhenomPv2_inc_0.0_M45/lalinferencenest/IMRPhenomDthreePointFivePN/1167559679.0-0/H1L1/L1/1Dsamps/h1_end_time_acf.png
/home/c1572221/public_html/LVC/GW150914_like/GW150914_like_SNR_25_mode_PhenomPv2_inc_0.0_M45/lalinferencenest/IMRPhenomDthreePointFivePN/1167559679.0-0/H1L1/L1/1Dsamps/v1_end_time_acf.pdf
/home/c1572221/public_html/LVC/GW150914_like/GW150914_like_SNR_25_mode_PhenomPv2_inc_0.0_M45/lalinferencenest/IMRPhenomDthreePointFivePN/1167559679.0-0/H1L1/L1/1Dsamps/a1z_samps.pdf
/home/c1572221/public_html/LVC/GW150914_like/GW150914_like_SNR_25_mode_PhenomPv2_inc_0.0_M45/lalinferencenest/IMRPhenomDthreePointFivePN/1167559679.0-0/H1L1/L1/1Dsamps/l1_optimal_snr_samps.pdf
/home/c1572221/public_html/LVC/GW150914_like/GW150914_like_SNR_25_mode_PhenomPv2_inc_0.0_M45/lalinferencenest/IMRPhenomDthreePointFivePN/1167559679.0-0/H1L1/L1/1Dsamps/logprior_acf.pdf
/home/c1572221/public_html/LVC/GW150914_like/GW150914_like_SNR_25_mode_PhenomPv2_inc_0.0_M45/lalinferencenest/IMRPhenomDthreePointFivePN/1167559679.0-0/H1L1/L1/1Dsamps/l1_optimal_snr_acf.png
/home/c1572221/public_html/LVC/GW150914_like/GW150914_like_SNR_25_mode_PhenomPv2_inc_0.0_M45/lalinferencenest/IMRPhenomDthreePointFivePN/1167559679.0-0/H1L1/L1/1Dsamps/m2_source_samps.png
/home/c1572221/public_html/LVC/GW150914_like/GW150914_like_SNR_25_mode_PhenomPv2_inc_0.0_M45/lalinferencenest/IMRPhenomDthreePointFivePN/1167559679.0-0/H1L1/L1/1Dsamps/l1_cplx_snr_arg_acf.pdf
/home/c1572221/public_html/LVC/GW150914_like/GW150914_like_SNR_25_mode_PhenomPv2_inc_0.0_M45/lalinferencenest/IMRPhenomDthreePointFivePN/1167559679.0-0/H1L1/L1/1Dsamps/time_samps.pdf
/home/c1572221/public_html/LVC/GW150914_like/GW150914_like_SNR_25_mode_PhenomPv2_inc_0.0_M45/lalinferencenest/IMRPhenomDthreePointFivePN/1167559679.0-0/H1L1/L1/1Dsamps/eta_samps.png
/home/c1572221/public_html/LVC/GW150914_like/GW150914_like_SNR_25_mode_PhenomPv2_inc_0.0_M45/lalinferencenest/IMRPhenomDthreePointFivePN/1167559679.0-0/H1L1/L1/1Dsamps/mc_source_samps.png
/home/c1572221/public_html/LVC/GW150914_like/GW150914_like_SNR_25_mode_PhenomPv2_inc_0.0_M45/lalinferencenest/IMRPhenomDthreePointFivePN/1167559679.0-0/H1L1/L1/1Dsamps/logl_samps.png
/home/c1572221/public_html/LVC/GW150914_like/GW150914_like_SNR_25_mode_PhenomPv2_inc_0.0_M45/lalinferencenest/IMRPhenomDthreePointFivePN/1167559679.0-0/H1L1/L1/1Dsamps/optimal_snr_samps.pdf
/home/c1572221/public_html/LVC/GW150914_like/GW150914_like_SNR_25_mode_PhenomPv2_inc_0.0_M45/lalinferencenest/IMRPhenomDthreePointFivePN/1167559679.0-0/H1L1/L1/1Dsamps/psi_acf.pdf
/home/c1572221/public_html/LVC/GW150914_like/GW150914_like_SNR_25_mode_PhenomPv2_inc_0.0_M45/lalinferencenest/IMRPhenomDthreePointFivePN/1167559679.0-0/H1L1/L1/1Dsamps/mf_source_samps.png
/home/c1572221/public_html/LVC/GW150914_like/GW150914_like_SNR_25_mode_PhenomPv2_inc_0.0_M45/lalinferencenest/IMRPhenomDthreePointFivePN/1167559679.0-0/H1L1/L1/1Dsamps/a1z_samps.png
/home/c1572221/public_html/LVC/GW150914_like/GW150914_like_SNR_25_mode_PhenomPv2_inc_0.0_M45/lalinferencenest/IMRPhenomDthreePointFivePN/1167559679.0-0/H1L1/L1/1Dsamps/theta_jn_acf.png
/home/c1572221/public_html/LVC/GW150914_like/GW150914_like_SNR_25_mode_PhenomPv2_inc_0.0_M45/lalinferencenest/IMRPhenomDthreePointFivePN/1167559679.0-0/H1L1/L1/1Dsamps/l1_optimal_snr_acf.pdf
/home/c1572221/public_html/LVC/GW150914_like/GW150914_like_SNR_25_mode_PhenomPv2_inc_0.0_M45/lalinferencenest/IMRPhenomDthreePointFivePN/1167559679.0-0/H1L1/L1/1Dsamps/a2z_acf.pdf
/home/c1572221/public_html/LVC/GW150914_like/GW150914_like_SNR_25_mode_PhenomPv2_inc_0.0_M45/lalinferencenest/IMRPhenomDthreePointFivePN/1167559679.0-0/H1L1/L1/1Dsamps/mc_source_samps.pdf
/home/c1572221/public_html/LVC/GW150914_like/GW150914_like_SNR_25_mode_PhenomPv2_inc_0.0_M45/lalinferencenest/IMRPhenomDthreePointFivePN/1167559679.0-0/H1L1/L1/1Dsamps/mc_samps.pdf
/home/c1572221/public_html/LVC/GW150914_like/GW150914_like_SNR_25_mode_PhenomPv2_inc_0.0_M45/lalinferencenest/IMRPhenomDthreePointFivePN/1167559679.0-0/H1L1/L1/1Dsamps/v1_end_time_acf.png
/home/c1572221/public_html/LVC/GW150914_like/GW150914_like_SNR_25_mode_PhenomPv2_inc_0.0_M45/lalinferencenest/IMRPhenomDthreePointFivePN/1167559679.0-0/H1L1/L1/1Dsamps/costheta_jn_samps.pdf
/home/c1572221/public_html/LVC/GW150914_like/GW150914_like_SNR_25_mode_PhenomPv2_inc_0.0_M45/lalinferencenest/IMRPhenomDthreePointFivePN/1167559679.0-0/H1L1/L1/1Dsamps/e_rad_samps.pdf
/home/c1572221/public_html/LVC/GW150914_like/GW150914_like_SNR_25_mode_PhenomPv2_inc_0.0_M45/lalinferencenest/IMRPhenomDthreePointFivePN/1167559679.0-0/H1L1/L1/1Dsamps/l1_cplx_snr_arg_samps.pdf
/home/c1572221/public_html/LVC/GW150914_like/GW150914_like_SNR_25_mode_PhenomPv2_inc_0.0_M45/lalinferencenest/IMRPhenomDthreePointFivePN/1167559679.0-0/H1L1/L1/1Dsamps/q_samps.pdf
/home/c1572221/public_html/LVC/GW150914_like/GW150914_like_SNR_25_mode_PhenomPv2_inc_0.0_M45/lalinferencenest/IMRPhenomDthreePointFivePN/1167559679.0-0/H1L1/L1/1Dsamps/distance_acf.png
/home/c1572221/public_html/LVC/GW150914_like/GW150914_like_SNR_25_mode_PhenomPv2_inc_0.0_M45/lalinferencenest/IMRPhenomDthreePointFivePN/1167559679.0-0/H1L1/L1/1Dsamps/af_acf.png
/home/c1572221/public_html/LVC/GW150914_like/GW150914_like_SNR_25_mode_PhenomPv2_inc_0.0_M45/lalinferencenest/IMRPhenomDthreePointFivePN/1167559679.0-0/H1L1/L1/1Dsamps/l_peak_samps.png
/home/c1572221/public_html/LVC/GW150914_like/GW150914_like_SNR_25_mode_PhenomPv2_inc_0.0_M45/lalinferencenest/IMRPhenomDthreePointFivePN/1167559679.0-0/H1L1/L1/1Dsamps/psi_acf.png
/home/c1572221/public_html/LVC/GW150914_like/GW150914_like_SNR_25_mode_PhenomPv2_inc_0.0_M45/lalinferencenest/IMRPhenomDthreePointFivePN/1167559679.0-0/H1L1/L1/1Dsamps/phase_acf.png
/home/c1572221/public_html/LVC/GW150914_like/GW150914_like_SNR_25_mode_PhenomPv2_inc_0.0_M45/lalinferencenest/IMRPhenomDthreePointFivePN/1167559679.0-0/H1L1/L1/1Dsamps/h1_end_time_samps.pdf
/home/c1572221/public_html/LVC/GW150914_like/GW150914_like_SNR_25_mode_PhenomPv2_inc_0.0_M45/lalinferencenest/IMRPhenomDthreePointFivePN/1167559679.0-0/H1L1/L1/1Dsamps/h1_end_time_acf.pdf
/home/c1572221/public_html/LVC/GW150914_like/GW150914_like_SNR_25_mode_PhenomPv2_inc_0.0_M45/lalinferencenest/IMRPhenomDthreePointFivePN/1167559679.0-0/H1L1/L1/1Dsamps/chi_eff_samps.png
/home/c1572221/public_html/LVC/GW150914_like/GW150914_like_SNR_25_mode_PhenomPv2_inc_0.0_M45/lalinferencenest/IMRPhenomDthreePointFivePN/1167559679.0-0/H1L1/L1/1Dsamps/l1_end_time_samps.pdf
/home/c1572221/public_html/LVC/GW150914_like/GW150914_like_SNR_25_mode_PhenomPv2_inc_0.0_M45/lalinferencenest/IMRPhenomDthreePointFivePN/1167559679.0-0/H1L1/L1/1Dsamps/phase_acf.pdf
/home/c1572221/public_html/LVC/GW150914_like/GW150914_like_SNR_25_mode_PhenomPv2_inc_0.0_M45/lalinferencenest/IMRPhenomDthreePointFivePN/1167559679.0-0/H1L1/L1/1Dsamps/psi_samps.png
/home/c1572221/public_html/LVC/GW150914_like/GW150914_like_SNR_25_mode_PhenomPv2_inc_0.0_M45/lalinferencenest/IMRPhenomDthreePointFivePN/1167559679.0-0/H1L1/L1/1Dsamps/optimal_snr_samps.png
/home/c1572221/public_html/LVC/GW150914_like/GW150914_like_SNR_25_mode_PhenomPv2_inc_0.0_M45/lalinferencenest/IMRPhenomDthreePointFivePN/1167559679.0-0/H1L1/L1/1Dsamps/chi_eff_samps.pdf
/home/c1572221/public_html/LVC/GW150914_like/GW150914_like_SNR_25_mode_PhenomPv2_inc_0.0_M45/lalinferencenest/IMRPhenomDthreePointFivePN/1167559679.0-0/H1L1/L1/1Dsamps/mf_acf.pdf
/home/c1572221/public_html/LVC/GW150914_like/GW150914_like_SNR_25_mode_PhenomPv2_inc_0.0_M45/lalinferencenest/IMRPhenomDthreePointFivePN/1167559679.0-0/H1L1/L1/1Dsamps/m1_source_acf.png
/home/c1572221/public_html/LVC/GW150914_like/GW150914_like_SNR_25_mode_PhenomPv2_inc_0.0_M45/lalinferencenest/IMRPhenomDthreePointFivePN/1167559679.0-0/H1L1/L1/1Dsamps/a1_samps.png
/home/c1572221/public_html/LVC/GW150914_like/GW150914_like_SNR_25_mode_PhenomPv2_inc_0.0_M45/lalinferencenest/IMRPhenomDthreePointFivePN/1167559679.0-0/H1L1/L1/1Dsamps/l1v1_delay_acf.pdf
/home/c1572221/public_html/LVC/GW150914_like/GW150914_like_SNR_25_mode_PhenomPv2_inc_0.0_M45/lalinferencenest/IMRPhenomDthreePointFivePN/1167559679.0-0/H1L1/L1/1Dsamps/l_peak_samps.pdf
/home/c1572221/public_html/LVC/GW150914_like/GW150914_like_SNR_25_mode_PhenomPv2_inc_0.0_M45/lalinferencenest/IMRPhenomDthreePointFivePN/1167559679.0-0/H1L1/L1/1Dsamps/a1z_acf.png
/home/c1572221/public_html/LVC/GW150914_like/GW150914_like_SNR_25_mode_PhenomPv2_inc_0.0_M45/lalinferencenest/IMRPhenomDthreePointFivePN/1167559679.0-0/H1L1/L1/1Dsamps/a1_acf.png
/home/c1572221/public_html/LVC/GW150914_like/GW150914_like_SNR_25_mode_PhenomPv2_inc_0.0_M45/lalinferencenest/IMRPhenomDthreePointFivePN/1167559679.0-0/H1L1/L1/1Dsamps/mtotal_source_acf.pdf
/home/c1572221/public_html/LVC/GW150914_like/GW150914_like_SNR_25_mode_PhenomPv2_inc_0.0_M45/lalinferencenest/IMRPhenomDthreePointFivePN/1167559679.0-0/H1L1/L1/1Dsamps/a2_acf.pdf
/home/c1572221/public_html/LVC/GW150914_like/GW150914_like_SNR_25_mode_PhenomPv2_inc_0.0_M45/lalinferencenest/IMRPhenomDthreePointFivePN/1167559679.0-0/H1L1/L1/1Dsamps/m1_source_samps.pdf
/home/c1572221/public_html/LVC/GW150914_like/GW150914_like_SNR_25_mode_PhenomPv2_inc_0.0_M45/lalinferencenest/IMRPhenomDthreePointFivePN/1167559679.0-0/H1L1/L1/1Dsamps/l1_cplx_snr_arg_samps.png
/home/c1572221/public_html/LVC/GW150914_like/GW150914_like_SNR_25_mode_PhenomPv2_inc_0.0_M45/lalinferencenest/IMRPhenomDthreePointFivePN/1167559679.0-0/H1L1/L1/1Dsamps/a2_samps.pdf
/home/c1572221/public_html/LVC/GW150914_like/GW150914_like_SNR_25_mode_PhenomPv2_inc_0.0_M45/lalinferencenest/IMRPhenomDthreePointFivePN/1167559679.0-0/H1L1/L1/1Dsamps/l1v1_delay_samps.png
/home/c1572221/public_html/LVC/GW150914_like/GW150914_like_SNR_25_mode_PhenomPv2_inc_0.0_M45/lalinferencenest/IMRPhenomDthreePointFivePN/1167559679.0-0/H1L1/L1/1Dsamps/redshift_samps.png
/home/c1572221/public_html/LVC/GW150914_like/GW150914_like_SNR_25_mode_PhenomPv2_inc_0.0_M45/lalinferencenest/IMRPhenomDthreePointFivePN/1167559679.0-0/H1L1/L1/1Dsamps/distance_samps.png
/home/c1572221/public_html/LVC/GW150914_like/GW150914_like_SNR_25_mode_PhenomPv2_inc_0.0_M45/lalinferencenest/IMRPhenomDthreePointFivePN/1167559679.0-0/H1L1/L1/1Dsamps/mtotal_source_samps.pdf
/home/c1572221/public_html/LVC/GW150914_like/GW150914_like_SNR_25_mode_PhenomPv2_inc_0.0_M45/lalinferencenest/IMRPhenomDthreePointFivePN/1167559679.0-0/H1L1/L1/1Dsamps/redshift_samps.pdf
/home/c1572221/public_html/LVC/GW150914_like/GW150914_like_SNR_25_mode_PhenomPv2_inc_0.0_M45/lalinferencenest/IMRPhenomDthreePointFivePN/1167559679.0-0/H1L1/L1/1Dsamps/v1_end_time_samps.pdf
/home/c1572221/public_html/LVC/GW150914_like/GW150914_like_SNR_25_mode_PhenomPv2_inc_0.0_M45/lalinferencenest/IMRPhenomDthreePointFivePN/1167559679.0-0/H1L1/L1/1Dsamps/matched_filter_snr_acf.png
/home/c1572221/public_html/LVC/GW150914_like/GW150914_like_SNR_25_mode_PhenomPv2_inc_0.0_M45/lalinferencenest/IMRPhenomDthreePointFivePN/1167559679.0-0/H1L1/L1/1Dsamps/mtotal_acf.pdf
/home/c1572221/public_html/LVC/GW150914_like/GW150914_like_SNR_25_mode_PhenomPv2_inc_0.0_M45/lalinferencenest/IMRPhenomDthreePointFivePN/1167559679.0-0/H1L1/L1/1Dsamps/deltalogll1_samps.png
/home/c1572221/public_html/LVC/GW150914_like/GW150914_like_SNR_25_mode_PhenomPv2_inc_0.0_M45/lalinferencenest/IMRPhenomDthreePointFivePN/1167559679.0-0/H1L1/L1/1Dsamps/h1v1_delay_acf.png
/home/c1572221/public_html/LVC/GW150914_like/GW150914_like_SNR_25_mode_PhenomPv2_inc_0.0_M45/lalinferencenest/IMRPhenomDthreePointFivePN/1167559679.0-0/H1L1/L1/1Dsamps/q_acf.pdf
/home/c1572221/public_html/LVC/GW150914_like/GW150914_like_SNR_25_mode_PhenomPv2_inc_0.0_M45/lalinferencenest/IMRPhenomDthreePointFivePN/1167559679.0-0/H1L1/L1/1Dsamps/h1v1_delay_acf.pdf
/home/c1572221/public_html/LVC/GW150914_like/GW150914_like_SNR_25_mode_PhenomPv2_inc_0.0_M45/lalinferencenest/IMRPhenomDthreePointFivePN/1167559679.0-0/H1L1/L1/1Dsamps/l1v1_delay_acf.png
/home/c1572221/public_html/LVC/GW150914_like/GW150914_like_SNR_25_mode_PhenomPv2_inc_0.0_M45/lalinferencenest/IMRPhenomDthreePointFivePN/1167559679.0-0/H1L1/L1/1Dsamps/a2z_samps.pdf
/home/c1572221/public_html/LVC/GW150914_like/GW150914_like_SNR_25_mode_PhenomPv2_inc_0.0_M45/lalinferencenest/IMRPhenomDthreePointFivePN/1167559679.0-0/H1L1/L1/1Dsamps/m2_source_acf.png
/home/c1572221/public_html/LVC/GW150914_like/GW150914_like_SNR_25_mode_PhenomPv2_inc_0.0_M45/lalinferencenest/IMRPhenomDthreePointFivePN/1167559679.0-0/H1L1/L1/1Dsamps/eta_acf.png
/home/c1572221/public_html/LVC/GW150914_like/GW150914_like_SNR_25_mode_PhenomPv2_inc_0.0_M45/lalinferencenest/IMRPhenomDthreePointFivePN/1167559679.0-0/H1L1/L1/1Dsamps/mf_samps.pdf
/home/c1572221/public_html/LVC/GW150914_like/GW150914_like_SNR_25_mode_PhenomPv2_inc_0.0_M45/lalinferencenest/IMRPhenomDthreePointFivePN/1167559679.0-0/H1L1/L1/1Dsamps/af_acf.pdf
/home/c1572221/public_html/LVC/GW150914_like/GW150914_like_SNR_25_mode_PhenomPv2_inc_0.0_M45/lalinferencenest/IMRPhenomDthreePointFivePN/1167559679.0-0/H1L1/L1/1Dsamps/l1_end_time_acf.png
/home/c1572221/public_html/LVC/GW150914_like/GW150914_like_SNR_25_mode_PhenomPv2_inc_0.0_M45/lalinferencenest/IMRPhenomDthreePointFivePN/1167559679.0-0/H1L1/L1/1Dsamps/m2_samps.png
/home/c1572221/public_html/LVC/GW150914_like/GW150914_like_SNR_25_mode_PhenomPv2_inc_0.0_M45/lalinferencenest/IMRPhenomDthreePointFivePN/1167559679.0-0/H1L1/L1/1Dsamps/phase_samps.pdf
/home/c1572221/public_html/LVC/GW150914_like/GW150914_like_SNR_25_mode_PhenomPv2_inc_0.0_M45/lalinferencenest/IMRPhenomDthreePointFivePN/1167559679.0-0/H1L1/L1/1Dsamps/e_rad_samps.png
/home/c1572221/public_html/LVC/GW150914_like/GW150914_like_SNR_25_mode_PhenomPv2_inc_0.0_M45/lalinferencenest/IMRPhenomDthreePointFivePN/1167559679.0-0/H1L1/L1/1Dsamps/q_samps.png
/home/c1572221/public_html/LVC/GW150914_like/GW150914_like_SNR_25_mode_PhenomPv2_inc_0.0_M45/lalinferencenest/IMRPhenomDthreePointFivePN/1167559679.0-0/H1L1/L1/1Dsamps/m2_source_acf.pdf
/home/c1572221/public_html/LVC/GW150914_like/GW150914_like_SNR_25_mode_PhenomPv2_inc_0.0_M45/lalinferencenest/IMRPhenomDthreePointFivePN/1167559679.0-0/H1L1/L1/1Dsamps/mtotal_source_samps.png
/home/c1572221/public_html/LVC/GW150914_like/GW150914_like_SNR_25_mode_PhenomPv2_inc_0.0_M45/lalinferencenest/IMRPhenomDthreePointFivePN/1167559679.0-0/H1L1/L1/1Dsamps/ra_acf.pdf
/home/c1572221/public_html/LVC/GW150914_like/GW150914_like_SNR_25_mode_PhenomPv2_inc_0.0_M45/lalinferencenest/IMRPhenomDthreePointFivePN/1167559679.0-0/H1L1/L1/1Dsamps/dec_samps.pdf
/home/c1572221/public_html/LVC/GW150914_like/GW150914_like_SNR_25_mode_PhenomPv2_inc_0.0_M45/lalinferencenest/IMRPhenomDthreePointFivePN/1167559679.0-0/H1L1/L1/1Dsamps/m2_samps.pdf
/home/c1572221/public_html/LVC/GW150914_like/GW150914_like_SNR_25_mode_PhenomPv2_inc_0.0_M45/lalinferencenest/IMRPhenomDthreePointFivePN/1167559679.0-0/H1L1/L1/1Dsamps/m1_source_acf.pdf
/home/c1572221/public_html/LVC/GW150914_like/GW150914_like_SNR_25_mode_PhenomPv2_inc_0.0_M45/lalinferencenest/IMRPhenomDthreePointFivePN/1167559679.0-0/H1L1/L1/1Dsamps/a2z_samps.png
/home/c1572221/public_html/LVC/GW150914_like/GW150914_like_SNR_25_mode_PhenomPv2_inc_0.0_M45/lalinferencenest/IMRPhenomDthreePointFivePN/1167559679.0-0/H1L1/L1/1Dsamps/l1_end_time_samps.png
/home/c1572221/public_html/LVC/GW150914_like/GW150914_like_SNR_25_mode_PhenomPv2_inc_0.0_M45/lalinferencenest/IMRPhenomDthreePointFivePN/1167559679.0-0/H1L1/L1/1Dsamps/a1z_acf.pdf
/home/c1572221/public_html/LVC/GW150914_like/GW150914_like_SNR_25_mode_PhenomPv2_inc_0.0_M45/lalinferencenest/IMRPhenomDthreePointFivePN/1167559679.0-0/H1L1/L1/1Dsamps/a2z_acf.png
/home/c1572221/public_html/LVC/GW150914_like/GW150914_like_SNR_25_mode_PhenomPv2_inc_0.0_M45/lalinferencenest/IMRPhenomDthreePointFivePN/1167559679.0-0/H1L1/L1/1Dsamps/matched_filter_snr_samps.png
/home/c1572221/public_html/LVC/GW150914_like/GW150914_like_SNR_25_mode_PhenomPv2_inc_0.0_M45/lalinferencenest/IMRPhenomDthreePointFivePN/1167559679.0-0/H1L1/L1/1Dsamps/deltalogll1_samps.pdf
/home/c1572221/public_html/LVC/GW150914_like/GW150914_like_SNR_25_mode_PhenomPv2_inc_0.0_M45/lalinferencenest/IMRPhenomDthreePointFivePN/1167559679.0-0/H1L1/L1/1Dsamps/h1l1_delay_samps.png
/home/c1572221/public_html/LVC/GW150914_like/GW150914_like_SNR_25_mode_PhenomPv2_inc_0.0_M45/lalinferencenest/IMRPhenomDthreePointFivePN/1167559679.0-0/H1L1/L1/1Dsamps/mf_samps.png
/home/c1572221/public_html/LVC/GW150914_like/GW150914_like_SNR_25_mode_PhenomPv2_inc_0.0_M45/lalinferencenest/IMRPhenomDthreePointFivePN/1167559679.0-0/H1L1/L1/1Dsamps/psi_samps.pdf
/home/c1572221/public_html/LVC/GW150914_like/GW150914_like_SNR_25_mode_PhenomPv2_inc_0.0_M45/lalinferencenest/IMRPhenomDthreePointFivePN/1167559679.0-0/H1L1/L1/1Dsamps/redshift_acf.pdf
/home/c1572221/public_html/LVC/GW150914_like/GW150914_like_SNR_25_mode_PhenomPv2_inc_0.0_M45/lalinferencenest/IMRPhenomDthreePointFivePN/1167559679.0-0/H1L1/L1/1Dsamps/m2_acf.pdf
/home/c1572221/public_html/LVC/GW150914_like/GW150914_like_SNR_25_mode_PhenomPv2_inc_0.0_M45/lalinferencenest/IMRPhenomDthreePointFivePN/1167559679.0-0/H1L1/L1/1Dsamps/l1_cplx_snr_amp_samps.png
/home/c1572221/public_html/LVC/GW150914_like/GW150914_like_SNR_25_mode_PhenomPv2_inc_0.0_M45/lalinferencenest/IMRPhenomDthreePointFivePN/1167559679.0-0/H1L1/L1/1Dsamps/q_acf.png
/home/c1572221/public_html/LVC/GW150914_like/GW150914_like_SNR_25_mode_PhenomPv2_inc_0.0_M45/lalinferencenest/IMRPhenomDthreePointFivePN/1167559679.0-0/H1L1/L1/1Dsamps/l1v1_delay_samps.pdf
/home/c1572221/public_html/LVC/GW150914_like/GW150914_like_SNR_25_mode_PhenomPv2_inc_0.0_M45/lalinferencenest/IMRPhenomDthreePointFivePN/1167559679.0-0/H1L1/L1/1Dsamps/h1_end_time_samps.png
/home/c1572221/public_html/LVC/GW150914_like/GW150914_like_SNR_25_mode_PhenomPv2_inc_0.0_M45/lalinferencenest/IMRPhenomDthreePointFivePN/1167559679.0-0/H1L1/L1/1Dsamps/logl_acf.pdf
/home/c1572221/public_html/LVC/GW150914_like/GW150914_like_SNR_25_mode_PhenomPv2_inc_0.0_M45/lalinferencenest/IMRPhenomDthreePointFivePN/1167559679.0-0/H1L1/L1/1Dsamps/matched_filter_snr_samps.pdf
/home/c1572221/public_html/LVC/GW150914_like/GW150914_like_SNR_25_mode_PhenomPv2_inc_0.0_M45/lalinferencenest/IMRPhenomDthreePointFivePN/1167559679.0-0/H1L1/L1/1Dsamps/e_rad_acf.png
/home/c1572221/public_html/LVC/GW150914_like/GW150914_like_SNR_25_mode_PhenomPv2_inc_0.0_M45/lalinferencenest/IMRPhenomDthreePointFivePN/1167559679.0-0/H1L1/L1/1Dsamps/matched_filter_snr_acf.pdf
/home/c1572221/public_html/LVC/GW150914_like/GW150914_like_SNR_25_mode_PhenomPv2_inc_0.0_M45/lalinferencenest/IMRPhenomDthreePointFivePN/1167559679.0-0/H1L1/L1/1Dsamps/mf_source_samps.pdf
/home/c1572221/public_html/LVC/GW150914_like/GW150914_like_SNR_25_mode_PhenomPv2_inc_0.0_M45/lalinferencenest/IMRPhenomDthreePointFivePN/1167559679.0-0/H1L1/L1/1Dsamps/time_samps.png
/home/c1572221/public_html/LVC/GW150914_like/GW150914_like_SNR_25_mode_PhenomPv2_inc_0.0_M45/lalinferencenest/IMRPhenomDthreePointFivePN/1167559679.0-0/H1L1/L1/1Dsamps/m2_acf.png
/home/c1572221/public_html/LVC/GW150914_like/GW150914_like_SNR_25_mode_PhenomPv2_inc_0.0_M45/lalinferencenest/IMRPhenomDthreePointFivePN/1167559679.0-0/H1L1/L1/1Dsamps/optimal_snr_acf.pdf
/home/c1572221/public_html/LVC/GW150914_like/GW150914_like_SNR_25_mode_PhenomPv2_inc_0.0_M45/lalinferencenest/IMRPhenomDthreePointFivePN/1167559679.0-0/H1L1/L1/1Dsamps/l1_cplx_snr_amp_acf.pdf
/home/c1572221/public_html/LVC/GW150914_like/GW150914_like_SNR_25_mode_PhenomPv2_inc_0.0_M45/lalinferencenest/IMRPhenomDthreePointFivePN/1167559679.0-0/H1L1/L1/1Dsamps/h1l1_delay_acf.pdf
/home/c1572221/public_html/LVC/GW150914_like/GW150914_like_SNR_25_mode_PhenomPv2_inc_0.0_M45/lalinferencenest/IMRPhenomDthreePointFivePN/1167559679.0-0/H1L1/L1/1Dsamps/l1_cplx_snr_amp_samps.pdf
/home/c1572221/public_html/LVC/GW150914_like/GW150914_like_SNR_25_mode_PhenomPv2_inc_0.0_M45/lalinferencenest/IMRPhenomDthreePointFivePN/1167559679.0-0/H1L1/L1/1Dsamps/v1_end_time_samps.png
/home/c1572221/public_html/LVC/GW150914_like/GW150914_like_SNR_25_mode_PhenomPv2_inc_0.0_M45/lalinferencenest/IMRPhenomDthreePointFivePN/1167559679.0-0/H1L1/L1/1Dsamps/a1_acf.pdf
/home/c1572221/public_html/LVC/GW150914_like/GW150914_like_SNR_25_mode_PhenomPv2_inc_0.0_M45/lalinferencenest/IMRPhenomDthreePointFivePN/1167559679.0-0/H1L1/L1/1Dsamps/redshift_acf.png
/home/c1572221/public_html/LVC/GW150914_like/GW150914_like_SNR_25_mode_PhenomPv2_inc_0.0_M45/lalinferencenest/IMRPhenomDthreePointFivePN/1167559679.0-0/H1L1/L1/1Dsamps/costheta_jn_acf.pdf
/home/c1572221/public_html/LVC/GW150914_like/GW150914_like_SNR_25_mode_PhenomPv2_inc_0.0_M45/lalinferencenest/IMRPhenomDthreePointFivePN/1167559679.0-0/H1L1/L1/1Dsamps/e_rad_acf.pdf
/home/c1572221/public_html/LVC/GW150914_like/GW150914_like_SNR_25_mode_PhenomPv2_inc_0.0_M45/lalinferencenest/IMRPhenomDthreePointFivePN/1167559679.0-0/H1L1/L1/1Dsamps/logprior_samps.pdf
/home/c1572221/public_html/LVC/GW150914_like/GW150914_like_SNR_25_mode_PhenomPv2_inc_0.0_M45/lalinferencenest/IMRPhenomDthreePointFivePN/1167559679.0-0/H1L1/L1/1Dsamps/m1_acf.pdf
/home/c1572221/public_html/LVC/GW150914_like/GW150914_like_SNR_25_mode_PhenomPv2_inc_0.0_M45/lalinferencenest/IMRPhenomDthreePointFivePN/1167559679.0-0/H1L1/L1/1Dsamps/phase_samps.png
/home/c1572221/public_html/LVC/GW150914_like/GW150914_like_SNR_25_mode_PhenomPv2_inc_0.0_M45/lalinferencenest/IMRPhenomDthreePointFivePN/1167559679.0-0/H1L1/L1/1Dsamps/deltalogll1_acf.pdf
/home/c1572221/public_html/LVC/GW150914_like/GW150914_like_SNR_25_mode_PhenomPv2_inc_0.0_M45/lalinferencenest/IMRPhenomDthreePointFivePN/1167559679.0-0/H1L1/L1/1Dsamps/costheta_jn_samps.png
/home/c1572221/public_html/LVC/GW150914_like/GW150914_like_SNR_25_mode_PhenomPv2_inc_0.0_M45/lalinferencenest/IMRPhenomDthreePointFivePN/1167559679.0-0/H1L1/L1/1Dsamps/logprior_acf.png
/home/c1572221/public_html/LVC/GW150914_like/GW150914_like_SNR_25_mode_PhenomPv2_inc_0.0_M45/lalinferencenest/IMRPhenomDthreePointFivePN/1167559679.0-0/H1L1/L1/1Dsamps/h1v1_delay_samps.pdf
/home/c1572221/public_html/LVC/GW150914_like/GW150914_like_SNR_25_mode_PhenomPv2_inc_0.0_M45/lalinferencenest/IMRPhenomDthreePointFivePN/1167559679.0-0/H1L1/L1/1Dsamps/af_samps.pdf
/home/c1572221/public_html/LVC/GW150914_like/GW150914_like_SNR_25_mode_PhenomPv2_inc_0.0_M45/lalinferencenest/IMRPhenomDthreePointFivePN/1167559679.0-0/H1L1/L1/1Dsamps/a1_samps.pdf
/home/c1572221/public_html/LVC/GW150914_like/GW150914_like_SNR_25_mode_PhenomPv2_inc_0.0_M45/lalinferencenest/IMRPhenomDthreePointFivePN/1167559679.0-0/H1L1/L1/1Dsamps/costheta_jn_acf.png
/home/c1572221/public_html/LVC/GW150914_like/GW150914_like_SNR_25_mode_PhenomPv2_inc_0.0_M45/lalinferencenest/IMRPhenomDthreePointFivePN/1167559679.0-0/H1L1/L1/1Dsamps/mf_source_acf.pdf
/home/c1572221/public_html/LVC/GW150914_like/GW150914_like_SNR_25_mode_PhenomPv2_inc_0.0_M45/lalinferencenest/IMRPhenomDthreePointFivePN/1167559679.0-0/H1L1/L1/1Dsamps/theta_jn_samps.png
/home/c1572221/public_html/LVC/GW150914_like/GW150914_like_SNR_25_mode_PhenomPv2_inc_0.0_M45/lalinferencenest/IMRPhenomDthreePointFivePN/1167559679.0-0/H1L1/L1/1Dsamps/af_samps.png
/home/c1572221/public_html/LVC/GW150914_like/GW150914_like_SNR_25_mode_PhenomPv2_inc_0.0_M45/lalinferencenest/IMRPhenomDthreePointFivePN/1167559679.0-0/H1L1/L1/1Dsamps/l1_optimal_snr_samps.png
/home/c1572221/public_html/LVC/GW150914_like/GW150914_like_SNR_25_mode_PhenomPv2_inc_0.0_M45/lalinferencenest/IMRPhenomDthreePointFivePN/1167559679.0-0/H1L1/L1/1Dsamps/dec_acf.png
/home/c1572221/public_html/LVC/GW150914_like/GW150914_like_SNR_25_mode_PhenomPv2_inc_0.0_M45/lalinferencenest/IMRPhenomDthreePointFivePN/1167559679.0-0/H1L1/L1/1Dsamps/ra_acf.png
/home/c1572221/public_html/LVC/GW150914_like/GW150914_like_SNR_25_mode_PhenomPv2_inc_0.0_M45/lalinferencenest/IMRPhenomDthreePointFivePN/1167559679.0-0/H1L1/L1/1Dsamps/deltalogl_acf.png
/home/c1572221/public_html/LVC/GW150914_like/GW150914_like_SNR_25_mode_PhenomPv2_inc_0.0_M45/lalinferencenest/IMRPhenomDthreePointFivePN/1167559679.0-0/H1L1/L1/1Dsamps/chi_eff_acf.png
/home/c1572221/public_html/LVC/GW150914_like/GW150914_like_SNR_25_mode_PhenomPv2_inc_0.0_M45/lalinferencenest/IMRPhenomDthreePointFivePN/1167559679.0-0/H1L1/L1/1Dsamps/time_acf.png
/home/c1572221/public_html/LVC/GW150914_like/GW150914_like_SNR_25_mode_PhenomPv2_inc_0.0_M45/lalinferencenest/IMRPhenomDthreePointFivePN/1167559679.0-0/H1L1/L1/1Dsamps/deltalogl_acf.pdf
/home/c1572221/public_html/LVC/GW150914_like/GW150914_like_SNR_25_mode_PhenomPv2_inc_0.0_M45/lalinferencenest/IMRPhenomDthreePointFivePN/1167559679.0-0/H1L1/L1/1Dsamps/mtotal_source_acf.png
/home/c1572221/public_html/LVC/GW150914_like/GW150914_like_SNR_25_mode_PhenomPv2_inc_0.0_M45/lalinferencenest/IMRPhenomDthreePointFivePN/1167559679.0-0/H1L1/L1/1Dsamps/dec_samps.png
/home/c1572221/public_html/LVC/GW150914_like/GW150914_like_SNR_25_mode_PhenomPv2_inc_0.0_M45/lalinferencenest/IMRPhenomDthreePointFivePN/1167559679.0-0/H1L1/L1/1Dsamps/m1_samps.pdf
/home/c1572221/public_html/LVC/GW150914_like/GW150914_like_SNR_25_mode_PhenomPv2_inc_0.0_M45/lalinferencenest/IMRPhenomDthreePointFivePN/1167559679.0-0/H1L1/L1/1Dsamps/deltalogll1_acf.png
/home/c1572221/public_html/LVC/GW150914_like/GW150914_like_SNR_25_mode_PhenomPv2_inc_0.0_M45/lalinferencenest/IMRPhenomDthreePointFivePN/1167559679.0-0/H1L1/L1/1Dsamps/h1l1_delay_samps.pdf
/home/c1572221/public_html/LVC/GW150914_like/GW150914_like_SNR_25_mode_PhenomPv2_inc_0.0_M45/lalinferencenest/IMRPhenomDthreePointFivePN/1167559679.0-0/H1L1/L1/1Dsamps/l_peak_acf.png
/home/c1572221/public_html/LVC/GW150914_like/GW150914_like_SNR_25_mode_PhenomPv2_inc_0.0_M45/lalinferencenest/IMRPhenomDthreePointFivePN/1167559679.0-0/H1L1/L1/1Dsamps/logl_acf.png
/home/c1572221/public_html/LVC/GW150914_like/GW150914_like_SNR_25_mode_PhenomPv2_inc_0.0_M45/lalinferencenest/IMRPhenomDthreePointFivePN/1167559679.0-0/H1L1/L1/1Dsamps/ra_samps.png
/home/c1572221/public_html/LVC/GW150914_like/GW150914_like_SNR_25_mode_PhenomPv2_inc_0.0_M45/lalinferencenest/IMRPhenomDthreePointFivePN/1167559679.0-0/H1L1/L1/1Dsamps/deltalogl_samps.pdf
/home/c1572221/public_html/LVC/GW150914_like/GW150914_like_SNR_25_mode_PhenomPv2_inc_0.0_M45/lalinferencenest/IMRPhenomDthreePointFivePN/1167559679.0-0/H1L1/L1/1Dsamps/distance_acf.pdf
/home/c1572221/public_html/LVC/GW150914_like/GW150914_like_SNR_25_mode_PhenomPv2_inc_0.0_M45/lalinferencenest/IMRPhenomDthreePointFivePN/1167559679.0-0/H1L1/L1/1Dsamps/mc_source_acf.pdf
/home/c1572221/public_html/LVC/GW150914_like/GW150914_like_SNR_25_mode_PhenomPv2_inc_0.0_M45/lalinferencenest/IMRPhenomDthreePointFivePN/1167559679.0-0/H1L1/L1/1Dsamps/mc_source_acf.png
/home/c1572221/public_html/LVC/GW150914_like/GW150914_like_SNR_25_mode_PhenomPv2_inc_0.0_M45/lalinferencenest/IMRPhenomDthreePointFivePN/1167559679.0-0/H1L1/L1/1Dsamps/eta_samps.pdf
/home/c1572221/public_html/LVC/GW150914_like/GW150914_like_SNR_25_mode_PhenomPv2_inc_0.0_M45/lalinferencenest/IMRPhenomDthreePointFivePN/1167559679.0-0/H1L1/L1/1Dsamps/a2_samps.png
/home/c1572221/public_html/LVC/GW150914_like/GW150914_like_SNR_25_mode_PhenomPv2_inc_0.0_M45/lalinferencenest/IMRPhenomDthreePointFivePN/1167559679.0-0/H1L1/L1/1Dsamps/dec_acf.pdf
/home/c1572221/public_html/LVC/GW150914_like/GW150914_like_SNR_25_mode_PhenomPv2_inc_0.0_M45/lalinferencenest/IMRPhenomDthreePointFivePN/1167559679.0-0/H1L1/L1/1Dsamps/eta_acf.pdf
/home/c1572221/public_html/LVC/GW150914_like/GW150914_like_SNR_25_mode_PhenomPv2_inc_0.0_M45/lalinferencenest/IMRPhenomDthreePointFivePN/1167559679.0-0/H1L1/L1/1Dsamps/a2_acf.png
/home/c1572221/public_html/LVC/GW150914_like/GW150914_like_SNR_25_mode_PhenomPv2_inc_0.0_M45/lalinferencenest/IMRPhenomDthreePointFivePN/1167559679.0-0/H1L1/L1/dic.dat
/home/c1572221/public_html/LVC/GW150914_like/GW150914_like_SNR_25_mode_PhenomPv2_inc_0.0_M45/lalinferencenest/IMRPhenomDthreePointFivePN/1167559679.0-0/H1L1/L1/1Dpdf/
/home/c1572221/public_html/LVC/GW150914_like/GW150914_like_SNR_25_mode_PhenomPv2_inc_0.0_M45/lalinferencenest/IMRPhenomDthreePointFivePN/1167559679.0-0/H1L1/L1/1Dpdf/e_rad.pdf
/home/c1572221/public_html/LVC/GW150914_like/GW150914_like_SNR_25_mode_PhenomPv2_inc_0.0_M45/lalinferencenest/IMRPhenomDthreePointFivePN/1167559679.0-0/H1L1/L1/1Dpdf/ra.png
/home/c1572221/public_html/LVC/GW150914_like/GW150914_like_SNR_25_mode_PhenomPv2_inc_0.0_M45/lalinferencenest/IMRPhenomDthreePointFivePN/1167559679.0-0/H1L1/L1/1Dpdf/m2_source.png
/home/c1572221/public_html/LVC/GW150914_like/GW150914_like_SNR_25_mode_PhenomPv2_inc_0.0_M45/lalinferencenest/IMRPhenomDthreePointFivePN/1167559679.0-0/H1L1/L1/1Dpdf/logprior.png
/home/c1572221/public_html/LVC/GW150914_like/GW150914_like_SNR_25_mode_PhenomPv2_inc_0.0_M45/lalinferencenest/IMRPhenomDthreePointFivePN/1167559679.0-0/H1L1/L1/1Dpdf/theta_jn.pdf
/home/c1572221/public_html/LVC/GW150914_like/GW150914_like_SNR_25_mode_PhenomPv2_inc_0.0_M45/lalinferencenest/IMRPhenomDthreePointFivePN/1167559679.0-0/H1L1/L1/1Dpdf/phase.png
/home/c1572221/public_html/LVC/GW150914_like/GW150914_like_SNR_25_mode_PhenomPv2_inc_0.0_M45/lalinferencenest/IMRPhenomDthreePointFivePN/1167559679.0-0/H1L1/L1/1Dpdf/h1_end_time.pdf
/home/c1572221/public_html/LVC/GW150914_like/GW150914_like_SNR_25_mode_PhenomPv2_inc_0.0_M45/lalinferencenest/IMRPhenomDthreePointFivePN/1167559679.0-0/H1L1/L1/1Dpdf/logprior.pdf
/home/c1572221/public_html/LVC/GW150914_like/GW150914_like_SNR_25_mode_PhenomPv2_inc_0.0_M45/lalinferencenest/IMRPhenomDthreePointFivePN/1167559679.0-0/H1L1/L1/1Dpdf/dec.pdf
/home/c1572221/public_html/LVC/GW150914_like/GW150914_like_SNR_25_mode_PhenomPv2_inc_0.0_M45/lalinferencenest/IMRPhenomDthreePointFivePN/1167559679.0-0/H1L1/L1/1Dpdf/mtotal.pdf
/home/c1572221/public_html/LVC/GW150914_like/GW150914_like_SNR_25_mode_PhenomPv2_inc_0.0_M45/lalinferencenest/IMRPhenomDthreePointFivePN/1167559679.0-0/H1L1/L1/1Dpdf/af.pdf
/home/c1572221/public_html/LVC/GW150914_like/GW150914_like_SNR_25_mode_PhenomPv2_inc_0.0_M45/lalinferencenest/IMRPhenomDthreePointFivePN/1167559679.0-0/H1L1/L1/1Dpdf/q.pdf
/home/c1572221/public_html/LVC/GW150914_like/GW150914_like_SNR_25_mode_PhenomPv2_inc_0.0_M45/lalinferencenest/IMRPhenomDthreePointFivePN/1167559679.0-0/H1L1/L1/1Dpdf/m1.pdf
/home/c1572221/public_html/LVC/GW150914_like/GW150914_like_SNR_25_mode_PhenomPv2_inc_0.0_M45/lalinferencenest/IMRPhenomDthreePointFivePN/1167559679.0-0/H1L1/L1/1Dpdf/deltalogl.pdf
/home/c1572221/public_html/LVC/GW150914_like/GW150914_like_SNR_25_mode_PhenomPv2_inc_0.0_M45/lalinferencenest/IMRPhenomDthreePointFivePN/1167559679.0-0/H1L1/L1/1Dpdf/a1.png
/home/c1572221/public_html/LVC/GW150914_like/GW150914_like_SNR_25_mode_PhenomPv2_inc_0.0_M45/lalinferencenest/IMRPhenomDthreePointFivePN/1167559679.0-0/H1L1/L1/1Dpdf/a1.pdf
/home/c1572221/public_html/LVC/GW150914_like/GW150914_like_SNR_25_mode_PhenomPv2_inc_0.0_M45/lalinferencenest/IMRPhenomDthreePointFivePN/1167559679.0-0/H1L1/L1/1Dpdf/psi.pdf
/home/c1572221/public_html/LVC/GW150914_like/GW150914_like_SNR_25_mode_PhenomPv2_inc_0.0_M45/lalinferencenest/IMRPhenomDthreePointFivePN/1167559679.0-0/H1L1/L1/1Dpdf/time.pdf
/home/c1572221/public_html/LVC/GW150914_like/GW150914_like_SNR_25_mode_PhenomPv2_inc_0.0_M45/lalinferencenest/IMRPhenomDthreePointFivePN/1167559679.0-0/H1L1/L1/1Dpdf/h1_end_time.png
/home/c1572221/public_html/LVC/GW150914_like/GW150914_like_SNR_25_mode_PhenomPv2_inc_0.0_M45/lalinferencenest/IMRPhenomDthreePointFivePN/1167559679.0-0/H1L1/L1/1Dpdf/v1_end_time.png
/home/c1572221/public_html/LVC/GW150914_like/GW150914_like_SNR_25_mode_PhenomPv2_inc_0.0_M45/lalinferencenest/IMRPhenomDthreePointFivePN/1167559679.0-0/H1L1/L1/1Dpdf/redshift.png
/home/c1572221/public_html/LVC/GW150914_like/GW150914_like_SNR_25_mode_PhenomPv2_inc_0.0_M45/lalinferencenest/IMRPhenomDthreePointFivePN/1167559679.0-0/H1L1/L1/1Dpdf/mf.png
/home/c1572221/public_html/LVC/GW150914_like/GW150914_like_SNR_25_mode_PhenomPv2_inc_0.0_M45/lalinferencenest/IMRPhenomDthreePointFivePN/1167559679.0-0/H1L1/L1/1Dpdf/distance.pdf
/home/c1572221/public_html/LVC/GW150914_like/GW150914_like_SNR_25_mode_PhenomPv2_inc_0.0_M45/lalinferencenest/IMRPhenomDthreePointFivePN/1167559679.0-0/H1L1/L1/1Dpdf/logl.png
/home/c1572221/public_html/LVC/GW150914_like/GW150914_like_SNR_25_mode_PhenomPv2_inc_0.0_M45/lalinferencenest/IMRPhenomDthreePointFivePN/1167559679.0-0/H1L1/L1/1Dpdf/a1z.png
/home/c1572221/public_html/LVC/GW150914_like/GW150914_like_SNR_25_mode_PhenomPv2_inc_0.0_M45/lalinferencenest/IMRPhenomDthreePointFivePN/1167559679.0-0/H1L1/L1/1Dpdf/mtotal.png
/home/c1572221/public_html/LVC/GW150914_like/GW150914_like_SNR_25_mode_PhenomPv2_inc_0.0_M45/lalinferencenest/IMRPhenomDthreePointFivePN/1167559679.0-0/H1L1/L1/1Dpdf/l1_end_time.png
/home/c1572221/public_html/LVC/GW150914_like/GW150914_like_SNR_25_mode_PhenomPv2_inc_0.0_M45/lalinferencenest/IMRPhenomDthreePointFivePN/1167559679.0-0/H1L1/L1/1Dpdf/costheta_jn.pdf
/home/c1572221/public_html/LVC/GW150914_like/GW150914_like_SNR_25_mode_PhenomPv2_inc_0.0_M45/lalinferencenest/IMRPhenomDthreePointFivePN/1167559679.0-0/H1L1/L1/1Dpdf/h1v1_delay.pdf
/home/c1572221/public_html/LVC/GW150914_like/GW150914_like_SNR_25_mode_PhenomPv2_inc_0.0_M45/lalinferencenest/IMRPhenomDthreePointFivePN/1167559679.0-0/H1L1/L1/1Dpdf/m1_source.png
/home/c1572221/public_html/LVC/GW150914_like/GW150914_like_SNR_25_mode_PhenomPv2_inc_0.0_M45/lalinferencenest/IMRPhenomDthreePointFivePN/1167559679.0-0/H1L1/L1/1Dpdf/a2z.pdf
/home/c1572221/public_html/LVC/GW150914_like/GW150914_like_SNR_25_mode_PhenomPv2_inc_0.0_M45/lalinferencenest/IMRPhenomDthreePointFivePN/1167559679.0-0/H1L1/L1/1Dpdf/chi_eff.pdf
/home/c1572221/public_html/LVC/GW150914_like/GW150914_like_SNR_25_mode_PhenomPv2_inc_0.0_M45/lalinferencenest/IMRPhenomDthreePointFivePN/1167559679.0-0/H1L1/L1/1Dpdf/optimal_snr.png
/home/c1572221/public_html/LVC/GW150914_like/GW150914_like_SNR_25_mode_PhenomPv2_inc_0.0_M45/lalinferencenest/IMRPhenomDthreePointFivePN/1167559679.0-0/H1L1/L1/1Dpdf/m1_source.pdf
/home/c1572221/public_html/LVC/GW150914_like/GW150914_like_SNR_25_mode_PhenomPv2_inc_0.0_M45/lalinferencenest/IMRPhenomDthreePointFivePN/1167559679.0-0/H1L1/L1/1Dpdf/mf.pdf
/home/c1572221/public_html/LVC/GW150914_like/GW150914_like_SNR_25_mode_PhenomPv2_inc_0.0_M45/lalinferencenest/IMRPhenomDthreePointFivePN/1167559679.0-0/H1L1/L1/1Dpdf/costheta_jn.png
/home/c1572221/public_html/LVC/GW150914_like/GW150914_like_SNR_25_mode_PhenomPv2_inc_0.0_M45/lalinferencenest/IMRPhenomDthreePointFivePN/1167559679.0-0/H1L1/L1/1Dpdf/matched_filter_snr.png
/home/c1572221/public_html/LVC/GW150914_like/GW150914_like_SNR_25_mode_PhenomPv2_inc_0.0_M45/lalinferencenest/IMRPhenomDthreePointFivePN/1167559679.0-0/H1L1/L1/1Dpdf/time.png
/home/c1572221/public_html/LVC/GW150914_like/GW150914_like_SNR_25_mode_PhenomPv2_inc_0.0_M45/lalinferencenest/IMRPhenomDthreePointFivePN/1167559679.0-0/H1L1/L1/1Dpdf/m2.png
/home/c1572221/public_html/LVC/GW150914_like/GW150914_like_SNR_25_mode_PhenomPv2_inc_0.0_M45/lalinferencenest/IMRPhenomDthreePointFivePN/1167559679.0-0/H1L1/L1/1Dpdf/eta.pdf
/home/c1572221/public_html/LVC/GW150914_like/GW150914_like_SNR_25_mode_PhenomPv2_inc_0.0_M45/lalinferencenest/IMRPhenomDthreePointFivePN/1167559679.0-0/H1L1/L1/1Dpdf/theta_jn.png
/home/c1572221/public_html/LVC/GW150914_like/GW150914_like_SNR_25_mode_PhenomPv2_inc_0.0_M45/lalinferencenest/IMRPhenomDthreePointFivePN/1167559679.0-0/H1L1/L1/1Dpdf/af.png
/home/c1572221/public_html/LVC/GW150914_like/GW150914_like_SNR_25_mode_PhenomPv2_inc_0.0_M45/lalinferencenest/IMRPhenomDthreePointFivePN/1167559679.0-0/H1L1/L1/1Dpdf/l1_cplx_snr_amp.png
/home/c1572221/public_html/LVC/GW150914_like/GW150914_like_SNR_25_mode_PhenomPv2_inc_0.0_M45/lalinferencenest/IMRPhenomDthreePointFivePN/1167559679.0-0/H1L1/L1/1Dpdf/l1v1_delay.pdf
/home/c1572221/public_html/LVC/GW150914_like/GW150914_like_SNR_25_mode_PhenomPv2_inc_0.0_M45/lalinferencenest/IMRPhenomDthreePointFivePN/1167559679.0-0/H1L1/L1/1Dpdf/l1_end_time.pdf
/home/c1572221/public_html/LVC/GW150914_like/GW150914_like_SNR_25_mode_PhenomPv2_inc_0.0_M45/lalinferencenest/IMRPhenomDthreePointFivePN/1167559679.0-0/H1L1/L1/1Dpdf/e_rad.png
/home/c1572221/public_html/LVC/GW150914_like/GW150914_like_SNR_25_mode_PhenomPv2_inc_0.0_M45/lalinferencenest/IMRPhenomDthreePointFivePN/1167559679.0-0/H1L1/L1/1Dpdf/chi_eff.png
/home/c1572221/public_html/LVC/GW150914_like/GW150914_like_SNR_25_mode_PhenomPv2_inc_0.0_M45/lalinferencenest/IMRPhenomDthreePointFivePN/1167559679.0-0/H1L1/L1/1Dpdf/ra.pdf
/home/c1572221/public_html/LVC/GW150914_like/GW150914_like_SNR_25_mode_PhenomPv2_inc_0.0_M45/lalinferencenest/IMRPhenomDthreePointFivePN/1167559679.0-0/H1L1/L1/1Dpdf/l1_optimal_snr.png
/home/c1572221/public_html/LVC/GW150914_like/GW150914_like_SNR_25_mode_PhenomPv2_inc_0.0_M45/lalinferencenest/IMRPhenomDthreePointFivePN/1167559679.0-0/H1L1/L1/1Dpdf/a2.png
/home/c1572221/public_html/LVC/GW150914_like/GW150914_like_SNR_25_mode_PhenomPv2_inc_0.0_M45/lalinferencenest/IMRPhenomDthreePointFivePN/1167559679.0-0/H1L1/L1/1Dpdf/psi.png
/home/c1572221/public_html/LVC/GW150914_like/GW150914_like_SNR_25_mode_PhenomPv2_inc_0.0_M45/lalinferencenest/IMRPhenomDthreePointFivePN/1167559679.0-0/H1L1/L1/1Dpdf/distance.png
/home/c1572221/public_html/LVC/GW150914_like/GW150914_like_SNR_25_mode_PhenomPv2_inc_0.0_M45/lalinferencenest/IMRPhenomDthreePointFivePN/1167559679.0-0/H1L1/L1/1Dpdf/a2.pdf
/home/c1572221/public_html/LVC/GW150914_like/GW150914_like_SNR_25_mode_PhenomPv2_inc_0.0_M45/lalinferencenest/IMRPhenomDthreePointFivePN/1167559679.0-0/H1L1/L1/1Dpdf/v1_end_time.pdf
/home/c1572221/public_html/LVC/GW150914_like/GW150914_like_SNR_25_mode_PhenomPv2_inc_0.0_M45/lalinferencenest/IMRPhenomDthreePointFivePN/1167559679.0-0/H1L1/L1/1Dpdf/m1.png
/home/c1572221/public_html/LVC/GW150914_like/GW150914_like_SNR_25_mode_PhenomPv2_inc_0.0_M45/lalinferencenest/IMRPhenomDthreePointFivePN/1167559679.0-0/H1L1/L1/1Dpdf/h1l1_delay.pdf
/home/c1572221/public_html/LVC/GW150914_like/GW150914_like_SNR_25_mode_PhenomPv2_inc_0.0_M45/lalinferencenest/IMRPhenomDthreePointFivePN/1167559679.0-0/H1L1/L1/1Dpdf/mc_source.pdf
/home/c1572221/public_html/LVC/GW150914_like/GW150914_like_SNR_25_mode_PhenomPv2_inc_0.0_M45/lalinferencenest/IMRPhenomDthreePointFivePN/1167559679.0-0/H1L1/L1/1Dpdf/mf_source.pdf
/home/c1572221/public_html/LVC/GW150914_like/GW150914_like_SNR_25_mode_PhenomPv2_inc_0.0_M45/lalinferencenest/IMRPhenomDthreePointFivePN/1167559679.0-0/H1L1/L1/1Dpdf/deltalogll1.png
/home/c1572221/public_html/LVC/GW150914_like/GW150914_like_SNR_25_mode_PhenomPv2_inc_0.0_M45/lalinferencenest/IMRPhenomDthreePointFivePN/1167559679.0-0/H1L1/L1/1Dpdf/phase.pdf
/home/c1572221/public_html/LVC/GW150914_like/GW150914_like_SNR_25_mode_PhenomPv2_inc_0.0_M45/lalinferencenest/IMRPhenomDthreePointFivePN/1167559679.0-0/H1L1/L1/1Dpdf/mc.pdf
/home/c1572221/public_html/LVC/GW150914_like/GW150914_like_SNR_25_mode_PhenomPv2_inc_0.0_M45/lalinferencenest/IMRPhenomDthreePointFivePN/1167559679.0-0/H1L1/L1/1Dpdf/mc_source.png
/home/c1572221/public_html/LVC/GW150914_like/GW150914_like_SNR_25_mode_PhenomPv2_inc_0.0_M45/lalinferencenest/IMRPhenomDthreePointFivePN/1167559679.0-0/H1L1/L1/1Dpdf/m2_source.pdf
/home/c1572221/public_html/LVC/GW150914_like/GW150914_like_SNR_25_mode_PhenomPv2_inc_0.0_M45/lalinferencenest/IMRPhenomDthreePointFivePN/1167559679.0-0/H1L1/L1/1Dpdf/l1_cplx_snr_arg.pdf
/home/c1572221/public_html/LVC/GW150914_like/GW150914_like_SNR_25_mode_PhenomPv2_inc_0.0_M45/lalinferencenest/IMRPhenomDthreePointFivePN/1167559679.0-0/H1L1/L1/1Dpdf/logl.pdf
/home/c1572221/public_html/LVC/GW150914_like/GW150914_like_SNR_25_mode_PhenomPv2_inc_0.0_M45/lalinferencenest/IMRPhenomDthreePointFivePN/1167559679.0-0/H1L1/L1/1Dpdf/redshift.pdf
/home/c1572221/public_html/LVC/GW150914_like/GW150914_like_SNR_25_mode_PhenomPv2_inc_0.0_M45/lalinferencenest/IMRPhenomDthreePointFivePN/1167559679.0-0/H1L1/L1/1Dpdf/mtotal_source.png
/home/c1572221/public_html/LVC/GW150914_like/GW150914_like_SNR_25_mode_PhenomPv2_inc_0.0_M45/lalinferencenest/IMRPhenomDthreePointFivePN/1167559679.0-0/H1L1/L1/1Dpdf/l_peak.pdf
/home/c1572221/public_html/LVC/GW150914_like/GW150914_like_SNR_25_mode_PhenomPv2_inc_0.0_M45/lalinferencenest/IMRPhenomDthreePointFivePN/1167559679.0-0/H1L1/L1/1Dpdf/a1z.pdf
/home/c1572221/public_html/LVC/GW150914_like/GW150914_like_SNR_25_mode_PhenomPv2_inc_0.0_M45/lalinferencenest/IMRPhenomDthreePointFivePN/1167559679.0-0/H1L1/L1/1Dpdf/mc.png
/home/c1572221/public_html/LVC/GW150914_like/GW150914_like_SNR_25_mode_PhenomPv2_inc_0.0_M45/lalinferencenest/IMRPhenomDthreePointFivePN/1167559679.0-0/H1L1/L1/1Dpdf/l1_optimal_snr.pdf
/home/c1572221/public_html/LVC/GW150914_like/GW150914_like_SNR_25_mode_PhenomPv2_inc_0.0_M45/lalinferencenest/IMRPhenomDthreePointFivePN/1167559679.0-0/H1L1/L1/1Dpdf/eta.png
/home/c1572221/public_html/LVC/GW150914_like/GW150914_like_SNR_25_mode_PhenomPv2_inc_0.0_M45/lalinferencenest/IMRPhenomDthreePointFivePN/1167559679.0-0/H1L1/L1/1Dpdf/m2.pdf
/home/c1572221/public_html/LVC/GW150914_like/GW150914_like_SNR_25_mode_PhenomPv2_inc_0.0_M45/lalinferencenest/IMRPhenomDthreePointFivePN/1167559679.0-0/H1L1/L1/1Dpdf/mtotal_source.pdf
/home/c1572221/public_html/LVC/GW150914_like/GW150914_like_SNR_25_mode_PhenomPv2_inc_0.0_M45/lalinferencenest/IMRPhenomDthreePointFivePN/1167559679.0-0/H1L1/L1/1Dpdf/l1_cplx_snr_arg.png
/home/c1572221/public_html/LVC/GW150914_like/GW150914_like_SNR_25_mode_PhenomPv2_inc_0.0_M45/lalinferencenest/IMRPhenomDthreePointFivePN/1167559679.0-0/H1L1/L1/1Dpdf/optimal_snr.pdf
/home/c1572221/public_html/LVC/GW150914_like/GW150914_like_SNR_25_mode_PhenomPv2_inc_0.0_M45/lalinferencenest/IMRPhenomDthreePointFivePN/1167559679.0-0/H1L1/L1/1Dpdf/h1v1_delay.png
/home/c1572221/public_html/LVC/GW150914_like/GW150914_like_SNR_25_mode_PhenomPv2_inc_0.0_M45/lalinferencenest/IMRPhenomDthreePointFivePN/1167559679.0-0/H1L1/L1/1Dpdf/l1v1_delay.png
/home/c1572221/public_html/LVC/GW150914_like/GW150914_like_SNR_25_mode_PhenomPv2_inc_0.0_M45/lalinferencenest/IMRPhenomDthreePointFivePN/1167559679.0-0/H1L1/L1/1Dpdf/h1l1_delay.png
/home/c1572221/public_html/LVC/GW150914_like/GW150914_like_SNR_25_mode_PhenomPv2_inc_0.0_M45/lalinferencenest/IMRPhenomDthreePointFivePN/1167559679.0-0/H1L1/L1/1Dpdf/a2z.png
/home/c1572221/public_html/LVC/GW150914_like/GW150914_like_SNR_25_mode_PhenomPv2_inc_0.0_M45/lalinferencenest/IMRPhenomDthreePointFivePN/1167559679.0-0/H1L1/L1/1Dpdf/matched_filter_snr.pdf
/home/c1572221/public_html/LVC/GW150914_like/GW150914_like_SNR_25_mode_PhenomPv2_inc_0.0_M45/lalinferencenest/IMRPhenomDthreePointFivePN/1167559679.0-0/H1L1/L1/1Dpdf/mf_source.png
/home/c1572221/public_html/LVC/GW150914_like/GW150914_like_SNR_25_mode_PhenomPv2_inc_0.0_M45/lalinferencenest/IMRPhenomDthreePointFivePN/1167559679.0-0/H1L1/L1/1Dpdf/dec.png
/home/c1572221/public_html/LVC/GW150914_like/GW150914_like_SNR_25_mode_PhenomPv2_inc_0.0_M45/lalinferencenest/IMRPhenomDthreePointFivePN/1167559679.0-0/H1L1/L1/1Dpdf/q.png
/home/c1572221/public_html/LVC/GW150914_like/GW150914_like_SNR_25_mode_PhenomPv2_inc_0.0_M45/lalinferencenest/IMRPhenomDthreePointFivePN/1167559679.0-0/H1L1/L1/1Dpdf/deltalogl.png
/home/c1572221/public_html/LVC/GW150914_like/GW150914_like_SNR_25_mode_PhenomPv2_inc_0.0_M45/lalinferencenest/IMRPhenomDthreePointFivePN/1167559679.0-0/H1L1/L1/1Dpdf/l_peak.png
/home/c1572221/public_html/LVC/GW150914_like/GW150914_like_SNR_25_mode_PhenomPv2_inc_0.0_M45/lalinferencenest/IMRPhenomDthreePointFivePN/1167559679.0-0/H1L1/L1/1Dpdf/l1_cplx_snr_amp.pdf
/home/c1572221/public_html/LVC/GW150914_like/GW150914_like_SNR_25_mode_PhenomPv2_inc_0.0_M45/lalinferencenest/IMRPhenomDthreePointFivePN/1167559679.0-0/H1L1/L1/1Dpdf/deltalogll1.pdf
/home/c1572221/public_html/LVC/GW150914_like/GW150914_like_SNR_25_mode_PhenomPv2_inc_0.0_M45/lalinferencenest/IMRPhenomDthreePointFivePN/1167559679.0-0/H1L1/L1/summary_statistics.dat
/home/c1572221/public_html/LVC/GW150914_like/GW150914_like_SNR_25_mode_PhenomPv2_inc_0.0_M45/lalinferencenest/IMRPhenomDthreePointFivePN/1167559679.0-0/H1L1/L1/PSDs/
/home/c1572221/public_html/LVC/GW150914_like/GW150914_like_SNR_25_mode_PhenomPv2_inc_0.0_M45/lalinferencenest/IMRPhenomDthreePointFivePN/1167559679.0-0/H1L1/L1/PSDs/PSD.png
/home/c1572221/public_html/LVC/GW150914_like/GW150914_like_SNR_25_mode_PhenomPv2_inc_0.0_M45/lalinferencenest/IMRPhenomDthreePointFivePN/1167559679.0-0/H1L1/L1/posplots.html
/home/c1572221/public_html/LVC/GW150914_like/GW150914_like_SNR_25_mode_PhenomPv2_inc_0.0_M45/lalinferencenest/IMRPhenomDthreePointFivePN/1167559679.0-0/H1L1/L1/corner/
/home/c1572221/public_html/LVC/GW150914_like/GW150914_like_SNR_25_mode_PhenomPv2_inc_0.0_M45/lalinferencenest/IMRPhenomDthreePointFivePN/1167559679.0-0/H1L1/L1/skymap.png
/home/c1572221/public_html/LVC/GW150914_like/GW150914_like_SNR_25_mode_PhenomPv2_inc_0.0_M45/lalinferencenest/IMRPhenomDthreePointFivePN/1167559679.0-0/H1L1/L1/confidence_levels.txt
/home/c1572221/public_html/LVC/GW150914_like/GW150914_like_SNR_25_mode_PhenomPv2_inc_0.0_M45/lalinferencenest/IMRPhenomDthreePointFivePN/1167559679.0-0/H1L1/L1/Waveform/
/home/c1572221/public_html/LVC/GW150914_like/GW150914_like_SNR_25_mode_PhenomPv2_inc_0.0_M45/lalinferencenest/IMRPhenomDthreePointFivePN/1167559679.0-0/H1L1/L1/Waveform/WF_DetFrame.png
/home/c1572221/public_html/LVC/GW150914_like/GW150914_like_SNR_25_mode_PhenomPv2_inc_0.0_M45/lalinferencenest/IMRPhenomDthreePointFivePN/1167559679.0-0/H1L1/L1/posterior_samples.dat
acosing costheta_jn
exponentiating logdistance
Read columns ['L1_cplx_snr_amp', 'L1_cplx_snr_arg', 'L1_optimal_snr', 'a1', 'a2', 'mc', 'dec', 'deltalogL', 'deltaloglL1', 'logL', 'logPrior', 'logw', 'matched_filter_snr', 'optimal_snr', 'phase', 'psi', 'q', 'ra', 'time', 'signalModelFlag', 'flow', 'f_ref', 'LAL_APPROXIMANT', 'LAL_AMPORDER', 'LAL_PNORDER', 'psdScaleFlag', 'theta_jn', 'distance']
No snr file provided or wrong path to snr file

Warning: Cannot find spin parameters.  Skipping spin angle calculations.
Using non-precessing fit formula [Healy at al (2014)] for final mass and spin (on masses and projected spin components).
Taking cos of theta_jn ...
Number of posterior samples: 4126
Means:
{'logw': -25.953047768740511, 'redshift': 0.081387115476553293, 'v1_end_time': 1167559678.9976661, 'f_ref': 100.0, 'psdscaleflag': 0.0, 'l1_optimal_snr': 13.287409980993955, 'psi': 1.630132812738631, 'lal_approximant': 58.0, 'signalmodelflag': 1.0, 'logl': -65.568955828714977, 'deltalogll1': 91.479151632595617, 'v1h1_delay': -0.003309680545324269, 'mc_source': 11.323601796474778, 'deltalogl': 91.479151632595617, 'af': 0.46082799636746108, 'l1v1_delay': 0.0031697080369950266, 'h1_end_time': 1167559678.9943562, 'l1h1_delay': -0.00013997250832924264, 'm1': 19.919938457309144, 'ra': 3.0839049901662565, 'l1_end_time': 1167559678.9944961, 'm2': 10.476636313587163, 'l_peak': 2.3705459237229478, 'lal_pnorder': 7.0, 'm2_source': 9.6927212768144475, 'v1l1_delay': -0.0031697080369950266, 'mtotal': 30.396574770896308, 'costheta_jn': 0.034086957268025693, 'a2z': -0.24327433554075054, 'a1': 0.46822992564205174, 'a2': 0.47904476116810857, 'optimal_snr': 13.287409980993955, 'phase': 3.0686397658265419, 'a1z': -0.46705141905406894, 'm1_source': 18.427638238101792, 'distance': 382.82737156306007, 'mf': 29.450002681290236, 'mc': 12.239948303296883, 'l1_cplx_snr_amp': 13.606275636135262, 'h1v1_delay': 0.003309680545324269, 'logprior': 20.887460677201602, 'theta_jn': 1.5330364976751125, 'flow': 20.0, 'l1_cplx_snr_arg': -5.7768982380181969e-05, 'h1l1_delay': 0.00013997250832924264, 'matched_filter_snr': 13.566932616385714, 'q': 0.55941763309803438, 'mtotal_source': 28.120359514916238, 'mf_source': 27.24464703974035, 'eta': 0.22151776105076593, 'e_rad': 0.87571247517588913, 'time': 1167559678.9971981, 'lal_amporder': -1.0, 'dec': 0.067821210999292267, 'chi_eff': -0.3900917829864779}
Median:
{'logw': -25.909326153705113, 'redshift': 0.080691155000365139, 'v1_end_time': 1167559678.9998565, 'f_ref': 100.0, 'psdscaleflag': 0.0, 'l1_optimal_snr': 13.280881274413261, 'psi': 1.6081344288142918, 'lal_approximant': 58.0, 'signalmodelflag': 1.0, 'logl': -65.205896169540082, 'deltalogll1': 91.842211291770511, 'v1h1_delay': -0.0050957202911376953, 'mc_source': 11.320729408835897, 'deltalogl': 91.842211291770511, 'af': 0.46631002617723483, 'l1v1_delay': 0.005900263786315918, 'h1_end_time': 1167559678.9942994, 'l1h1_delay': -0.00010001659393310547, 'm1': 19.712021522786159, 'ra': 2.8871912672874505, 'l1_end_time': 1167559678.9948387, 'm2': 10.268601614953077, 'l_peak': 2.393758282928621, 'lal_pnorder': 7.0, 'm2_source': 9.48100140138048, 'v1l1_delay': -0.005900263786315918, 'mtotal': 29.969406981439647, 'costheta_jn': 0.31182177511494352, 'a2z': -0.31021244119724922, 'a1': 0.44459488099647959, 'a2': 0.46252034835694578, 'optimal_snr': 13.280881274413261, 'phase': 3.1660444761634432, 'a1z': -0.44459488099647959, 'm1_source': 18.208738150931708, 'distance': 377.76685312181354, 'mf': 29.015660130847632, 'mc': 12.234517226793848, 'l1_cplx_snr_amp': 13.631156503251141, 'h1v1_delay': 0.0050957202911376953, 'logprior': 21.05495234605177, 'theta_jn': 1.2536860178386444, 'flow': 20.0, 'l1_cplx_snr_arg': 0.00025502646914568855, 'h1l1_delay': 0.00010001659393310547, 'matched_filter_snr': 13.592125413099346, 'q': 0.52025080178306848, 'mtotal_source': 27.731675987829433, 'mf_source': 26.843370614609519, 'eta': 0.22510351272213319, 'e_rad': 0.87792158704291623, 'time': 1167559679.0049243, 'lal_amporder': -1.0, 'dec': 0.10939713429615147, 'chi_eff': -0.40153624374999275}
maxL:
{'logw': -29.354499399776014, 'redshift': 0.11214540754087063, 'v1_end_time': 1167559678.9807639, 'f_ref': 100.0, 'psdscaleflag': 0.0, 'l1_optimal_snr': 13.818911637468982, 'psi': 0.79322752171134969, 'lal_approximant': 58.0, 'signalmodelflag': 1.0, 'logl': -62.746934720146896, 'deltalogll1': 94.301172741163697, 'v1h1_delay': 0.010922670364379883, 'mc_source': 11.047919559077474, 'deltalogl': 94.301172741163697, 'af': 0.47691595917072255, 'l1v1_delay': -0.016687154769897461, 'h1_end_time': 1167559678.9916866, 'l1h1_delay': -0.0057644844055175781, 'm1': 23.647666871430648, 'ra': 6.235506946761487, 'l1_end_time': 1167559678.9974511, 'm2': 8.8266335439524806, 'l_peak': 2.0181763007689386, 'lal_pnorder': 7.0, 'm2_source': 7.9365822887041038, 'v1l1_delay': 0.016687154769897461, 'mtotal': 32.474300415383127, 'costheta_jn': -0.98212623269778376, 'a2z': -0.64870871094418581, 'a1': 0.15324105405895533, 'a2': 0.64870871094418581, 'optimal_snr': 13.818911637468982, 'phase': 1.5114017290252373, 'a1z': -0.15324105405895533, 'm1_source': 21.263107064137756, 'distance': 536.19370511604779, 'mf': 31.560120654346058, 'mc': 12.286893000508972, 'l1_cplx_snr_amp': 13.735844741324476, 'h1v1_delay': -0.010922670364379883, 'logprior': 22.652338416973631, 'theta_jn': 2.95223971427238, 'flow': 20.0, 'l1_cplx_snr_arg': 0.018389031116364238, 'h1l1_delay': 0.0057644844055175781, 'matched_filter_snr': 13.733522374415701, 'q': 0.37325599992344971, 'mtotal_source': 29.199689352841858, 'mf_source': 28.377692737256794, 'eta': 0.19792642809327179, 'e_rad': 0.82199661558506421, 'time': 1167559678.9777663, 'lal_amporder': -1.0, 'dec': -0.19504882131346049, 'chi_eff': -0.28791097409624949}
Unable to compute KL divergence
Sigma is 30.000000 arcmin (0.008727 rad) 
-> fwhm is 70.644601 arcmin
Sigma is 0.000000 arcmin (0.000000 rad) 
-> fwhm is 0.000000 arcmin
WARNING: phi_orb not found in posterior files. Defaulting to 0.0 which is probably *not* what you want

Using greedy 1-d binning credible regions

Generating 1D plot for e_rad.
Generating 1D plot for l_peak.
Using greedy 1-d binning credible regions

Generating 1D plot for m1.
Generating 1D plot for m2.
Generating 1D plot for mc.
Generating 1D plot for eta.
Generating 1D plot for q.
Generating 1D plot for mtotal.
Generating 1D plot for mf.
Using greedy 1-d binning credible regions

Generating 1D plot for optimal_snr.
Generating 1D plot for matched_filter_snr.
Generating 1D plot for l1_optimal_snr.
Generating 1D plot for l1_cplx_snr_amp.
Generating 1D plot for l1_cplx_snr_arg.
Generating 1D plot for logprior.
Generating 1D plot for logl.
Generating 1D plot for deltalogl.
Generating 1D plot for deltalogll1.
Using greedy 1-d binning credible regions

Generating 1D plot for time.
Generating 1D plot for l1_end_time.
Generating 1D plot for h1_end_time.
Generating 1D plot for v1_end_time.
Generating 1D plot for h1l1_delay.
Generating 1D plot for h1v1_delay.
Generating 1D plot for l1v1_delay.
Using greedy 1-d binning credible regions

Generating 1D plot for m1_source.
Generating 1D plot for m2_source.
Generating 1D plot for mtotal_source.
Generating 1D plot for mc_source.
Generating 1D plot for redshift.
Generating 1D plot for mf_source.
Using greedy 1-d binning credible regions

Generating 1D plot for distance.
Generating 1D plot for psi.
Generating 1D plot for ra.
Generating 1D plot for dec.
Generating 1D plot for phase.
Using greedy 1-d binning credible regions

Generating 1D plot for a1.
Generating 1D plot for a2.
Generating 1D plot for costheta_jn.
Generating 1D plot for theta_jn.
Generating 1D plot for af.
Generating 1D plot for chi_eff.
Generating 1D plot for a1z.
Generating 1D plot for a2z.
Using greedy 1-d binning credible regions

Cannot load corner module. Try running
	$ pip install corner
Cannot load corner module. Try running
	$ pip install corner
Cannot load corner module. Try running
	$ pip install corner
