/home/c1572221/public_html/LVC/GW150914_like/GW150914_like_SNR_25_mode_PhenomPv2_inc_0.0_M45/lalinferencenest/IMRPhenomDthreePointFivePN/1167559679.0-0/H1L1/H1/
/home/c1572221/public_html/LVC/GW150914_like/GW150914_like_SNR_25_mode_PhenomPv2_inc_0.0_M45/lalinferencenest/IMRPhenomDthreePointFivePN/1167559679.0-0/H1L1/H1/2Dbins/
/home/c1572221/public_html/LVC/GW150914_like/GW150914_like_SNR_25_mode_PhenomPv2_inc_0.0_M45/lalinferencenest/IMRPhenomDthreePointFivePN/1167559679.0-0/H1L1/H1/2Dkde/
/home/c1572221/public_html/LVC/GW150914_like/GW150914_like_SNR_25_mode_PhenomPv2_inc_0.0_M45/lalinferencenest/IMRPhenomDthreePointFivePN/1167559679.0-0/H1L1/H1/greedy2Dbins/
/home/c1572221/public_html/LVC/GW150914_like/GW150914_like_SNR_25_mode_PhenomPv2_inc_0.0_M45/lalinferencenest/IMRPhenomDthreePointFivePN/1167559679.0-0/H1L1/H1/1Dsamps/
/home/c1572221/public_html/LVC/GW150914_like/GW150914_like_SNR_25_mode_PhenomPv2_inc_0.0_M45/lalinferencenest/IMRPhenomDthreePointFivePN/1167559679.0-0/H1L1/H1/1Dsamps/h1v1_delay_samps.png
/home/c1572221/public_html/LVC/GW150914_like/GW150914_like_SNR_25_mode_PhenomPv2_inc_0.0_M45/lalinferencenest/IMRPhenomDthreePointFivePN/1167559679.0-0/H1L1/H1/1Dsamps/ra_samps.pdf
/home/c1572221/public_html/LVC/GW150914_like/GW150914_like_SNR_25_mode_PhenomPv2_inc_0.0_M45/lalinferencenest/IMRPhenomDthreePointFivePN/1167559679.0-0/H1L1/H1/1Dsamps/deltalogl_samps.png
/home/c1572221/public_html/LVC/GW150914_like/GW150914_like_SNR_25_mode_PhenomPv2_inc_0.0_M45/lalinferencenest/IMRPhenomDthreePointFivePN/1167559679.0-0/H1L1/H1/1Dsamps/m2_source_samps.pdf
/home/c1572221/public_html/LVC/GW150914_like/GW150914_like_SNR_25_mode_PhenomPv2_inc_0.0_M45/lalinferencenest/IMRPhenomDthreePointFivePN/1167559679.0-0/H1L1/H1/1Dsamps/h1_optimal_snr_samps.png
/home/c1572221/public_html/LVC/GW150914_like/GW150914_like_SNR_25_mode_PhenomPv2_inc_0.0_M45/lalinferencenest/IMRPhenomDthreePointFivePN/1167559679.0-0/H1L1/H1/1Dsamps/logprior_samps.png
/home/c1572221/public_html/LVC/GW150914_like/GW150914_like_SNR_25_mode_PhenomPv2_inc_0.0_M45/lalinferencenest/IMRPhenomDthreePointFivePN/1167559679.0-0/H1L1/H1/1Dsamps/m1_samps.png
/home/c1572221/public_html/LVC/GW150914_like/GW150914_like_SNR_25_mode_PhenomPv2_inc_0.0_M45/lalinferencenest/IMRPhenomDthreePointFivePN/1167559679.0-0/H1L1/H1/1Dsamps/mtotal_acf.png
/home/c1572221/public_html/LVC/GW150914_like/GW150914_like_SNR_25_mode_PhenomPv2_inc_0.0_M45/lalinferencenest/IMRPhenomDthreePointFivePN/1167559679.0-0/H1L1/H1/1Dsamps/mc_samps.png
/home/c1572221/public_html/LVC/GW150914_like/GW150914_like_SNR_25_mode_PhenomPv2_inc_0.0_M45/lalinferencenest/IMRPhenomDthreePointFivePN/1167559679.0-0/H1L1/H1/1Dsamps/l_peak_acf.pdf
/home/c1572221/public_html/LVC/GW150914_like/GW150914_like_SNR_25_mode_PhenomPv2_inc_0.0_M45/lalinferencenest/IMRPhenomDthreePointFivePN/1167559679.0-0/H1L1/H1/1Dsamps/distance_samps.pdf
/home/c1572221/public_html/LVC/GW150914_like/GW150914_like_SNR_25_mode_PhenomPv2_inc_0.0_M45/lalinferencenest/IMRPhenomDthreePointFivePN/1167559679.0-0/H1L1/H1/1Dsamps/logl_samps.pdf
/home/c1572221/public_html/LVC/GW150914_like/GW150914_like_SNR_25_mode_PhenomPv2_inc_0.0_M45/lalinferencenest/IMRPhenomDthreePointFivePN/1167559679.0-0/H1L1/H1/1Dsamps/theta_jn_acf.pdf
/home/c1572221/public_html/LVC/GW150914_like/GW150914_like_SNR_25_mode_PhenomPv2_inc_0.0_M45/lalinferencenest/IMRPhenomDthreePointFivePN/1167559679.0-0/H1L1/H1/1Dsamps/optimal_snr_acf.png
/home/c1572221/public_html/LVC/GW150914_like/GW150914_like_SNR_25_mode_PhenomPv2_inc_0.0_M45/lalinferencenest/IMRPhenomDthreePointFivePN/1167559679.0-0/H1L1/H1/1Dsamps/m1_source_samps.png
/home/c1572221/public_html/LVC/GW150914_like/GW150914_like_SNR_25_mode_PhenomPv2_inc_0.0_M45/lalinferencenest/IMRPhenomDthreePointFivePN/1167559679.0-0/H1L1/H1/1Dsamps/theta_jn_samps.pdf
/home/c1572221/public_html/LVC/GW150914_like/GW150914_like_SNR_25_mode_PhenomPv2_inc_0.0_M45/lalinferencenest/IMRPhenomDthreePointFivePN/1167559679.0-0/H1L1/H1/1Dsamps/mf_source_acf.png
/home/c1572221/public_html/LVC/GW150914_like/GW150914_like_SNR_25_mode_PhenomPv2_inc_0.0_M45/lalinferencenest/IMRPhenomDthreePointFivePN/1167559679.0-0/H1L1/H1/1Dsamps/time_acf.pdf
/home/c1572221/public_html/LVC/GW150914_like/GW150914_like_SNR_25_mode_PhenomPv2_inc_0.0_M45/lalinferencenest/IMRPhenomDthreePointFivePN/1167559679.0-0/H1L1/H1/1Dsamps/mtotal_samps.pdf
/home/c1572221/public_html/LVC/GW150914_like/GW150914_like_SNR_25_mode_PhenomPv2_inc_0.0_M45/lalinferencenest/IMRPhenomDthreePointFivePN/1167559679.0-0/H1L1/H1/1Dsamps/mc_acf.png
/home/c1572221/public_html/LVC/GW150914_like/GW150914_like_SNR_25_mode_PhenomPv2_inc_0.0_M45/lalinferencenest/IMRPhenomDthreePointFivePN/1167559679.0-0/H1L1/H1/1Dsamps/chi_eff_acf.pdf
/home/c1572221/public_html/LVC/GW150914_like/GW150914_like_SNR_25_mode_PhenomPv2_inc_0.0_M45/lalinferencenest/IMRPhenomDthreePointFivePN/1167559679.0-0/H1L1/H1/1Dsamps/h1l1_delay_acf.png
/home/c1572221/public_html/LVC/GW150914_like/GW150914_like_SNR_25_mode_PhenomPv2_inc_0.0_M45/lalinferencenest/IMRPhenomDthreePointFivePN/1167559679.0-0/H1L1/H1/1Dsamps/mc_acf.pdf
/home/c1572221/public_html/LVC/GW150914_like/GW150914_like_SNR_25_mode_PhenomPv2_inc_0.0_M45/lalinferencenest/IMRPhenomDthreePointFivePN/1167559679.0-0/H1L1/H1/1Dsamps/mf_acf.png
/home/c1572221/public_html/LVC/GW150914_like/GW150914_like_SNR_25_mode_PhenomPv2_inc_0.0_M45/lalinferencenest/IMRPhenomDthreePointFivePN/1167559679.0-0/H1L1/H1/1Dsamps/m1_acf.png
/home/c1572221/public_html/LVC/GW150914_like/GW150914_like_SNR_25_mode_PhenomPv2_inc_0.0_M45/lalinferencenest/IMRPhenomDthreePointFivePN/1167559679.0-0/H1L1/H1/1Dsamps/mtotal_samps.png
/home/c1572221/public_html/LVC/GW150914_like/GW150914_like_SNR_25_mode_PhenomPv2_inc_0.0_M45/lalinferencenest/IMRPhenomDthreePointFivePN/1167559679.0-0/H1L1/H1/1Dsamps/l1_end_time_acf.pdf
/home/c1572221/public_html/LVC/GW150914_like/GW150914_like_SNR_25_mode_PhenomPv2_inc_0.0_M45/lalinferencenest/IMRPhenomDthreePointFivePN/1167559679.0-0/H1L1/H1/1Dsamps/h1_end_time_acf.png
/home/c1572221/public_html/LVC/GW150914_like/GW150914_like_SNR_25_mode_PhenomPv2_inc_0.0_M45/lalinferencenest/IMRPhenomDthreePointFivePN/1167559679.0-0/H1L1/H1/1Dsamps/v1_end_time_acf.pdf
/home/c1572221/public_html/LVC/GW150914_like/GW150914_like_SNR_25_mode_PhenomPv2_inc_0.0_M45/lalinferencenest/IMRPhenomDthreePointFivePN/1167559679.0-0/H1L1/H1/1Dsamps/a1z_samps.pdf
/home/c1572221/public_html/LVC/GW150914_like/GW150914_like_SNR_25_mode_PhenomPv2_inc_0.0_M45/lalinferencenest/IMRPhenomDthreePointFivePN/1167559679.0-0/H1L1/H1/1Dsamps/logprior_acf.pdf
/home/c1572221/public_html/LVC/GW150914_like/GW150914_like_SNR_25_mode_PhenomPv2_inc_0.0_M45/lalinferencenest/IMRPhenomDthreePointFivePN/1167559679.0-0/H1L1/H1/1Dsamps/m2_source_samps.png
/home/c1572221/public_html/LVC/GW150914_like/GW150914_like_SNR_25_mode_PhenomPv2_inc_0.0_M45/lalinferencenest/IMRPhenomDthreePointFivePN/1167559679.0-0/H1L1/H1/1Dsamps/time_samps.pdf
/home/c1572221/public_html/LVC/GW150914_like/GW150914_like_SNR_25_mode_PhenomPv2_inc_0.0_M45/lalinferencenest/IMRPhenomDthreePointFivePN/1167559679.0-0/H1L1/H1/1Dsamps/eta_samps.png
/home/c1572221/public_html/LVC/GW150914_like/GW150914_like_SNR_25_mode_PhenomPv2_inc_0.0_M45/lalinferencenest/IMRPhenomDthreePointFivePN/1167559679.0-0/H1L1/H1/1Dsamps/mc_source_samps.png
/home/c1572221/public_html/LVC/GW150914_like/GW150914_like_SNR_25_mode_PhenomPv2_inc_0.0_M45/lalinferencenest/IMRPhenomDthreePointFivePN/1167559679.0-0/H1L1/H1/1Dsamps/logl_samps.png
/home/c1572221/public_html/LVC/GW150914_like/GW150914_like_SNR_25_mode_PhenomPv2_inc_0.0_M45/lalinferencenest/IMRPhenomDthreePointFivePN/1167559679.0-0/H1L1/H1/1Dsamps/optimal_snr_samps.pdf
/home/c1572221/public_html/LVC/GW150914_like/GW150914_like_SNR_25_mode_PhenomPv2_inc_0.0_M45/lalinferencenest/IMRPhenomDthreePointFivePN/1167559679.0-0/H1L1/H1/1Dsamps/psi_acf.pdf
/home/c1572221/public_html/LVC/GW150914_like/GW150914_like_SNR_25_mode_PhenomPv2_inc_0.0_M45/lalinferencenest/IMRPhenomDthreePointFivePN/1167559679.0-0/H1L1/H1/1Dsamps/mf_source_samps.png
/home/c1572221/public_html/LVC/GW150914_like/GW150914_like_SNR_25_mode_PhenomPv2_inc_0.0_M45/lalinferencenest/IMRPhenomDthreePointFivePN/1167559679.0-0/H1L1/H1/1Dsamps/a1z_samps.png
/home/c1572221/public_html/LVC/GW150914_like/GW150914_like_SNR_25_mode_PhenomPv2_inc_0.0_M45/lalinferencenest/IMRPhenomDthreePointFivePN/1167559679.0-0/H1L1/H1/1Dsamps/theta_jn_acf.png
/home/c1572221/public_html/LVC/GW150914_like/GW150914_like_SNR_25_mode_PhenomPv2_inc_0.0_M45/lalinferencenest/IMRPhenomDthreePointFivePN/1167559679.0-0/H1L1/H1/1Dsamps/deltaloglh1_samps.pdf
/home/c1572221/public_html/LVC/GW150914_like/GW150914_like_SNR_25_mode_PhenomPv2_inc_0.0_M45/lalinferencenest/IMRPhenomDthreePointFivePN/1167559679.0-0/H1L1/H1/1Dsamps/a2z_acf.pdf
/home/c1572221/public_html/LVC/GW150914_like/GW150914_like_SNR_25_mode_PhenomPv2_inc_0.0_M45/lalinferencenest/IMRPhenomDthreePointFivePN/1167559679.0-0/H1L1/H1/1Dsamps/mc_source_samps.pdf
/home/c1572221/public_html/LVC/GW150914_like/GW150914_like_SNR_25_mode_PhenomPv2_inc_0.0_M45/lalinferencenest/IMRPhenomDthreePointFivePN/1167559679.0-0/H1L1/H1/1Dsamps/h1_optimal_snr_acf.pdf
/home/c1572221/public_html/LVC/GW150914_like/GW150914_like_SNR_25_mode_PhenomPv2_inc_0.0_M45/lalinferencenest/IMRPhenomDthreePointFivePN/1167559679.0-0/H1L1/H1/1Dsamps/mc_samps.pdf
/home/c1572221/public_html/LVC/GW150914_like/GW150914_like_SNR_25_mode_PhenomPv2_inc_0.0_M45/lalinferencenest/IMRPhenomDthreePointFivePN/1167559679.0-0/H1L1/H1/1Dsamps/h1_optimal_snr_samps.pdf
/home/c1572221/public_html/LVC/GW150914_like/GW150914_like_SNR_25_mode_PhenomPv2_inc_0.0_M45/lalinferencenest/IMRPhenomDthreePointFivePN/1167559679.0-0/H1L1/H1/1Dsamps/v1_end_time_acf.png
/home/c1572221/public_html/LVC/GW150914_like/GW150914_like_SNR_25_mode_PhenomPv2_inc_0.0_M45/lalinferencenest/IMRPhenomDthreePointFivePN/1167559679.0-0/H1L1/H1/1Dsamps/costheta_jn_samps.pdf
/home/c1572221/public_html/LVC/GW150914_like/GW150914_like_SNR_25_mode_PhenomPv2_inc_0.0_M45/lalinferencenest/IMRPhenomDthreePointFivePN/1167559679.0-0/H1L1/H1/1Dsamps/h1_cplx_snr_amp_samps.png
/home/c1572221/public_html/LVC/GW150914_like/GW150914_like_SNR_25_mode_PhenomPv2_inc_0.0_M45/lalinferencenest/IMRPhenomDthreePointFivePN/1167559679.0-0/H1L1/H1/1Dsamps/e_rad_samps.pdf
/home/c1572221/public_html/LVC/GW150914_like/GW150914_like_SNR_25_mode_PhenomPv2_inc_0.0_M45/lalinferencenest/IMRPhenomDthreePointFivePN/1167559679.0-0/H1L1/H1/1Dsamps/h1_optimal_snr_acf.png
/home/c1572221/public_html/LVC/GW150914_like/GW150914_like_SNR_25_mode_PhenomPv2_inc_0.0_M45/lalinferencenest/IMRPhenomDthreePointFivePN/1167559679.0-0/H1L1/H1/1Dsamps/q_samps.pdf
/home/c1572221/public_html/LVC/GW150914_like/GW150914_like_SNR_25_mode_PhenomPv2_inc_0.0_M45/lalinferencenest/IMRPhenomDthreePointFivePN/1167559679.0-0/H1L1/H1/1Dsamps/distance_acf.png
/home/c1572221/public_html/LVC/GW150914_like/GW150914_like_SNR_25_mode_PhenomPv2_inc_0.0_M45/lalinferencenest/IMRPhenomDthreePointFivePN/1167559679.0-0/H1L1/H1/1Dsamps/af_acf.png
/home/c1572221/public_html/LVC/GW150914_like/GW150914_like_SNR_25_mode_PhenomPv2_inc_0.0_M45/lalinferencenest/IMRPhenomDthreePointFivePN/1167559679.0-0/H1L1/H1/1Dsamps/l_peak_samps.png
/home/c1572221/public_html/LVC/GW150914_like/GW150914_like_SNR_25_mode_PhenomPv2_inc_0.0_M45/lalinferencenest/IMRPhenomDthreePointFivePN/1167559679.0-0/H1L1/H1/1Dsamps/psi_acf.png
/home/c1572221/public_html/LVC/GW150914_like/GW150914_like_SNR_25_mode_PhenomPv2_inc_0.0_M45/lalinferencenest/IMRPhenomDthreePointFivePN/1167559679.0-0/H1L1/H1/1Dsamps/phase_acf.png
/home/c1572221/public_html/LVC/GW150914_like/GW150914_like_SNR_25_mode_PhenomPv2_inc_0.0_M45/lalinferencenest/IMRPhenomDthreePointFivePN/1167559679.0-0/H1L1/H1/1Dsamps/h1_end_time_samps.pdf
/home/c1572221/public_html/LVC/GW150914_like/GW150914_like_SNR_25_mode_PhenomPv2_inc_0.0_M45/lalinferencenest/IMRPhenomDthreePointFivePN/1167559679.0-0/H1L1/H1/1Dsamps/h1_cplx_snr_arg_acf.png
/home/c1572221/public_html/LVC/GW150914_like/GW150914_like_SNR_25_mode_PhenomPv2_inc_0.0_M45/lalinferencenest/IMRPhenomDthreePointFivePN/1167559679.0-0/H1L1/H1/1Dsamps/h1_end_time_acf.pdf
/home/c1572221/public_html/LVC/GW150914_like/GW150914_like_SNR_25_mode_PhenomPv2_inc_0.0_M45/lalinferencenest/IMRPhenomDthreePointFivePN/1167559679.0-0/H1L1/H1/1Dsamps/chi_eff_samps.png
/home/c1572221/public_html/LVC/GW150914_like/GW150914_like_SNR_25_mode_PhenomPv2_inc_0.0_M45/lalinferencenest/IMRPhenomDthreePointFivePN/1167559679.0-0/H1L1/H1/1Dsamps/deltaloglh1_acf.pdf
/home/c1572221/public_html/LVC/GW150914_like/GW150914_like_SNR_25_mode_PhenomPv2_inc_0.0_M45/lalinferencenest/IMRPhenomDthreePointFivePN/1167559679.0-0/H1L1/H1/1Dsamps/l1_end_time_samps.pdf
/home/c1572221/public_html/LVC/GW150914_like/GW150914_like_SNR_25_mode_PhenomPv2_inc_0.0_M45/lalinferencenest/IMRPhenomDthreePointFivePN/1167559679.0-0/H1L1/H1/1Dsamps/phase_acf.pdf
/home/c1572221/public_html/LVC/GW150914_like/GW150914_like_SNR_25_mode_PhenomPv2_inc_0.0_M45/lalinferencenest/IMRPhenomDthreePointFivePN/1167559679.0-0/H1L1/H1/1Dsamps/psi_samps.png
/home/c1572221/public_html/LVC/GW150914_like/GW150914_like_SNR_25_mode_PhenomPv2_inc_0.0_M45/lalinferencenest/IMRPhenomDthreePointFivePN/1167559679.0-0/H1L1/H1/1Dsamps/optimal_snr_samps.png
/home/c1572221/public_html/LVC/GW150914_like/GW150914_like_SNR_25_mode_PhenomPv2_inc_0.0_M45/lalinferencenest/IMRPhenomDthreePointFivePN/1167559679.0-0/H1L1/H1/1Dsamps/chi_eff_samps.pdf
/home/c1572221/public_html/LVC/GW150914_like/GW150914_like_SNR_25_mode_PhenomPv2_inc_0.0_M45/lalinferencenest/IMRPhenomDthreePointFivePN/1167559679.0-0/H1L1/H1/1Dsamps/mf_acf.pdf
/home/c1572221/public_html/LVC/GW150914_like/GW150914_like_SNR_25_mode_PhenomPv2_inc_0.0_M45/lalinferencenest/IMRPhenomDthreePointFivePN/1167559679.0-0/H1L1/H1/1Dsamps/m1_source_acf.png
/home/c1572221/public_html/LVC/GW150914_like/GW150914_like_SNR_25_mode_PhenomPv2_inc_0.0_M45/lalinferencenest/IMRPhenomDthreePointFivePN/1167559679.0-0/H1L1/H1/1Dsamps/a1_samps.png
/home/c1572221/public_html/LVC/GW150914_like/GW150914_like_SNR_25_mode_PhenomPv2_inc_0.0_M45/lalinferencenest/IMRPhenomDthreePointFivePN/1167559679.0-0/H1L1/H1/1Dsamps/l1v1_delay_acf.pdf
/home/c1572221/public_html/LVC/GW150914_like/GW150914_like_SNR_25_mode_PhenomPv2_inc_0.0_M45/lalinferencenest/IMRPhenomDthreePointFivePN/1167559679.0-0/H1L1/H1/1Dsamps/l_peak_samps.pdf
/home/c1572221/public_html/LVC/GW150914_like/GW150914_like_SNR_25_mode_PhenomPv2_inc_0.0_M45/lalinferencenest/IMRPhenomDthreePointFivePN/1167559679.0-0/H1L1/H1/1Dsamps/a1z_acf.png
/home/c1572221/public_html/LVC/GW150914_like/GW150914_like_SNR_25_mode_PhenomPv2_inc_0.0_M45/lalinferencenest/IMRPhenomDthreePointFivePN/1167559679.0-0/H1L1/H1/1Dsamps/a1_acf.png
/home/c1572221/public_html/LVC/GW150914_like/GW150914_like_SNR_25_mode_PhenomPv2_inc_0.0_M45/lalinferencenest/IMRPhenomDthreePointFivePN/1167559679.0-0/H1L1/H1/1Dsamps/mtotal_source_acf.pdf
/home/c1572221/public_html/LVC/GW150914_like/GW150914_like_SNR_25_mode_PhenomPv2_inc_0.0_M45/lalinferencenest/IMRPhenomDthreePointFivePN/1167559679.0-0/H1L1/H1/1Dsamps/a2_acf.pdf
/home/c1572221/public_html/LVC/GW150914_like/GW150914_like_SNR_25_mode_PhenomPv2_inc_0.0_M45/lalinferencenest/IMRPhenomDthreePointFivePN/1167559679.0-0/H1L1/H1/1Dsamps/m1_source_samps.pdf
/home/c1572221/public_html/LVC/GW150914_like/GW150914_like_SNR_25_mode_PhenomPv2_inc_0.0_M45/lalinferencenest/IMRPhenomDthreePointFivePN/1167559679.0-0/H1L1/H1/1Dsamps/a2_samps.pdf
/home/c1572221/public_html/LVC/GW150914_like/GW150914_like_SNR_25_mode_PhenomPv2_inc_0.0_M45/lalinferencenest/IMRPhenomDthreePointFivePN/1167559679.0-0/H1L1/H1/1Dsamps/l1v1_delay_samps.png
/home/c1572221/public_html/LVC/GW150914_like/GW150914_like_SNR_25_mode_PhenomPv2_inc_0.0_M45/lalinferencenest/IMRPhenomDthreePointFivePN/1167559679.0-0/H1L1/H1/1Dsamps/redshift_samps.png
/home/c1572221/public_html/LVC/GW150914_like/GW150914_like_SNR_25_mode_PhenomPv2_inc_0.0_M45/lalinferencenest/IMRPhenomDthreePointFivePN/1167559679.0-0/H1L1/H1/1Dsamps/distance_samps.png
/home/c1572221/public_html/LVC/GW150914_like/GW150914_like_SNR_25_mode_PhenomPv2_inc_0.0_M45/lalinferencenest/IMRPhenomDthreePointFivePN/1167559679.0-0/H1L1/H1/1Dsamps/mtotal_source_samps.pdf
/home/c1572221/public_html/LVC/GW150914_like/GW150914_like_SNR_25_mode_PhenomPv2_inc_0.0_M45/lalinferencenest/IMRPhenomDthreePointFivePN/1167559679.0-0/H1L1/H1/1Dsamps/redshift_samps.pdf
/home/c1572221/public_html/LVC/GW150914_like/GW150914_like_SNR_25_mode_PhenomPv2_inc_0.0_M45/lalinferencenest/IMRPhenomDthreePointFivePN/1167559679.0-0/H1L1/H1/1Dsamps/v1_end_time_samps.pdf
/home/c1572221/public_html/LVC/GW150914_like/GW150914_like_SNR_25_mode_PhenomPv2_inc_0.0_M45/lalinferencenest/IMRPhenomDthreePointFivePN/1167559679.0-0/H1L1/H1/1Dsamps/deltaloglh1_acf.png
/home/c1572221/public_html/LVC/GW150914_like/GW150914_like_SNR_25_mode_PhenomPv2_inc_0.0_M45/lalinferencenest/IMRPhenomDthreePointFivePN/1167559679.0-0/H1L1/H1/1Dsamps/h1_cplx_snr_arg_samps.pdf
/home/c1572221/public_html/LVC/GW150914_like/GW150914_like_SNR_25_mode_PhenomPv2_inc_0.0_M45/lalinferencenest/IMRPhenomDthreePointFivePN/1167559679.0-0/H1L1/H1/1Dsamps/matched_filter_snr_acf.png
/home/c1572221/public_html/LVC/GW150914_like/GW150914_like_SNR_25_mode_PhenomPv2_inc_0.0_M45/lalinferencenest/IMRPhenomDthreePointFivePN/1167559679.0-0/H1L1/H1/1Dsamps/mtotal_acf.pdf
/home/c1572221/public_html/LVC/GW150914_like/GW150914_like_SNR_25_mode_PhenomPv2_inc_0.0_M45/lalinferencenest/IMRPhenomDthreePointFivePN/1167559679.0-0/H1L1/H1/1Dsamps/h1_cplx_snr_amp_acf.pdf
/home/c1572221/public_html/LVC/GW150914_like/GW150914_like_SNR_25_mode_PhenomPv2_inc_0.0_M45/lalinferencenest/IMRPhenomDthreePointFivePN/1167559679.0-0/H1L1/H1/1Dsamps/h1v1_delay_acf.png
/home/c1572221/public_html/LVC/GW150914_like/GW150914_like_SNR_25_mode_PhenomPv2_inc_0.0_M45/lalinferencenest/IMRPhenomDthreePointFivePN/1167559679.0-0/H1L1/H1/1Dsamps/q_acf.pdf
/home/c1572221/public_html/LVC/GW150914_like/GW150914_like_SNR_25_mode_PhenomPv2_inc_0.0_M45/lalinferencenest/IMRPhenomDthreePointFivePN/1167559679.0-0/H1L1/H1/1Dsamps/h1v1_delay_acf.pdf
/home/c1572221/public_html/LVC/GW150914_like/GW150914_like_SNR_25_mode_PhenomPv2_inc_0.0_M45/lalinferencenest/IMRPhenomDthreePointFivePN/1167559679.0-0/H1L1/H1/1Dsamps/l1v1_delay_acf.png
/home/c1572221/public_html/LVC/GW150914_like/GW150914_like_SNR_25_mode_PhenomPv2_inc_0.0_M45/lalinferencenest/IMRPhenomDthreePointFivePN/1167559679.0-0/H1L1/H1/1Dsamps/a2z_samps.pdf
/home/c1572221/public_html/LVC/GW150914_like/GW150914_like_SNR_25_mode_PhenomPv2_inc_0.0_M45/lalinferencenest/IMRPhenomDthreePointFivePN/1167559679.0-0/H1L1/H1/1Dsamps/m2_source_acf.png
/home/c1572221/public_html/LVC/GW150914_like/GW150914_like_SNR_25_mode_PhenomPv2_inc_0.0_M45/lalinferencenest/IMRPhenomDthreePointFivePN/1167559679.0-0/H1L1/H1/1Dsamps/eta_acf.png
/home/c1572221/public_html/LVC/GW150914_like/GW150914_like_SNR_25_mode_PhenomPv2_inc_0.0_M45/lalinferencenest/IMRPhenomDthreePointFivePN/1167559679.0-0/H1L1/H1/1Dsamps/mf_samps.pdf
/home/c1572221/public_html/LVC/GW150914_like/GW150914_like_SNR_25_mode_PhenomPv2_inc_0.0_M45/lalinferencenest/IMRPhenomDthreePointFivePN/1167559679.0-0/H1L1/H1/1Dsamps/af_acf.pdf
/home/c1572221/public_html/LVC/GW150914_like/GW150914_like_SNR_25_mode_PhenomPv2_inc_0.0_M45/lalinferencenest/IMRPhenomDthreePointFivePN/1167559679.0-0/H1L1/H1/1Dsamps/l1_end_time_acf.png
/home/c1572221/public_html/LVC/GW150914_like/GW150914_like_SNR_25_mode_PhenomPv2_inc_0.0_M45/lalinferencenest/IMRPhenomDthreePointFivePN/1167559679.0-0/H1L1/H1/1Dsamps/m2_samps.png
/home/c1572221/public_html/LVC/GW150914_like/GW150914_like_SNR_25_mode_PhenomPv2_inc_0.0_M45/lalinferencenest/IMRPhenomDthreePointFivePN/1167559679.0-0/H1L1/H1/1Dsamps/phase_samps.pdf
/home/c1572221/public_html/LVC/GW150914_like/GW150914_like_SNR_25_mode_PhenomPv2_inc_0.0_M45/lalinferencenest/IMRPhenomDthreePointFivePN/1167559679.0-0/H1L1/H1/1Dsamps/e_rad_samps.png
/home/c1572221/public_html/LVC/GW150914_like/GW150914_like_SNR_25_mode_PhenomPv2_inc_0.0_M45/lalinferencenest/IMRPhenomDthreePointFivePN/1167559679.0-0/H1L1/H1/1Dsamps/q_samps.png
/home/c1572221/public_html/LVC/GW150914_like/GW150914_like_SNR_25_mode_PhenomPv2_inc_0.0_M45/lalinferencenest/IMRPhenomDthreePointFivePN/1167559679.0-0/H1L1/H1/1Dsamps/m2_source_acf.pdf
/home/c1572221/public_html/LVC/GW150914_like/GW150914_like_SNR_25_mode_PhenomPv2_inc_0.0_M45/lalinferencenest/IMRPhenomDthreePointFivePN/1167559679.0-0/H1L1/H1/1Dsamps/mtotal_source_samps.png
/home/c1572221/public_html/LVC/GW150914_like/GW150914_like_SNR_25_mode_PhenomPv2_inc_0.0_M45/lalinferencenest/IMRPhenomDthreePointFivePN/1167559679.0-0/H1L1/H1/1Dsamps/ra_acf.pdf
/home/c1572221/public_html/LVC/GW150914_like/GW150914_like_SNR_25_mode_PhenomPv2_inc_0.0_M45/lalinferencenest/IMRPhenomDthreePointFivePN/1167559679.0-0/H1L1/H1/1Dsamps/dec_samps.pdf
/home/c1572221/public_html/LVC/GW150914_like/GW150914_like_SNR_25_mode_PhenomPv2_inc_0.0_M45/lalinferencenest/IMRPhenomDthreePointFivePN/1167559679.0-0/H1L1/H1/1Dsamps/m2_samps.pdf
/home/c1572221/public_html/LVC/GW150914_like/GW150914_like_SNR_25_mode_PhenomPv2_inc_0.0_M45/lalinferencenest/IMRPhenomDthreePointFivePN/1167559679.0-0/H1L1/H1/1Dsamps/m1_source_acf.pdf
/home/c1572221/public_html/LVC/GW150914_like/GW150914_like_SNR_25_mode_PhenomPv2_inc_0.0_M45/lalinferencenest/IMRPhenomDthreePointFivePN/1167559679.0-0/H1L1/H1/1Dsamps/a2z_samps.png
/home/c1572221/public_html/LVC/GW150914_like/GW150914_like_SNR_25_mode_PhenomPv2_inc_0.0_M45/lalinferencenest/IMRPhenomDthreePointFivePN/1167559679.0-0/H1L1/H1/1Dsamps/l1_end_time_samps.png
/home/c1572221/public_html/LVC/GW150914_like/GW150914_like_SNR_25_mode_PhenomPv2_inc_0.0_M45/lalinferencenest/IMRPhenomDthreePointFivePN/1167559679.0-0/H1L1/H1/1Dsamps/a1z_acf.pdf
/home/c1572221/public_html/LVC/GW150914_like/GW150914_like_SNR_25_mode_PhenomPv2_inc_0.0_M45/lalinferencenest/IMRPhenomDthreePointFivePN/1167559679.0-0/H1L1/H1/1Dsamps/a2z_acf.png
/home/c1572221/public_html/LVC/GW150914_like/GW150914_like_SNR_25_mode_PhenomPv2_inc_0.0_M45/lalinferencenest/IMRPhenomDthreePointFivePN/1167559679.0-0/H1L1/H1/1Dsamps/matched_filter_snr_samps.png
/home/c1572221/public_html/LVC/GW150914_like/GW150914_like_SNR_25_mode_PhenomPv2_inc_0.0_M45/lalinferencenest/IMRPhenomDthreePointFivePN/1167559679.0-0/H1L1/H1/1Dsamps/h1l1_delay_samps.png
/home/c1572221/public_html/LVC/GW150914_like/GW150914_like_SNR_25_mode_PhenomPv2_inc_0.0_M45/lalinferencenest/IMRPhenomDthreePointFivePN/1167559679.0-0/H1L1/H1/1Dsamps/mf_samps.png
/home/c1572221/public_html/LVC/GW150914_like/GW150914_like_SNR_25_mode_PhenomPv2_inc_0.0_M45/lalinferencenest/IMRPhenomDthreePointFivePN/1167559679.0-0/H1L1/H1/1Dsamps/psi_samps.pdf
/home/c1572221/public_html/LVC/GW150914_like/GW150914_like_SNR_25_mode_PhenomPv2_inc_0.0_M45/lalinferencenest/IMRPhenomDthreePointFivePN/1167559679.0-0/H1L1/H1/1Dsamps/redshift_acf.pdf
/home/c1572221/public_html/LVC/GW150914_like/GW150914_like_SNR_25_mode_PhenomPv2_inc_0.0_M45/lalinferencenest/IMRPhenomDthreePointFivePN/1167559679.0-0/H1L1/H1/1Dsamps/m2_acf.pdf
/home/c1572221/public_html/LVC/GW150914_like/GW150914_like_SNR_25_mode_PhenomPv2_inc_0.0_M45/lalinferencenest/IMRPhenomDthreePointFivePN/1167559679.0-0/H1L1/H1/1Dsamps/h1_cplx_snr_amp_samps.pdf
/home/c1572221/public_html/LVC/GW150914_like/GW150914_like_SNR_25_mode_PhenomPv2_inc_0.0_M45/lalinferencenest/IMRPhenomDthreePointFivePN/1167559679.0-0/H1L1/H1/1Dsamps/q_acf.png
/home/c1572221/public_html/LVC/GW150914_like/GW150914_like_SNR_25_mode_PhenomPv2_inc_0.0_M45/lalinferencenest/IMRPhenomDthreePointFivePN/1167559679.0-0/H1L1/H1/1Dsamps/l1v1_delay_samps.pdf
/home/c1572221/public_html/LVC/GW150914_like/GW150914_like_SNR_25_mode_PhenomPv2_inc_0.0_M45/lalinferencenest/IMRPhenomDthreePointFivePN/1167559679.0-0/H1L1/H1/1Dsamps/deltaloglh1_samps.png
/home/c1572221/public_html/LVC/GW150914_like/GW150914_like_SNR_25_mode_PhenomPv2_inc_0.0_M45/lalinferencenest/IMRPhenomDthreePointFivePN/1167559679.0-0/H1L1/H1/1Dsamps/h1_end_time_samps.png
/home/c1572221/public_html/LVC/GW150914_like/GW150914_like_SNR_25_mode_PhenomPv2_inc_0.0_M45/lalinferencenest/IMRPhenomDthreePointFivePN/1167559679.0-0/H1L1/H1/1Dsamps/logl_acf.pdf
/home/c1572221/public_html/LVC/GW150914_like/GW150914_like_SNR_25_mode_PhenomPv2_inc_0.0_M45/lalinferencenest/IMRPhenomDthreePointFivePN/1167559679.0-0/H1L1/H1/1Dsamps/matched_filter_snr_samps.pdf
/home/c1572221/public_html/LVC/GW150914_like/GW150914_like_SNR_25_mode_PhenomPv2_inc_0.0_M45/lalinferencenest/IMRPhenomDthreePointFivePN/1167559679.0-0/H1L1/H1/1Dsamps/e_rad_acf.png
/home/c1572221/public_html/LVC/GW150914_like/GW150914_like_SNR_25_mode_PhenomPv2_inc_0.0_M45/lalinferencenest/IMRPhenomDthreePointFivePN/1167559679.0-0/H1L1/H1/1Dsamps/matched_filter_snr_acf.pdf
/home/c1572221/public_html/LVC/GW150914_like/GW150914_like_SNR_25_mode_PhenomPv2_inc_0.0_M45/lalinferencenest/IMRPhenomDthreePointFivePN/1167559679.0-0/H1L1/H1/1Dsamps/mf_source_samps.pdf
/home/c1572221/public_html/LVC/GW150914_like/GW150914_like_SNR_25_mode_PhenomPv2_inc_0.0_M45/lalinferencenest/IMRPhenomDthreePointFivePN/1167559679.0-0/H1L1/H1/1Dsamps/time_samps.png
/home/c1572221/public_html/LVC/GW150914_like/GW150914_like_SNR_25_mode_PhenomPv2_inc_0.0_M45/lalinferencenest/IMRPhenomDthreePointFivePN/1167559679.0-0/H1L1/H1/1Dsamps/m2_acf.png
/home/c1572221/public_html/LVC/GW150914_like/GW150914_like_SNR_25_mode_PhenomPv2_inc_0.0_M45/lalinferencenest/IMRPhenomDthreePointFivePN/1167559679.0-0/H1L1/H1/1Dsamps/optimal_snr_acf.pdf
/home/c1572221/public_html/LVC/GW150914_like/GW150914_like_SNR_25_mode_PhenomPv2_inc_0.0_M45/lalinferencenest/IMRPhenomDthreePointFivePN/1167559679.0-0/H1L1/H1/1Dsamps/h1_cplx_snr_amp_acf.png
/home/c1572221/public_html/LVC/GW150914_like/GW150914_like_SNR_25_mode_PhenomPv2_inc_0.0_M45/lalinferencenest/IMRPhenomDthreePointFivePN/1167559679.0-0/H1L1/H1/1Dsamps/h1l1_delay_acf.pdf
/home/c1572221/public_html/LVC/GW150914_like/GW150914_like_SNR_25_mode_PhenomPv2_inc_0.0_M45/lalinferencenest/IMRPhenomDthreePointFivePN/1167559679.0-0/H1L1/H1/1Dsamps/v1_end_time_samps.png
/home/c1572221/public_html/LVC/GW150914_like/GW150914_like_SNR_25_mode_PhenomPv2_inc_0.0_M45/lalinferencenest/IMRPhenomDthreePointFivePN/1167559679.0-0/H1L1/H1/1Dsamps/a1_acf.pdf
/home/c1572221/public_html/LVC/GW150914_like/GW150914_like_SNR_25_mode_PhenomPv2_inc_0.0_M45/lalinferencenest/IMRPhenomDthreePointFivePN/1167559679.0-0/H1L1/H1/1Dsamps/redshift_acf.png
/home/c1572221/public_html/LVC/GW150914_like/GW150914_like_SNR_25_mode_PhenomPv2_inc_0.0_M45/lalinferencenest/IMRPhenomDthreePointFivePN/1167559679.0-0/H1L1/H1/1Dsamps/costheta_jn_acf.pdf
/home/c1572221/public_html/LVC/GW150914_like/GW150914_like_SNR_25_mode_PhenomPv2_inc_0.0_M45/lalinferencenest/IMRPhenomDthreePointFivePN/1167559679.0-0/H1L1/H1/1Dsamps/e_rad_acf.pdf
/home/c1572221/public_html/LVC/GW150914_like/GW150914_like_SNR_25_mode_PhenomPv2_inc_0.0_M45/lalinferencenest/IMRPhenomDthreePointFivePN/1167559679.0-0/H1L1/H1/1Dsamps/logprior_samps.pdf
/home/c1572221/public_html/LVC/GW150914_like/GW150914_like_SNR_25_mode_PhenomPv2_inc_0.0_M45/lalinferencenest/IMRPhenomDthreePointFivePN/1167559679.0-0/H1L1/H1/1Dsamps/m1_acf.pdf
/home/c1572221/public_html/LVC/GW150914_like/GW150914_like_SNR_25_mode_PhenomPv2_inc_0.0_M45/lalinferencenest/IMRPhenomDthreePointFivePN/1167559679.0-0/H1L1/H1/1Dsamps/phase_samps.png
/home/c1572221/public_html/LVC/GW150914_like/GW150914_like_SNR_25_mode_PhenomPv2_inc_0.0_M45/lalinferencenest/IMRPhenomDthreePointFivePN/1167559679.0-0/H1L1/H1/1Dsamps/costheta_jn_samps.png
/home/c1572221/public_html/LVC/GW150914_like/GW150914_like_SNR_25_mode_PhenomPv2_inc_0.0_M45/lalinferencenest/IMRPhenomDthreePointFivePN/1167559679.0-0/H1L1/H1/1Dsamps/logprior_acf.png
/home/c1572221/public_html/LVC/GW150914_like/GW150914_like_SNR_25_mode_PhenomPv2_inc_0.0_M45/lalinferencenest/IMRPhenomDthreePointFivePN/1167559679.0-0/H1L1/H1/1Dsamps/h1v1_delay_samps.pdf
/home/c1572221/public_html/LVC/GW150914_like/GW150914_like_SNR_25_mode_PhenomPv2_inc_0.0_M45/lalinferencenest/IMRPhenomDthreePointFivePN/1167559679.0-0/H1L1/H1/1Dsamps/af_samps.pdf
/home/c1572221/public_html/LVC/GW150914_like/GW150914_like_SNR_25_mode_PhenomPv2_inc_0.0_M45/lalinferencenest/IMRPhenomDthreePointFivePN/1167559679.0-0/H1L1/H1/1Dsamps/a1_samps.pdf
/home/c1572221/public_html/LVC/GW150914_like/GW150914_like_SNR_25_mode_PhenomPv2_inc_0.0_M45/lalinferencenest/IMRPhenomDthreePointFivePN/1167559679.0-0/H1L1/H1/1Dsamps/costheta_jn_acf.png
/home/c1572221/public_html/LVC/GW150914_like/GW150914_like_SNR_25_mode_PhenomPv2_inc_0.0_M45/lalinferencenest/IMRPhenomDthreePointFivePN/1167559679.0-0/H1L1/H1/1Dsamps/mf_source_acf.pdf
/home/c1572221/public_html/LVC/GW150914_like/GW150914_like_SNR_25_mode_PhenomPv2_inc_0.0_M45/lalinferencenest/IMRPhenomDthreePointFivePN/1167559679.0-0/H1L1/H1/1Dsamps/theta_jn_samps.png
/home/c1572221/public_html/LVC/GW150914_like/GW150914_like_SNR_25_mode_PhenomPv2_inc_0.0_M45/lalinferencenest/IMRPhenomDthreePointFivePN/1167559679.0-0/H1L1/H1/1Dsamps/af_samps.png
/home/c1572221/public_html/LVC/GW150914_like/GW150914_like_SNR_25_mode_PhenomPv2_inc_0.0_M45/lalinferencenest/IMRPhenomDthreePointFivePN/1167559679.0-0/H1L1/H1/1Dsamps/dec_acf.png
/home/c1572221/public_html/LVC/GW150914_like/GW150914_like_SNR_25_mode_PhenomPv2_inc_0.0_M45/lalinferencenest/IMRPhenomDthreePointFivePN/1167559679.0-0/H1L1/H1/1Dsamps/ra_acf.png
/home/c1572221/public_html/LVC/GW150914_like/GW150914_like_SNR_25_mode_PhenomPv2_inc_0.0_M45/lalinferencenest/IMRPhenomDthreePointFivePN/1167559679.0-0/H1L1/H1/1Dsamps/deltalogl_acf.png
/home/c1572221/public_html/LVC/GW150914_like/GW150914_like_SNR_25_mode_PhenomPv2_inc_0.0_M45/lalinferencenest/IMRPhenomDthreePointFivePN/1167559679.0-0/H1L1/H1/1Dsamps/chi_eff_acf.png
/home/c1572221/public_html/LVC/GW150914_like/GW150914_like_SNR_25_mode_PhenomPv2_inc_0.0_M45/lalinferencenest/IMRPhenomDthreePointFivePN/1167559679.0-0/H1L1/H1/1Dsamps/time_acf.png
/home/c1572221/public_html/LVC/GW150914_like/GW150914_like_SNR_25_mode_PhenomPv2_inc_0.0_M45/lalinferencenest/IMRPhenomDthreePointFivePN/1167559679.0-0/H1L1/H1/1Dsamps/deltalogl_acf.pdf
/home/c1572221/public_html/LVC/GW150914_like/GW150914_like_SNR_25_mode_PhenomPv2_inc_0.0_M45/lalinferencenest/IMRPhenomDthreePointFivePN/1167559679.0-0/H1L1/H1/1Dsamps/mtotal_source_acf.png
/home/c1572221/public_html/LVC/GW150914_like/GW150914_like_SNR_25_mode_PhenomPv2_inc_0.0_M45/lalinferencenest/IMRPhenomDthreePointFivePN/1167559679.0-0/H1L1/H1/1Dsamps/dec_samps.png
/home/c1572221/public_html/LVC/GW150914_like/GW150914_like_SNR_25_mode_PhenomPv2_inc_0.0_M45/lalinferencenest/IMRPhenomDthreePointFivePN/1167559679.0-0/H1L1/H1/1Dsamps/m1_samps.pdf
/home/c1572221/public_html/LVC/GW150914_like/GW150914_like_SNR_25_mode_PhenomPv2_inc_0.0_M45/lalinferencenest/IMRPhenomDthreePointFivePN/1167559679.0-0/H1L1/H1/1Dsamps/h1_cplx_snr_arg_samps.png
/home/c1572221/public_html/LVC/GW150914_like/GW150914_like_SNR_25_mode_PhenomPv2_inc_0.0_M45/lalinferencenest/IMRPhenomDthreePointFivePN/1167559679.0-0/H1L1/H1/1Dsamps/h1l1_delay_samps.pdf
/home/c1572221/public_html/LVC/GW150914_like/GW150914_like_SNR_25_mode_PhenomPv2_inc_0.0_M45/lalinferencenest/IMRPhenomDthreePointFivePN/1167559679.0-0/H1L1/H1/1Dsamps/l_peak_acf.png
/home/c1572221/public_html/LVC/GW150914_like/GW150914_like_SNR_25_mode_PhenomPv2_inc_0.0_M45/lalinferencenest/IMRPhenomDthreePointFivePN/1167559679.0-0/H1L1/H1/1Dsamps/logl_acf.png
/home/c1572221/public_html/LVC/GW150914_like/GW150914_like_SNR_25_mode_PhenomPv2_inc_0.0_M45/lalinferencenest/IMRPhenomDthreePointFivePN/1167559679.0-0/H1L1/H1/1Dsamps/ra_samps.png
/home/c1572221/public_html/LVC/GW150914_like/GW150914_like_SNR_25_mode_PhenomPv2_inc_0.0_M45/lalinferencenest/IMRPhenomDthreePointFivePN/1167559679.0-0/H1L1/H1/1Dsamps/deltalogl_samps.pdf
/home/c1572221/public_html/LVC/GW150914_like/GW150914_like_SNR_25_mode_PhenomPv2_inc_0.0_M45/lalinferencenest/IMRPhenomDthreePointFivePN/1167559679.0-0/H1L1/H1/1Dsamps/distance_acf.pdf
/home/c1572221/public_html/LVC/GW150914_like/GW150914_like_SNR_25_mode_PhenomPv2_inc_0.0_M45/lalinferencenest/IMRPhenomDthreePointFivePN/1167559679.0-0/H1L1/H1/1Dsamps/h1_cplx_snr_arg_acf.pdf
/home/c1572221/public_html/LVC/GW150914_like/GW150914_like_SNR_25_mode_PhenomPv2_inc_0.0_M45/lalinferencenest/IMRPhenomDthreePointFivePN/1167559679.0-0/H1L1/H1/1Dsamps/mc_source_acf.pdf
/home/c1572221/public_html/LVC/GW150914_like/GW150914_like_SNR_25_mode_PhenomPv2_inc_0.0_M45/lalinferencenest/IMRPhenomDthreePointFivePN/1167559679.0-0/H1L1/H1/1Dsamps/mc_source_acf.png
/home/c1572221/public_html/LVC/GW150914_like/GW150914_like_SNR_25_mode_PhenomPv2_inc_0.0_M45/lalinferencenest/IMRPhenomDthreePointFivePN/1167559679.0-0/H1L1/H1/1Dsamps/eta_samps.pdf
/home/c1572221/public_html/LVC/GW150914_like/GW150914_like_SNR_25_mode_PhenomPv2_inc_0.0_M45/lalinferencenest/IMRPhenomDthreePointFivePN/1167559679.0-0/H1L1/H1/1Dsamps/a2_samps.png
/home/c1572221/public_html/LVC/GW150914_like/GW150914_like_SNR_25_mode_PhenomPv2_inc_0.0_M45/lalinferencenest/IMRPhenomDthreePointFivePN/1167559679.0-0/H1L1/H1/1Dsamps/dec_acf.pdf
/home/c1572221/public_html/LVC/GW150914_like/GW150914_like_SNR_25_mode_PhenomPv2_inc_0.0_M45/lalinferencenest/IMRPhenomDthreePointFivePN/1167559679.0-0/H1L1/H1/1Dsamps/eta_acf.pdf
/home/c1572221/public_html/LVC/GW150914_like/GW150914_like_SNR_25_mode_PhenomPv2_inc_0.0_M45/lalinferencenest/IMRPhenomDthreePointFivePN/1167559679.0-0/H1L1/H1/1Dsamps/a2_acf.png
/home/c1572221/public_html/LVC/GW150914_like/GW150914_like_SNR_25_mode_PhenomPv2_inc_0.0_M45/lalinferencenest/IMRPhenomDthreePointFivePN/1167559679.0-0/H1L1/H1/dic.dat
/home/c1572221/public_html/LVC/GW150914_like/GW150914_like_SNR_25_mode_PhenomPv2_inc_0.0_M45/lalinferencenest/IMRPhenomDthreePointFivePN/1167559679.0-0/H1L1/H1/1Dpdf/
/home/c1572221/public_html/LVC/GW150914_like/GW150914_like_SNR_25_mode_PhenomPv2_inc_0.0_M45/lalinferencenest/IMRPhenomDthreePointFivePN/1167559679.0-0/H1L1/H1/1Dpdf/e_rad.pdf
/home/c1572221/public_html/LVC/GW150914_like/GW150914_like_SNR_25_mode_PhenomPv2_inc_0.0_M45/lalinferencenest/IMRPhenomDthreePointFivePN/1167559679.0-0/H1L1/H1/1Dpdf/ra.png
/home/c1572221/public_html/LVC/GW150914_like/GW150914_like_SNR_25_mode_PhenomPv2_inc_0.0_M45/lalinferencenest/IMRPhenomDthreePointFivePN/1167559679.0-0/H1L1/H1/1Dpdf/m2_source.png
/home/c1572221/public_html/LVC/GW150914_like/GW150914_like_SNR_25_mode_PhenomPv2_inc_0.0_M45/lalinferencenest/IMRPhenomDthreePointFivePN/1167559679.0-0/H1L1/H1/1Dpdf/logprior.png
/home/c1572221/public_html/LVC/GW150914_like/GW150914_like_SNR_25_mode_PhenomPv2_inc_0.0_M45/lalinferencenest/IMRPhenomDthreePointFivePN/1167559679.0-0/H1L1/H1/1Dpdf/theta_jn.pdf
/home/c1572221/public_html/LVC/GW150914_like/GW150914_like_SNR_25_mode_PhenomPv2_inc_0.0_M45/lalinferencenest/IMRPhenomDthreePointFivePN/1167559679.0-0/H1L1/H1/1Dpdf/phase.png
/home/c1572221/public_html/LVC/GW150914_like/GW150914_like_SNR_25_mode_PhenomPv2_inc_0.0_M45/lalinferencenest/IMRPhenomDthreePointFivePN/1167559679.0-0/H1L1/H1/1Dpdf/h1_end_time.pdf
/home/c1572221/public_html/LVC/GW150914_like/GW150914_like_SNR_25_mode_PhenomPv2_inc_0.0_M45/lalinferencenest/IMRPhenomDthreePointFivePN/1167559679.0-0/H1L1/H1/1Dpdf/logprior.pdf
/home/c1572221/public_html/LVC/GW150914_like/GW150914_like_SNR_25_mode_PhenomPv2_inc_0.0_M45/lalinferencenest/IMRPhenomDthreePointFivePN/1167559679.0-0/H1L1/H1/1Dpdf/dec.pdf
/home/c1572221/public_html/LVC/GW150914_like/GW150914_like_SNR_25_mode_PhenomPv2_inc_0.0_M45/lalinferencenest/IMRPhenomDthreePointFivePN/1167559679.0-0/H1L1/H1/1Dpdf/mtotal.pdf
/home/c1572221/public_html/LVC/GW150914_like/GW150914_like_SNR_25_mode_PhenomPv2_inc_0.0_M45/lalinferencenest/IMRPhenomDthreePointFivePN/1167559679.0-0/H1L1/H1/1Dpdf/h1_cplx_snr_arg.pdf
/home/c1572221/public_html/LVC/GW150914_like/GW150914_like_SNR_25_mode_PhenomPv2_inc_0.0_M45/lalinferencenest/IMRPhenomDthreePointFivePN/1167559679.0-0/H1L1/H1/1Dpdf/af.pdf
/home/c1572221/public_html/LVC/GW150914_like/GW150914_like_SNR_25_mode_PhenomPv2_inc_0.0_M45/lalinferencenest/IMRPhenomDthreePointFivePN/1167559679.0-0/H1L1/H1/1Dpdf/q.pdf
/home/c1572221/public_html/LVC/GW150914_like/GW150914_like_SNR_25_mode_PhenomPv2_inc_0.0_M45/lalinferencenest/IMRPhenomDthreePointFivePN/1167559679.0-0/H1L1/H1/1Dpdf/m1.pdf
/home/c1572221/public_html/LVC/GW150914_like/GW150914_like_SNR_25_mode_PhenomPv2_inc_0.0_M45/lalinferencenest/IMRPhenomDthreePointFivePN/1167559679.0-0/H1L1/H1/1Dpdf/deltalogl.pdf
/home/c1572221/public_html/LVC/GW150914_like/GW150914_like_SNR_25_mode_PhenomPv2_inc_0.0_M45/lalinferencenest/IMRPhenomDthreePointFivePN/1167559679.0-0/H1L1/H1/1Dpdf/a1.png
/home/c1572221/public_html/LVC/GW150914_like/GW150914_like_SNR_25_mode_PhenomPv2_inc_0.0_M45/lalinferencenest/IMRPhenomDthreePointFivePN/1167559679.0-0/H1L1/H1/1Dpdf/a1.pdf
/home/c1572221/public_html/LVC/GW150914_like/GW150914_like_SNR_25_mode_PhenomPv2_inc_0.0_M45/lalinferencenest/IMRPhenomDthreePointFivePN/1167559679.0-0/H1L1/H1/1Dpdf/psi.pdf
/home/c1572221/public_html/LVC/GW150914_like/GW150914_like_SNR_25_mode_PhenomPv2_inc_0.0_M45/lalinferencenest/IMRPhenomDthreePointFivePN/1167559679.0-0/H1L1/H1/1Dpdf/time.pdf
/home/c1572221/public_html/LVC/GW150914_like/GW150914_like_SNR_25_mode_PhenomPv2_inc_0.0_M45/lalinferencenest/IMRPhenomDthreePointFivePN/1167559679.0-0/H1L1/H1/1Dpdf/h1_end_time.png
/home/c1572221/public_html/LVC/GW150914_like/GW150914_like_SNR_25_mode_PhenomPv2_inc_0.0_M45/lalinferencenest/IMRPhenomDthreePointFivePN/1167559679.0-0/H1L1/H1/1Dpdf/v1_end_time.png
/home/c1572221/public_html/LVC/GW150914_like/GW150914_like_SNR_25_mode_PhenomPv2_inc_0.0_M45/lalinferencenest/IMRPhenomDthreePointFivePN/1167559679.0-0/H1L1/H1/1Dpdf/redshift.png
/home/c1572221/public_html/LVC/GW150914_like/GW150914_like_SNR_25_mode_PhenomPv2_inc_0.0_M45/lalinferencenest/IMRPhenomDthreePointFivePN/1167559679.0-0/H1L1/H1/1Dpdf/h1_cplx_snr_amp.png
/home/c1572221/public_html/LVC/GW150914_like/GW150914_like_SNR_25_mode_PhenomPv2_inc_0.0_M45/lalinferencenest/IMRPhenomDthreePointFivePN/1167559679.0-0/H1L1/H1/1Dpdf/mf.png
/home/c1572221/public_html/LVC/GW150914_like/GW150914_like_SNR_25_mode_PhenomPv2_inc_0.0_M45/lalinferencenest/IMRPhenomDthreePointFivePN/1167559679.0-0/H1L1/H1/1Dpdf/distance.pdf
/home/c1572221/public_html/LVC/GW150914_like/GW150914_like_SNR_25_mode_PhenomPv2_inc_0.0_M45/lalinferencenest/IMRPhenomDthreePointFivePN/1167559679.0-0/H1L1/H1/1Dpdf/logl.png
/home/c1572221/public_html/LVC/GW150914_like/GW150914_like_SNR_25_mode_PhenomPv2_inc_0.0_M45/lalinferencenest/IMRPhenomDthreePointFivePN/1167559679.0-0/H1L1/H1/1Dpdf/a1z.png
/home/c1572221/public_html/LVC/GW150914_like/GW150914_like_SNR_25_mode_PhenomPv2_inc_0.0_M45/lalinferencenest/IMRPhenomDthreePointFivePN/1167559679.0-0/H1L1/H1/1Dpdf/mtotal.png
/home/c1572221/public_html/LVC/GW150914_like/GW150914_like_SNR_25_mode_PhenomPv2_inc_0.0_M45/lalinferencenest/IMRPhenomDthreePointFivePN/1167559679.0-0/H1L1/H1/1Dpdf/l1_end_time.png
/home/c1572221/public_html/LVC/GW150914_like/GW150914_like_SNR_25_mode_PhenomPv2_inc_0.0_M45/lalinferencenest/IMRPhenomDthreePointFivePN/1167559679.0-0/H1L1/H1/1Dpdf/costheta_jn.pdf
/home/c1572221/public_html/LVC/GW150914_like/GW150914_like_SNR_25_mode_PhenomPv2_inc_0.0_M45/lalinferencenest/IMRPhenomDthreePointFivePN/1167559679.0-0/H1L1/H1/1Dpdf/h1v1_delay.pdf
/home/c1572221/public_html/LVC/GW150914_like/GW150914_like_SNR_25_mode_PhenomPv2_inc_0.0_M45/lalinferencenest/IMRPhenomDthreePointFivePN/1167559679.0-0/H1L1/H1/1Dpdf/h1_cplx_snr_arg.png
/home/c1572221/public_html/LVC/GW150914_like/GW150914_like_SNR_25_mode_PhenomPv2_inc_0.0_M45/lalinferencenest/IMRPhenomDthreePointFivePN/1167559679.0-0/H1L1/H1/1Dpdf/m1_source.png
/home/c1572221/public_html/LVC/GW150914_like/GW150914_like_SNR_25_mode_PhenomPv2_inc_0.0_M45/lalinferencenest/IMRPhenomDthreePointFivePN/1167559679.0-0/H1L1/H1/1Dpdf/a2z.pdf
/home/c1572221/public_html/LVC/GW150914_like/GW150914_like_SNR_25_mode_PhenomPv2_inc_0.0_M45/lalinferencenest/IMRPhenomDthreePointFivePN/1167559679.0-0/H1L1/H1/1Dpdf/chi_eff.pdf
/home/c1572221/public_html/LVC/GW150914_like/GW150914_like_SNR_25_mode_PhenomPv2_inc_0.0_M45/lalinferencenest/IMRPhenomDthreePointFivePN/1167559679.0-0/H1L1/H1/1Dpdf/deltaloglh1.png
/home/c1572221/public_html/LVC/GW150914_like/GW150914_like_SNR_25_mode_PhenomPv2_inc_0.0_M45/lalinferencenest/IMRPhenomDthreePointFivePN/1167559679.0-0/H1L1/H1/1Dpdf/optimal_snr.png
/home/c1572221/public_html/LVC/GW150914_like/GW150914_like_SNR_25_mode_PhenomPv2_inc_0.0_M45/lalinferencenest/IMRPhenomDthreePointFivePN/1167559679.0-0/H1L1/H1/1Dpdf/m1_source.pdf
/home/c1572221/public_html/LVC/GW150914_like/GW150914_like_SNR_25_mode_PhenomPv2_inc_0.0_M45/lalinferencenest/IMRPhenomDthreePointFivePN/1167559679.0-0/H1L1/H1/1Dpdf/mf.pdf
/home/c1572221/public_html/LVC/GW150914_like/GW150914_like_SNR_25_mode_PhenomPv2_inc_0.0_M45/lalinferencenest/IMRPhenomDthreePointFivePN/1167559679.0-0/H1L1/H1/1Dpdf/costheta_jn.png
/home/c1572221/public_html/LVC/GW150914_like/GW150914_like_SNR_25_mode_PhenomPv2_inc_0.0_M45/lalinferencenest/IMRPhenomDthreePointFivePN/1167559679.0-0/H1L1/H1/1Dpdf/matched_filter_snr.png
/home/c1572221/public_html/LVC/GW150914_like/GW150914_like_SNR_25_mode_PhenomPv2_inc_0.0_M45/lalinferencenest/IMRPhenomDthreePointFivePN/1167559679.0-0/H1L1/H1/1Dpdf/time.png
/home/c1572221/public_html/LVC/GW150914_like/GW150914_like_SNR_25_mode_PhenomPv2_inc_0.0_M45/lalinferencenest/IMRPhenomDthreePointFivePN/1167559679.0-0/H1L1/H1/1Dpdf/m2.png
/home/c1572221/public_html/LVC/GW150914_like/GW150914_like_SNR_25_mode_PhenomPv2_inc_0.0_M45/lalinferencenest/IMRPhenomDthreePointFivePN/1167559679.0-0/H1L1/H1/1Dpdf/eta.pdf
/home/c1572221/public_html/LVC/GW150914_like/GW150914_like_SNR_25_mode_PhenomPv2_inc_0.0_M45/lalinferencenest/IMRPhenomDthreePointFivePN/1167559679.0-0/H1L1/H1/1Dpdf/theta_jn.png
/home/c1572221/public_html/LVC/GW150914_like/GW150914_like_SNR_25_mode_PhenomPv2_inc_0.0_M45/lalinferencenest/IMRPhenomDthreePointFivePN/1167559679.0-0/H1L1/H1/1Dpdf/af.png
/home/c1572221/public_html/LVC/GW150914_like/GW150914_like_SNR_25_mode_PhenomPv2_inc_0.0_M45/lalinferencenest/IMRPhenomDthreePointFivePN/1167559679.0-0/H1L1/H1/1Dpdf/l1v1_delay.pdf
/home/c1572221/public_html/LVC/GW150914_like/GW150914_like_SNR_25_mode_PhenomPv2_inc_0.0_M45/lalinferencenest/IMRPhenomDthreePointFivePN/1167559679.0-0/H1L1/H1/1Dpdf/l1_end_time.pdf
/home/c1572221/public_html/LVC/GW150914_like/GW150914_like_SNR_25_mode_PhenomPv2_inc_0.0_M45/lalinferencenest/IMRPhenomDthreePointFivePN/1167559679.0-0/H1L1/H1/1Dpdf/e_rad.png
/home/c1572221/public_html/LVC/GW150914_like/GW150914_like_SNR_25_mode_PhenomPv2_inc_0.0_M45/lalinferencenest/IMRPhenomDthreePointFivePN/1167559679.0-0/H1L1/H1/1Dpdf/h1_cplx_snr_amp.pdf
/home/c1572221/public_html/LVC/GW150914_like/GW150914_like_SNR_25_mode_PhenomPv2_inc_0.0_M45/lalinferencenest/IMRPhenomDthreePointFivePN/1167559679.0-0/H1L1/H1/1Dpdf/chi_eff.png
/home/c1572221/public_html/LVC/GW150914_like/GW150914_like_SNR_25_mode_PhenomPv2_inc_0.0_M45/lalinferencenest/IMRPhenomDthreePointFivePN/1167559679.0-0/H1L1/H1/1Dpdf/ra.pdf
/home/c1572221/public_html/LVC/GW150914_like/GW150914_like_SNR_25_mode_PhenomPv2_inc_0.0_M45/lalinferencenest/IMRPhenomDthreePointFivePN/1167559679.0-0/H1L1/H1/1Dpdf/h1_optimal_snr.png
/home/c1572221/public_html/LVC/GW150914_like/GW150914_like_SNR_25_mode_PhenomPv2_inc_0.0_M45/lalinferencenest/IMRPhenomDthreePointFivePN/1167559679.0-0/H1L1/H1/1Dpdf/a2.png
/home/c1572221/public_html/LVC/GW150914_like/GW150914_like_SNR_25_mode_PhenomPv2_inc_0.0_M45/lalinferencenest/IMRPhenomDthreePointFivePN/1167559679.0-0/H1L1/H1/1Dpdf/psi.png
/home/c1572221/public_html/LVC/GW150914_like/GW150914_like_SNR_25_mode_PhenomPv2_inc_0.0_M45/lalinferencenest/IMRPhenomDthreePointFivePN/1167559679.0-0/H1L1/H1/1Dpdf/distance.png
/home/c1572221/public_html/LVC/GW150914_like/GW150914_like_SNR_25_mode_PhenomPv2_inc_0.0_M45/lalinferencenest/IMRPhenomDthreePointFivePN/1167559679.0-0/H1L1/H1/1Dpdf/a2.pdf
/home/c1572221/public_html/LVC/GW150914_like/GW150914_like_SNR_25_mode_PhenomPv2_inc_0.0_M45/lalinferencenest/IMRPhenomDthreePointFivePN/1167559679.0-0/H1L1/H1/1Dpdf/v1_end_time.pdf
/home/c1572221/public_html/LVC/GW150914_like/GW150914_like_SNR_25_mode_PhenomPv2_inc_0.0_M45/lalinferencenest/IMRPhenomDthreePointFivePN/1167559679.0-0/H1L1/H1/1Dpdf/m1.png
/home/c1572221/public_html/LVC/GW150914_like/GW150914_like_SNR_25_mode_PhenomPv2_inc_0.0_M45/lalinferencenest/IMRPhenomDthreePointFivePN/1167559679.0-0/H1L1/H1/1Dpdf/h1l1_delay.pdf
/home/c1572221/public_html/LVC/GW150914_like/GW150914_like_SNR_25_mode_PhenomPv2_inc_0.0_M45/lalinferencenest/IMRPhenomDthreePointFivePN/1167559679.0-0/H1L1/H1/1Dpdf/mc_source.pdf
/home/c1572221/public_html/LVC/GW150914_like/GW150914_like_SNR_25_mode_PhenomPv2_inc_0.0_M45/lalinferencenest/IMRPhenomDthreePointFivePN/1167559679.0-0/H1L1/H1/1Dpdf/mf_source.pdf
/home/c1572221/public_html/LVC/GW150914_like/GW150914_like_SNR_25_mode_PhenomPv2_inc_0.0_M45/lalinferencenest/IMRPhenomDthreePointFivePN/1167559679.0-0/H1L1/H1/1Dpdf/phase.pdf
/home/c1572221/public_html/LVC/GW150914_like/GW150914_like_SNR_25_mode_PhenomPv2_inc_0.0_M45/lalinferencenest/IMRPhenomDthreePointFivePN/1167559679.0-0/H1L1/H1/1Dpdf/mc.pdf
/home/c1572221/public_html/LVC/GW150914_like/GW150914_like_SNR_25_mode_PhenomPv2_inc_0.0_M45/lalinferencenest/IMRPhenomDthreePointFivePN/1167559679.0-0/H1L1/H1/1Dpdf/mc_source.png
/home/c1572221/public_html/LVC/GW150914_like/GW150914_like_SNR_25_mode_PhenomPv2_inc_0.0_M45/lalinferencenest/IMRPhenomDthreePointFivePN/1167559679.0-0/H1L1/H1/1Dpdf/m2_source.pdf
/home/c1572221/public_html/LVC/GW150914_like/GW150914_like_SNR_25_mode_PhenomPv2_inc_0.0_M45/lalinferencenest/IMRPhenomDthreePointFivePN/1167559679.0-0/H1L1/H1/1Dpdf/logl.pdf
/home/c1572221/public_html/LVC/GW150914_like/GW150914_like_SNR_25_mode_PhenomPv2_inc_0.0_M45/lalinferencenest/IMRPhenomDthreePointFivePN/1167559679.0-0/H1L1/H1/1Dpdf/redshift.pdf
/home/c1572221/public_html/LVC/GW150914_like/GW150914_like_SNR_25_mode_PhenomPv2_inc_0.0_M45/lalinferencenest/IMRPhenomDthreePointFivePN/1167559679.0-0/H1L1/H1/1Dpdf/mtotal_source.png
/home/c1572221/public_html/LVC/GW150914_like/GW150914_like_SNR_25_mode_PhenomPv2_inc_0.0_M45/lalinferencenest/IMRPhenomDthreePointFivePN/1167559679.0-0/H1L1/H1/1Dpdf/l_peak.pdf
/home/c1572221/public_html/LVC/GW150914_like/GW150914_like_SNR_25_mode_PhenomPv2_inc_0.0_M45/lalinferencenest/IMRPhenomDthreePointFivePN/1167559679.0-0/H1L1/H1/1Dpdf/a1z.pdf
/home/c1572221/public_html/LVC/GW150914_like/GW150914_like_SNR_25_mode_PhenomPv2_inc_0.0_M45/lalinferencenest/IMRPhenomDthreePointFivePN/1167559679.0-0/H1L1/H1/1Dpdf/mc.png
/home/c1572221/public_html/LVC/GW150914_like/GW150914_like_SNR_25_mode_PhenomPv2_inc_0.0_M45/lalinferencenest/IMRPhenomDthreePointFivePN/1167559679.0-0/H1L1/H1/1Dpdf/eta.png
/home/c1572221/public_html/LVC/GW150914_like/GW150914_like_SNR_25_mode_PhenomPv2_inc_0.0_M45/lalinferencenest/IMRPhenomDthreePointFivePN/1167559679.0-0/H1L1/H1/1Dpdf/m2.pdf
/home/c1572221/public_html/LVC/GW150914_like/GW150914_like_SNR_25_mode_PhenomPv2_inc_0.0_M45/lalinferencenest/IMRPhenomDthreePointFivePN/1167559679.0-0/H1L1/H1/1Dpdf/mtotal_source.pdf
/home/c1572221/public_html/LVC/GW150914_like/GW150914_like_SNR_25_mode_PhenomPv2_inc_0.0_M45/lalinferencenest/IMRPhenomDthreePointFivePN/1167559679.0-0/H1L1/H1/1Dpdf/optimal_snr.pdf
/home/c1572221/public_html/LVC/GW150914_like/GW150914_like_SNR_25_mode_PhenomPv2_inc_0.0_M45/lalinferencenest/IMRPhenomDthreePointFivePN/1167559679.0-0/H1L1/H1/1Dpdf/h1v1_delay.png
/home/c1572221/public_html/LVC/GW150914_like/GW150914_like_SNR_25_mode_PhenomPv2_inc_0.0_M45/lalinferencenest/IMRPhenomDthreePointFivePN/1167559679.0-0/H1L1/H1/1Dpdf/l1v1_delay.png
/home/c1572221/public_html/LVC/GW150914_like/GW150914_like_SNR_25_mode_PhenomPv2_inc_0.0_M45/lalinferencenest/IMRPhenomDthreePointFivePN/1167559679.0-0/H1L1/H1/1Dpdf/h1l1_delay.png
/home/c1572221/public_html/LVC/GW150914_like/GW150914_like_SNR_25_mode_PhenomPv2_inc_0.0_M45/lalinferencenest/IMRPhenomDthreePointFivePN/1167559679.0-0/H1L1/H1/1Dpdf/a2z.png
/home/c1572221/public_html/LVC/GW150914_like/GW150914_like_SNR_25_mode_PhenomPv2_inc_0.0_M45/lalinferencenest/IMRPhenomDthreePointFivePN/1167559679.0-0/H1L1/H1/1Dpdf/matched_filter_snr.pdf
/home/c1572221/public_html/LVC/GW150914_like/GW150914_like_SNR_25_mode_PhenomPv2_inc_0.0_M45/lalinferencenest/IMRPhenomDthreePointFivePN/1167559679.0-0/H1L1/H1/1Dpdf/deltaloglh1.pdf
/home/c1572221/public_html/LVC/GW150914_like/GW150914_like_SNR_25_mode_PhenomPv2_inc_0.0_M45/lalinferencenest/IMRPhenomDthreePointFivePN/1167559679.0-0/H1L1/H1/1Dpdf/mf_source.png
/home/c1572221/public_html/LVC/GW150914_like/GW150914_like_SNR_25_mode_PhenomPv2_inc_0.0_M45/lalinferencenest/IMRPhenomDthreePointFivePN/1167559679.0-0/H1L1/H1/1Dpdf/dec.png
/home/c1572221/public_html/LVC/GW150914_like/GW150914_like_SNR_25_mode_PhenomPv2_inc_0.0_M45/lalinferencenest/IMRPhenomDthreePointFivePN/1167559679.0-0/H1L1/H1/1Dpdf/q.png
/home/c1572221/public_html/LVC/GW150914_like/GW150914_like_SNR_25_mode_PhenomPv2_inc_0.0_M45/lalinferencenest/IMRPhenomDthreePointFivePN/1167559679.0-0/H1L1/H1/1Dpdf/deltalogl.png
/home/c1572221/public_html/LVC/GW150914_like/GW150914_like_SNR_25_mode_PhenomPv2_inc_0.0_M45/lalinferencenest/IMRPhenomDthreePointFivePN/1167559679.0-0/H1L1/H1/1Dpdf/l_peak.png
/home/c1572221/public_html/LVC/GW150914_like/GW150914_like_SNR_25_mode_PhenomPv2_inc_0.0_M45/lalinferencenest/IMRPhenomDthreePointFivePN/1167559679.0-0/H1L1/H1/1Dpdf/h1_optimal_snr.pdf
/home/c1572221/public_html/LVC/GW150914_like/GW150914_like_SNR_25_mode_PhenomPv2_inc_0.0_M45/lalinferencenest/IMRPhenomDthreePointFivePN/1167559679.0-0/H1L1/H1/summary_statistics.dat
/home/c1572221/public_html/LVC/GW150914_like/GW150914_like_SNR_25_mode_PhenomPv2_inc_0.0_M45/lalinferencenest/IMRPhenomDthreePointFivePN/1167559679.0-0/H1L1/H1/PSDs/
/home/c1572221/public_html/LVC/GW150914_like/GW150914_like_SNR_25_mode_PhenomPv2_inc_0.0_M45/lalinferencenest/IMRPhenomDthreePointFivePN/1167559679.0-0/H1L1/H1/PSDs/PSD.png
/home/c1572221/public_html/LVC/GW150914_like/GW150914_like_SNR_25_mode_PhenomPv2_inc_0.0_M45/lalinferencenest/IMRPhenomDthreePointFivePN/1167559679.0-0/H1L1/H1/posplots.html
/home/c1572221/public_html/LVC/GW150914_like/GW150914_like_SNR_25_mode_PhenomPv2_inc_0.0_M45/lalinferencenest/IMRPhenomDthreePointFivePN/1167559679.0-0/H1L1/H1/corner/
/home/c1572221/public_html/LVC/GW150914_like/GW150914_like_SNR_25_mode_PhenomPv2_inc_0.0_M45/lalinferencenest/IMRPhenomDthreePointFivePN/1167559679.0-0/H1L1/H1/skymap.png
/home/c1572221/public_html/LVC/GW150914_like/GW150914_like_SNR_25_mode_PhenomPv2_inc_0.0_M45/lalinferencenest/IMRPhenomDthreePointFivePN/1167559679.0-0/H1L1/H1/confidence_levels.txt
/home/c1572221/public_html/LVC/GW150914_like/GW150914_like_SNR_25_mode_PhenomPv2_inc_0.0_M45/lalinferencenest/IMRPhenomDthreePointFivePN/1167559679.0-0/H1L1/H1/Waveform/
/home/c1572221/public_html/LVC/GW150914_like/GW150914_like_SNR_25_mode_PhenomPv2_inc_0.0_M45/lalinferencenest/IMRPhenomDthreePointFivePN/1167559679.0-0/H1L1/H1/Waveform/WF_DetFrame.png
/home/c1572221/public_html/LVC/GW150914_like/GW150914_like_SNR_25_mode_PhenomPv2_inc_0.0_M45/lalinferencenest/IMRPhenomDthreePointFivePN/1167559679.0-0/H1L1/H1/posterior_samples.dat
acosing costheta_jn
exponentiating logdistance
Read columns ['H1_cplx_snr_amp', 'H1_cplx_snr_arg', 'H1_optimal_snr', 'a1', 'a2', 'mc', 'dec', 'deltalogL', 'deltaloglH1', 'logL', 'logPrior', 'logw', 'matched_filter_snr', 'optimal_snr', 'phase', 'psi', 'q', 'ra', 'time', 'signalModelFlag', 'flow', 'f_ref', 'LAL_APPROXIMANT', 'LAL_AMPORDER', 'LAL_PNORDER', 'psdScaleFlag', 'theta_jn', 'distance']
No snr file provided or wrong path to snr file

Warning: Cannot find spin parameters.  Skipping spin angle calculations.
Using non-precessing fit formula [Healy at al (2014)] for final mass and spin (on masses and projected spin components).
Taking cos of theta_jn ...
Number of posterior samples: 2662
Means:
{'logw': -28.524793553987919, 'redshift': 0.051684387494460728, 'v1_end_time': 1167559678.9925456, 'f_ref': 100.0, 'psdscaleflag': 0.0, 'psi': 1.4785170439666389, 'lal_approximant': 58.0, 'signalmodelflag': 1.0, 'logl': -46.672852499575832, 'h1_cplx_snr_arg': -0.00082424299546459139, 'deltaloglh1': 98.100030977971116, 'v1h1_delay': -0.0046006413351584877, 'mc_source': 10.972721058174404, 'deltalogl': 98.100030977971116, 'h1_cplx_snr_amp': 14.081813102179677, 'l1v1_delay': 0.003885232712611679, 'h1_end_time': 1167559678.9879451, 'l1h1_delay': -0.00071540862254680865, 'm1': 19.820261945652611, 'ra': 2.4059698441943169, 'l1_end_time': 1167559678.9886601, 'm2': 9.2864189679891442, 'l_peak': 2.030202372149597, 'lal_pnorder': 7.0, 'm2_source': 8.831032770710733, 'v1l1_delay': -0.003885232712611679, 'mtotal': 29.106680913641757, 'costheta_jn': -0.044333617651988011, 'a2z': -0.41440617385342177, 'a1': 0.66595783325862945, 'a2': 0.54939257228250804, 'af': 0.34846691540158803, 'optimal_snr': 13.745097504380128, 'phase': 2.7401764921106282, 'a1z': -0.66595006185902805, 'm1_source': 18.847417515670873, 'distance': 237.79098774319019, 'mf': 28.314325501285868, 'mc': 11.538764516762694, 'theta_jn': 1.6256008278074214, 'h1v1_delay': 0.0046006413351584877, 'logprior': 19.315065638719833, 'flow': 20.0, 'h1l1_delay': 0.00071540862254680865, 'matched_filter_snr': 14.045603339948817, 'q': 0.48451470969522459, 'mtotal_source': 27.678450286381601, 'mf_source': 26.925058053515741, 'eta': 0.21501277432193133, 'e_rad': 0.75339223286586465, 'h1_optimal_snr': 13.745097504380128, 'time': 1167559678.9868495, 'lal_amporder': -1.0, 'dec': -0.21475494057470768, 'chi_eff': -0.58774465988256386}
Median:
{'logw': -28.267543183490559, 'redshift': 0.052054266257047566, 'v1_end_time': 1167559678.9924431, 'f_ref': 100.0, 'psdscaleflag': 0.0, 'psi': 1.4816806659524264, 'lal_approximant': 58.0, 'signalmodelflag': 1.0, 'logl': -46.524977099309638, 'h1_cplx_snr_arg': -0.0002772953303508079, 'deltaloglh1': 98.247906378237303, 'v1h1_delay': -0.0037511587142944336, 'mc_source': 11.149320557015361, 'deltalogl': 98.247906378237303, 'h1_cplx_snr_amp': 14.082451464775502, 'l1v1_delay': 0.0036154985427856445, 'h1_end_time': 1167559678.9880738, 'l1h1_delay': -0.001105189323425293, 'm1': 19.55788969581042, 'ra': 2.1152015133939139, 'l1_end_time': 1167559678.9889946, 'm2': 8.8040855466775838, 'l_peak': 1.9250173403170259, 'lal_pnorder': 7.0, 'm2_source': 8.3734479687470476, 'v1l1_delay': -0.0036154985427856445, 'mtotal': 28.602847092049753, 'costheta_jn': -0.3097320090375878, 'a2z': -0.50906310335216853, 'a1': 0.70590410874978171, 'a2': 0.56321555828517167, 'af': 0.36330169146341684, 'optimal_snr': 13.719476941254783, 'phase': 2.4419999724404153, 'a1z': -0.70590410874978171, 'm1_source': 18.575064693326464, 'distance': 238.87149428286932, 'mf': 27.79946813084986, 'mc': 11.778054123407543, 'theta_jn': 1.8857110672457156, 'h1v1_delay': 0.0037511587142944336, 'logprior': 19.436711650288387, 'flow': 20.0, 'h1l1_delay': 0.001105189323425293, 'matched_filter_snr': 14.052553690042979, 'q': 0.44351844559329323, 'mtotal_source': 27.199067420119363, 'mf_source': 26.428106395942073, 'eta': 0.21284674393099828, 'e_rad': 0.75931669525997769, 'h1_optimal_snr': 13.719476941254783, 'time': 1167559678.9793897, 'lal_amporder': -1.0, 'dec': -0.34204674939463875, 'chi_eff': -0.58533015308365355}
maxL:
{'logw': -33.430874781278199, 'redshift': 0.050544925131267474, 'v1_end_time': 1167559678.9654198, 'f_ref': 100.0, 'psdscaleflag': 0.0, 'psi': 0.18156896470902106, 'lal_approximant': 58.0, 'signalmodelflag': 1.0, 'logl': -42.322061042885409, 'h1_cplx_snr_arg': 0.0065957820138793644, 'deltaloglh1': 102.45082243466153, 'v1h1_delay': 0.021467447280883789, 'mc_source': 10.176976417772059, 'deltalogl': 102.45082243466153, 'h1_cplx_snr_amp': 14.321469726990413, 'l1v1_delay': -0.014327287673950195, 'h1_end_time': 1167559678.9868872, 'l1h1_delay': 0.0071401596069335938, 'm1': 19.406472615833287, 'ra': 4.6996654210519768, 'l1_end_time': 1167559678.9797471, 'm2': 8.0677176847453183, 'l_peak': 1.666696472722959, 'lal_pnorder': 7.0, 'm2_source': 7.6795551449046711, 'v1l1_delay': 0.014327287673950195, 'mtotal': 27.474190300578606, 'costheta_jn': -0.91339213081256343, 'a2z': -0.60784708811772792, 'a1': 0.90140578016252271, 'a2': 0.60784708811772792, 'af': 0.20905899466287436, 'optimal_snr': 14.761530167621006, 'phase': 4.4461816050670144, 'a1z': -0.90140578016252271, 'm1_source': 18.472767943178074, 'distance': 231.69543001105114, 'mf': 26.828370250178224, 'mc': 10.691370928871022, 'theta_jn': 2.7223368242314296, 'h1v1_delay': -0.021467447280883789, 'logprior': 19.713020969328362, 'flow': 20.0, 'h1l1_delay': -0.0071401596069335938, 'matched_filter_snr': 14.321158205072962, 'q': 0.41572303449742098, 'mtotal_source': 26.152323088082746, 'mf_source': 25.537575412899141, 'eta': 0.20741850136331447, 'e_rad': 0.61474767518360451, 'h1_optimal_snr': 14.761530167621006, 'time': 1167559678.9701016, 'lal_amporder': -1.0, 'dec': -0.58974546496261393, 'chi_eff': -0.81520310683858432}
Unable to compute KL divergence
Sigma is 30.000000 arcmin (0.008727 rad) 
-> fwhm is 70.644601 arcmin
Sigma is 0.000000 arcmin (0.000000 rad) 
-> fwhm is 0.000000 arcmin
WARNING: phi_orb not found in posterior files. Defaulting to 0.0 which is probably *not* what you want

Using greedy 1-d binning credible regions

Generating 1D plot for e_rad.
Generating 1D plot for l_peak.
Using greedy 1-d binning credible regions

Generating 1D plot for m1.
Generating 1D plot for m2.
Generating 1D plot for mc.
Generating 1D plot for eta.
Generating 1D plot for q.
Generating 1D plot for mtotal.
Generating 1D plot for mf.
Using greedy 1-d binning credible regions

Generating 1D plot for optimal_snr.
Generating 1D plot for matched_filter_snr.
Generating 1D plot for h1_optimal_snr.
Generating 1D plot for h1_cplx_snr_amp.
Generating 1D plot for h1_cplx_snr_arg.
Generating 1D plot for logprior.
Generating 1D plot for logl.
Generating 1D plot for deltalogl.
Generating 1D plot for deltaloglh1.
Using greedy 1-d binning credible regions

Generating 1D plot for time.
Generating 1D plot for l1_end_time.
Generating 1D plot for h1_end_time.
Generating 1D plot for v1_end_time.
Generating 1D plot for h1l1_delay.
Generating 1D plot for h1v1_delay.
Generating 1D plot for l1v1_delay.
Using greedy 1-d binning credible regions

Generating 1D plot for m1_source.
Generating 1D plot for m2_source.
Generating 1D plot for mtotal_source.
Generating 1D plot for mc_source.
Generating 1D plot for redshift.
Generating 1D plot for mf_source.
Using greedy 1-d binning credible regions

Generating 1D plot for distance.
Generating 1D plot for psi.
Generating 1D plot for ra.
Generating 1D plot for dec.
Generating 1D plot for phase.
Using greedy 1-d binning credible regions

Generating 1D plot for a1.
Generating 1D plot for a2.
Generating 1D plot for costheta_jn.
Generating 1D plot for theta_jn.
Generating 1D plot for af.
Generating 1D plot for chi_eff.
Generating 1D plot for a1z.
Generating 1D plot for a2z.
Using greedy 1-d binning credible regions

Cannot load corner module. Try running
	$ pip install corner
Cannot load corner module. Try running
	$ pip install corner
Cannot load corner module. Try running
	$ pip install corner
